2024-02-01 16:15:12.461 [info] Extension host with pid 448249 started
2024-02-01 16:15:12.497 [info] Lock '/home/s4tankoua/.vscode-server/data/User/workspaceStorage/c4a32dd17ca19df0594942ff4bbfb1a9/vscode.lock': Lock acquired.
2024-02-01 16:15:12.676 [info] ExtensionService#_doActivateExtension vscode.emmet, startup: false, activationEvent: 'onLanguage'
2024-02-01 16:15:12.678 [info] ExtensionService#_doActivateExtension vscode.tunnel-forwarding, startup: false, activationEvent: 'onTunnel'
2024-02-01 16:15:12.838 [info] ExtensionService#_doActivateExtension vscode.git-base, startup: true, activationEvent: '*', root cause: vscode.git
2024-02-01 16:15:12.938 [info] ExtensionService#_doActivateExtension vscode.git, startup: true, activationEvent: '*'
2024-02-01 16:15:12.938 [info] ExtensionService#_doActivateExtension vscode.github, startup: true, activationEvent: '*'
2024-02-01 16:15:13.313 [info] Eager extensions activated
2024-02-01 16:15:13.314 [info] ExtensionService#_doActivateExtension vscode.debug-auto-launch, startup: false, activationEvent: 'onStartupFinished'
2024-02-01 16:15:13.314 [info] ExtensionService#_doActivateExtension vscode.merge-conflict, startup: false, activationEvent: 'onStartupFinished'
2024-02-01 16:15:23.172 [warning] [Decorations] CAPPING events from decorations provider vscode.git 1589
2024-02-01 16:15:23.877 [warning] [Decorations] CAPPING events from decorations provider vscode.git 1589
2024-02-01 16:15:25.993 [warning] [Decorations] CAPPING events from decorations provider vscode.git 1589
2024-02-01 16:15:31.203 [warning] [Decorations] CAPPING events from decorations provider vscode.git 1589
2024-02-01 16:15:36.399 [warning] [Decorations] CAPPING events from decorations provider vscode.git 1589
2024-02-01 16:15:41.593 [warning] [Decorations] CAPPING events from decorations provider vscode.git 1589
2024-02-01 16:15:46.780 [warning] [Decorations] CAPPING events from decorations provider vscode.git 1589
2024-02-01 16:15:51.970 [warning] [Decorations] CAPPING events from decorations provider vscode.git 1589
2024-02-01 16:15:57.155 [warning] [Decorations] CAPPING events from decorations provider vscode.git 1589
2024-02-01 16:16:02.347 [warning] [Decorations] CAPPING events from decorations provider vscode.git 1589
2024-02-01 16:16:07.525 [warning] [Decorations] CAPPING events from decorations provider vscode.git 1589
2024-02-01 16:16:12.704 [warning] [Decorations] CAPPING events from decorations provider vscode.git 1589
2024-02-01 16:16:17.885 [warning] [Decorations] CAPPING events from decorations provider vscode.git 1589
2024-02-01 16:16:23.084 [warning] [Decorations] CAPPING events from decorations provider vscode.git 1589
2024-02-01 16:16:28.271 [warning] [Decorations] CAPPING events from decorations provider vscode.git 1589
2024-02-01 16:16:33.487 [warning] [Decorations] CAPPING events from decorations provider vscode.git 1589
2024-02-01 16:16:38.672 [warning] [Decorations] CAPPING events from decorations provider vscode.git 1589
2024-02-01 16:16:43.853 [warning] [Decorations] CAPPING events from decorations provider vscode.git 1589
2024-02-01 16:16:49.039 [warning] [Decorations] CAPPING events from decorations provider vscode.git 1589
2024-02-01 16:16:54.210 [warning] [Decorations] CAPPING events from decorations provider vscode.git 1589
2024-02-01 16:16:59.396 [warning] [Decorations] CAPPING events from decorations provider vscode.git 1589
2024-02-01 16:17:04.586 [warning] [Decorations] CAPPING events from decorations provider vscode.git 1589
2024-02-01 16:17:09.773 [warning] [Decorations] CAPPING events from decorations provider vscode.git 1589
2024-02-01 16:17:14.956 [warning] [Decorations] CAPPING events from decorations provider vscode.git 1589
2024-02-01 16:17:20.140 [warning] [Decorations] CAPPING events from decorations provider vscode.git 1589
2024-02-01 16:17:25.347 [warning] [Decorations] CAPPING events from decorations provider vscode.git 1589
2024-02-01 16:17:30.535 [warning] [Decorations] CAPPING events from decorations provider vscode.git 1589
2024-02-01 16:17:35.721 [warning] [Decorations] CAPPING events from decorations provider vscode.git 1589
2024-02-01 16:17:41.026 [warning] [Decorations] CAPPING events from decorations provider vscode.git 1589
2024-02-01 16:17:46.213 [warning] [Decorations] CAPPING events from decorations provider vscode.git 1589
2024-02-01 16:17:51.388 [warning] [Decorations] CAPPING events from decorations provider vscode.git 1589
2024-02-01 16:17:56.567 [warning] [Decorations] CAPPING events from decorations provider vscode.git 1589
2024-02-01 16:18:01.753 [warning] [Decorations] CAPPING events from decorations provider vscode.git 1589
2024-02-01 16:18:06.939 [warning] [Decorations] CAPPING events from decorations provider vscode.git 1589
2024-02-01 16:18:12.124 [warning] [Decorations] CAPPING events from decorations provider vscode.git 1589
2024-02-01 16:18:17.307 [warning] [Decorations] CAPPING events from decorations provider vscode.git 1589
2024-02-01 16:18:22.493 [warning] [Decorations] CAPPING events from decorations provider vscode.git 1589
2024-02-01 16:18:27.683 [warning] [Decorations] CAPPING events from decorations provider vscode.git 1589
2024-02-01 16:18:32.864 [warning] [Decorations] CAPPING events from decorations provider vscode.git 1589
2024-02-01 16:18:38.036 [warning] [Decorations] CAPPING events from decorations provider vscode.git 1589
2024-02-01 16:18:43.229 [warning] [Decorations] CAPPING events from decorations provider vscode.git 1589
2024-02-01 16:18:48.421 [warning] [Decorations] CAPPING events from decorations provider vscode.git 1589
2024-02-01 16:18:53.608 [warning] [Decorations] CAPPING events from decorations provider vscode.git 1589
2024-02-01 16:18:58.812 [warning] [Decorations] CAPPING events from decorations provider vscode.git 1589
2024-02-01 16:19:04.019 [warning] [Decorations] CAPPING events from decorations provider vscode.git 1589
2024-02-01 16:19:09.226 [warning] [Decorations] CAPPING events from decorations provider vscode.git 1589
2024-02-01 16:19:14.438 [warning] [Decorations] CAPPING events from decorations provider vscode.git 1589
2024-02-01 16:19:19.626 [warning] [Decorations] CAPPING events from decorations provider vscode.git 1589
2024-02-01 16:19:24.828 [warning] [Decorations] CAPPING events from decorations provider vscode.git 1589
2024-02-01 16:19:30.002 [warning] [Decorations] CAPPING events from decorations provider vscode.git 1589
2024-02-01 16:19:35.188 [warning] [Decorations] CAPPING events from decorations provider vscode.git 1589
2024-02-01 16:19:40.382 [warning] [Decorations] CAPPING events from decorations provider vscode.git 1589
2024-02-01 16:19:45.571 [warning] [Decorations] CAPPING events from decorations provider vscode.git 1589
2024-02-01 16:19:50.778 [warning] [Decorations] CAPPING events from decorations provider vscode.git 1589
2024-02-01 16:20:01.410 [warning] [Decorations] CAPPING events from decorations provider vscode.git 1589
2024-02-01 16:20:06.586 [warning] [Decorations] CAPPING events from decorations provider vscode.git 1589
2024-02-01 16:20:11.768 [warning] [Decorations] CAPPING events from decorations provider vscode.git 1589
2024-02-01 16:20:16.957 [warning] [Decorations] CAPPING events from decorations provider vscode.git 1589
2024-02-01 16:20:22.160 [warning] [Decorations] CAPPING events from decorations provider vscode.git 1589
2024-02-01 16:20:27.375 [warning] [Decorations] CAPPING events from decorations provider vscode.git 1589
2024-02-01 16:20:32.567 [warning] [Decorations] CAPPING events from decorations provider vscode.git 1589
2024-02-01 16:20:37.797 [warning] [Decorations] CAPPING events from decorations provider vscode.git 1589
2024-02-01 16:20:42.982 [warning] [Decorations] CAPPING events from decorations provider vscode.git 1589
2024-02-01 16:20:48.162 [warning] [Decorations] CAPPING events from decorations provider vscode.git 1589
2024-02-01 16:20:53.336 [warning] [Decorations] CAPPING events from decorations provider vscode.git 1589
2024-02-01 16:20:58.521 [warning] [Decorations] CAPPING events from decorations provider vscode.git 1589
2024-02-01 16:21:03.700 [warning] [Decorations] CAPPING events from decorations provider vscode.git 1589
2024-02-01 16:21:08.873 [warning] [Decorations] CAPPING events from decorations provider vscode.git 1589
2024-02-01 16:21:14.053 [warning] [Decorations] CAPPING events from decorations provider vscode.git 1589
2024-02-01 16:21:19.231 [warning] [Decorations] CAPPING events from decorations provider vscode.git 1589
2024-02-01 16:21:24.423 [warning] [Decorations] CAPPING events from decorations provider vscode.git 1589
2024-02-01 16:21:29.624 [warning] [Decorations] CAPPING events from decorations provider vscode.git 1589
2024-02-01 16:21:34.804 [warning] [Decorations] CAPPING events from decorations provider vscode.git 1589
2024-02-01 16:21:39.984 [warning] [Decorations] CAPPING events from decorations provider vscode.git 1589
2024-02-01 16:21:45.166 [warning] [Decorations] CAPPING events from decorations provider vscode.git 1589
2024-02-01 16:21:50.353 [warning] [Decorations] CAPPING events from decorations provider vscode.git 1589
2024-02-01 16:21:55.547 [warning] [Decorations] CAPPING events from decorations provider vscode.git 1589
2024-02-01 16:22:00.736 [warning] [Decorations] CAPPING events from decorations provider vscode.git 1589
2024-02-01 16:22:05.919 [warning] [Decorations] CAPPING events from decorations provider vscode.git 1589
2024-02-01 16:22:11.115 [warning] [Decorations] CAPPING events from decorations provider vscode.git 1589
2024-02-01 16:22:16.297 [warning] [Decorations] CAPPING events from decorations provider vscode.git 1589
2024-02-01 16:22:21.473 [warning] [Decorations] CAPPING events from decorations provider vscode.git 1589
2024-02-01 16:22:26.646 [warning] [Decorations] CAPPING events from decorations provider vscode.git 1589
2024-02-01 16:22:31.836 [warning] [Decorations] CAPPING events from decorations provider vscode.git 1589
2024-02-01 16:22:37.020 [warning] [Decorations] CAPPING events from decorations provider vscode.git 1589
2024-02-01 16:22:42.231 [warning] [Decorations] CAPPING events from decorations provider vscode.git 1589
2024-02-01 16:22:47.406 [warning] [Decorations] CAPPING events from decorations provider vscode.git 1589
2024-02-01 16:22:52.571 [warning] [Decorations] CAPPING events from decorations provider vscode.git 1589
2024-02-01 16:22:57.748 [warning] [Decorations] CAPPING events from decorations provider vscode.git 1589
2024-02-01 16:23:02.911 [warning] [Decorations] CAPPING events from decorations provider vscode.git 1589
2024-02-01 16:23:08.090 [warning] [Decorations] CAPPING events from decorations provider vscode.git 1589
2024-02-01 16:23:13.264 [warning] [Decorations] CAPPING events from decorations provider vscode.git 1589
2024-02-01 16:23:18.445 [warning] [Decorations] CAPPING events from decorations provider vscode.git 1589
2024-02-01 16:23:23.626 [warning] [Decorations] CAPPING events from decorations provider vscode.git 1589
2024-02-01 16:23:28.819 [warning] [Decorations] CAPPING events from decorations provider vscode.git 1589
2024-02-01 16:23:33.990 [warning] [Decorations] CAPPING events from decorations provider vscode.git 1589
2024-02-01 16:23:39.187 [warning] [Decorations] CAPPING events from decorations provider vscode.git 1589
2024-02-01 16:23:44.387 [warning] [Decorations] CAPPING events from decorations provider vscode.git 1589
2024-02-01 16:23:49.570 [warning] [Decorations] CAPPING events from decorations provider vscode.git 1589
2024-02-01 16:23:54.758 [warning] [Decorations] CAPPING events from decorations provider vscode.git 1589
2024-02-01 16:23:59.938 [warning] [Decorations] CAPPING events from decorations provider vscode.git 1589
2024-02-01 16:24:05.128 [warning] [Decorations] CAPPING events from decorations provider vscode.git 1589
2024-02-01 16:24:10.307 [warning] [Decorations] CAPPING events from decorations provider vscode.git 1589
2024-02-01 16:24:15.504 [warning] [Decorations] CAPPING events from decorations provider vscode.git 1589
2024-02-01 16:24:20.714 [warning] [Decorations] CAPPING events from decorations provider vscode.git 1589
2024-02-01 16:24:25.895 [warning] [Decorations] CAPPING events from decorations provider vscode.git 1589
2024-02-01 16:24:31.059 [warning] [Decorations] CAPPING events from decorations provider vscode.git 1589
2024-02-01 16:24:36.240 [warning] [Decorations] CAPPING events from decorations provider vscode.git 1589
2024-02-01 16:24:41.432 [warning] [Decorations] CAPPING events from decorations provider vscode.git 1589
2024-02-01 16:24:46.622 [warning] [Decorations] CAPPING events from decorations provider vscode.git 1589
2024-02-01 16:24:51.805 [warning] [Decorations] CAPPING events from decorations provider vscode.git 1589
2024-02-01 16:24:56.992 [warning] [Decorations] CAPPING events from decorations provider vscode.git 1589
2024-02-01 16:25:02.196 [warning] [Decorations] CAPPING events from decorations provider vscode.git 1589
2024-02-01 16:25:07.412 [warning] [Decorations] CAPPING events from decorations provider vscode.git 1589
2024-02-01 16:25:12.596 [warning] [Decorations] CAPPING events from decorations provider vscode.git 1589
2024-02-01 16:25:17.772 [warning] [Decorations] CAPPING events from decorations provider vscode.git 1589
2024-02-01 16:25:22.937 [warning] [Decorations] CAPPING events from decorations provider vscode.git 1589
2024-02-01 16:25:28.124 [warning] [Decorations] CAPPING events from decorations provider vscode.git 1589
2024-02-01 16:25:33.301 [warning] [Decorations] CAPPING events from decorations provider vscode.git 1589
2024-02-01 16:25:38.497 [warning] [Decorations] CAPPING events from decorations provider vscode.git 1589
2024-02-01 16:25:43.675 [warning] [Decorations] CAPPING events from decorations provider vscode.git 1589
2024-02-01 16:25:48.867 [warning] [Decorations] CAPPING events from decorations provider vscode.git 1589
2024-02-01 16:25:54.029 [warning] [Decorations] CAPPING events from decorations provider vscode.git 1589
2024-02-01 16:25:59.192 [warning] [Decorations] CAPPING events from decorations provider vscode.git 1589
2024-02-01 16:26:04.370 [warning] [Decorations] CAPPING events from decorations provider vscode.git 1589
2024-02-01 16:26:09.541 [warning] [Decorations] CAPPING events from decorations provider vscode.git 1589
2024-02-01 16:26:14.728 [warning] [Decorations] CAPPING events from decorations provider vscode.git 1589
2024-02-01 16:26:19.916 [warning] [Decorations] CAPPING events from decorations provider vscode.git 1589
2024-02-01 16:26:25.129 [warning] [Decorations] CAPPING events from decorations provider vscode.git 1589
2024-02-01 16:26:30.308 [warning] [Decorations] CAPPING events from decorations provider vscode.git 1589
2024-02-01 16:26:35.481 [warning] [Decorations] CAPPING events from decorations provider vscode.git 1589
2024-02-01 16:26:40.671 [warning] [Decorations] CAPPING events from decorations provider vscode.git 1589
2024-02-01 16:26:45.851 [warning] [Decorations] CAPPING events from decorations provider vscode.git 1589
2024-02-01 16:26:51.034 [warning] [Decorations] CAPPING events from decorations provider vscode.git 1589
2024-02-01 16:26:56.224 [warning] [Decorations] CAPPING events from decorations provider vscode.git 1589
2024-02-01 16:27:01.408 [warning] [Decorations] CAPPING events from decorations provider vscode.git 1589
2024-02-01 16:27:06.586 [warning] [Decorations] CAPPING events from decorations provider vscode.git 1589
2024-02-01 16:27:11.765 [warning] [Decorations] CAPPING events from decorations provider vscode.git 1589
2024-02-01 16:27:16.941 [warning] [Decorations] CAPPING events from decorations provider vscode.git 1589
2024-02-01 16:27:22.118 [warning] [Decorations] CAPPING events from decorations provider vscode.git 1589
2024-02-01 16:27:27.310 [warning] [Decorations] CAPPING events from decorations provider vscode.git 1589
2024-02-01 16:28:37.101 [warning] [Decorations] CAPPING events from decorations provider vscode.git 1589
2024-02-01 16:28:42.288 [warning] [Decorations] CAPPING events from decorations provider vscode.git 1589
2024-02-01 16:28:47.476 [warning] [Decorations] CAPPING events from decorations provider vscode.git 1589
2024-02-01 16:28:52.674 [warning] [Decorations] CAPPING events from decorations provider vscode.git 1589
2024-02-01 16:28:57.855 [warning] [Decorations] CAPPING events from decorations provider vscode.git 1589
2024-02-01 16:29:03.042 [warning] [Decorations] CAPPING events from decorations provider vscode.git 1589
2024-02-01 16:29:08.233 [warning] [Decorations] CAPPING events from decorations provider vscode.git 1589
2024-02-01 16:29:13.920 [warning] [Decorations] CAPPING events from decorations provider vscode.git 1589
2024-02-01 16:29:19.126 [warning] [Decorations] CAPPING events from decorations provider vscode.git 1589
2024-02-01 16:29:24.391 [warning] [Decorations] CAPPING events from decorations provider vscode.git 1589
2024-02-01 16:29:29.617 [warning] [Decorations] CAPPING events from decorations provider vscode.git 1589
2024-02-01 16:29:34.800 [warning] [Decorations] CAPPING events from decorations provider vscode.git 1589
2024-02-01 16:29:39.993 [warning] [Decorations] CAPPING events from decorations provider vscode.git 1589
2024-02-01 16:29:45.185 [warning] [Decorations] CAPPING events from decorations provider vscode.git 1589
2024-02-01 16:29:50.373 [warning] [Decorations] CAPPING events from decorations provider vscode.git 1589
2024-02-01 16:29:55.553 [warning] [Decorations] CAPPING events from decorations provider vscode.git 1589
2024-02-01 16:30:00.750 [warning] [Decorations] CAPPING events from decorations provider vscode.git 1589
2024-02-01 16:30:05.927 [warning] [Decorations] CAPPING events from decorations provider vscode.git 1589
2024-02-01 16:30:11.100 [warning] [Decorations] CAPPING events from decorations provider vscode.git 1589
2024-02-01 16:30:16.293 [warning] [Decorations] CAPPING events from decorations provider vscode.git 1589
2024-02-01 16:30:21.484 [warning] [Decorations] CAPPING events from decorations provider vscode.git 1589
2024-02-01 16:30:26.674 [warning] [Decorations] CAPPING events from decorations provider vscode.git 1589
2024-02-01 16:30:31.870 [warning] [Decorations] CAPPING events from decorations provider vscode.git 1589
2024-02-01 16:30:37.047 [warning] [Decorations] CAPPING events from decorations provider vscode.git 1589
2024-02-01 16:30:42.230 [warning] [Decorations] CAPPING events from decorations provider vscode.git 1589
2024-02-01 16:30:47.409 [warning] [Decorations] CAPPING events from decorations provider vscode.git 1589
2024-02-01 16:30:52.590 [warning] [Decorations] CAPPING events from decorations provider vscode.git 1589
2024-02-01 16:30:57.792 [warning] [Decorations] CAPPING events from decorations provider vscode.git 1589
2024-02-01 16:31:02.966 [warning] [Decorations] CAPPING events from decorations provider vscode.git 1589
2024-02-01 16:31:08.165 [warning] [Decorations] CAPPING events from decorations provider vscode.git 1589
2024-02-01 16:31:13.352 [warning] [Decorations] CAPPING events from decorations provider vscode.git 1589
2024-02-01 16:31:18.559 [warning] [Decorations] CAPPING events from decorations provider vscode.git 1589
2024-02-01 16:31:23.777 [warning] [Decorations] CAPPING events from decorations provider vscode.git 1589
2024-02-01 16:31:28.956 [warning] [Decorations] CAPPING events from decorations provider vscode.git 1589
2024-02-01 16:31:34.139 [warning] [Decorations] CAPPING events from decorations provider vscode.git 1589
2024-02-01 16:31:39.337 [warning] [Decorations] CAPPING events from decorations provider vscode.git 1589
2024-02-01 16:31:44.504 [warning] [Decorations] CAPPING events from decorations provider vscode.git 1589
2024-02-01 16:31:49.683 [warning] [Decorations] CAPPING events from decorations provider vscode.git 1589
2024-02-01 16:31:54.867 [warning] [Decorations] CAPPING events from decorations provider vscode.git 1589
2024-02-01 16:32:00.044 [warning] [Decorations] CAPPING events from decorations provider vscode.git 1589
2024-02-01 16:32:05.217 [warning] [Decorations] CAPPING events from decorations provider vscode.git 1589
2024-02-01 16:32:10.399 [warning] [Decorations] CAPPING events from decorations provider vscode.git 1589
2024-02-01 16:32:15.576 [warning] [Decorations] CAPPING events from decorations provider vscode.git 1589
2024-02-01 16:32:20.769 [warning] [Decorations] CAPPING events from decorations provider vscode.git 1589
2024-02-01 16:32:25.944 [warning] [Decorations] CAPPING events from decorations provider vscode.git 1589
2024-02-01 16:32:31.132 [warning] [Decorations] CAPPING events from decorations provider vscode.git 1589
2024-02-01 16:32:36.305 [warning] [Decorations] CAPPING events from decorations provider vscode.git 1589
2024-02-01 16:32:41.492 [warning] [Decorations] CAPPING events from decorations provider vscode.git 1589
2024-02-01 16:32:46.665 [warning] [Decorations] CAPPING events from decorations provider vscode.git 1589
2024-02-01 16:32:51.832 [warning] [Decorations] CAPPING events from decorations provider vscode.git 1589
2024-02-01 16:32:57.015 [warning] [Decorations] CAPPING events from decorations provider vscode.git 1589
2024-02-01 16:33:02.199 [warning] [Decorations] CAPPING events from decorations provider vscode.git 1589
2024-02-01 16:33:07.365 [warning] [Decorations] CAPPING events from decorations provider vscode.git 1589
2024-02-01 16:33:12.549 [warning] [Decorations] CAPPING events from decorations provider vscode.git 1589
2024-02-01 16:33:17.739 [warning] [Decorations] CAPPING events from decorations provider vscode.git 1592
2024-02-01 16:33:22.921 [warning] [Decorations] CAPPING events from decorations provider vscode.git 1450
2024-02-01 16:33:28.113 [warning] [Decorations] CAPPING events from decorations provider vscode.git 1450
2024-02-01 16:33:33.299 [warning] [Decorations] CAPPING events from decorations provider vscode.git 1450
2024-02-01 16:33:38.484 [warning] [Decorations] CAPPING events from decorations provider vscode.git 1450
2024-02-01 16:33:43.649 [warning] [Decorations] CAPPING events from decorations provider vscode.git 1450
2024-02-01 16:33:48.825 [warning] [Decorations] CAPPING events from decorations provider vscode.git 1450
2024-02-01 16:33:53.995 [warning] [Decorations] CAPPING events from decorations provider vscode.git 1450
2024-02-01 16:33:59.175 [warning] [Decorations] CAPPING events from decorations provider vscode.git 1450
2024-02-01 16:34:04.346 [warning] [Decorations] CAPPING events from decorations provider vscode.git 1450
2024-02-01 16:34:09.520 [warning] [Decorations] CAPPING events from decorations provider vscode.git 1450
2024-02-01 16:34:14.707 [warning] [Decorations] CAPPING events from decorations provider vscode.git 1450
2024-02-01 16:34:19.889 [warning] [Decorations] CAPPING events from decorations provider vscode.git 1450
2024-02-01 16:34:25.074 [warning] [Decorations] CAPPING events from decorations provider vscode.git 1450
2024-02-01 16:34:30.250 [warning] [Decorations] CAPPING events from decorations provider vscode.git 1450
2024-02-01 16:34:35.425 [warning] [Decorations] CAPPING events from decorations provider vscode.git 1450
2024-02-01 16:34:40.605 [warning] [Decorations] CAPPING events from decorations provider vscode.git 1450
2024-02-01 16:34:45.801 [warning] [Decorations] CAPPING events from decorations provider vscode.git 1450
2024-02-01 16:34:50.981 [warning] [Decorations] CAPPING events from decorations provider vscode.git 1450
2024-02-01 16:34:56.191 [warning] [Decorations] CAPPING events from decorations provider vscode.git 1450
2024-02-01 16:35:01.379 [warning] [Decorations] CAPPING events from decorations provider vscode.git 1450
2024-02-01 16:35:06.560 [warning] [Decorations] CAPPING events from decorations provider vscode.git 1450
2024-02-01 16:35:11.739 [warning] [Decorations] CAPPING events from decorations provider vscode.git 1450
2024-02-01 16:35:16.900 [warning] [Decorations] CAPPING events from decorations provider vscode.git 1450
2024-02-01 16:35:22.085 [warning] [Decorations] CAPPING events from decorations provider vscode.git 1450
2024-02-01 16:35:27.277 [warning] [Decorations] CAPPING events from decorations provider vscode.git 1450
2024-02-01 16:35:32.456 [warning] [Decorations] CAPPING events from decorations provider vscode.git 1450
2024-02-01 16:35:37.623 [warning] [Decorations] CAPPING events from decorations provider vscode.git 1450
2024-02-01 16:35:42.798 [warning] [Decorations] CAPPING events from decorations provider vscode.git 1450
2024-02-01 16:35:47.953 [warning] [Decorations] CAPPING events from decorations provider vscode.git 1450
2024-02-01 16:35:53.120 [warning] [Decorations] CAPPING events from decorations provider vscode.git 1450
2024-02-01 16:35:58.285 [warning] [Decorations] CAPPING events from decorations provider vscode.git 1450
2024-02-01 16:36:03.455 [warning] [Decorations] CAPPING events from decorations provider vscode.git 1450
2024-02-01 16:36:08.618 [warning] [Decorations] CAPPING events from decorations provider vscode.git 1450
2024-02-01 16:36:13.786 [warning] [Decorations] CAPPING events from decorations provider vscode.git 1450
2024-02-01 16:36:18.955 [warning] [Decorations] CAPPING events from decorations provider vscode.git 1450
2024-02-01 16:36:24.139 [warning] [Decorations] CAPPING events from decorations provider vscode.git 1450
2024-02-01 16:36:29.307 [warning] [Decorations] CAPPING events from decorations provider vscode.git 1450
2024-02-01 16:36:34.482 [warning] [Decorations] CAPPING events from decorations provider vscode.git 1450
2024-02-01 16:36:39.665 [warning] [Decorations] CAPPING events from decorations provider vscode.git 1450
2024-02-01 16:36:44.834 [warning] [Decorations] CAPPING events from decorations provider vscode.git 1450
2024-02-01 16:36:50.012 [warning] [Decorations] CAPPING events from decorations provider vscode.git 1450
2024-02-01 16:36:55.171 [warning] [Decorations] CAPPING events from decorations provider vscode.git 1450
2024-02-01 16:37:00.340 [warning] [Decorations] CAPPING events from decorations provider vscode.git 1450
2024-02-01 16:37:49.339 [warning] [Decorations] CAPPING events from decorations provider vscode.git 1450
2024-02-01 16:37:54.507 [warning] [Decorations] CAPPING events from decorations provider vscode.git 1450
2024-02-01 16:37:59.684 [warning] [Decorations] CAPPING events from decorations provider vscode.git 1450
2024-02-01 16:38:04.859 [warning] [Decorations] CAPPING events from decorations provider vscode.git 1450
2024-02-01 16:38:10.047 [warning] [Decorations] CAPPING events from decorations provider vscode.git 1450
2024-02-01 16:38:15.221 [warning] [Decorations] CAPPING events from decorations provider vscode.git 1450
2024-02-01 16:38:20.421 [warning] [Decorations] CAPPING events from decorations provider vscode.git 1450
2024-02-01 16:38:25.629 [warning] [Decorations] CAPPING events from decorations provider vscode.git 1450
2024-02-01 16:38:30.831 [warning] [Decorations] CAPPING events from decorations provider vscode.git 1450
2024-02-01 16:38:36.026 [warning] [Decorations] CAPPING events from decorations provider vscode.git 1450
2024-02-01 16:38:41.210 [warning] [Decorations] CAPPING events from decorations provider vscode.git 1450
2024-02-01 16:38:46.387 [warning] [Decorations] CAPPING events from decorations provider vscode.git 1450
2024-02-01 16:38:51.563 [warning] [Decorations] CAPPING events from decorations provider vscode.git 1450
2024-02-01 16:38:56.736 [warning] [Decorations] CAPPING events from decorations provider vscode.git 1450
2024-02-01 16:39:10.112 [warning] [Decorations] CAPPING events from decorations provider vscode.git 1450
2024-02-01 16:39:15.341 [warning] [Decorations] CAPPING events from decorations provider vscode.git 1450
2024-02-01 16:39:24.972 [warning] [Decorations] CAPPING events from decorations provider vscode.git 1450
2024-02-01 16:39:30.152 [warning] [Decorations] CAPPING events from decorations provider vscode.git 1450
2024-02-01 16:39:35.320 [warning] [Decorations] CAPPING events from decorations provider vscode.git 1450
2024-02-01 16:39:40.485 [warning] [Decorations] CAPPING events from decorations provider vscode.git 1450
2024-02-01 16:39:45.643 [warning] [Decorations] CAPPING events from decorations provider vscode.git 1450
2024-02-01 16:39:50.814 [warning] [Decorations] CAPPING events from decorations provider vscode.git 1450
2024-02-01 16:39:55.981 [warning] [Decorations] CAPPING events from decorations provider vscode.git 1450
2024-02-01 16:40:01.169 [warning] [Decorations] CAPPING events from decorations provider vscode.git 1450
2024-02-01 16:40:06.360 [warning] [Decorations] CAPPING events from decorations provider vscode.git 1450
2024-02-01 16:40:11.576 [warning] [Decorations] CAPPING events from decorations provider vscode.git 1450
2024-02-01 16:40:16.794 [warning] [Decorations] CAPPING events from decorations provider vscode.git 1450
2024-02-01 16:40:21.966 [warning] [Decorations] CAPPING events from decorations provider vscode.git 1450
2024-02-01 16:40:27.151 [warning] [Decorations] CAPPING events from decorations provider vscode.git 1450
2024-02-01 16:40:32.315 [warning] [Decorations] CAPPING events from decorations provider vscode.git 1450
2024-02-01 16:40:37.475 [warning] [Decorations] CAPPING events from decorations provider vscode.git 1450
2024-02-01 16:40:42.644 [warning] [Decorations] CAPPING events from decorations provider vscode.git 1450
2024-02-01 16:40:47.816 [warning] [Decorations] CAPPING events from decorations provider vscode.git 1450
2024-02-01 16:40:52.984 [warning] [Decorations] CAPPING events from decorations provider vscode.git 1450
2024-02-01 16:40:58.182 [warning] [Decorations] CAPPING events from decorations provider vscode.git 1450
2024-02-01 16:41:03.358 [warning] [Decorations] CAPPING events from decorations provider vscode.git 1450
2024-02-01 16:41:08.534 [warning] [Decorations] CAPPING events from decorations provider vscode.git 1450
2024-02-01 16:41:58.921 [warning] [Decorations] CAPPING events from decorations provider vscode.git 1450
2024-02-01 16:42:04.958 [warning] [Decorations] CAPPING events from decorations provider vscode.git 1450
2024-02-01 16:42:10.966 [warning] [Decorations] CAPPING events from decorations provider vscode.git 1450
2024-02-01 16:42:16.936 [warning] [Decorations] CAPPING events from decorations provider vscode.git 1450
2024-02-01 16:42:22.939 [warning] [Decorations] CAPPING events from decorations provider vscode.git 1450
2024-02-01 16:42:30.891 [warning] [Decorations] CAPPING events from decorations provider vscode.git 1450
2024-02-01 16:42:36.959 [warning] [Decorations] CAPPING events from decorations provider vscode.git 1450
2024-02-01 16:42:42.952 [warning] [Decorations] CAPPING events from decorations provider vscode.git 1450
2024-02-01 16:42:48.999 [warning] [Decorations] CAPPING events from decorations provider vscode.git 1450
2024-02-01 16:42:55.021 [warning] [Decorations] CAPPING events from decorations provider vscode.git 1450
2024-02-01 16:43:01.060 [warning] [Decorations] CAPPING events from decorations provider vscode.git 1450
2024-02-01 16:43:07.084 [warning] [Decorations] CAPPING events from decorations provider vscode.git 1450
2024-02-01 16:43:13.066 [warning] [Decorations] CAPPING events from decorations provider vscode.git 1450
2024-02-01 16:43:19.145 [warning] [Decorations] CAPPING events from decorations provider vscode.git 1450
2024-02-01 16:43:25.189 [warning] [Decorations] CAPPING events from decorations provider vscode.git 1450
2024-02-01 16:43:31.219 [warning] [Decorations] CAPPING events from decorations provider vscode.git 1450
2024-02-01 16:43:37.233 [warning] [Decorations] CAPPING events from decorations provider vscode.git 1450
2024-02-01 16:43:43.214 [warning] [Decorations] CAPPING events from decorations provider vscode.git 1450
2024-02-01 16:43:49.227 [warning] [Decorations] CAPPING events from decorations provider vscode.git 1450
2024-02-01 16:43:55.248 [warning] [Decorations] CAPPING events from decorations provider vscode.git 1450
2024-02-01 16:44:03.169 [warning] [Decorations] CAPPING events from decorations provider vscode.git 1450
2024-02-01 16:44:09.201 [warning] [Decorations] CAPPING events from decorations provider vscode.git 1450
2024-02-01 16:44:15.211 [warning] [Decorations] CAPPING events from decorations provider vscode.git 1450
2024-02-01 16:44:21.206 [warning] [Decorations] CAPPING events from decorations provider vscode.git 1450
2024-02-01 16:47:00.805 [warning] [Decorations] CAPPING events from decorations provider vscode.git 1450
2024-02-01 16:47:06.800 [warning] [Decorations] CAPPING events from decorations provider vscode.git 1453
2024-02-01 16:47:12.839 [warning] [Decorations] CAPPING events from decorations provider vscode.git 1454
2024-02-01 16:47:18.877 [warning] [Decorations] CAPPING events from decorations provider vscode.git 1454
2024-02-01 16:47:24.982 [warning] [Decorations] CAPPING events from decorations provider vscode.git 1454
2024-02-01 16:47:31.010 [warning] [Decorations] CAPPING events from decorations provider vscode.git 1454
2024-02-01 16:47:37.009 [warning] [Decorations] CAPPING events from decorations provider vscode.git 1454
2024-02-01 16:47:42.984 [warning] [Decorations] CAPPING events from decorations provider vscode.git 1454
2024-02-01 16:47:49.005 [warning] [Decorations] CAPPING events from decorations provider vscode.git 1454
2024-02-01 16:47:55.037 [warning] [Decorations] CAPPING events from decorations provider vscode.git 1596
2024-02-01 16:48:01.063 [warning] [Decorations] CAPPING events from decorations provider vscode.git 1593
2024-02-01 16:48:07.155 [warning] [Decorations] CAPPING events from decorations provider vscode.git 1593
2024-02-01 16:48:13.153 [warning] [Decorations] CAPPING events from decorations provider vscode.git 1593
2024-02-01 16:48:19.219 [warning] [Decorations] CAPPING events from decorations provider vscode.git 1593
2024-02-01 16:48:25.263 [warning] [Decorations] CAPPING events from decorations provider vscode.git 1593
2024-02-01 16:48:31.254 [warning] [Decorations] CAPPING events from decorations provider vscode.git 1593
2024-02-01 16:48:37.359 [warning] [Decorations] CAPPING events from decorations provider vscode.git 1593
2024-02-01 16:48:43.443 [warning] [Decorations] CAPPING events from decorations provider vscode.git 1593
2024-02-01 16:48:49.460 [warning] [Decorations] CAPPING events from decorations provider vscode.git 1593
2024-02-01 16:48:55.449 [warning] [Decorations] CAPPING events from decorations provider vscode.git 1593
2024-02-01 16:49:01.493 [warning] [Decorations] CAPPING events from decorations provider vscode.git 1593
2024-02-01 16:49:07.507 [warning] [Decorations] CAPPING events from decorations provider vscode.git 1593
2024-02-01 16:49:13.506 [warning] [Decorations] CAPPING events from decorations provider vscode.git 1593
2024-02-01 16:49:19.490 [warning] [Decorations] CAPPING events from decorations provider vscode.git 1596
2024-02-01 16:49:25.466 [warning] [Decorations] CAPPING events from decorations provider vscode.git 1454
2024-02-01 16:49:31.457 [warning] [Decorations] CAPPING events from decorations provider vscode.git 1454
2024-02-01 16:49:39.102 [warning] [Decorations] CAPPING events from decorations provider vscode.git 1454
2024-02-01 16:49:45.183 [warning] [Decorations] CAPPING events from decorations provider vscode.git 1454
2024-02-01 16:49:51.191 [warning] [Decorations] CAPPING events from decorations provider vscode.git 1454
2024-02-01 16:49:57.193 [warning] [Decorations] CAPPING events from decorations provider vscode.git 1454
2024-02-01 16:50:03.250 [warning] [Decorations] CAPPING events from decorations provider vscode.git 1454
2024-02-01 16:50:09.232 [warning] [Decorations] CAPPING events from decorations provider vscode.git 1454
2024-02-01 16:50:15.247 [warning] [Decorations] CAPPING events from decorations provider vscode.git 1454
2024-02-01 16:50:21.336 [warning] [Decorations] CAPPING events from decorations provider vscode.git 1454
2024-02-01 16:50:27.421 [warning] [Decorations] CAPPING events from decorations provider vscode.git 1454
2024-02-01 16:50:33.450 [warning] [Decorations] CAPPING events from decorations provider vscode.git 1454
2024-02-01 16:50:39.545 [warning] [Decorations] CAPPING events from decorations provider vscode.git 1454
2024-02-01 16:50:45.567 [warning] [Decorations] CAPPING events from decorations provider vscode.git 1454
2024-02-01 16:50:51.577 [warning] [Decorations] CAPPING events from decorations provider vscode.git 1454
2024-02-01 16:50:57.628 [warning] [Decorations] CAPPING events from decorations provider vscode.git 1454
2024-02-01 16:51:03.699 [warning] [Decorations] CAPPING events from decorations provider vscode.git 1454
2024-02-01 16:51:09.688 [warning] [Decorations] CAPPING events from decorations provider vscode.git 1454
2024-02-01 16:51:15.707 [warning] [Decorations] CAPPING events from decorations provider vscode.git 1454
2024-02-01 16:51:21.716 [warning] [Decorations] CAPPING events from decorations provider vscode.git 1454
2024-02-01 16:51:27.785 [warning] [Decorations] CAPPING events from decorations provider vscode.git 1454
2024-02-01 16:51:33.770 [warning] [Decorations] CAPPING events from decorations provider vscode.git 1454
2024-02-01 16:51:39.803 [warning] [Decorations] CAPPING events from decorations provider vscode.git 1454
2024-02-01 16:51:45.789 [warning] [Decorations] CAPPING events from decorations provider vscode.git 1454
2024-02-01 16:51:51.798 [warning] [Decorations] CAPPING events from decorations provider vscode.git 1454
2024-02-01 16:51:57.788 [warning] [Decorations] CAPPING events from decorations provider vscode.git 1454
2024-02-01 16:52:03.841 [warning] [Decorations] CAPPING events from decorations provider vscode.git 1454
2024-02-01 16:52:09.860 [warning] [Decorations] CAPPING events from decorations provider vscode.git 1454
2024-02-01 16:52:15.871 [warning] [Decorations] CAPPING events from decorations provider vscode.git 1454
2024-02-01 16:52:21.835 [warning] [Decorations] CAPPING events from decorations provider vscode.git 1454
2024-02-01 16:52:27.802 [warning] [Decorations] CAPPING events from decorations provider vscode.git 1454
2024-02-01 16:52:33.844 [warning] [Decorations] CAPPING events from decorations provider vscode.git 1454
2024-02-01 16:52:39.922 [warning] [Decorations] CAPPING events from decorations provider vscode.git 1454
2024-02-01 16:52:45.898 [warning] [Decorations] CAPPING events from decorations provider vscode.git 1454
2024-02-01 16:52:51.857 [warning] [Decorations] CAPPING events from decorations provider vscode.git 1454
2024-02-01 16:52:57.855 [warning] [Decorations] CAPPING events from decorations provider vscode.git 1454
2024-02-01 16:53:04.010 [warning] [Decorations] CAPPING events from decorations provider vscode.git 1454
2024-02-01 16:53:10.043 [warning] [Decorations] CAPPING events from decorations provider vscode.git 1315
2024-02-01 16:53:16.076 [warning] [Decorations] CAPPING events from decorations provider vscode.git 1315
2024-02-01 16:53:22.130 [warning] [Decorations] CAPPING events from decorations provider vscode.git 1315
2024-02-01 16:53:28.113 [warning] [Decorations] CAPPING events from decorations provider vscode.git 1315
2024-02-01 16:53:34.074 [warning] [Decorations] CAPPING events from decorations provider vscode.git 1315
2024-02-01 16:53:40.101 [warning] [Decorations] CAPPING events from decorations provider vscode.git 1315
2024-02-01 16:53:46.082 [warning] [Decorations] CAPPING events from decorations provider vscode.git 1315
2024-02-01 16:53:52.106 [warning] [Decorations] CAPPING events from decorations provider vscode.git 1315
2024-02-01 16:53:58.116 [warning] [Decorations] CAPPING events from decorations provider vscode.git 1315
2024-02-01 16:54:04.199 [warning] [Decorations] CAPPING events from decorations provider vscode.git 1315
2024-02-01 16:54:10.208 [warning] [Decorations] CAPPING events from decorations provider vscode.git 1315
2024-02-01 16:54:16.264 [warning] [Decorations] CAPPING events from decorations provider vscode.git 1315
2024-02-01 16:54:22.303 [warning] [Decorations] CAPPING events from decorations provider vscode.git 1315
2024-02-01 16:54:28.349 [warning] [Decorations] CAPPING events from decorations provider vscode.git 1315
2024-02-01 16:54:34.350 [warning] [Decorations] CAPPING events from decorations provider vscode.git 1315
2024-02-01 16:54:40.462 [warning] [Decorations] CAPPING events from decorations provider vscode.git 1315
2024-02-01 16:54:46.498 [warning] [Decorations] CAPPING events from decorations provider vscode.git 1315
2024-02-01 16:54:52.509 [warning] [Decorations] CAPPING events from decorations provider vscode.git 1315
2024-02-01 16:54:58.493 [warning] [Decorations] CAPPING events from decorations provider vscode.git 1315
2024-02-01 16:55:04.526 [warning] [Decorations] CAPPING events from decorations provider vscode.git 1315
2024-02-01 16:55:10.584 [warning] [Decorations] CAPPING events from decorations provider vscode.git 1315
2024-02-01 16:55:16.645 [warning] [Decorations] CAPPING events from decorations provider vscode.git 1315
2024-02-01 16:55:22.695 [warning] [Decorations] CAPPING events from decorations provider vscode.git 1315
2024-02-01 16:55:28.711 [warning] [Decorations] CAPPING events from decorations provider vscode.git 1315
2024-02-01 16:55:34.744 [warning] [Decorations] CAPPING events from decorations provider vscode.git 1315
2024-02-01 16:55:40.805 [warning] [Decorations] CAPPING events from decorations provider vscode.git 1315
2024-02-01 16:55:46.838 [warning] [Decorations] CAPPING events from decorations provider vscode.git 1315
2024-02-01 16:55:52.844 [warning] [Decorations] CAPPING events from decorations provider vscode.git 1315
2024-02-01 16:55:58.904 [warning] [Decorations] CAPPING events from decorations provider vscode.git 1315
2024-02-01 16:56:04.980 [warning] [Decorations] CAPPING events from decorations provider vscode.git 1315
2024-02-01 16:56:10.981 [warning] [Decorations] CAPPING events from decorations provider vscode.git 1315
2024-02-01 16:56:16.973 [warning] [Decorations] CAPPING events from decorations provider vscode.git 1315
2024-02-01 16:56:22.990 [warning] [Decorations] CAPPING events from decorations provider vscode.git 1315
2024-02-01 16:56:29.009 [warning] [Decorations] CAPPING events from decorations provider vscode.git 1315
2024-02-01 16:56:34.995 [warning] [Decorations] CAPPING events from decorations provider vscode.git 1315
2024-02-01 16:56:41.021 [warning] [Decorations] CAPPING events from decorations provider vscode.git 1315
2024-02-01 16:56:47.100 [warning] [Decorations] CAPPING events from decorations provider vscode.git 1315
2024-02-01 16:56:53.184 [warning] [Decorations] CAPPING events from decorations provider vscode.git 1315
2024-02-01 16:56:59.218 [warning] [Decorations] CAPPING events from decorations provider vscode.git 1315
2024-02-01 16:57:05.239 [warning] [Decorations] CAPPING events from decorations provider vscode.git 1315
2024-02-01 16:57:11.381 [warning] [Decorations] CAPPING events from decorations provider vscode.git 1315
2024-02-01 16:57:17.379 [warning] [Decorations] CAPPING events from decorations provider vscode.git 1315
2024-02-01 16:57:23.373 [warning] [Decorations] CAPPING events from decorations provider vscode.git 1315
2024-02-01 16:57:29.373 [warning] [Decorations] CAPPING events from decorations provider vscode.git 1315
2024-02-01 16:57:35.384 [warning] [Decorations] CAPPING events from decorations provider vscode.git 1315
2024-02-01 16:57:41.406 [warning] [Decorations] CAPPING events from decorations provider vscode.git 1315
2024-02-01 16:57:47.424 [warning] [Decorations] CAPPING events from decorations provider vscode.git 1315
2024-02-01 16:57:53.466 [warning] [Decorations] CAPPING events from decorations provider vscode.git 1315
2024-02-01 16:57:59.479 [warning] [Decorations] CAPPING events from decorations provider vscode.git 1315
2024-02-01 16:58:05.502 [warning] [Decorations] CAPPING events from decorations provider vscode.git 1315
2024-02-01 16:58:11.481 [warning] [Decorations] CAPPING events from decorations provider vscode.git 1315
2024-02-01 16:58:17.569 [warning] [Decorations] CAPPING events from decorations provider vscode.git 1315
2024-02-01 16:58:23.611 [warning] [Decorations] CAPPING events from decorations provider vscode.git 1315
2024-02-01 16:58:29.608 [warning] [Decorations] CAPPING events from decorations provider vscode.git 1315
2024-02-01 16:58:35.618 [warning] [Decorations] CAPPING events from decorations provider vscode.git 1315
2024-02-01 16:58:41.569 [warning] [Decorations] CAPPING events from decorations provider vscode.git 1315
2024-02-01 16:58:47.585 [warning] [Decorations] CAPPING events from decorations provider vscode.git 1315
2024-02-01 16:58:53.551 [warning] [Decorations] CAPPING events from decorations provider vscode.git 1315
2024-02-01 16:58:59.530 [warning] [Decorations] CAPPING events from decorations provider vscode.git 1315
2024-02-01 16:59:05.534 [warning] [Decorations] CAPPING events from decorations provider vscode.git 1315
2024-02-01 16:59:11.553 [warning] [Decorations] CAPPING events from decorations provider vscode.git 1315
2024-02-01 16:59:17.559 [warning] [Decorations] CAPPING events from decorations provider vscode.git 1315
2024-02-01 16:59:23.567 [warning] [Decorations] CAPPING events from decorations provider vscode.git 1315
2024-02-01 16:59:29.575 [warning] [Decorations] CAPPING events from decorations provider vscode.git 1315
2024-02-01 16:59:35.554 [warning] [Decorations] CAPPING events from decorations provider vscode.git 1315
2024-02-01 16:59:41.603 [warning] [Decorations] CAPPING events from decorations provider vscode.git 1315
2024-02-01 16:59:47.616 [warning] [Decorations] CAPPING events from decorations provider vscode.git 1315
2024-02-01 16:59:53.629 [warning] [Decorations] CAPPING events from decorations provider vscode.git 1315
2024-02-01 16:59:59.636 [warning] [Decorations] CAPPING events from decorations provider vscode.git 1315
2024-02-01 17:00:05.636 [warning] [Decorations] CAPPING events from decorations provider vscode.git 1315
2024-02-01 17:00:11.607 [warning] [Decorations] CAPPING events from decorations provider vscode.git 1315
2024-02-01 17:00:17.601 [warning] [Decorations] CAPPING events from decorations provider vscode.git 1315
2024-02-01 17:00:23.570 [warning] [Decorations] CAPPING events from decorations provider vscode.git 1315
2024-02-01 17:00:29.590 [warning] [Decorations] CAPPING events from decorations provider vscode.git 1315
2024-02-01 17:00:35.545 [warning] [Decorations] CAPPING events from decorations provider vscode.git 1315
2024-02-01 17:00:41.532 [warning] [Decorations] CAPPING events from decorations provider vscode.git 1315
2024-02-01 17:00:47.518 [warning] [Decorations] CAPPING events from decorations provider vscode.git 1315
2024-02-01 17:00:53.469 [warning] [Decorations] CAPPING events from decorations provider vscode.git 1315
2024-02-01 17:00:59.438 [warning] [Decorations] CAPPING events from decorations provider vscode.git 1315
2024-02-01 17:01:05.450 [warning] [Decorations] CAPPING events from decorations provider vscode.git 1315
2024-02-01 17:01:11.487 [warning] [Decorations] CAPPING events from decorations provider vscode.git 1315
2024-02-01 17:01:17.473 [warning] [Decorations] CAPPING events from decorations provider vscode.git 1315
2024-02-01 17:01:23.442 [warning] [Decorations] CAPPING events from decorations provider vscode.git 1315
2024-02-01 17:01:29.416 [warning] [Decorations] CAPPING events from decorations provider vscode.git 1315
2024-02-01 17:01:35.381 [warning] [Decorations] CAPPING events from decorations provider vscode.git 1315
2024-02-01 17:01:41.350 [warning] [Decorations] CAPPING events from decorations provider vscode.git 1315
2024-02-01 17:01:47.337 [warning] [Decorations] CAPPING events from decorations provider vscode.git 1315
2024-02-01 17:01:53.373 [warning] [Decorations] CAPPING events from decorations provider vscode.git 1316
2024-02-01 17:01:59.364 [warning] [Decorations] CAPPING events from decorations provider vscode.git 1316
2024-02-01 17:02:05.397 [warning] [Decorations] CAPPING events from decorations provider vscode.git 1316
2024-02-01 17:02:11.482 [warning] [Decorations] CAPPING events from decorations provider vscode.git 1316
2024-02-01 17:02:17.444 [warning] [Decorations] CAPPING events from decorations provider vscode.git 1316
2024-02-01 17:02:23.430 [warning] [Decorations] CAPPING events from decorations provider vscode.git 1316
2024-02-01 17:02:29.424 [warning] [Decorations] CAPPING events from decorations provider vscode.git 1316
2024-02-01 17:02:35.457 [warning] [Decorations] CAPPING events from decorations provider vscode.git 1316
2024-02-01 17:02:41.466 [warning] [Decorations] CAPPING events from decorations provider vscode.git 1316
2024-02-01 17:02:47.445 [warning] [Decorations] CAPPING events from decorations provider vscode.git 1316
2024-02-01 17:02:58.066 [warning] [Decorations] CAPPING events from decorations provider vscode.git 1316
2024-02-01 17:03:04.055 [warning] [Decorations] CAPPING events from decorations provider vscode.git 1316
2024-02-01 17:03:10.082 [warning] [Decorations] CAPPING events from decorations provider vscode.git 1316
2024-02-01 17:03:16.044 [warning] [Decorations] CAPPING events from decorations provider vscode.git 1316
2024-02-01 17:03:22.043 [warning] [Decorations] CAPPING events from decorations provider vscode.git 1316
2024-02-01 17:03:28.063 [warning] [Decorations] CAPPING events from decorations provider vscode.git 1316
2024-02-01 17:03:34.057 [warning] [Decorations] CAPPING events from decorations provider vscode.git 1316
2024-02-01 17:03:40.049 [warning] [Decorations] CAPPING events from decorations provider vscode.git 1316
2024-02-01 17:03:46.045 [warning] [Decorations] CAPPING events from decorations provider vscode.git 1316
2024-02-01 17:03:52.055 [warning] [Decorations] CAPPING events from decorations provider vscode.git 1316
2024-02-01 17:03:58.044 [warning] [Decorations] CAPPING events from decorations provider vscode.git 1316
2024-02-01 17:04:04.069 [warning] [Decorations] CAPPING events from decorations provider vscode.git 1316
2024-02-01 17:04:10.091 [warning] [Decorations] CAPPING events from decorations provider vscode.git 1316
2024-02-01 17:04:16.092 [warning] [Decorations] CAPPING events from decorations provider vscode.git 1316
2024-02-01 17:04:22.092 [warning] [Decorations] CAPPING events from decorations provider vscode.git 1316
2024-02-01 17:04:28.089 [warning] [Decorations] CAPPING events from decorations provider vscode.git 1316
2024-02-01 17:04:34.087 [warning] [Decorations] CAPPING events from decorations provider vscode.git 1316
2024-02-01 17:04:40.082 [warning] [Decorations] CAPPING events from decorations provider vscode.git 1316
2024-02-01 17:04:46.066 [warning] [Decorations] CAPPING events from decorations provider vscode.git 1316
2024-02-01 17:04:52.060 [warning] [Decorations] CAPPING events from decorations provider vscode.git 1316
2024-02-01 17:04:58.073 [warning] [Decorations] CAPPING events from decorations provider vscode.git 1316
2024-02-01 17:05:04.126 [warning] [Decorations] CAPPING events from decorations provider vscode.git 1316
2024-02-01 17:05:10.220 [warning] [Decorations] CAPPING events from decorations provider vscode.git 1316
2024-02-01 17:05:16.297 [warning] [Decorations] CAPPING events from decorations provider vscode.git 1316
2024-02-01 17:05:22.331 [warning] [Decorations] CAPPING events from decorations provider vscode.git 1316
2024-02-01 17:05:28.325 [warning] [Decorations] CAPPING events from decorations provider vscode.git 1316
2024-02-01 17:07:36.675 [warning] [Decorations] CAPPING events from decorations provider vscode.git 1316
2024-02-01 17:07:42.662 [warning] [Decorations] CAPPING events from decorations provider vscode.git 1316
2024-02-01 17:07:48.632 [warning] [Decorations] CAPPING events from decorations provider vscode.git 1316
2024-02-01 17:07:54.615 [warning] [Decorations] CAPPING events from decorations provider vscode.git 1316
2024-02-01 17:12:50.335 [warning] [Decorations] CAPPING events from decorations provider vscode.git 1316
2024-02-01 17:12:56.310 [warning] [Decorations] CAPPING events from decorations provider vscode.git 1316
2024-02-01 17:13:02.346 [warning] [Decorations] CAPPING events from decorations provider vscode.git 1316
2024-02-01 17:13:16.617 [warning] [Decorations] CAPPING events from decorations provider vscode.git 1316
2024-02-01 17:13:27.234 [warning] [Decorations] CAPPING events from decorations provider vscode.git 1316
2024-02-01 17:13:33.228 [warning] [Decorations] CAPPING events from decorations provider vscode.git 1316
2024-02-01 17:13:39.233 [warning] [Decorations] CAPPING events from decorations provider vscode.git 1316
2024-02-01 17:13:45.258 [warning] [Decorations] CAPPING events from decorations provider vscode.git 1316
2024-02-01 17:13:51.276 [warning] [Decorations] CAPPING events from decorations provider vscode.git 1316
2024-02-01 17:13:57.399 [warning] [Decorations] CAPPING events from decorations provider vscode.git 1316
2024-02-01 17:14:40.527 [warning] [Decorations] CAPPING events from decorations provider vscode.git 1316
2024-02-01 17:14:46.556 [warning] [Decorations] CAPPING events from decorations provider vscode.git 1316
2024-02-01 17:14:52.510 [warning] [Decorations] CAPPING events from decorations provider vscode.git 1316
2024-02-01 17:14:58.490 [warning] [Decorations] CAPPING events from decorations provider vscode.git 1316
2024-02-01 17:15:04.535 [warning] [Decorations] CAPPING events from decorations provider vscode.git 1316
2024-02-01 17:15:10.521 [warning] [Decorations] CAPPING events from decorations provider vscode.git 1316
2024-02-01 17:15:16.540 [warning] [Decorations] CAPPING events from decorations provider vscode.git 1317
2024-02-01 17:15:22.562 [warning] [Decorations] CAPPING events from decorations provider vscode.git 1317
2024-02-01 17:15:28.555 [warning] [Decorations] CAPPING events from decorations provider vscode.git 1319
2024-02-01 17:15:34.594 [warning] [Decorations] CAPPING events from decorations provider vscode.git 1319
2024-02-01 17:15:40.651 [warning] [Decorations] CAPPING events from decorations provider vscode.git 1319
2024-02-01 17:15:46.685 [warning] [Decorations] CAPPING events from decorations provider vscode.git 1319
2024-02-01 17:15:52.689 [warning] [Decorations] CAPPING events from decorations provider vscode.git 1319
2024-02-01 17:15:58.703 [warning] [Decorations] CAPPING events from decorations provider vscode.git 1319
2024-02-01 17:16:04.717 [warning] [Decorations] CAPPING events from decorations provider vscode.git 1319
2024-02-01 17:16:10.744 [warning] [Decorations] CAPPING events from decorations provider vscode.git 1319
2024-02-01 17:16:16.762 [warning] [Decorations] CAPPING events from decorations provider vscode.git 1319
2024-02-01 17:16:22.779 [warning] [Decorations] CAPPING events from decorations provider vscode.git 1319
2024-02-01 17:16:28.835 [warning] [Decorations] CAPPING events from decorations provider vscode.git 1319
2024-02-01 17:16:34.794 [warning] [Decorations] CAPPING events from decorations provider vscode.git 1319
2024-02-01 17:16:40.768 [warning] [Decorations] CAPPING events from decorations provider vscode.git 1319
2024-02-01 17:16:46.770 [warning] [Decorations] CAPPING events from decorations provider vscode.git 1319
2024-02-01 17:16:52.752 [warning] [Decorations] CAPPING events from decorations provider vscode.git 1319
2024-02-01 17:16:58.713 [warning] [Decorations] CAPPING events from decorations provider vscode.git 1319
2024-02-01 17:17:04.737 [warning] [Decorations] CAPPING events from decorations provider vscode.git 1319
2024-02-01 17:17:10.724 [warning] [Decorations] CAPPING events from decorations provider vscode.git 1319
2024-02-01 17:18:17.057 [warning] [Decorations] CAPPING events from decorations provider vscode.git 1319
2024-02-01 17:18:28.696 [warning] [Decorations] CAPPING events from decorations provider vscode.git 1319
2024-02-01 17:18:34.733 [warning] [Decorations] CAPPING events from decorations provider vscode.git 1319
2024-02-01 17:18:40.729 [warning] [Decorations] CAPPING events from decorations provider vscode.git 1319
2024-02-01 17:19:04.865 [warning] [Decorations] CAPPING events from decorations provider vscode.git 1319
2024-02-01 17:19:10.918 [warning] [Decorations] CAPPING events from decorations provider vscode.git 1319
2024-02-01 17:19:16.912 [warning] [Decorations] CAPPING events from decorations provider vscode.git 1319
2024-02-01 17:19:22.885 [warning] [Decorations] CAPPING events from decorations provider vscode.git 1319
2024-02-01 17:19:28.855 [warning] [Decorations] CAPPING events from decorations provider vscode.git 1319
2024-02-01 17:19:34.810 [warning] [Decorations] CAPPING events from decorations provider vscode.git 1319
2024-02-01 17:19:40.789 [warning] [Decorations] CAPPING events from decorations provider vscode.git 1319
2024-02-01 17:24:51.595 [warning] [Decorations] CAPPING events from decorations provider vscode.git 1319
2024-02-01 17:25:14.871 [warning] [Decorations] CAPPING events from decorations provider vscode.git 1319
2024-02-01 17:25:20.880 [warning] [Decorations] CAPPING events from decorations provider vscode.git 1319
2024-02-01 17:25:26.895 [warning] [Decorations] CAPPING events from decorations provider vscode.git 1319
2024-02-01 17:25:32.966 [warning] [Decorations] CAPPING events from decorations provider vscode.git 1319
2024-02-01 17:25:38.972 [warning] [Decorations] CAPPING events from decorations provider vscode.git 1319
2024-02-01 17:25:44.985 [warning] [Decorations] CAPPING events from decorations provider vscode.git 1319
2024-02-01 17:25:51.000 [warning] [Decorations] CAPPING events from decorations provider vscode.git 1319
2024-02-01 17:26:15.332 [warning] [Decorations] CAPPING events from decorations provider vscode.git 1319
2024-02-01 17:26:21.348 [warning] [Decorations] CAPPING events from decorations provider vscode.git 1319
2024-02-01 17:27:01.578 [warning] [Decorations] CAPPING events from decorations provider vscode.git 1318
2024-02-01 17:27:07.586 [warning] [Decorations] CAPPING events from decorations provider vscode.git 1318
2024-02-01 17:27:13.575 [warning] [Decorations] CAPPING events from decorations provider vscode.git 1318
2024-02-01 17:27:19.587 [warning] [Decorations] CAPPING events from decorations provider vscode.git 1318
2024-02-01 17:27:25.612 [warning] [Decorations] CAPPING events from decorations provider vscode.git 1318
2024-02-01 17:27:31.617 [warning] [Decorations] CAPPING events from decorations provider vscode.git 1318
2024-02-01 17:27:37.637 [warning] [Decorations] CAPPING events from decorations provider vscode.git 1318
2024-02-01 17:27:43.653 [warning] [Decorations] CAPPING events from decorations provider vscode.git 1318
2024-02-01 17:27:49.634 [warning] [Decorations] CAPPING events from decorations provider vscode.git 1318
2024-02-01 17:29:59.143 [warning] [Decorations] CAPPING events from decorations provider vscode.git 1318
2024-02-01 17:30:09.872 [warning] [Decorations] CAPPING events from decorations provider vscode.git 1318
2024-02-01 17:30:15.876 [warning] [Decorations] CAPPING events from decorations provider vscode.git 1318
2024-02-01 17:30:21.869 [warning] [Decorations] CAPPING events from decorations provider vscode.git 1318
2024-02-01 17:30:27.879 [warning] [Decorations] CAPPING events from decorations provider vscode.git 1318
2024-02-01 17:30:33.868 [warning] [Decorations] CAPPING events from decorations provider vscode.git 1318
2024-02-01 17:30:39.836 [warning] [Decorations] CAPPING events from decorations provider vscode.git 1318
2024-02-01 17:30:45.853 [warning] [Decorations] CAPPING events from decorations provider vscode.git 1318
2024-02-01 17:30:51.873 [warning] [Decorations] CAPPING events from decorations provider vscode.git 1318
2024-02-01 17:30:57.900 [warning] [Decorations] CAPPING events from decorations provider vscode.git 1318
2024-02-01 17:31:03.922 [warning] [Decorations] CAPPING events from decorations provider vscode.git 1318
2024-02-01 17:31:09.937 [warning] [Decorations] CAPPING events from decorations provider vscode.git 1318
2024-02-01 17:35:00.131 [warning] [Decorations] CAPPING events from decorations provider vscode.git 1318
2024-02-01 17:35:06.165 [warning] [Decorations] CAPPING events from decorations provider vscode.git 1318
2024-02-01 17:35:12.181 [warning] [Decorations] CAPPING events from decorations provider vscode.git 1318
2024-02-01 17:35:18.151 [warning] [Decorations] CAPPING events from decorations provider vscode.git 1318
2024-02-01 17:35:24.129 [warning] [Decorations] CAPPING events from decorations provider vscode.git 1318
2024-02-01 17:35:30.144 [warning] [Decorations] CAPPING events from decorations provider vscode.git 1318
2024-02-01 17:35:36.095 [warning] [Decorations] CAPPING events from decorations provider vscode.git 1318
2024-02-01 17:35:42.071 [warning] [Decorations] CAPPING events from decorations provider vscode.git 1321
2024-02-01 17:35:48.045 [warning] [Decorations] CAPPING events from decorations provider vscode.git 1318
2024-02-01 17:35:54.151 [warning] [Decorations] CAPPING events from decorations provider vscode.git 1318
2024-02-01 17:36:00.130 [warning] [Decorations] CAPPING events from decorations provider vscode.git 1318
2024-02-01 17:36:06.137 [warning] [Decorations] CAPPING events from decorations provider vscode.git 1318
2024-02-01 17:36:12.177 [warning] [Decorations] CAPPING events from decorations provider vscode.git 1318
2024-02-01 17:36:18.417 [warning] [Decorations] CAPPING events from decorations provider vscode.git 1318
2024-02-01 17:36:24.415 [warning] [Decorations] CAPPING events from decorations provider vscode.git 1318
2024-02-01 17:36:30.403 [warning] [Decorations] CAPPING events from decorations provider vscode.git 1318
2024-02-01 17:36:36.398 [warning] [Decorations] CAPPING events from decorations provider vscode.git 1318
2024-02-01 17:36:42.396 [warning] [Decorations] CAPPING events from decorations provider vscode.git 1318
2024-02-01 17:36:48.405 [warning] [Decorations] CAPPING events from decorations provider vscode.git 1318
2024-02-01 17:36:54.376 [warning] [Decorations] CAPPING events from decorations provider vscode.git 1318
2024-02-01 17:37:00.362 [warning] [Decorations] CAPPING events from decorations provider vscode.git 1318
2024-02-01 17:37:06.382 [warning] [Decorations] CAPPING events from decorations provider vscode.git 1318
2024-02-01 17:37:12.389 [warning] [Decorations] CAPPING events from decorations provider vscode.git 1318
2024-02-01 17:37:18.407 [warning] [Decorations] CAPPING events from decorations provider vscode.git 1318
2024-02-01 17:37:24.363 [warning] [Decorations] CAPPING events from decorations provider vscode.git 1318
2024-02-01 17:37:30.361 [warning] [Decorations] CAPPING events from decorations provider vscode.git 1318
2024-02-01 20:01:32.327 [info] Extension host terminating: renderer disconnected for too long (2)
2024-02-01 20:01:32.328 [info] Lock '/home/s4tankoua/.vscode-server/data/User/workspaceStorage/c4a32dd17ca19df0594942ff4bbfb1a9/vscode.lock': Marking the lockfile as scheduled to be released in 6000 ms.
2024-02-01 20:01:32.374 [error] Canceled: Canceled
	at new f (/home/s4tankoua/.vscode-server/bin/05047486b6df5eb8d44b2ecd70ea3bdf775fd937/out/vs/workbench/api/node/extensionHostProcess.js:140:45069)
	at d.U (/home/s4tankoua/.vscode-server/bin/05047486b6df5eb8d44b2ecd70ea3bdf775fd937/out/vs/workbench/api/node/extensionHostProcess.js:147:5557)
	at T.<computed>.O.charCodeAt.T.<computed> (/home/s4tankoua/.vscode-server/bin/05047486b6df5eb8d44b2ecd70ea3bdf775fd937/out/vs/workbench/api/node/extensionHostProcess.js:147:3008)
	at s.g (/home/s4tankoua/.vscode-server/bin/05047486b6df5eb8d44b2ecd70ea3bdf775fd937/out/vs/workbench/api/node/extensionHostProcess.js:150:174704)
	at s.executeCommand (/home/s4tankoua/.vscode-server/bin/05047486b6df5eb8d44b2ecd70ea3bdf775fd937/out/vs/workbench/api/node/extensionHostProcess.js:150:174142)
	at m.registerCommand.description (/home/s4tankoua/.vscode-server/bin/05047486b6df5eb8d44b2ecd70ea3bdf775fd937/out/vs/workbench/api/node/extensionHostProcess.js:150:173466)
	at s.h (/home/s4tankoua/.vscode-server/bin/05047486b6df5eb8d44b2ecd70ea3bdf775fd937/out/vs/workbench/api/node/extensionHostProcess.js:150:175243)
	at s.g (/home/s4tankoua/.vscode-server/bin/05047486b6df5eb8d44b2ecd70ea3bdf775fd937/out/vs/workbench/api/node/extensionHostProcess.js:150:174235)
	at s.executeCommand (/home/s4tankoua/.vscode-server/bin/05047486b6df5eb8d44b2ecd70ea3bdf775fd937/out/vs/workbench/api/node/extensionHostProcess.js:150:174142)
	at Object.executeCommand (/home/s4tankoua/.vscode-server/bin/05047486b6df5eb8d44b2ecd70ea3bdf775fd937/out/vs/workbench/api/node/extensionHostProcess.js:160:21634)
	at g.I [as value] (/home/s4tankoua/.vscode-server/bin/05047486b6df5eb8d44b2ecd70ea3bdf775fd937/extensions/git/dist/main.js:2:927298)
	at r.y (/home/s4tankoua/.vscode-server/bin/05047486b6df5eb8d44b2ecd70ea3bdf775fd937/out/vs/workbench/api/node/extensionHostProcess.js:80:1902)
	at r.z (/home/s4tankoua/.vscode-server/bin/05047486b6df5eb8d44b2ecd70ea3bdf775fd937/out/vs/workbench/api/node/extensionHostProcess.js:80:1972)
	at r.fire (/home/s4tankoua/.vscode-server/bin/05047486b6df5eb8d44b2ecd70ea3bdf775fd937/out/vs/workbench/api/node/extensionHostProcess.js:80:2188)
	at Object.m [as dispose] (/home/s4tankoua/.vscode-server/bin/05047486b6df5eb8d44b2ecd70ea3bdf775fd937/extensions/git/dist/main.js:2:943089)
	at /home/s4tankoua/.vscode-server/bin/05047486b6df5eb8d44b2ecd70ea3bdf775fd937/extensions/git/dist/main.js:2:947930
	at Array.forEach (<anonymous>)
	at p.dispose (/home/s4tankoua/.vscode-server/bin/05047486b6df5eb8d44b2ecd70ea3bdf775fd937/extensions/git/dist/main.js:2:947916)
	at c.<anonymous> (/home/s4tankoua/.vscode-server/bin/05047486b6df5eb8d44b2ecd70ea3bdf775fd937/out/vs/workbench/api/node/extensionHostProcess.js:148:3650)
	at c.dispose (/home/s4tankoua/.vscode-server/bin/05047486b6df5eb8d44b2ecd70ea3bdf775fd937/out/vs/workbench/api/node/extensionHostProcess.js:148:3747)
	at c.<anonymous> (/home/s4tankoua/.vscode-server/bin/05047486b6df5eb8d44b2ecd70ea3bdf775fd937/extensions/git/dist/main.js:2:929310)
	at c.dispose (/home/s4tankoua/.vscode-server/bin/05047486b6df5eb8d44b2ecd70ea3bdf775fd937/out/vs/workbench/api/node/extensionHostProcess.js:148:3747)
	at o (/home/s4tankoua/.vscode-server/bin/05047486b6df5eb8d44b2ecd70ea3bdf775fd937/out/vs/workbench/api/node/extensionHostProcess.js:30:754)
	at g.cb (/home/s4tankoua/.vscode-server/bin/05047486b6df5eb8d44b2ecd70ea3bdf775fd937/out/vs/workbench/api/node/extensionHostProcess.js:156:9874)
	at /home/s4tankoua/.vscode-server/bin/05047486b6df5eb8d44b2ecd70ea3bdf775fd937/out/vs/workbench/api/node/extensionHostProcess.js:156:7808
	at Array.map (<anonymous>)
	at g.Y (/home/s4tankoua/.vscode-server/bin/05047486b6df5eb8d44b2ecd70ea3bdf775fd937/out/vs/workbench/api/node/extensionHostProcess.js:156:7795)
	at g.terminate (/home/s4tankoua/.vscode-server/bin/05047486b6df5eb8d44b2ecd70ea3bdf775fd937/out/vs/workbench/api/node/extensionHostProcess.js:156:8068)
	at o.terminate (/home/s4tankoua/.vscode-server/bin/05047486b6df5eb8d44b2ecd70ea3bdf775fd937/out/vs/workbench/api/node/extensionHostProcess.js:160:1513)
	at t (/home/s4tankoua/.vscode-server/bin/05047486b6df5eb8d44b2ecd70ea3bdf775fd937/out/vs/workbench/api/node/extensionHostProcess.js:173:9950)
	at M.a (/home/s4tankoua/.vscode-server/bin/05047486b6df5eb8d44b2ecd70ea3bdf775fd937/out/vs/workbench/api/node/extensionHostProcess.js:173:6743)
	at M.h (/home/s4tankoua/.vscode-server/bin/05047486b6df5eb8d44b2ecd70ea3bdf775fd937/out/vs/workbench/api/node/extensionHostProcess.js:97:20387)
	at listOnTimeout (node:internal/timers:569:17)
	at process.processTimers (node:internal/timers:512:7) setContext undefined
2024-02-01 20:01:32.374 [error] Canceled: Canceled
	at new f (/home/s4tankoua/.vscode-server/bin/05047486b6df5eb8d44b2ecd70ea3bdf775fd937/out/vs/workbench/api/node/extensionHostProcess.js:140:45069)
	at d.U (/home/s4tankoua/.vscode-server/bin/05047486b6df5eb8d44b2ecd70ea3bdf775fd937/out/vs/workbench/api/node/extensionHostProcess.js:147:5557)
	at T.<computed>.O.charCodeAt.T.<computed> (/home/s4tankoua/.vscode-server/bin/05047486b6df5eb8d44b2ecd70ea3bdf775fd937/out/vs/workbench/api/node/extensionHostProcess.js:147:3008)
	at s.g (/home/s4tankoua/.vscode-server/bin/05047486b6df5eb8d44b2ecd70ea3bdf775fd937/out/vs/workbench/api/node/extensionHostProcess.js:150:174704)
	at s.executeCommand (/home/s4tankoua/.vscode-server/bin/05047486b6df5eb8d44b2ecd70ea3bdf775fd937/out/vs/workbench/api/node/extensionHostProcess.js:150:174142)
	at m.registerCommand.description (/home/s4tankoua/.vscode-server/bin/05047486b6df5eb8d44b2ecd70ea3bdf775fd937/out/vs/workbench/api/node/extensionHostProcess.js:150:173466)
	at s.h (/home/s4tankoua/.vscode-server/bin/05047486b6df5eb8d44b2ecd70ea3bdf775fd937/out/vs/workbench/api/node/extensionHostProcess.js:150:175243)
	at s.g (/home/s4tankoua/.vscode-server/bin/05047486b6df5eb8d44b2ecd70ea3bdf775fd937/out/vs/workbench/api/node/extensionHostProcess.js:150:174235)
	at s.executeCommand (/home/s4tankoua/.vscode-server/bin/05047486b6df5eb8d44b2ecd70ea3bdf775fd937/out/vs/workbench/api/node/extensionHostProcess.js:150:174142)
	at Object.executeCommand (/home/s4tankoua/.vscode-server/bin/05047486b6df5eb8d44b2ecd70ea3bdf775fd937/out/vs/workbench/api/node/extensionHostProcess.js:160:21634)
	at set b [as b] (/home/s4tankoua/.vscode-server/bin/05047486b6df5eb8d44b2ecd70ea3bdf775fd937/extensions/github/dist/extension.js:2:322364)
	at /home/s4tankoua/.vscode-server/bin/05047486b6df5eb8d44b2ecd70ea3bdf775fd937/extensions/github/dist/extension.js:2:323005
	at g.value (/home/s4tankoua/.vscode-server/bin/05047486b6df5eb8d44b2ecd70ea3bdf775fd937/extensions/git/dist/main.js:2:1018251)
	at r.y (/home/s4tankoua/.vscode-server/bin/05047486b6df5eb8d44b2ecd70ea3bdf775fd937/out/vs/workbench/api/node/extensionHostProcess.js:80:1902)
	at r.z (/home/s4tankoua/.vscode-server/bin/05047486b6df5eb8d44b2ecd70ea3bdf775fd937/out/vs/workbench/api/node/extensionHostProcess.js:80:1972)
	at r.fire (/home/s4tankoua/.vscode-server/bin/05047486b6df5eb8d44b2ecd70ea3bdf775fd937/out/vs/workbench/api/node/extensionHostProcess.js:80:2188)
	at Object.m [as dispose] (/home/s4tankoua/.vscode-server/bin/05047486b6df5eb8d44b2ecd70ea3bdf775fd937/extensions/git/dist/main.js:2:943089)
	at /home/s4tankoua/.vscode-server/bin/05047486b6df5eb8d44b2ecd70ea3bdf775fd937/extensions/git/dist/main.js:2:947930
	at Array.forEach (<anonymous>)
	at p.dispose (/home/s4tankoua/.vscode-server/bin/05047486b6df5eb8d44b2ecd70ea3bdf775fd937/extensions/git/dist/main.js:2:947916)
	at c.<anonymous> (/home/s4tankoua/.vscode-server/bin/05047486b6df5eb8d44b2ecd70ea3bdf775fd937/out/vs/workbench/api/node/extensionHostProcess.js:148:3650)
	at c.dispose (/home/s4tankoua/.vscode-server/bin/05047486b6df5eb8d44b2ecd70ea3bdf775fd937/out/vs/workbench/api/node/extensionHostProcess.js:148:3747)
	at c.<anonymous> (/home/s4tankoua/.vscode-server/bin/05047486b6df5eb8d44b2ecd70ea3bdf775fd937/extensions/git/dist/main.js:2:929310)
	at c.dispose (/home/s4tankoua/.vscode-server/bin/05047486b6df5eb8d44b2ecd70ea3bdf775fd937/out/vs/workbench/api/node/extensionHostProcess.js:148:3747)
	at o (/home/s4tankoua/.vscode-server/bin/05047486b6df5eb8d44b2ecd70ea3bdf775fd937/out/vs/workbench/api/node/extensionHostProcess.js:30:754)
	at g.cb (/home/s4tankoua/.vscode-server/bin/05047486b6df5eb8d44b2ecd70ea3bdf775fd937/out/vs/workbench/api/node/extensionHostProcess.js:156:9874)
	at /home/s4tankoua/.vscode-server/bin/05047486b6df5eb8d44b2ecd70ea3bdf775fd937/out/vs/workbench/api/node/extensionHostProcess.js:156:7808
	at Array.map (<anonymous>)
	at g.Y (/home/s4tankoua/.vscode-server/bin/05047486b6df5eb8d44b2ecd70ea3bdf775fd937/out/vs/workbench/api/node/extensionHostProcess.js:156:7795)
	at g.terminate (/home/s4tankoua/.vscode-server/bin/05047486b6df5eb8d44b2ecd70ea3bdf775fd937/out/vs/workbench/api/node/extensionHostProcess.js:156:8068)
	at o.terminate (/home/s4tankoua/.vscode-server/bin/05047486b6df5eb8d44b2ecd70ea3bdf775fd937/out/vs/workbench/api/node/extensionHostProcess.js:160:1513)
	at t (/home/s4tankoua/.vscode-server/bin/05047486b6df5eb8d44b2ecd70ea3bdf775fd937/out/vs/workbench/api/node/extensionHostProcess.js:173:9950)
	at M.a (/home/s4tankoua/.vscode-server/bin/05047486b6df5eb8d44b2ecd70ea3bdf775fd937/out/vs/workbench/api/node/extensionHostProcess.js:173:6743)
	at M.h (/home/s4tankoua/.vscode-server/bin/05047486b6df5eb8d44b2ecd70ea3bdf775fd937/out/vs/workbench/api/node/extensionHostProcess.js:97:20387)
	at listOnTimeout (node:internal/timers:569:17)
	at process.processTimers (node:internal/timers:512:7) setContext undefined
2024-02-01 20:01:32.374 [error] Canceled: Canceled
	at new f (/home/s4tankoua/.vscode-server/bin/05047486b6df5eb8d44b2ecd70ea3bdf775fd937/out/vs/workbench/api/node/extensionHostProcess.js:140:45069)
	at d.U (/home/s4tankoua/.vscode-server/bin/05047486b6df5eb8d44b2ecd70ea3bdf775fd937/out/vs/workbench/api/node/extensionHostProcess.js:147:5557)
	at T.<computed>.O.charCodeAt.T.<computed> (/home/s4tankoua/.vscode-server/bin/05047486b6df5eb8d44b2ecd70ea3bdf775fd937/out/vs/workbench/api/node/extensionHostProcess.js:147:3008)
	at s.g (/home/s4tankoua/.vscode-server/bin/05047486b6df5eb8d44b2ecd70ea3bdf775fd937/out/vs/workbench/api/node/extensionHostProcess.js:150:174704)
	at s.executeCommand (/home/s4tankoua/.vscode-server/bin/05047486b6df5eb8d44b2ecd70ea3bdf775fd937/out/vs/workbench/api/node/extensionHostProcess.js:150:174142)
	at m.registerCommand.description (/home/s4tankoua/.vscode-server/bin/05047486b6df5eb8d44b2ecd70ea3bdf775fd937/out/vs/workbench/api/node/extensionHostProcess.js:150:173466)
	at s.h (/home/s4tankoua/.vscode-server/bin/05047486b6df5eb8d44b2ecd70ea3bdf775fd937/out/vs/workbench/api/node/extensionHostProcess.js:150:175243)
	at s.g (/home/s4tankoua/.vscode-server/bin/05047486b6df5eb8d44b2ecd70ea3bdf775fd937/out/vs/workbench/api/node/extensionHostProcess.js:150:174235)
	at s.executeCommand (/home/s4tankoua/.vscode-server/bin/05047486b6df5eb8d44b2ecd70ea3bdf775fd937/out/vs/workbench/api/node/extensionHostProcess.js:150:174142)
	at Object.executeCommand (/home/s4tankoua/.vscode-server/bin/05047486b6df5eb8d44b2ecd70ea3bdf775fd937/out/vs/workbench/api/node/extensionHostProcess.js:160:21634)
	at g.I [as value] (/home/s4tankoua/.vscode-server/bin/05047486b6df5eb8d44b2ecd70ea3bdf775fd937/extensions/git/dist/main.js:2:927298)
	at r.y (/home/s4tankoua/.vscode-server/bin/05047486b6df5eb8d44b2ecd70ea3bdf775fd937/out/vs/workbench/api/node/extensionHostProcess.js:80:1902)
	at r.z (/home/s4tankoua/.vscode-server/bin/05047486b6df5eb8d44b2ecd70ea3bdf775fd937/out/vs/workbench/api/node/extensionHostProcess.js:80:1972)
	at r.fire (/home/s4tankoua/.vscode-server/bin/05047486b6df5eb8d44b2ecd70ea3bdf775fd937/out/vs/workbench/api/node/extensionHostProcess.js:80:2188)
	at Object.m [as dispose] (/home/s4tankoua/.vscode-server/bin/05047486b6df5eb8d44b2ecd70ea3bdf775fd937/extensions/git/dist/main.js:2:943089)
	at /home/s4tankoua/.vscode-server/bin/05047486b6df5eb8d44b2ecd70ea3bdf775fd937/extensions/git/dist/main.js:2:947930
	at Array.forEach (<anonymous>)
	at p.dispose (/home/s4tankoua/.vscode-server/bin/05047486b6df5eb8d44b2ecd70ea3bdf775fd937/extensions/git/dist/main.js:2:947916)
	at c.<anonymous> (/home/s4tankoua/.vscode-server/bin/05047486b6df5eb8d44b2ecd70ea3bdf775fd937/out/vs/workbench/api/node/extensionHostProcess.js:148:3650)
	at c.dispose (/home/s4tankoua/.vscode-server/bin/05047486b6df5eb8d44b2ecd70ea3bdf775fd937/out/vs/workbench/api/node/extensionHostProcess.js:148:3747)
	at c.<anonymous> (/home/s4tankoua/.vscode-server/bin/05047486b6df5eb8d44b2ecd70ea3bdf775fd937/extensions/git/dist/main.js:2:929310)
	at c.dispose (/home/s4tankoua/.vscode-server/bin/05047486b6df5eb8d44b2ecd70ea3bdf775fd937/out/vs/workbench/api/node/extensionHostProcess.js:148:3747)
	at o (/home/s4tankoua/.vscode-server/bin/05047486b6df5eb8d44b2ecd70ea3bdf775fd937/out/vs/workbench/api/node/extensionHostProcess.js:30:754)
	at g.cb (/home/s4tankoua/.vscode-server/bin/05047486b6df5eb8d44b2ecd70ea3bdf775fd937/out/vs/workbench/api/node/extensionHostProcess.js:156:9874)
	at /home/s4tankoua/.vscode-server/bin/05047486b6df5eb8d44b2ecd70ea3bdf775fd937/out/vs/workbench/api/node/extensionHostProcess.js:156:7808
	at Array.map (<anonymous>)
	at g.Y (/home/s4tankoua/.vscode-server/bin/05047486b6df5eb8d44b2ecd70ea3bdf775fd937/out/vs/workbench/api/node/extensionHostProcess.js:156:7795)
	at g.terminate (/home/s4tankoua/.vscode-server/bin/05047486b6df5eb8d44b2ecd70ea3bdf775fd937/out/vs/workbench/api/node/extensionHostProcess.js:156:8068)
	at o.terminate (/home/s4tankoua/.vscode-server/bin/05047486b6df5eb8d44b2ecd70ea3bdf775fd937/out/vs/workbench/api/node/extensionHostProcess.js:160:1513)
	at t (/home/s4tankoua/.vscode-server/bin/05047486b6df5eb8d44b2ecd70ea3bdf775fd937/out/vs/workbench/api/node/extensionHostProcess.js:173:9950)
	at M.a (/home/s4tankoua/.vscode-server/bin/05047486b6df5eb8d44b2ecd70ea3bdf775fd937/out/vs/workbench/api/node/extensionHostProcess.js:173:6743)
	at M.h (/home/s4tankoua/.vscode-server/bin/05047486b6df5eb8d44b2ecd70ea3bdf775fd937/out/vs/workbench/api/node/extensionHostProcess.js:97:20387)
	at listOnTimeout (node:internal/timers:569:17)
	at process.processTimers (node:internal/timers:512:7) setContext undefined
2024-02-01 20:01:32.375 [error] Canceled: Canceled
	at new f (/home/s4tankoua/.vscode-server/bin/05047486b6df5eb8d44b2ecd70ea3bdf775fd937/out/vs/workbench/api/node/extensionHostProcess.js:140:45069)
	at d.U (/home/s4tankoua/.vscode-server/bin/05047486b6df5eb8d44b2ecd70ea3bdf775fd937/out/vs/workbench/api/node/extensionHostProcess.js:147:5557)
	at T.<computed>.O.charCodeAt.T.<computed> (/home/s4tankoua/.vscode-server/bin/05047486b6df5eb8d44b2ecd70ea3bdf775fd937/out/vs/workbench/api/node/extensionHostProcess.js:147:3008)
	at s.g (/home/s4tankoua/.vscode-server/bin/05047486b6df5eb8d44b2ecd70ea3bdf775fd937/out/vs/workbench/api/node/extensionHostProcess.js:150:174704)
	at s.executeCommand (/home/s4tankoua/.vscode-server/bin/05047486b6df5eb8d44b2ecd70ea3bdf775fd937/out/vs/workbench/api/node/extensionHostProcess.js:150:174142)
	at m.registerCommand.description (/home/s4tankoua/.vscode-server/bin/05047486b6df5eb8d44b2ecd70ea3bdf775fd937/out/vs/workbench/api/node/extensionHostProcess.js:150:173466)
	at s.h (/home/s4tankoua/.vscode-server/bin/05047486b6df5eb8d44b2ecd70ea3bdf775fd937/out/vs/workbench/api/node/extensionHostProcess.js:150:175243)
	at s.g (/home/s4tankoua/.vscode-server/bin/05047486b6df5eb8d44b2ecd70ea3bdf775fd937/out/vs/workbench/api/node/extensionHostProcess.js:150:174235)
	at s.executeCommand (/home/s4tankoua/.vscode-server/bin/05047486b6df5eb8d44b2ecd70ea3bdf775fd937/out/vs/workbench/api/node/extensionHostProcess.js:150:174142)
	at Object.executeCommand (/home/s4tankoua/.vscode-server/bin/05047486b6df5eb8d44b2ecd70ea3bdf775fd937/out/vs/workbench/api/node/extensionHostProcess.js:160:21634)
	at set b [as b] (/home/s4tankoua/.vscode-server/bin/05047486b6df5eb8d44b2ecd70ea3bdf775fd937/extensions/github/dist/extension.js:2:322364)
	at /home/s4tankoua/.vscode-server/bin/05047486b6df5eb8d44b2ecd70ea3bdf775fd937/extensions/github/dist/extension.js:2:323005
	at g.value (/home/s4tankoua/.vscode-server/bin/05047486b6df5eb8d44b2ecd70ea3bdf775fd937/extensions/git/dist/main.js:2:1018251)
	at r.y (/home/s4tankoua/.vscode-server/bin/05047486b6df5eb8d44b2ecd70ea3bdf775fd937/out/vs/workbench/api/node/extensionHostProcess.js:80:1902)
	at r.z (/home/s4tankoua/.vscode-server/bin/05047486b6df5eb8d44b2ecd70ea3bdf775fd937/out/vs/workbench/api/node/extensionHostProcess.js:80:1972)
	at r.fire (/home/s4tankoua/.vscode-server/bin/05047486b6df5eb8d44b2ecd70ea3bdf775fd937/out/vs/workbench/api/node/extensionHostProcess.js:80:2188)
	at Object.m [as dispose] (/home/s4tankoua/.vscode-server/bin/05047486b6df5eb8d44b2ecd70ea3bdf775fd937/extensions/git/dist/main.js:2:943089)
	at /home/s4tankoua/.vscode-server/bin/05047486b6df5eb8d44b2ecd70ea3bdf775fd937/extensions/git/dist/main.js:2:947930
	at Array.forEach (<anonymous>)
	at p.dispose (/home/s4tankoua/.vscode-server/bin/05047486b6df5eb8d44b2ecd70ea3bdf775fd937/extensions/git/dist/main.js:2:947916)
	at c.<anonymous> (/home/s4tankoua/.vscode-server/bin/05047486b6df5eb8d44b2ecd70ea3bdf775fd937/out/vs/workbench/api/node/extensionHostProcess.js:148:3650)
	at c.dispose (/home/s4tankoua/.vscode-server/bin/05047486b6df5eb8d44b2ecd70ea3bdf775fd937/out/vs/workbench/api/node/extensionHostProcess.js:148:3747)
	at c.<anonymous> (/home/s4tankoua/.vscode-server/bin/05047486b6df5eb8d44b2ecd70ea3bdf775fd937/extensions/git/dist/main.js:2:929310)
	at c.dispose (/home/s4tankoua/.vscode-server/bin/05047486b6df5eb8d44b2ecd70ea3bdf775fd937/out/vs/workbench/api/node/extensionHostProcess.js:148:3747)
	at o (/home/s4tankoua/.vscode-server/bin/05047486b6df5eb8d44b2ecd70ea3bdf775fd937/out/vs/workbench/api/node/extensionHostProcess.js:30:754)
	at g.cb (/home/s4tankoua/.vscode-server/bin/05047486b6df5eb8d44b2ecd70ea3bdf775fd937/out/vs/workbench/api/node/extensionHostProcess.js:156:9874)
	at /home/s4tankoua/.vscode-server/bin/05047486b6df5eb8d44b2ecd70ea3bdf775fd937/out/vs/workbench/api/node/extensionHostProcess.js:156:7808
	at Array.map (<anonymous>)
	at g.Y (/home/s4tankoua/.vscode-server/bin/05047486b6df5eb8d44b2ecd70ea3bdf775fd937/out/vs/workbench/api/node/extensionHostProcess.js:156:7795)
	at g.terminate (/home/s4tankoua/.vscode-server/bin/05047486b6df5eb8d44b2ecd70ea3bdf775fd937/out/vs/workbench/api/node/extensionHostProcess.js:156:8068)
	at o.terminate (/home/s4tankoua/.vscode-server/bin/05047486b6df5eb8d44b2ecd70ea3bdf775fd937/out/vs/workbench/api/node/extensionHostProcess.js:160:1513)
	at t (/home/s4tankoua/.vscode-server/bin/05047486b6df5eb8d44b2ecd70ea3bdf775fd937/out/vs/workbench/api/node/extensionHostProcess.js:173:9950)
	at M.a (/home/s4tankoua/.vscode-server/bin/05047486b6df5eb8d44b2ecd70ea3bdf775fd937/out/vs/workbench/api/node/extensionHostProcess.js:173:6743)
	at M.h (/home/s4tankoua/.vscode-server/bin/05047486b6df5eb8d44b2ecd70ea3bdf775fd937/out/vs/workbench/api/node/extensionHostProcess.js:97:20387)
	at listOnTimeout (node:internal/timers:569:17)
	at process.processTimers (node:internal/timers:512:7) setContext undefined
2024-02-01 20:01:32.375 [info] Extension host with pid 448249 exiting with code 0
