2024-01-25 03:44:30.900 [info] Log level: Info
2024-01-25 03:44:30.900 [info] Validating found git in: "git"
2024-01-25 03:44:30.900 [info] Using git "2.34.1" from "git"
2024-01-25 03:44:30.900 [info] > git rev-parse --show-toplevel [2ms]
2024-01-25 03:44:30.900 [info] fatal: not a git repository (or any of the parent directories): .git
2024-01-25 03:44:30.900 [info] > git rev-parse --show-toplevel [24ms]
2024-01-25 03:44:30.900 [info] > git rev-parse --git-dir --git-common-dir [13ms]
2024-01-25 03:44:30.900 [info] Open repository: /home/s4tankoua/espresso/S6-PROJECTS
2024-01-25 03:44:30.929 [info] > git rev-parse --show-toplevel [17ms]
2024-01-25 03:44:30.929 [info] fatal: not a git repository (or any of the parent directories): .git
2024-01-25 03:44:30.930 [info] > git config --get commit.template [24ms]
2024-01-25 03:44:30.989 [info] > git for-each-ref --format=%(refname)%00%(upstream:short)%00%(objectname)%00%(upstream:track)%00%(upstream:remotename)%00%(upstream:remoteref) refs/heads/main refs/remotes/main [43ms]
2024-01-25 03:44:30.990 [info] > git rev-parse --show-toplevel [51ms]
2024-01-25 03:44:30.990 [info] fatal: not a git repository (or any of the parent directories): .git
2024-01-25 03:44:30.997 [warning] ENOENT: no such file or directory, open '/home/s4tankoua/espresso/S6-PROJECTS/.git/refs/remotes/origin/main'
2024-01-25 03:44:31.009 [info] > git rev-parse refs/remotes/origin/main [12ms]
2024-01-25 03:44:31.020 [info] > git rev-parse --show-toplevel [13ms]
2024-01-25 03:44:31.020 [info] fatal: not a git repository (or any of the parent directories): .git
2024-01-25 03:44:31.029 [info] > git status -z -uall [11ms]
2024-01-25 03:44:31.062 [info] > git rev-parse --show-toplevel [35ms]
2024-01-25 03:44:31.062 [info] fatal: not a git repository (or any of the parent directories): .git
2024-01-25 03:44:31.071 [info] > git config --get commit.template [10ms]
2024-01-25 03:44:31.078 [info] > git rev-parse --show-toplevel [9ms]
2024-01-25 03:44:31.078 [info] fatal: not a git repository (or any of the parent directories): .git
2024-01-25 03:44:31.091 [info] > git for-each-ref --format=%(refname)%00%(upstream:short)%00%(objectname)%00%(upstream:track)%00%(upstream:remotename)%00%(upstream:remoteref) refs/heads/main refs/remotes/main [14ms]
2024-01-25 03:44:31.094 [info] > git rev-parse --show-toplevel [3ms]
2024-01-25 03:44:31.094 [info] fatal: not a git repository (or any of the parent directories): .git
2024-01-25 03:44:31.101 [warning] ENOENT: no such file or directory, open '/home/s4tankoua/espresso/S6-PROJECTS/.git/refs/remotes/origin/main'
2024-01-25 03:44:31.102 [info] > git rev-parse refs/remotes/origin/main [1ms]
2024-01-25 03:44:31.113 [info] > git status -z -uall [2ms]
2024-01-25 03:44:31.326 [info] > git fetch [432ms]
2024-01-25 03:44:31.326 [info] From https://github.com/DEL-ORG/S6-PROJECTS
   ef34fb0..d07782d  main       -> origin/main
 * [new branch]      s5emile    -> origin/s5emile
2024-01-25 03:44:31.351 [info] > git config --get commit.template [11ms]
2024-01-25 03:44:31.353 [info] > git for-each-ref --format=%(refname)%00%(upstream:short)%00%(objectname)%00%(upstream:track)%00%(upstream:remotename)%00%(upstream:remoteref) refs/heads/main refs/remotes/main [4ms]
2024-01-25 03:44:31.372 [info] > git status -z -uall [9ms]
2024-01-25 03:44:31.576 [info] > git check-ignore -v -z --stdin [3ms]
2024-01-25 03:44:32.861 [info] > git config --get commit.template [9ms]
2024-01-25 03:44:32.861 [info] > git for-each-ref --format=%(refname)%00%(upstream:short)%00%(objectname)%00%(upstream:track)%00%(upstream:remotename)%00%(upstream:remoteref) refs/heads/main refs/remotes/main [1ms]
2024-01-25 03:44:32.873 [info] > git status -z -uall [4ms]
2024-01-25 03:47:31.546 [info] > git fetch [147ms]
2024-01-25 03:47:31.561 [info] > git config --get commit.template [6ms]
2024-01-25 03:47:31.561 [info] > git for-each-ref --format=%(refname)%00%(upstream:short)%00%(objectname)%00%(upstream:track)%00%(upstream:remotename)%00%(upstream:remoteref) refs/heads/main refs/remotes/main [2ms]
2024-01-25 03:47:31.573 [info] > git status -z -uall [4ms]
2024-01-25 03:47:32.738 [info] > git config --get commit.template [7ms]
2024-01-25 03:47:32.738 [info] > git for-each-ref --format=%(refname)%00%(upstream:short)%00%(objectname)%00%(upstream:track)%00%(upstream:remotename)%00%(upstream:remoteref) refs/heads/main refs/remotes/main [2ms]
2024-01-25 03:47:32.749 [info] > git status -z -uall [5ms]
2024-01-25 03:50:46.041 [info] > git fetch [156ms]
2024-01-25 03:50:46.061 [info] > git config --get commit.template [9ms]
2024-01-25 03:50:46.061 [info] > git for-each-ref --format=%(refname)%00%(upstream:short)%00%(objectname)%00%(upstream:track)%00%(upstream:remotename)%00%(upstream:remoteref) refs/heads/main refs/remotes/main [4ms]
2024-01-25 03:50:46.073 [info] > git status -z -uall [4ms]
2024-01-25 03:50:47.236 [info] > git config --get commit.template [2ms]
2024-01-25 03:50:47.249 [info] > git for-each-ref --format=%(refname)%00%(upstream:short)%00%(objectname)%00%(upstream:track)%00%(upstream:remotename)%00%(upstream:remoteref) refs/heads/main refs/remotes/main [4ms]
2024-01-25 03:50:47.265 [info] > git status -z -uall [4ms]
2024-01-25 03:55:05.200 [info] > git fetch [156ms]
2024-01-25 03:55:05.219 [info] > git config --get commit.template [10ms]
2024-01-25 03:55:05.220 [info] > git for-each-ref --format=%(refname)%00%(upstream:short)%00%(objectname)%00%(upstream:track)%00%(upstream:remotename)%00%(upstream:remoteref) refs/heads/main refs/remotes/main [3ms]
2024-01-25 03:55:05.234 [info] > git status -z -uall [6ms]
2024-01-25 03:55:06.392 [info] > git config --get commit.template [7ms]
2024-01-25 03:55:06.394 [info] > git for-each-ref --format=%(refname)%00%(upstream:short)%00%(objectname)%00%(upstream:track)%00%(upstream:remotename)%00%(upstream:remoteref) refs/heads/main refs/remotes/main [2ms]
2024-01-25 03:55:06.404 [info] > git status -z -uall [4ms]
2024-01-25 03:58:05.413 [info] > git fetch [165ms]
2024-01-25 03:58:05.430 [info] > git config --get commit.template [7ms]
2024-01-25 03:58:05.431 [info] > git for-each-ref --format=%(refname)%00%(upstream:short)%00%(objectname)%00%(upstream:track)%00%(upstream:remotename)%00%(upstream:remoteref) refs/heads/main refs/remotes/main [3ms]
2024-01-25 03:58:05.446 [info] > git status -z -uall [5ms]
2024-01-25 03:58:06.608 [info] > git config --get commit.template [7ms]
2024-01-25 03:58:06.609 [info] > git for-each-ref --format=%(refname)%00%(upstream:short)%00%(objectname)%00%(upstream:track)%00%(upstream:remotename)%00%(upstream:remoteref) refs/heads/main refs/remotes/main [2ms]
2024-01-25 03:58:06.622 [info] > git status -z -uall [4ms]
2024-01-25 04:01:05.626 [info] > git fetch [164ms]
2024-01-25 04:01:05.642 [info] > git config --get commit.template [7ms]
2024-01-25 04:01:05.643 [info] > git for-each-ref --format=%(refname)%00%(upstream:short)%00%(objectname)%00%(upstream:track)%00%(upstream:remotename)%00%(upstream:remoteref) refs/heads/main refs/remotes/main [2ms]
2024-01-25 04:01:05.653 [info] > git status -z -uall [3ms]
2024-01-25 04:01:06.817 [info] > git config --get commit.template [8ms]
2024-01-25 04:01:06.818 [info] > git for-each-ref --format=%(refname)%00%(upstream:short)%00%(objectname)%00%(upstream:track)%00%(upstream:remotename)%00%(upstream:remoteref) refs/heads/main refs/remotes/main [2ms]
2024-01-25 04:01:06.829 [info] > git status -z -uall [4ms]
2024-01-25 04:04:05.831 [info] > git fetch [156ms]
2024-01-25 04:04:05.847 [info] > git config --get commit.template [8ms]
2024-01-25 04:04:05.848 [info] > git for-each-ref --format=%(refname)%00%(upstream:short)%00%(objectname)%00%(upstream:track)%00%(upstream:remotename)%00%(upstream:remoteref) refs/heads/main refs/remotes/main [1ms]
2024-01-25 04:04:05.860 [info] > git status -z -uall [5ms]
2024-01-25 04:04:07.030 [info] > git config --get commit.template [7ms]
2024-01-25 04:04:07.031 [info] > git for-each-ref --format=%(refname)%00%(upstream:short)%00%(objectname)%00%(upstream:track)%00%(upstream:remotename)%00%(upstream:remoteref) refs/heads/main refs/remotes/main [3ms]
2024-01-25 04:04:07.045 [info] > git status -z -uall [6ms]
2024-01-25 04:07:06.041 [info] > git fetch [165ms]
2024-01-25 04:07:06.057 [info] > git config --get commit.template [7ms]
2024-01-25 04:07:06.059 [info] > git for-each-ref --format=%(refname)%00%(upstream:short)%00%(objectname)%00%(upstream:track)%00%(upstream:remotename)%00%(upstream:remoteref) refs/heads/main refs/remotes/main [2ms]
2024-01-25 04:07:06.074 [info] > git status -z -uall [4ms]
2024-01-25 04:07:07.239 [info] > git config --get commit.template [11ms]
2024-01-25 04:07:07.241 [info] > git for-each-ref --format=%(refname)%00%(upstream:short)%00%(objectname)%00%(upstream:track)%00%(upstream:remotename)%00%(upstream:remoteref) refs/heads/main refs/remotes/main [3ms]
2024-01-25 04:07:07.253 [info] > git status -z -uall [4ms]
2024-01-25 04:10:06.241 [info] > git fetch [150ms]
2024-01-25 04:10:06.255 [info] > git config --get commit.template [6ms]
2024-01-25 04:10:06.256 [info] > git for-each-ref --format=%(refname)%00%(upstream:short)%00%(objectname)%00%(upstream:track)%00%(upstream:remotename)%00%(upstream:remoteref) refs/heads/main refs/remotes/main [2ms]
2024-01-25 04:10:06.267 [info] > git status -z -uall [5ms]
2024-01-25 04:10:07.421 [info] > git config --get commit.template [7ms]
2024-01-25 04:10:07.421 [info] > git for-each-ref --format=%(refname)%00%(upstream:short)%00%(objectname)%00%(upstream:track)%00%(upstream:remotename)%00%(upstream:remoteref) refs/heads/main refs/remotes/main [1ms]
2024-01-25 04:10:07.431 [info] > git status -z -uall [5ms]
2024-01-25 04:11:01.012 [info] > git config --get commit.template [7ms]
2024-01-25 04:11:01.013 [info] > git for-each-ref --format=%(refname)%00%(upstream:short)%00%(objectname)%00%(upstream:track)%00%(upstream:remotename)%00%(upstream:remoteref) refs/heads/main refs/remotes/main [2ms]
2024-01-25 04:11:01.023 [info] > git status -z -uall [3ms]
2024-01-25 04:13:06.449 [info] > git fetch [169ms]
2024-01-25 04:13:06.462 [info] > git config --get commit.template [6ms]
2024-01-25 04:13:06.463 [info] > git for-each-ref --format=%(refname)%00%(upstream:short)%00%(objectname)%00%(upstream:track)%00%(upstream:remotename)%00%(upstream:remoteref) refs/heads/main refs/remotes/main [2ms]
2024-01-25 04:13:06.473 [info] > git status -z -uall [3ms]
2024-01-25 04:13:08.459 [info] > git config --get commit.template [8ms]
2024-01-25 04:13:08.460 [info] > git for-each-ref --format=%(refname)%00%(upstream:short)%00%(objectname)%00%(upstream:track)%00%(upstream:remotename)%00%(upstream:remoteref) refs/heads/main refs/remotes/main [2ms]
2024-01-25 04:13:08.474 [info] > git status -z -uall [4ms]
2024-01-25 04:16:06.652 [info] > git fetch [162ms]
2024-01-25 04:16:06.667 [info] > git config --get commit.template [6ms]
2024-01-25 04:16:06.668 [info] > git for-each-ref --format=%(refname)%00%(upstream:short)%00%(objectname)%00%(upstream:track)%00%(upstream:remotename)%00%(upstream:remoteref) refs/heads/main refs/remotes/main [2ms]
2024-01-25 04:16:06.679 [info] > git status -z -uall [3ms]
2024-01-25 04:16:07.834 [info] > git config --get commit.template [7ms]
2024-01-25 04:16:07.834 [info] > git for-each-ref --format=%(refname)%00%(upstream:short)%00%(objectname)%00%(upstream:track)%00%(upstream:remotename)%00%(upstream:remoteref) refs/heads/main refs/remotes/main [1ms]
2024-01-25 04:16:07.845 [info] > git status -z -uall [4ms]
2024-01-25 04:19:06.864 [info] > git fetch [170ms]
2024-01-25 04:19:06.883 [info] > git config --get commit.template [10ms]
2024-01-25 04:19:06.884 [info] > git for-each-ref --format=%(refname)%00%(upstream:short)%00%(objectname)%00%(upstream:track)%00%(upstream:remotename)%00%(upstream:remoteref) refs/heads/main refs/remotes/main [2ms]
2024-01-25 04:19:06.896 [info] > git status -z -uall [5ms]
2024-01-25 04:19:08.052 [info] > git config --get commit.template [8ms]
2024-01-25 04:19:08.055 [info] > git for-each-ref --format=%(refname)%00%(upstream:short)%00%(objectname)%00%(upstream:track)%00%(upstream:remotename)%00%(upstream:remoteref) refs/heads/main refs/remotes/main [4ms]
2024-01-25 04:19:08.068 [info] > git status -z -uall [6ms]
2024-01-25 04:22:07.069 [info] > git fetch [153ms]
2024-01-25 04:22:07.085 [info] > git config --get commit.template [8ms]
2024-01-25 04:22:07.086 [info] > git for-each-ref --format=%(refname)%00%(upstream:short)%00%(objectname)%00%(upstream:track)%00%(upstream:remotename)%00%(upstream:remoteref) refs/heads/main refs/remotes/main [2ms]
2024-01-25 04:22:07.100 [info] > git status -z -uall [5ms]
2024-01-25 04:22:08.257 [info] > git config --get commit.template [7ms]
2024-01-25 04:22:08.258 [info] > git for-each-ref --format=%(refname)%00%(upstream:short)%00%(objectname)%00%(upstream:track)%00%(upstream:remotename)%00%(upstream:remoteref) refs/heads/main refs/remotes/main [2ms]
2024-01-25 04:22:08.271 [info] > git status -z -uall [4ms]
2024-01-25 04:25:07.299 [info] > git fetch [178ms]
2024-01-25 04:25:07.316 [info] > git config --get commit.template [9ms]
2024-01-25 04:25:07.317 [info] > git for-each-ref --format=%(refname)%00%(upstream:short)%00%(objectname)%00%(upstream:track)%00%(upstream:remotename)%00%(upstream:remoteref) refs/heads/main refs/remotes/main [2ms]
2024-01-25 04:25:07.327 [info] > git status -z -uall [4ms]
2024-01-25 04:25:08.477 [info] > git config --get commit.template [8ms]
2024-01-25 04:25:08.478 [info] > git for-each-ref --format=%(refname)%00%(upstream:short)%00%(objectname)%00%(upstream:track)%00%(upstream:remotename)%00%(upstream:remoteref) refs/heads/main refs/remotes/main [2ms]
2024-01-25 04:25:08.489 [info] > git status -z -uall [4ms]
2024-01-25 04:27:19.443 [info] > git config --get commit.template [12ms]
2024-01-25 04:27:19.445 [info] > git for-each-ref --format=%(refname)%00%(upstream:short)%00%(objectname)%00%(upstream:track)%00%(upstream:remotename)%00%(upstream:remoteref) refs/heads/main refs/remotes/main [3ms]
2024-01-25 04:27:19.457 [info] > git status -z -uall [5ms]
2024-01-25 04:28:09.548 [info] > git fetch [161ms]
2024-01-25 04:28:09.566 [info] > git config --get commit.template [9ms]
2024-01-25 04:28:09.568 [info] > git for-each-ref --format=%(refname)%00%(upstream:short)%00%(objectname)%00%(upstream:track)%00%(upstream:remotename)%00%(upstream:remoteref) refs/heads/main refs/remotes/main [3ms]
2024-01-25 04:28:09.580 [info] > git status -z -uall [3ms]
2024-01-25 04:28:10.758 [info] > git config --get commit.template [8ms]
2024-01-25 04:28:10.760 [info] > git for-each-ref --format=%(refname)%00%(upstream:short)%00%(objectname)%00%(upstream:track)%00%(upstream:remotename)%00%(upstream:remoteref) refs/heads/main refs/remotes/main [2ms]
2024-01-25 04:28:10.773 [info] > git status -z -uall [5ms]
2024-01-25 04:31:09.751 [info] > git fetch [154ms]
2024-01-25 04:31:09.768 [info] > git config --get commit.template [9ms]
2024-01-25 04:31:09.769 [info] > git for-each-ref --format=%(refname)%00%(upstream:short)%00%(objectname)%00%(upstream:track)%00%(upstream:remotename)%00%(upstream:remoteref) refs/heads/main refs/remotes/main [2ms]
2024-01-25 04:31:09.780 [info] > git status -z -uall [4ms]
2024-01-25 04:31:10.949 [info] > git config --get commit.template [9ms]
2024-01-25 04:31:10.951 [info] > git for-each-ref --format=%(refname)%00%(upstream:short)%00%(objectname)%00%(upstream:track)%00%(upstream:remotename)%00%(upstream:remoteref) refs/heads/main refs/remotes/main [2ms]
2024-01-25 04:31:10.962 [info] > git status -z -uall [4ms]
2024-01-25 04:34:09.942 [info] > git fetch [144ms]
2024-01-25 04:34:09.957 [info] > git config --get commit.template [7ms]
2024-01-25 04:34:09.958 [info] > git for-each-ref --format=%(refname)%00%(upstream:short)%00%(objectname)%00%(upstream:track)%00%(upstream:remotename)%00%(upstream:remoteref) refs/heads/main refs/remotes/main [2ms]
2024-01-25 04:34:09.968 [info] > git status -z -uall [4ms]
2024-01-25 04:34:11.123 [info] > git config --get commit.template [7ms]
2024-01-25 04:34:11.123 [info] > git for-each-ref --format=%(refname)%00%(upstream:short)%00%(objectname)%00%(upstream:track)%00%(upstream:remotename)%00%(upstream:remoteref) refs/heads/main refs/remotes/main [1ms]
2024-01-25 04:34:11.133 [info] > git status -z -uall [4ms]
2024-01-25 04:40:38.045 [info] > git fetch [159ms]
2024-01-25 04:40:38.063 [info] > git config --get commit.template [8ms]
2024-01-25 04:40:38.064 [info] > git for-each-ref --format=%(refname)%00%(upstream:short)%00%(objectname)%00%(upstream:track)%00%(upstream:remotename)%00%(upstream:remoteref) refs/heads/main refs/remotes/main [3ms]
2024-01-25 04:40:38.076 [info] > git status -z -uall [5ms]
2024-01-25 04:40:39.242 [info] > git config --get commit.template [11ms]
2024-01-25 04:40:39.243 [info] > git for-each-ref --format=%(refname)%00%(upstream:short)%00%(objectname)%00%(upstream:track)%00%(upstream:remotename)%00%(upstream:remoteref) refs/heads/main refs/remotes/main [3ms]
2024-01-25 04:40:39.255 [info] > git status -z -uall [4ms]
2024-01-25 04:43:38.242 [info] > git fetch [150ms]
2024-01-25 04:43:38.259 [info] > git config --get commit.template [7ms]
2024-01-25 04:43:38.260 [info] > git for-each-ref --format=%(refname)%00%(upstream:short)%00%(objectname)%00%(upstream:track)%00%(upstream:remotename)%00%(upstream:remoteref) refs/heads/main refs/remotes/main [2ms]
2024-01-25 04:43:38.269 [info] > git status -z -uall [4ms]
2024-01-25 04:43:39.421 [info] > git config --get commit.template [7ms]
2024-01-25 04:43:39.423 [info] > git for-each-ref --format=%(refname)%00%(upstream:short)%00%(objectname)%00%(upstream:track)%00%(upstream:remotename)%00%(upstream:remoteref) refs/heads/main refs/remotes/main [3ms]
2024-01-25 04:43:39.432 [info] > git status -z -uall [4ms]
2024-01-25 04:46:38.446 [info] > git fetch [161ms]
2024-01-25 04:46:38.461 [info] > git config --get commit.template [7ms]
2024-01-25 04:46:38.463 [info] > git for-each-ref --format=%(refname)%00%(upstream:short)%00%(objectname)%00%(upstream:track)%00%(upstream:remotename)%00%(upstream:remoteref) refs/heads/main refs/remotes/main [3ms]
2024-01-25 04:46:38.474 [info] > git status -z -uall [4ms]
2024-01-25 04:46:39.627 [info] > git config --get commit.template [7ms]
2024-01-25 04:46:39.630 [info] > git for-each-ref --format=%(refname)%00%(upstream:short)%00%(objectname)%00%(upstream:track)%00%(upstream:remotename)%00%(upstream:remoteref) refs/heads/main refs/remotes/main [4ms]
2024-01-25 04:46:39.641 [info] > git status -z -uall [4ms]
2024-01-25 04:48:31.572 [info] > git rev-parse --show-toplevel [16ms]
2024-01-25 04:48:31.572 [info] fatal: not a git repository (or any of the parent directories): .git
2024-01-25 04:49:38.643 [info] > git fetch [155ms]
2024-01-25 04:49:38.659 [info] > git config --get commit.template [7ms]
2024-01-25 04:49:38.660 [info] > git for-each-ref --format=%(refname)%00%(upstream:short)%00%(objectname)%00%(upstream:track)%00%(upstream:remotename)%00%(upstream:remoteref) refs/heads/main refs/remotes/main [2ms]
2024-01-25 04:49:38.671 [info] > git status -z -uall [4ms]
2024-01-25 04:49:39.828 [info] > git config --get commit.template [10ms]
2024-01-25 04:49:39.829 [info] > git for-each-ref --format=%(refname)%00%(upstream:short)%00%(objectname)%00%(upstream:track)%00%(upstream:remotename)%00%(upstream:remoteref) refs/heads/main refs/remotes/main [3ms]
2024-01-25 04:49:39.840 [info] > git status -z -uall [4ms]
2024-01-25 04:50:59.267 [info] > git rev-parse --show-toplevel [2ms]
2024-01-25 04:50:59.267 [info] fatal: not a git repository (or any of the parent directories): .git
2024-01-25 04:51:37.360 [info] > git rev-parse --show-toplevel [2ms]
2024-01-25 04:51:37.360 [info] fatal: not a git repository (or any of the parent directories): .git
2024-01-25 04:52:18.174 [info] > git rev-parse --show-toplevel [3ms]
2024-01-25 04:52:18.174 [info] fatal: not a git repository (or any of the parent directories): .git
2024-01-25 04:52:37.884 [info] > git rev-parse --show-toplevel [3ms]
2024-01-25 04:52:37.884 [info] fatal: not a git repository (or any of the parent directories): .git
2024-01-25 04:52:38.837 [info] > git fetch [150ms]
2024-01-25 04:52:38.851 [info] > git config --get commit.template [1ms]
2024-01-25 04:52:38.864 [info] > git for-each-ref --format=%(refname)%00%(upstream:short)%00%(objectname)%00%(upstream:track)%00%(upstream:remotename)%00%(upstream:remoteref) refs/heads/main refs/remotes/main [2ms]
2024-01-25 04:52:38.880 [info] > git status -z -uall [4ms]
2024-01-25 04:52:40.028 [info] > git config --get commit.template [7ms]
2024-01-25 04:52:40.029 [info] > git for-each-ref --format=%(refname)%00%(upstream:short)%00%(objectname)%00%(upstream:track)%00%(upstream:remotename)%00%(upstream:remoteref) refs/heads/main refs/remotes/main [2ms]
2024-01-25 04:52:40.040 [info] > git status -z -uall [4ms]
2024-01-25 04:55:39.044 [info] > git fetch [148ms]
2024-01-25 04:55:39.061 [info] > git config --get commit.template [7ms]
2024-01-25 04:55:39.062 [info] > git for-each-ref --format=%(refname)%00%(upstream:short)%00%(objectname)%00%(upstream:track)%00%(upstream:remotename)%00%(upstream:remoteref) refs/heads/main refs/remotes/main [3ms]
2024-01-25 04:55:39.075 [info] > git status -z -uall [5ms]
2024-01-25 04:55:40.233 [info] > git config --get commit.template [10ms]
2024-01-25 04:55:40.234 [info] > git for-each-ref --format=%(refname)%00%(upstream:short)%00%(objectname)%00%(upstream:track)%00%(upstream:remotename)%00%(upstream:remoteref) refs/heads/main refs/remotes/main [2ms]
2024-01-25 04:55:40.246 [info] > git status -z -uall [5ms]
2024-01-25 04:56:29.562 [info] > git rev-parse --show-toplevel [2ms]
2024-01-25 04:56:29.562 [info] fatal: not a git repository (or any of the parent directories): .git
2024-01-25 04:58:39.242 [info] > git fetch [154ms]
2024-01-25 04:58:39.257 [info] > git config --get commit.template [6ms]
2024-01-25 04:58:39.258 [info] > git for-each-ref --format=%(refname)%00%(upstream:short)%00%(objectname)%00%(upstream:track)%00%(upstream:remotename)%00%(upstream:remoteref) refs/heads/main refs/remotes/main [2ms]
2024-01-25 04:58:39.269 [info] > git status -z -uall [4ms]
2024-01-25 04:58:40.423 [info] > git config --get commit.template [8ms]
2024-01-25 04:58:40.425 [info] > git for-each-ref --format=%(refname)%00%(upstream:short)%00%(objectname)%00%(upstream:track)%00%(upstream:remotename)%00%(upstream:remoteref) refs/heads/main refs/remotes/main [2ms]
2024-01-25 04:58:40.435 [info] > git status -z -uall [4ms]
2024-01-25 05:02:42.233 [info] > git fetch [162ms]
2024-01-25 05:02:42.249 [info] > git config --get commit.template [7ms]
2024-01-25 05:02:42.250 [info] > git for-each-ref --format=%(refname)%00%(upstream:short)%00%(objectname)%00%(upstream:track)%00%(upstream:remotename)%00%(upstream:remoteref) refs/heads/main refs/remotes/main [1ms]
2024-01-25 05:02:42.259 [info] > git status -z -uall [3ms]
2024-01-25 05:02:43.446 [info] > git config --get commit.template [7ms]
2024-01-25 05:02:43.447 [info] > git for-each-ref --format=%(refname)%00%(upstream:short)%00%(objectname)%00%(upstream:track)%00%(upstream:remotename)%00%(upstream:remoteref) refs/heads/main refs/remotes/main [2ms]
2024-01-25 05:02:43.459 [info] > git status -z -uall [4ms]
2024-01-25 05:05:42.436 [info] > git fetch [159ms]
2024-01-25 05:05:42.445 [info] > git config --get commit.template [1ms]
2024-01-25 05:05:42.453 [info] > git for-each-ref --format=%(refname)%00%(upstream:short)%00%(objectname)%00%(upstream:track)%00%(upstream:remotename)%00%(upstream:remoteref) refs/heads/main refs/remotes/main [1ms]
2024-01-25 05:05:42.462 [info] > git status -z -uall [4ms]
2024-01-25 05:05:43.648 [info] > git config --get commit.template [8ms]
2024-01-25 05:05:43.648 [info] > git for-each-ref --format=%(refname)%00%(upstream:short)%00%(objectname)%00%(upstream:track)%00%(upstream:remotename)%00%(upstream:remoteref) refs/heads/main refs/remotes/main [1ms]
2024-01-25 05:05:43.659 [info] > git status -z -uall [4ms]
