2024-01-16 21:47:05.381 [info] Log level: Info
2024-01-16 21:47:05.381 [info] Validating found git in: "git"
2024-01-16 21:47:05.381 [info] Using git "2.34.1" from "git"
2024-01-16 21:47:05.381 [info] > git rev-parse --show-toplevel [2ms]
2024-01-16 21:47:05.381 [info] > git rev-parse --git-dir --git-common-dir [2ms]
2024-01-16 21:47:05.381 [info] Open repository: /home/s4tankoua/S6-PROJECTS
2024-01-16 21:47:05.381 [info] > git rev-parse --show-toplevel [43ms]
2024-01-16 21:47:05.381 [info] > git config --get commit.template [84ms]
2024-01-16 21:47:05.381 [info] > git for-each-ref --format=%(refname)%00%(upstream:short)%00%(objectname)%00%(upstream:track)%00%(upstream:remotename)%00%(upstream:remoteref) refs/heads/main refs/remotes/main [65ms]
2024-01-16 21:47:05.381 [warning] ENOENT: no such file or directory, open '/home/s4tankoua/S6-PROJECTS/.git/refs/remotes/origin/main'
2024-01-16 21:47:05.381 [info] > git fetch [292ms]
2024-01-16 21:47:05.381 [info] > git rev-parse refs/remotes/origin/main [59ms]
2024-01-16 21:47:05.381 [info] > git config --get commit.template [9ms]
2024-01-16 21:47:05.382 [info] > git config --get commit.template [5ms]
2024-01-16 21:47:05.399 [info] > git for-each-ref --format=%(refname)%00%(upstream:short)%00%(objectname)%00%(upstream:track)%00%(upstream:remotename)%00%(upstream:remoteref) refs/heads/main refs/remotes/main [9ms]
2024-01-16 21:47:05.400 [info] > git for-each-ref --format=%(refname)%00%(upstream:short)%00%(objectname)%00%(upstream:track)%00%(upstream:remotename)%00%(upstream:remoteref) refs/heads/main refs/remotes/main [5ms]
2024-01-16 21:47:05.406 [warning] ENOENT: no such file or directory, open '/home/s4tankoua/S6-PROJECTS/.git/refs/remotes/origin/main'
2024-01-16 21:47:05.411 [warning] ENOENT: no such file or directory, open '/home/s4tankoua/S6-PROJECTS/.git/refs/remotes/origin/main'
2024-01-16 21:47:05.413 [info] > git rev-parse refs/remotes/origin/main [6ms]
2024-01-16 21:47:05.415 [info] > git rev-parse refs/remotes/origin/main [4ms]
2024-01-16 21:47:05.462 [info] > git status -z -uall [41ms]
2024-01-16 21:47:05.899 [info] > git check-ignore -v -z --stdin [4ms]
2024-01-16 21:47:06.634 [info] > git config --get commit.template [6ms]
2024-01-16 21:47:06.634 [info] > git for-each-ref --format=%(refname)%00%(upstream:short)%00%(objectname)%00%(upstream:track)%00%(upstream:remotename)%00%(upstream:remoteref) refs/heads/main refs/remotes/main [2ms]
2024-01-16 21:47:06.639 [warning] ENOENT: no such file or directory, open '/home/s4tankoua/S6-PROJECTS/.git/refs/remotes/origin/main'
2024-01-16 21:47:06.641 [info] > git rev-parse refs/remotes/origin/main [2ms]
2024-01-16 21:47:06.679 [info] > git status -z -uall [33ms]
2024-01-16 21:47:10.151 [info] > git check-ignore -v -z --stdin [2ms]
2024-01-16 21:47:13.502 [info] > git check-ignore -v -z --stdin [1ms]
2024-01-16 21:47:17.317 [info] > git check-ignore -v -z --stdin [1ms]
2024-01-16 21:47:20.320 [info] > git check-ignore -v -z --stdin [2ms]
2024-01-16 21:47:23.870 [info] > git check-ignore -v -z --stdin [2ms]
2024-01-16 21:58:05.703 [info] > git fetch [166ms]
2024-01-16 21:58:05.718 [info] > git config --get commit.template [7ms]
2024-01-16 21:58:05.719 [info] > git for-each-ref --format=%(refname)%00%(upstream:short)%00%(objectname)%00%(upstream:track)%00%(upstream:remotename)%00%(upstream:remoteref) refs/heads/main refs/remotes/main [3ms]
2024-01-16 21:58:05.730 [warning] ENOENT: no such file or directory, open '/home/s4tankoua/S6-PROJECTS/.git/refs/remotes/origin/main'
2024-01-16 21:58:05.731 [info] > git rev-parse refs/remotes/origin/main [1ms]
2024-01-16 21:58:05.777 [info] > git status -z -uall [38ms]
2024-01-16 21:58:06.884 [info] > git config --get commit.template [7ms]
2024-01-16 21:58:06.885 [info] > git for-each-ref --format=%(refname)%00%(upstream:short)%00%(objectname)%00%(upstream:track)%00%(upstream:remotename)%00%(upstream:remoteref) refs/heads/main refs/remotes/main [3ms]
2024-01-16 21:58:06.891 [warning] ENOENT: no such file or directory, open '/home/s4tankoua/S6-PROJECTS/.git/refs/remotes/origin/main'
2024-01-16 21:58:06.893 [info] > git rev-parse refs/remotes/origin/main [2ms]
2024-01-16 21:58:06.934 [info] > git status -z -uall [35ms]
2024-01-16 22:01:05.966 [info] > git fetch [178ms]
2024-01-16 22:01:05.981 [info] > git config --get commit.template [6ms]
2024-01-16 22:01:05.981 [info] > git for-each-ref --format=%(refname)%00%(upstream:short)%00%(objectname)%00%(upstream:track)%00%(upstream:remotename)%00%(upstream:remoteref) refs/heads/main refs/remotes/main [1ms]
2024-01-16 22:01:05.986 [warning] ENOENT: no such file or directory, open '/home/s4tankoua/S6-PROJECTS/.git/refs/remotes/origin/main'
2024-01-16 22:01:05.987 [info] > git rev-parse refs/remotes/origin/main [1ms]
2024-01-16 22:01:06.026 [info] > git status -z -uall [34ms]
2024-01-16 22:01:07.145 [info] > git config --get commit.template [6ms]
2024-01-16 22:01:07.146 [info] > git for-each-ref --format=%(refname)%00%(upstream:short)%00%(objectname)%00%(upstream:track)%00%(upstream:remotename)%00%(upstream:remoteref) refs/heads/main refs/remotes/main [2ms]
2024-01-16 22:01:07.152 [warning] ENOENT: no such file or directory, open '/home/s4tankoua/S6-PROJECTS/.git/refs/remotes/origin/main'
2024-01-16 22:01:07.153 [info] > git rev-parse refs/remotes/origin/main [1ms]
2024-01-16 22:01:07.191 [info] > git status -z -uall [32ms]
2024-01-16 22:12:16.029 [info] > git fetch [205ms]
2024-01-16 22:12:16.044 [info] > git config --get commit.template [7ms]
2024-01-16 22:12:16.045 [info] > git for-each-ref --format=%(refname)%00%(upstream:short)%00%(objectname)%00%(upstream:track)%00%(upstream:remotename)%00%(upstream:remoteref) refs/heads/main refs/remotes/main [3ms]
2024-01-16 22:12:16.051 [warning] ENOENT: no such file or directory, open '/home/s4tankoua/S6-PROJECTS/.git/refs/remotes/origin/main'
2024-01-16 22:12:16.052 [info] > git rev-parse refs/remotes/origin/main [1ms]
2024-01-16 22:12:16.098 [info] > git status -z -uall [40ms]
2024-01-16 22:12:17.221 [info] > git config --get commit.template [8ms]
2024-01-16 22:12:17.222 [info] > git for-each-ref --format=%(refname)%00%(upstream:short)%00%(objectname)%00%(upstream:track)%00%(upstream:remotename)%00%(upstream:remoteref) refs/heads/main refs/remotes/main [2ms]
2024-01-16 22:12:17.229 [warning] ENOENT: no such file or directory, open '/home/s4tankoua/S6-PROJECTS/.git/refs/remotes/origin/main'
2024-01-16 22:12:17.229 [info] > git rev-parse refs/remotes/origin/main [2ms]
2024-01-16 22:12:17.269 [info] > git status -z -uall [34ms]
2024-01-16 22:15:16.287 [info] > git fetch [175ms]
2024-01-16 22:15:16.303 [info] > git config --get commit.template [7ms]
2024-01-16 22:15:16.304 [info] > git for-each-ref --format=%(refname)%00%(upstream:short)%00%(objectname)%00%(upstream:track)%00%(upstream:remotename)%00%(upstream:remoteref) refs/heads/main refs/remotes/main [2ms]
2024-01-16 22:15:16.311 [warning] ENOENT: no such file or directory, open '/home/s4tankoua/S6-PROJECTS/.git/refs/remotes/origin/main'
2024-01-16 22:15:16.312 [info] > git rev-parse refs/remotes/origin/main [1ms]
2024-01-16 22:15:16.363 [info] > git status -z -uall [44ms]
2024-01-16 22:15:17.473 [info] > git config --get commit.template [6ms]
2024-01-16 22:15:17.473 [info] > git for-each-ref --format=%(refname)%00%(upstream:short)%00%(objectname)%00%(upstream:track)%00%(upstream:remotename)%00%(upstream:remoteref) refs/heads/main refs/remotes/main [1ms]
2024-01-16 22:15:17.483 [warning] ENOENT: no such file or directory, open '/home/s4tankoua/S6-PROJECTS/.git/refs/remotes/origin/main'
2024-01-16 22:15:17.485 [info] > git rev-parse refs/remotes/origin/main [1ms]
2024-01-16 22:15:17.529 [info] > git status -z -uall [36ms]
2024-01-16 22:18:58.519 [info] > git fetch [181ms]
2024-01-16 22:18:58.533 [info] > git config --get commit.template [7ms]
2024-01-16 22:18:58.534 [info] > git for-each-ref --format=%(refname)%00%(upstream:short)%00%(objectname)%00%(upstream:track)%00%(upstream:remotename)%00%(upstream:remoteref) refs/heads/main refs/remotes/main [2ms]
2024-01-16 22:18:58.540 [warning] ENOENT: no such file or directory, open '/home/s4tankoua/S6-PROJECTS/.git/refs/remotes/origin/main'
2024-01-16 22:18:58.541 [info] > git rev-parse refs/remotes/origin/main [1ms]
2024-01-16 22:18:58.580 [info] > git status -z -uall [32ms]
2024-01-16 22:32:20.714 [info] > git config --get commit.template [9ms]
2024-01-16 22:32:20.715 [info] > git for-each-ref --format=%(refname)%00%(upstream:short)%00%(objectname)%00%(upstream:track)%00%(upstream:remotename)%00%(upstream:remoteref) refs/heads/main refs/remotes/main [2ms]
2024-01-16 22:32:20.724 [warning] ENOENT: no such file or directory, open '/home/s4tankoua/S6-PROJECTS/.git/refs/remotes/origin/main'
2024-01-16 22:32:20.725 [info] > git rev-parse refs/remotes/origin/main [2ms]
2024-01-16 22:32:20.765 [info] > git status -z -uall [34ms]
2024-01-16 22:32:20.863 [info] > git fetch [165ms]
2024-01-16 22:32:20.877 [info] > git config --get commit.template [6ms]
2024-01-16 22:32:20.878 [info] > git for-each-ref --format=%(refname)%00%(upstream:short)%00%(objectname)%00%(upstream:track)%00%(upstream:remotename)%00%(upstream:remoteref) refs/heads/main refs/remotes/main [1ms]
2024-01-16 22:32:20.884 [warning] ENOENT: no such file or directory, open '/home/s4tankoua/S6-PROJECTS/.git/refs/remotes/origin/main'
2024-01-16 22:32:20.885 [info] > git rev-parse refs/remotes/origin/main [2ms]
2024-01-16 22:32:20.924 [info] > git status -z -uall [32ms]
2024-01-16 22:32:25.788 [info] > git config --get commit.template [7ms]
2024-01-16 22:32:25.789 [info] > git for-each-ref --format=%(refname)%00%(upstream:short)%00%(objectname)%00%(upstream:track)%00%(upstream:remotename)%00%(upstream:remoteref) refs/heads/main refs/remotes/main [1ms]
2024-01-16 22:32:25.797 [warning] ENOENT: no such file or directory, open '/home/s4tankoua/S6-PROJECTS/.git/refs/remotes/origin/main'
2024-01-16 22:32:25.798 [info] > git rev-parse refs/remotes/origin/main [2ms]
2024-01-16 22:32:25.837 [info] > git status -z -uall [33ms]
2024-01-16 22:33:39.086 [info] > git show --textconv :EspressoShop-application/EspressoShop.ProductCatalog/Dockerfile [12ms]
2024-01-16 22:33:39.088 [info] > git ls-files --stage -- /home/s4tankoua/S6-PROJECTS/EspressoShop-application/EspressoShop.ProductCatalog/Dockerfile [3ms]
2024-01-16 22:33:39.095 [info] > git cat-file -s 857e51fe6cc071e3dad4319c89e246d8490a52a1 [2ms]
2024-01-16 22:33:56.011 [info] > git show --textconv :EspressoShop-application/CHARTS/expresso-shop-catalog/templates/hpa.yaml [7ms]
2024-01-16 22:33:56.012 [info] > git ls-files --stage -- /home/s4tankoua/S6-PROJECTS/EspressoShop-application/CHARTS/expresso-shop-catalog/templates/hpa.yaml [3ms]
2024-01-16 22:33:56.018 [info] > git cat-file -s 297fb2062a18f1a1006b82d42b0ac0ca446aebd8 [1ms]
2024-01-16 22:35:21.089 [info] > git fetch [152ms]
2024-01-16 22:35:21.102 [info] > git config --get commit.template [7ms]
2024-01-16 22:35:21.103 [info] > git for-each-ref --format=%(refname)%00%(upstream:short)%00%(objectname)%00%(upstream:track)%00%(upstream:remotename)%00%(upstream:remoteref) refs/heads/main refs/remotes/main [1ms]
2024-01-16 22:35:21.109 [warning] ENOENT: no such file or directory, open '/home/s4tankoua/S6-PROJECTS/.git/refs/remotes/origin/main'
2024-01-16 22:35:21.110 [info] > git rev-parse refs/remotes/origin/main [1ms]
2024-01-16 22:35:21.152 [info] > git status -z -uall [35ms]
2024-01-16 22:35:22.305 [info] > git config --get commit.template [7ms]
2024-01-16 22:35:22.306 [info] > git for-each-ref --format=%(refname)%00%(upstream:short)%00%(objectname)%00%(upstream:track)%00%(upstream:remotename)%00%(upstream:remoteref) refs/heads/main refs/remotes/main [2ms]
2024-01-16 22:35:22.311 [warning] ENOENT: no such file or directory, open '/home/s4tankoua/S6-PROJECTS/.git/refs/remotes/origin/main'
2024-01-16 22:35:22.313 [info] > git rev-parse refs/remotes/origin/main [2ms]
2024-01-16 22:35:22.351 [info] > git status -z -uall [32ms]
2024-01-16 22:35:22.492 [info] > git ls-files --stage -- /home/s4tankoua/S6-PROJECTS/EspressoShop-application/CHARTS/expresso-shop-catalog/templates/hpa.yaml [1ms]
2024-01-16 22:35:22.499 [info] > git cat-file -s 297fb2062a18f1a1006b82d42b0ac0ca446aebd8 [2ms]
2024-01-16 22:35:22.600 [info] > git show --textconv :EspressoShop-application/CHARTS/expresso-shop-catalog/templates/hpa.yaml [2ms]
