2024-01-27 13:46:21.756 [info] Log level: Info
2024-01-27 13:46:21.756 [info] Validating found git in: "git"
2024-01-27 13:46:21.756 [info] Using git "2.34.1" from "git"
2024-01-27 13:46:21.756 [info] > git rev-parse --show-toplevel [2ms]
2024-01-27 13:46:21.756 [info] > git rev-parse --show-toplevel [2ms]
2024-01-27 13:46:21.756 [info] > git rev-parse --show-toplevel [1ms]
2024-01-27 13:46:21.756 [info] > git rev-parse --show-toplevel [1ms]
2024-01-27 13:46:21.756 [info] > git rev-parse --git-dir --git-common-dir [1ms]
2024-01-27 13:46:21.756 [info] Open repository: /home/s4tankoua/espresso/S6-PROJECTS
2024-01-27 13:46:21.756 [info] > git config --get commit.template [9ms]
2024-01-27 13:46:21.756 [info] > git rev-parse --show-toplevel [4ms]
2024-01-27 13:46:21.756 [info] > git for-each-ref --format=%(refname)%00%(upstream:short)%00%(objectname)%00%(upstream:track)%00%(upstream:remotename)%00%(upstream:remoteref) refs/heads/main refs/remotes/main [4ms]
2024-01-27 13:46:21.756 [info] > git rev-parse --show-toplevel [12ms]
2024-01-27 13:46:21.756 [info] > git status -z -uall [12ms]
2024-01-27 13:46:21.756 [info] > git fetch [198ms]
2024-01-27 13:46:21.756 [info] > git rev-parse --show-toplevel [136ms]
2024-01-27 13:46:21.756 [info] > git config --get commit.template [7ms]
2024-01-27 13:46:21.756 [info] > git config --get commit.template [20ms]
2024-01-27 13:46:21.756 [info] > git for-each-ref --format=%(refname)%00%(upstream:short)%00%(objectname)%00%(upstream:track)%00%(upstream:remotename)%00%(upstream:remoteref) refs/heads/main refs/remotes/main [12ms]
2024-01-27 13:46:21.756 [info] > git rev-parse --show-toplevel [22ms]
2024-01-27 13:46:21.756 [info] > git for-each-ref --format=%(refname)%00%(upstream:short)%00%(objectname)%00%(upstream:track)%00%(upstream:remotename)%00%(upstream:remoteref) refs/heads/main refs/remotes/main [3ms]
2024-01-27 13:46:21.756 [info] > git rev-parse --show-toplevel [48ms]
2024-01-27 13:46:21.758 [info] > git status -z -uall [16ms]
2024-01-27 13:46:22.272 [info] > git check-ignore -v -z --stdin [2ms]
2024-01-27 13:46:23.060 [info] > git config --get commit.template [10ms]
2024-01-27 13:46:23.061 [info] > git for-each-ref --format=%(refname)%00%(upstream:short)%00%(objectname)%00%(upstream:track)%00%(upstream:remotename)%00%(upstream:remoteref) refs/heads/main refs/remotes/main [2ms]
2024-01-27 13:46:23.074 [info] > git status -z -uall [5ms]
2024-01-27 13:49:21.924 [info] > git fetch [146ms]
2024-01-27 13:49:21.941 [info] > git config --get commit.template [8ms]
2024-01-27 13:49:21.942 [info] > git for-each-ref --format=%(refname)%00%(upstream:short)%00%(objectname)%00%(upstream:track)%00%(upstream:remotename)%00%(upstream:remoteref) refs/heads/main refs/remotes/main [1ms]
2024-01-27 13:49:21.953 [info] > git status -z -uall [4ms]
2024-01-27 13:49:23.143 [info] > git config --get commit.template [16ms]
2024-01-27 13:49:23.145 [info] > git for-each-ref --format=%(refname)%00%(upstream:short)%00%(objectname)%00%(upstream:track)%00%(upstream:remotename)%00%(upstream:remoteref) refs/heads/main refs/remotes/main [5ms]
2024-01-27 13:49:23.158 [info] > git status -z -uall [4ms]
2024-01-27 13:52:22.105 [info] > git fetch [135ms]
2024-01-27 13:52:22.120 [info] > git config --get commit.template [7ms]
2024-01-27 13:52:22.121 [info] > git for-each-ref --format=%(refname)%00%(upstream:short)%00%(objectname)%00%(upstream:track)%00%(upstream:remotename)%00%(upstream:remoteref) refs/heads/main refs/remotes/main [2ms]
2024-01-27 13:52:22.133 [info] > git status -z -uall [4ms]
2024-01-27 13:52:23.297 [info] > git config --get commit.template [7ms]
2024-01-27 13:52:23.298 [info] > git for-each-ref --format=%(refname)%00%(upstream:short)%00%(objectname)%00%(upstream:track)%00%(upstream:remotename)%00%(upstream:remoteref) refs/heads/main refs/remotes/main [2ms]
2024-01-27 13:52:23.308 [info] > git status -z -uall [4ms]
2024-01-27 13:55:22.301 [info] > git fetch [151ms]
2024-01-27 13:55:22.315 [info] > git config --get commit.template [7ms]
2024-01-27 13:55:22.316 [info] > git for-each-ref --format=%(refname)%00%(upstream:short)%00%(objectname)%00%(upstream:track)%00%(upstream:remotename)%00%(upstream:remoteref) refs/heads/main refs/remotes/main [2ms]
2024-01-27 13:55:22.326 [info] > git status -z -uall [3ms]
2024-01-27 13:55:23.491 [info] > git config --get commit.template [7ms]
2024-01-27 13:55:23.491 [info] > git for-each-ref --format=%(refname)%00%(upstream:short)%00%(objectname)%00%(upstream:track)%00%(upstream:remotename)%00%(upstream:remoteref) refs/heads/main refs/remotes/main [2ms]
2024-01-27 13:55:23.501 [info] > git status -z -uall [4ms]
2024-01-27 13:58:22.481 [info] > git fetch [139ms]
2024-01-27 13:58:22.504 [info] > git for-each-ref --format=%(refname)%00%(upstream:short)%00%(objectname)%00%(upstream:track)%00%(upstream:remotename)%00%(upstream:remoteref) refs/heads/main refs/remotes/main [5ms]
2024-01-27 13:58:22.504 [info] > git config --get commit.template [14ms]
2024-01-27 13:58:22.516 [info] > git status -z -uall [4ms]
2024-01-27 13:58:23.685 [info] > git config --get commit.template [7ms]
2024-01-27 13:58:23.686 [info] > git for-each-ref --format=%(refname)%00%(upstream:short)%00%(objectname)%00%(upstream:track)%00%(upstream:remotename)%00%(upstream:remoteref) refs/heads/main refs/remotes/main [2ms]
2024-01-27 13:58:23.699 [info] > git status -z -uall [3ms]
2024-01-27 14:01:22.666 [info] > git fetch [130ms]
2024-01-27 14:01:22.681 [info] > git config --get commit.template [7ms]
2024-01-27 14:01:22.682 [info] > git for-each-ref --format=%(refname)%00%(upstream:short)%00%(objectname)%00%(upstream:track)%00%(upstream:remotename)%00%(upstream:remoteref) refs/heads/main refs/remotes/main [2ms]
2024-01-27 14:01:22.694 [info] > git status -z -uall [5ms]
2024-01-27 14:01:23.852 [info] > git config --get commit.template [10ms]
2024-01-27 14:01:23.853 [info] > git for-each-ref --format=%(refname)%00%(upstream:short)%00%(objectname)%00%(upstream:track)%00%(upstream:remotename)%00%(upstream:remoteref) refs/heads/main refs/remotes/main [2ms]
2024-01-27 14:01:23.867 [info] > git status -z -uall [6ms]
2024-01-27 14:04:22.856 [info] > git fetch [145ms]
2024-01-27 14:04:22.874 [info] > git config --get commit.template [8ms]
2024-01-27 14:04:22.875 [info] > git for-each-ref --format=%(refname)%00%(upstream:short)%00%(objectname)%00%(upstream:track)%00%(upstream:remotename)%00%(upstream:remoteref) refs/heads/main refs/remotes/main [3ms]
2024-01-27 14:04:22.889 [info] > git status -z -uall [6ms]
2024-01-27 14:04:24.057 [info] > git config --get commit.template [15ms]
2024-01-27 14:04:24.058 [info] > git for-each-ref --format=%(refname)%00%(upstream:short)%00%(objectname)%00%(upstream:track)%00%(upstream:remotename)%00%(upstream:remoteref) refs/heads/main refs/remotes/main [2ms]
2024-01-27 14:04:24.071 [info] > git status -z -uall [4ms]
2024-01-27 14:22:14.339 [info] > git rev-parse --show-toplevel [2ms]
2024-01-27 14:24:52.269 [info] > git fetch [155ms]
2024-01-27 14:24:52.285 [info] > git config --get commit.template [8ms]
2024-01-27 14:24:52.285 [info] > git for-each-ref --format=%(refname)%00%(upstream:short)%00%(objectname)%00%(upstream:track)%00%(upstream:remotename)%00%(upstream:remoteref) refs/heads/main refs/remotes/main [2ms]
2024-01-27 14:24:52.302 [info] > git status -z -uall [4ms]
2024-01-27 14:24:53.511 [info] > git config --get commit.template [2ms]
2024-01-27 14:24:53.524 [info] > git for-each-ref --format=%(refname)%00%(upstream:short)%00%(objectname)%00%(upstream:track)%00%(upstream:remotename)%00%(upstream:remoteref) refs/heads/main refs/remotes/main [1ms]
2024-01-27 14:24:53.533 [info] > git status -z -uall [4ms]
2024-01-27 14:27:52.466 [info] > git fetch [147ms]
2024-01-27 14:27:52.483 [info] > git config --get commit.template [8ms]
2024-01-27 14:27:52.484 [info] > git for-each-ref --format=%(refname)%00%(upstream:short)%00%(objectname)%00%(upstream:track)%00%(upstream:remotename)%00%(upstream:remoteref) refs/heads/main refs/remotes/main [3ms]
2024-01-27 14:27:52.495 [info] > git status -z -uall [4ms]
2024-01-27 14:27:53.659 [info] > git config --get commit.template [3ms]
2024-01-27 14:27:53.673 [info] > git for-each-ref --format=%(refname)%00%(upstream:short)%00%(objectname)%00%(upstream:track)%00%(upstream:remotename)%00%(upstream:remoteref) refs/heads/main refs/remotes/main [2ms]
2024-01-27 14:27:53.687 [info] > git status -z -uall [5ms]
2024-01-27 14:30:52.654 [info] > git fetch [141ms]
2024-01-27 14:30:52.670 [info] > git config --get commit.template [7ms]
2024-01-27 14:30:52.671 [info] > git for-each-ref --format=%(refname)%00%(upstream:short)%00%(objectname)%00%(upstream:track)%00%(upstream:remotename)%00%(upstream:remoteref) refs/heads/main refs/remotes/main [2ms]
2024-01-27 14:30:52.681 [info] > git status -z -uall [3ms]
2024-01-27 14:30:53.835 [info] > git config --get commit.template [7ms]
2024-01-27 14:30:53.836 [info] > git for-each-ref --format=%(refname)%00%(upstream:short)%00%(objectname)%00%(upstream:track)%00%(upstream:remotename)%00%(upstream:remoteref) refs/heads/main refs/remotes/main [2ms]
2024-01-27 14:30:53.847 [info] > git status -z -uall [4ms]
2024-01-27 14:33:52.830 [info] > git fetch [133ms]
2024-01-27 14:33:52.847 [info] > git config --get commit.template [8ms]
2024-01-27 14:33:52.847 [info] > git for-each-ref --format=%(refname)%00%(upstream:short)%00%(objectname)%00%(upstream:track)%00%(upstream:remotename)%00%(upstream:remoteref) refs/heads/main refs/remotes/main [1ms]
2024-01-27 14:33:52.859 [info] > git status -z -uall [4ms]
2024-01-27 14:33:54.015 [info] > git config --get commit.template [8ms]
2024-01-27 14:33:54.016 [info] > git for-each-ref --format=%(refname)%00%(upstream:short)%00%(objectname)%00%(upstream:track)%00%(upstream:remotename)%00%(upstream:remoteref) refs/heads/main refs/remotes/main [1ms]
2024-01-27 14:33:54.027 [info] > git status -z -uall [4ms]
2024-01-27 14:36:53.071 [info] > git fetch [195ms]
2024-01-27 14:36:53.086 [info] > git config --get commit.template [7ms]
2024-01-27 14:36:53.092 [info] > git for-each-ref --format=%(refname)%00%(upstream:short)%00%(objectname)%00%(upstream:track)%00%(upstream:remotename)%00%(upstream:remoteref) refs/heads/main refs/remotes/main [7ms]
2024-01-27 14:36:53.104 [info] > git status -z -uall [4ms]
2024-01-27 14:36:54.264 [info] > git config --get commit.template [8ms]
2024-01-27 14:36:54.265 [info] > git for-each-ref --format=%(refname)%00%(upstream:short)%00%(objectname)%00%(upstream:track)%00%(upstream:remotename)%00%(upstream:remoteref) refs/heads/main refs/remotes/main [3ms]
2024-01-27 14:36:54.277 [info] > git status -z -uall [4ms]
2024-01-27 15:32:45.907 [info] > git fetch [149ms]
2024-01-27 15:32:45.925 [info] > git config --get commit.template [9ms]
2024-01-27 15:32:45.925 [info] > git for-each-ref --format=%(refname)%00%(upstream:short)%00%(objectname)%00%(upstream:track)%00%(upstream:remotename)%00%(upstream:remoteref) refs/heads/main refs/remotes/main [1ms]
2024-01-27 15:32:45.936 [info] > git status -z -uall [3ms]
2024-01-27 15:32:47.377 [info] > git config --get commit.template [12ms]
2024-01-27 15:32:47.379 [info] > git for-each-ref --format=%(refname)%00%(upstream:short)%00%(objectname)%00%(upstream:track)%00%(upstream:remotename)%00%(upstream:remoteref) refs/heads/main refs/remotes/main [2ms]
2024-01-27 15:32:47.391 [info] > git status -z -uall [4ms]
2024-01-27 15:35:46.088 [info] > git fetch [135ms]
2024-01-27 15:35:46.105 [info] > git config --get commit.template [9ms]
2024-01-27 15:35:46.106 [info] > git for-each-ref --format=%(refname)%00%(upstream:short)%00%(objectname)%00%(upstream:track)%00%(upstream:remotename)%00%(upstream:remoteref) refs/heads/main refs/remotes/main [2ms]
2024-01-27 15:35:46.120 [info] > git status -z -uall [5ms]
2024-01-27 15:35:47.273 [info] > git config --get commit.template [7ms]
2024-01-27 15:35:47.274 [info] > git for-each-ref --format=%(refname)%00%(upstream:short)%00%(objectname)%00%(upstream:track)%00%(upstream:remotename)%00%(upstream:remoteref) refs/heads/main refs/remotes/main [2ms]
2024-01-27 15:35:47.287 [info] > git status -z -uall [4ms]
2024-01-27 15:38:46.280 [info] > git fetch [143ms]
2024-01-27 15:38:46.295 [info] > git config --get commit.template [6ms]
2024-01-27 15:38:46.297 [info] > git for-each-ref --format=%(refname)%00%(upstream:short)%00%(objectname)%00%(upstream:track)%00%(upstream:remotename)%00%(upstream:remoteref) refs/heads/main refs/remotes/main [2ms]
2024-01-27 15:38:46.307 [info] > git status -z -uall [4ms]
2024-01-27 15:38:47.464 [info] > git config --get commit.template [7ms]
2024-01-27 15:38:47.465 [info] > git for-each-ref --format=%(refname)%00%(upstream:short)%00%(objectname)%00%(upstream:track)%00%(upstream:remotename)%00%(upstream:remoteref) refs/heads/main refs/remotes/main [3ms]
2024-01-27 15:38:47.475 [info] > git status -z -uall [3ms]
2024-01-27 15:47:30.017 [info] > git fetch [150ms]
2024-01-27 15:47:30.035 [info] > git config --get commit.template [7ms]
2024-01-27 15:47:30.036 [info] > git for-each-ref --format=%(refname)%00%(upstream:short)%00%(objectname)%00%(upstream:track)%00%(upstream:remotename)%00%(upstream:remoteref) refs/heads/main refs/remotes/main [2ms]
2024-01-27 15:47:30.047 [info] > git status -z -uall [4ms]
2024-01-27 15:47:31.290 [info] > git config --get commit.template [10ms]
2024-01-27 15:47:31.291 [info] > git for-each-ref --format=%(refname)%00%(upstream:short)%00%(objectname)%00%(upstream:track)%00%(upstream:remotename)%00%(upstream:remoteref) refs/heads/main refs/remotes/main [3ms]
2024-01-27 15:47:31.303 [info] > git status -z -uall [6ms]
2024-01-27 15:50:30.203 [info] > git fetch [135ms]
2024-01-27 15:50:30.214 [info] > git config --get commit.template [2ms]
2024-01-27 15:50:30.223 [info] > git for-each-ref --format=%(refname)%00%(upstream:short)%00%(objectname)%00%(upstream:track)%00%(upstream:remotename)%00%(upstream:remoteref) refs/heads/main refs/remotes/main [3ms]
2024-01-27 15:50:30.234 [info] > git status -z -uall [4ms]
2024-01-27 15:50:31.414 [info] > git config --get commit.template [10ms]
2024-01-27 15:50:31.414 [info] > git for-each-ref --format=%(refname)%00%(upstream:short)%00%(objectname)%00%(upstream:track)%00%(upstream:remotename)%00%(upstream:remoteref) refs/heads/main refs/remotes/main [2ms]
2024-01-27 15:50:31.428 [info] > git status -z -uall [6ms]
2024-01-27 15:53:30.407 [info] > git fetch [156ms]
2024-01-27 15:53:30.430 [info] > git config --get commit.template [14ms]
2024-01-27 15:53:30.431 [info] > git for-each-ref --format=%(refname)%00%(upstream:short)%00%(objectname)%00%(upstream:track)%00%(upstream:remotename)%00%(upstream:remoteref) refs/heads/main refs/remotes/main [2ms]
2024-01-27 15:53:30.452 [info] > git status -z -uall [5ms]
2024-01-27 15:53:31.605 [info] > git config --get commit.template [7ms]
2024-01-27 15:53:31.606 [info] > git for-each-ref --format=%(refname)%00%(upstream:short)%00%(objectname)%00%(upstream:track)%00%(upstream:remotename)%00%(upstream:remoteref) refs/heads/main refs/remotes/main [2ms]
2024-01-27 15:53:31.617 [info] > git status -z -uall [4ms]
