2024-01-30 05:03:36.905 [info] Log level: Info
2024-01-30 05:03:36.905 [info] Validating found git in: "git"
2024-01-30 05:03:36.905 [info] Using git "2.34.1" from "git"
2024-01-30 05:03:36.905 [info] > git rev-parse --show-toplevel [3ms]
2024-01-30 05:03:36.905 [info] > git rev-parse --git-dir --git-common-dir [2ms]
2024-01-30 05:03:36.905 [info] Open repository: /home/s4tankoua/Expresso
2024-01-30 05:03:36.905 [info] > git config --get commit.template [2ms]
2024-01-30 05:03:36.905 [info] > git for-each-ref --format=%(refname)%00%(upstream:short)%00%(objectname)%00%(upstream:track)%00%(upstream:remotename)%00%(upstream:remoteref) refs/heads/main refs/remotes/main [3ms]
2024-01-30 05:03:36.905 [warning] ENOENT: no such file or directory, open '/home/s4tankoua/Expresso/.git/refs/remotes/origin/main'
2024-01-30 05:03:36.905 [info] > git rev-parse refs/remotes/origin/main [18ms]
2024-01-30 05:03:36.905 [info] > git status -z -uall [21ms]
2024-01-30 05:03:36.905 [info] > git config --get commit.template [2ms]
2024-01-30 05:03:36.905 [info] > git fetch [130ms]
2024-01-30 05:03:36.905 [info] Missing or invalid credentials.
Skip silent fetch commands
Host key verification failed.
fatal: Could not read from remote repository.

Please make sure you have the correct access rights
and the repository exists.
2024-01-30 05:03:36.905 [info] > git for-each-ref --format=%(refname)%00%(upstream:short)%00%(objectname)%00%(upstream:track)%00%(upstream:remotename)%00%(upstream:remoteref) refs/heads/main refs/remotes/main [10ms]
2024-01-30 05:03:36.905 [info] > git config --get commit.template [3ms]
2024-01-30 05:03:36.905 [warning] ENOENT: no such file or directory, open '/home/s4tankoua/Expresso/.git/refs/remotes/origin/main'
2024-01-30 05:03:36.905 [info] > git rev-parse refs/remotes/origin/main [17ms]
2024-01-30 05:03:36.905 [info] > git for-each-ref --format=%(refname)%00%(upstream:short)%00%(objectname)%00%(upstream:track)%00%(upstream:remotename)%00%(upstream:remoteref) refs/heads/main refs/remotes/main [15ms]
2024-01-30 05:03:36.905 [warning] ENOENT: no such file or directory, open '/home/s4tankoua/Expresso/.git/refs/remotes/origin/main'
2024-01-30 05:03:36.905 [info] > git rev-parse refs/remotes/origin/main [2ms]
2024-01-30 05:03:36.905 [info] > git status -z -uall [11ms]
2024-01-30 05:03:37.534 [info] > git check-ignore -v -z --stdin [2ms]
2024-01-30 05:03:38.435 [info] > git config --get commit.template [9ms]
2024-01-30 05:03:38.437 [info] > git for-each-ref --format=%(refname)%00%(upstream:short)%00%(objectname)%00%(upstream:track)%00%(upstream:remotename)%00%(upstream:remoteref) refs/heads/main refs/remotes/main [3ms]
2024-01-30 05:03:38.444 [warning] ENOENT: no such file or directory, open '/home/s4tankoua/Expresso/.git/refs/remotes/origin/main'
2024-01-30 05:03:38.446 [info] > git rev-parse refs/remotes/origin/main [2ms]
2024-01-30 05:03:38.455 [info] > git status -z -uall [2ms]
2024-01-30 05:06:36.997 [info] > git fetch [89ms]
2024-01-30 05:06:36.997 [info] Missing or invalid credentials.
Skip silent fetch commands
Host key verification failed.
fatal: Could not read from remote repository.

Please make sure you have the correct access rights
and the repository exists.
2024-01-30 05:06:37.015 [info] > git config --get commit.template [7ms]
2024-01-30 05:06:37.015 [info] > git for-each-ref --format=%(refname)%00%(upstream:short)%00%(objectname)%00%(upstream:track)%00%(upstream:remotename)%00%(upstream:remoteref) refs/heads/main refs/remotes/main [2ms]
2024-01-30 05:06:37.022 [warning] ENOENT: no such file or directory, open '/home/s4tankoua/Expresso/.git/refs/remotes/origin/main'
2024-01-30 05:06:37.024 [info] > git rev-parse refs/remotes/origin/main [1ms]
2024-01-30 05:06:37.032 [info] > git status -z -uall [2ms]
2024-01-30 05:06:38.096 [info] > git config --get commit.template [9ms]
2024-01-30 05:06:38.097 [info] > git for-each-ref --format=%(refname)%00%(upstream:short)%00%(objectname)%00%(upstream:track)%00%(upstream:remotename)%00%(upstream:remoteref) refs/heads/main refs/remotes/main [2ms]
2024-01-30 05:06:38.103 [warning] ENOENT: no such file or directory, open '/home/s4tankoua/Expresso/.git/refs/remotes/origin/main'
2024-01-30 05:06:38.105 [info] > git rev-parse refs/remotes/origin/main [1ms]
2024-01-30 05:06:38.113 [info] > git status -z -uall [2ms]
2024-01-30 05:09:37.150 [info] > git fetch [106ms]
2024-01-30 05:09:37.150 [info] Missing or invalid credentials.
Skip silent fetch commands
Host key verification failed.
fatal: Could not read from remote repository.

Please make sure you have the correct access rights
and the repository exists.
2024-01-30 05:09:37.165 [info] > git config --get commit.template [7ms]
2024-01-30 05:09:37.166 [info] > git for-each-ref --format=%(refname)%00%(upstream:short)%00%(objectname)%00%(upstream:track)%00%(upstream:remotename)%00%(upstream:remoteref) refs/heads/main refs/remotes/main [1ms]
2024-01-30 05:09:37.174 [warning] ENOENT: no such file or directory, open '/home/s4tankoua/Expresso/.git/refs/remotes/origin/main'
2024-01-30 05:09:37.176 [info] > git rev-parse refs/remotes/origin/main [1ms]
2024-01-30 05:09:37.185 [info] > git status -z -uall [4ms]
2024-01-30 05:12:37.288 [info] > git fetch [91ms]
2024-01-30 05:12:37.288 [info] Missing or invalid credentials.
Skip silent fetch commands
Host key verification failed.
fatal: Could not read from remote repository.

Please make sure you have the correct access rights
and the repository exists.
2024-01-30 05:12:37.307 [info] > git config --get commit.template [7ms]
2024-01-30 05:12:37.308 [info] > git for-each-ref --format=%(refname)%00%(upstream:short)%00%(objectname)%00%(upstream:track)%00%(upstream:remotename)%00%(upstream:remoteref) refs/heads/main refs/remotes/main [2ms]
2024-01-30 05:12:37.316 [warning] ENOENT: no such file or directory, open '/home/s4tankoua/Expresso/.git/refs/remotes/origin/main'
2024-01-30 05:12:37.317 [info] > git rev-parse refs/remotes/origin/main [2ms]
2024-01-30 05:12:37.325 [info] > git status -z -uall [2ms]
2024-01-30 05:15:37.437 [info] > git fetch [100ms]
2024-01-30 05:15:37.437 [info] Missing or invalid credentials.
Skip silent fetch commands
Host key verification failed.
fatal: Could not read from remote repository.

Please make sure you have the correct access rights
and the repository exists.
2024-01-30 05:15:37.458 [info] > git config --get commit.template [11ms]
2024-01-30 05:15:37.459 [info] > git for-each-ref --format=%(refname)%00%(upstream:short)%00%(objectname)%00%(upstream:track)%00%(upstream:remotename)%00%(upstream:remoteref) refs/heads/main refs/remotes/main [2ms]
2024-01-30 05:15:37.465 [warning] ENOENT: no such file or directory, open '/home/s4tankoua/Expresso/.git/refs/remotes/origin/main'
2024-01-30 05:15:37.467 [info] > git rev-parse refs/remotes/origin/main [2ms]
2024-01-30 05:15:37.475 [info] > git status -z -uall [3ms]
2024-01-30 05:18:37.581 [info] > git fetch [94ms]
2024-01-30 05:18:37.581 [info] Missing or invalid credentials.
Skip silent fetch commands
Host key verification failed.
fatal: Could not read from remote repository.

Please make sure you have the correct access rights
and the repository exists.
2024-01-30 05:18:37.600 [info] > git config --get commit.template [11ms]
2024-01-30 05:18:37.601 [info] > git for-each-ref --format=%(refname)%00%(upstream:short)%00%(objectname)%00%(upstream:track)%00%(upstream:remotename)%00%(upstream:remoteref) refs/heads/main refs/remotes/main [3ms]
2024-01-30 05:18:37.607 [warning] ENOENT: no such file or directory, open '/home/s4tankoua/Expresso/.git/refs/remotes/origin/main'
2024-01-30 05:18:37.610 [info] > git rev-parse refs/remotes/origin/main [2ms]
2024-01-30 05:18:37.619 [info] > git status -z -uall [2ms]
2024-01-30 05:21:37.754 [info] > git fetch [124ms]
2024-01-30 05:21:37.754 [info] Missing or invalid credentials.
Skip silent fetch commands
Host key verification failed.
fatal: Could not read from remote repository.

Please make sure you have the correct access rights
and the repository exists.
2024-01-30 05:21:37.782 [info] > git config --get commit.template [11ms]
2024-01-30 05:21:37.783 [info] > git for-each-ref --format=%(refname)%00%(upstream:short)%00%(objectname)%00%(upstream:track)%00%(upstream:remotename)%00%(upstream:remoteref) refs/heads/main refs/remotes/main [4ms]
2024-01-30 05:21:37.788 [warning] ENOENT: no such file or directory, open '/home/s4tankoua/Expresso/.git/refs/remotes/origin/main'
2024-01-30 05:21:37.789 [info] > git rev-parse refs/remotes/origin/main [1ms]
2024-01-30 05:21:37.797 [info] > git status -z -uall [2ms]
2024-01-30 05:24:37.899 [info] > git fetch [91ms]
2024-01-30 05:24:37.899 [info] Missing or invalid credentials.
Skip silent fetch commands
Host key verification failed.
fatal: Could not read from remote repository.

Please make sure you have the correct access rights
and the repository exists.
2024-01-30 05:24:37.921 [info] > git config --get commit.template [11ms]
2024-01-30 05:24:37.922 [info] > git for-each-ref --format=%(refname)%00%(upstream:short)%00%(objectname)%00%(upstream:track)%00%(upstream:remotename)%00%(upstream:remoteref) refs/heads/main refs/remotes/main [2ms]
2024-01-30 05:24:37.929 [warning] ENOENT: no such file or directory, open '/home/s4tankoua/Expresso/.git/refs/remotes/origin/main'
2024-01-30 05:24:37.931 [info] > git rev-parse refs/remotes/origin/main [2ms]
2024-01-30 05:24:37.940 [info] > git status -z -uall [2ms]
2024-01-30 05:27:38.057 [info] > git fetch [106ms]
2024-01-30 05:27:38.057 [info] Missing or invalid credentials.
Skip silent fetch commands
Host key verification failed.
fatal: Could not read from remote repository.

Please make sure you have the correct access rights
and the repository exists.
2024-01-30 05:27:38.072 [info] > git config --get commit.template [7ms]
2024-01-30 05:27:38.073 [info] > git for-each-ref --format=%(refname)%00%(upstream:short)%00%(objectname)%00%(upstream:track)%00%(upstream:remotename)%00%(upstream:remoteref) refs/heads/main refs/remotes/main [1ms]
2024-01-30 05:27:38.080 [warning] ENOENT: no such file or directory, open '/home/s4tankoua/Expresso/.git/refs/remotes/origin/main'
2024-01-30 05:27:38.081 [info] > git rev-parse refs/remotes/origin/main [2ms]
2024-01-30 05:27:38.090 [info] > git status -z -uall [3ms]
2024-01-30 05:30:38.192 [info] > git fetch [90ms]
2024-01-30 05:30:38.192 [info] Missing or invalid credentials.
Skip silent fetch commands
Host key verification failed.
fatal: Could not read from remote repository.

Please make sure you have the correct access rights
and the repository exists.
2024-01-30 05:30:38.206 [info] > git config --get commit.template [7ms]
2024-01-30 05:30:38.207 [info] > git for-each-ref --format=%(refname)%00%(upstream:short)%00%(objectname)%00%(upstream:track)%00%(upstream:remotename)%00%(upstream:remoteref) refs/heads/main refs/remotes/main [2ms]
2024-01-30 05:30:38.213 [warning] ENOENT: no such file or directory, open '/home/s4tankoua/Expresso/.git/refs/remotes/origin/main'
2024-01-30 05:30:38.214 [info] > git rev-parse refs/remotes/origin/main [1ms]
2024-01-30 05:30:38.222 [info] > git status -z -uall [2ms]
2024-01-30 05:30:39.239 [info] > git config --get commit.template [2ms]
2024-01-30 05:30:39.247 [info] > git for-each-ref --format=%(refname)%00%(upstream:short)%00%(objectname)%00%(upstream:track)%00%(upstream:remotename)%00%(upstream:remoteref) refs/heads/main refs/remotes/main [2ms]
2024-01-30 05:30:39.253 [warning] ENOENT: no such file or directory, open '/home/s4tankoua/Expresso/.git/refs/remotes/origin/main'
2024-01-30 05:30:39.255 [info] > git rev-parse refs/remotes/origin/main [2ms]
2024-01-30 05:30:39.265 [info] > git status -z -uall [3ms]
2024-01-30 05:34:06.929 [info] > git fetch [88ms]
2024-01-30 05:34:06.929 [info] Missing or invalid credentials.
Skip silent fetch commands
Host key verification failed.
fatal: Could not read from remote repository.

Please make sure you have the correct access rights
and the repository exists.
2024-01-30 05:34:06.944 [info] > git config --get commit.template [7ms]
2024-01-30 05:34:06.945 [info] > git for-each-ref --format=%(refname)%00%(upstream:short)%00%(objectname)%00%(upstream:track)%00%(upstream:remotename)%00%(upstream:remoteref) refs/heads/main refs/remotes/main [2ms]
2024-01-30 05:34:06.950 [warning] ENOENT: no such file or directory, open '/home/s4tankoua/Expresso/.git/refs/remotes/origin/main'
2024-01-30 05:34:06.951 [info] > git rev-parse refs/remotes/origin/main [1ms]
2024-01-30 05:34:06.964 [info] > git status -z -uall [7ms]
2024-01-30 05:34:08.004 [info] > git config --get commit.template [6ms]
2024-01-30 05:34:08.005 [info] > git for-each-ref --format=%(refname)%00%(upstream:short)%00%(objectname)%00%(upstream:track)%00%(upstream:remotename)%00%(upstream:remoteref) refs/heads/main refs/remotes/main [2ms]
2024-01-30 05:34:08.010 [warning] ENOENT: no such file or directory, open '/home/s4tankoua/Expresso/.git/refs/remotes/origin/main'
2024-01-30 05:34:08.012 [info] > git rev-parse refs/remotes/origin/main [2ms]
2024-01-30 05:34:08.020 [info] > git status -z -uall [2ms]
2024-01-30 05:41:57.223 [info] > git fetch [106ms]
2024-01-30 05:41:57.223 [info] Missing or invalid credentials.
Skip silent fetch commands
Host key verification failed.
fatal: Could not read from remote repository.

Please make sure you have the correct access rights
and the repository exists.
2024-01-30 05:41:57.237 [info] > git config --get commit.template [7ms]
2024-01-30 05:41:57.239 [info] > git for-each-ref --format=%(refname)%00%(upstream:short)%00%(objectname)%00%(upstream:track)%00%(upstream:remotename)%00%(upstream:remoteref) refs/heads/main refs/remotes/main [2ms]
2024-01-30 05:41:57.245 [warning] ENOENT: no such file or directory, open '/home/s4tankoua/Expresso/.git/refs/remotes/origin/main'
2024-01-30 05:41:57.246 [info] > git rev-parse refs/remotes/origin/main [1ms]
2024-01-30 05:41:57.254 [info] > git status -z -uall [2ms]
