2024-01-30 14:39:30.999 [info] Log level: Info
2024-01-30 14:39:30.999 [info] Validating found git in: "git"
2024-01-30 14:39:30.999 [info] Using git "2.34.1" from "git"
2024-01-30 14:39:30.999 [info] > git rev-parse --show-toplevel [3ms]
2024-01-30 14:39:30.999 [info] > git rev-parse --git-dir --git-common-dir [11ms]
2024-01-30 14:39:30.999 [info] Open repository: /home/s4tankoua/Expresso
2024-01-30 14:39:30.999 [info] > git config --get commit.template [29ms]
2024-01-30 14:39:30.999 [info] > git for-each-ref --format=%(refname)%00%(upstream:short)%00%(objectname)%00%(upstream:track)%00%(upstream:remotename)%00%(upstream:remoteref) refs/heads/main refs/remotes/main [11ms]
2024-01-30 14:39:30.999 [warning] ENOENT: no such file or directory, open '/home/s4tankoua/Expresso/.git/refs/remotes/origin/main'
2024-01-30 14:39:30.999 [info] > git rev-parse refs/remotes/origin/main [19ms]
2024-01-30 14:39:30.999 [info] > git status -z -uall [108ms]
2024-01-30 14:39:30.999 [info] > git fetch [245ms]
2024-01-30 14:39:30.999 [info] Missing or invalid credentials.
Skip silent fetch commands
Host key verification failed.
fatal: Could not read from remote repository.

Please make sure you have the correct access rights
and the repository exists.
2024-01-30 14:39:30.999 [info] > git config --get commit.template [11ms]
2024-01-30 14:39:31.001 [info] > git config --get commit.template [5ms]
2024-01-30 14:39:31.019 [info] > git for-each-ref --format=%(refname)%00%(upstream:short)%00%(objectname)%00%(upstream:track)%00%(upstream:remotename)%00%(upstream:remoteref) refs/heads/main refs/remotes/main [10ms]
2024-01-30 14:39:31.020 [info] > git for-each-ref --format=%(refname)%00%(upstream:short)%00%(objectname)%00%(upstream:track)%00%(upstream:remotename)%00%(upstream:remoteref) refs/heads/main refs/remotes/main [4ms]
2024-01-30 14:39:31.026 [warning] ENOENT: no such file or directory, open '/home/s4tankoua/Expresso/.git/refs/remotes/origin/main'
2024-01-30 14:39:31.033 [warning] ENOENT: no such file or directory, open '/home/s4tankoua/Expresso/.git/refs/remotes/origin/main'
2024-01-30 14:39:31.036 [info] > git rev-parse refs/remotes/origin/main [4ms]
2024-01-30 14:39:31.043 [info] > git rev-parse refs/remotes/origin/main [17ms]
2024-01-30 14:39:31.047 [info] > git status -z -uall [4ms]
2024-01-30 14:39:31.606 [info] > git check-ignore -v -z --stdin [4ms]
2024-01-30 14:39:32.076 [info] > git config --get commit.template [9ms]
2024-01-30 14:39:32.076 [info] > git for-each-ref --format=%(refname)%00%(upstream:short)%00%(objectname)%00%(upstream:track)%00%(upstream:remotename)%00%(upstream:remoteref) refs/heads/main refs/remotes/main [3ms]
2024-01-30 14:39:32.084 [warning] ENOENT: no such file or directory, open '/home/s4tankoua/Expresso/.git/refs/remotes/origin/main'
2024-01-30 14:39:32.089 [info] > git rev-parse refs/remotes/origin/main [5ms]
2024-01-30 14:39:32.100 [info] > git status -z -uall [3ms]
2024-01-30 14:42:31.157 [info] > git fetch [97ms]
2024-01-30 14:42:31.157 [info] Missing or invalid credentials.
Skip silent fetch commands
Host key verification failed.
fatal: Could not read from remote repository.

Please make sure you have the correct access rights
and the repository exists.
2024-01-30 14:42:31.172 [info] > git config --get commit.template [7ms]
2024-01-30 14:42:31.172 [info] > git for-each-ref --format=%(refname)%00%(upstream:short)%00%(objectname)%00%(upstream:track)%00%(upstream:remotename)%00%(upstream:remoteref) refs/heads/main refs/remotes/main [2ms]
2024-01-30 14:42:31.178 [warning] ENOENT: no such file or directory, open '/home/s4tankoua/Expresso/.git/refs/remotes/origin/main'
2024-01-30 14:42:31.180 [info] > git rev-parse refs/remotes/origin/main [2ms]
2024-01-30 14:42:31.189 [info] > git status -z -uall [3ms]
2024-01-30 14:43:44.907 [info] > git show --textconv :README.md [13ms]
2024-01-30 14:43:44.912 [info] > git ls-files --stage -- /home/s4tankoua/Expresso/README.md [6ms]
2024-01-30 14:43:44.926 [info] > git cat-file -s 1dcde4f7c22f7321e265336529de249575ab226e [4ms]
2024-01-30 14:45:31.299 [info] > git fetch [94ms]
2024-01-30 14:45:31.299 [info] Missing or invalid credentials.
Skip silent fetch commands
Host key verification failed.
fatal: Could not read from remote repository.

Please make sure you have the correct access rights
and the repository exists.
2024-01-30 14:45:31.316 [info] > git config --get commit.template [8ms]
2024-01-30 14:45:31.317 [info] > git for-each-ref --format=%(refname)%00%(upstream:short)%00%(objectname)%00%(upstream:track)%00%(upstream:remotename)%00%(upstream:remoteref) refs/heads/main refs/remotes/main [2ms]
2024-01-30 14:45:31.325 [warning] ENOENT: no such file or directory, open '/home/s4tankoua/Expresso/.git/refs/remotes/origin/main'
2024-01-30 14:45:31.327 [info] > git rev-parse refs/remotes/origin/main [3ms]
2024-01-30 14:45:31.338 [info] > git status -z -uall [2ms]
2024-01-30 14:48:31.451 [info] > git fetch [98ms]
2024-01-30 14:48:31.451 [info] Missing or invalid credentials.
Skip silent fetch commands
Host key verification failed.
fatal: Could not read from remote repository.

Please make sure you have the correct access rights
and the repository exists.
2024-01-30 14:48:31.471 [info] > git config --get commit.template [10ms]
2024-01-30 14:48:31.473 [info] > git for-each-ref --format=%(refname)%00%(upstream:short)%00%(objectname)%00%(upstream:track)%00%(upstream:remotename)%00%(upstream:remoteref) refs/heads/main refs/remotes/main [5ms]
2024-01-30 14:48:31.487 [warning] ENOENT: no such file or directory, open '/home/s4tankoua/Expresso/.git/refs/remotes/origin/main'
2024-01-30 14:48:31.489 [info] > git rev-parse refs/remotes/origin/main [2ms]
2024-01-30 14:48:31.501 [info] > git status -z -uall [3ms]
