2024-01-26 22:56:13.458 [info] Log level: Info
2024-01-26 22:56:13.458 [info] Validating found git in: "git"
2024-01-26 22:56:13.458 [info] Using git "2.34.1" from "git"
2024-01-26 22:56:13.458 [info] > git rev-parse --show-toplevel [3ms]
2024-01-26 22:56:13.458 [info] > git rev-parse --show-toplevel [2ms]
2024-01-26 22:56:13.458 [info] > git rev-parse --show-toplevel [1ms]
2024-01-26 22:56:13.458 [info] > git rev-parse --git-dir --git-common-dir [1ms]
2024-01-26 22:56:13.458 [info] Open repository: /home/s4tankoua/espresso/S6-PROJECTS
2024-01-26 22:56:13.458 [info] > git config --get commit.template [10ms]
2024-01-26 22:56:13.458 [info] > git rev-parse --show-toplevel [14ms]
2024-01-26 22:56:13.458 [info] > git for-each-ref --format=%(refname)%00%(upstream:short)%00%(objectname)%00%(upstream:track)%00%(upstream:remotename)%00%(upstream:remoteref) refs/heads/main refs/remotes/main [4ms]
2024-01-26 22:56:13.458 [info] > git rev-parse --show-toplevel [17ms]
2024-01-26 22:56:13.458 [info] > git status -z -uall [14ms]
2024-01-26 22:56:13.458 [info] > git rev-parse --show-toplevel [3ms]
2024-01-26 22:56:13.458 [info] > git fetch [187ms]
2024-01-26 22:56:13.458 [info] > git config --get commit.template [15ms]
2024-01-26 22:56:13.458 [info] > git config --get commit.template [2ms]
2024-01-26 22:56:13.458 [info] > git rev-parse --show-toplevel [9ms]
2024-01-26 22:56:13.458 [info] > git for-each-ref --format=%(refname)%00%(upstream:short)%00%(objectname)%00%(upstream:track)%00%(upstream:remotename)%00%(upstream:remoteref) refs/heads/main refs/remotes/main [14ms]
2024-01-26 22:56:13.458 [info] > git rev-parse --show-toplevel [3ms]
2024-01-26 22:56:13.458 [info] > git for-each-ref --format=%(refname)%00%(upstream:short)%00%(objectname)%00%(upstream:track)%00%(upstream:remotename)%00%(upstream:remoteref) refs/heads/main refs/remotes/main [8ms]
2024-01-26 22:56:13.458 [info] > git status -z -uall [4ms]
2024-01-26 22:56:13.458 [info] > git rev-parse --show-toplevel [2ms]
2024-01-26 22:56:14.353 [info] > git rev-parse --show-toplevel [5ms]
2024-01-26 22:56:14.381 [info] > git rev-parse --show-toplevel [4ms]
2024-01-26 22:56:14.442 [info] > git rev-parse --show-toplevel [15ms]
2024-01-26 22:56:16.994 [info] > git config --get commit.template [13ms]
2024-01-26 22:56:16.995 [info] > git for-each-ref --format=%(refname)%00%(upstream:short)%00%(objectname)%00%(upstream:track)%00%(upstream:remotename)%00%(upstream:remoteref) refs/heads/main refs/remotes/main [4ms]
2024-01-26 22:56:17.017 [info] > git status -z -uall [8ms]
2024-01-26 22:56:17.414 [info] > git check-ignore -v -z --stdin [2ms]
2024-01-26 22:59:07.634 [info] > git config --get commit.template [10ms]
2024-01-26 22:59:07.635 [info] > git for-each-ref --format=%(refname)%00%(upstream:short)%00%(objectname)%00%(upstream:track)%00%(upstream:remotename)%00%(upstream:remoteref) refs/heads/main refs/remotes/main [4ms]
2024-01-26 22:59:07.649 [info] > git status -z -uall [6ms]
2024-01-26 22:59:13.318 [info] > git fetch [146ms]
2024-01-26 22:59:13.336 [info] > git config --get commit.template [8ms]
2024-01-26 22:59:13.336 [info] > git for-each-ref --format=%(refname)%00%(upstream:short)%00%(objectname)%00%(upstream:track)%00%(upstream:remotename)%00%(upstream:remoteref) refs/heads/main refs/remotes/main [2ms]
2024-01-26 22:59:13.352 [info] > git status -z -uall [6ms]
2024-01-26 22:59:14.516 [info] > git config --get commit.template [8ms]
2024-01-26 22:59:14.516 [info] > git for-each-ref --format=%(refname)%00%(upstream:short)%00%(objectname)%00%(upstream:track)%00%(upstream:remotename)%00%(upstream:remoteref) refs/heads/main refs/remotes/main [1ms]
2024-01-26 22:59:14.528 [info] > git status -z -uall [4ms]
2024-01-26 23:02:37.507 [info] > git fetch [244ms]
2024-01-26 23:02:37.525 [info] > git config --get commit.template [8ms]
2024-01-26 23:02:37.526 [info] > git for-each-ref --format=%(refname)%00%(upstream:short)%00%(objectname)%00%(upstream:track)%00%(upstream:remotename)%00%(upstream:remoteref) refs/heads/main refs/remotes/main [2ms]
2024-01-26 23:02:37.540 [info] > git status -z -uall [5ms]
2024-01-26 23:02:38.707 [info] > git config --get commit.template [8ms]
2024-01-26 23:02:38.708 [info] > git for-each-ref --format=%(refname)%00%(upstream:short)%00%(objectname)%00%(upstream:track)%00%(upstream:remotename)%00%(upstream:remoteref) refs/heads/main refs/remotes/main [2ms]
2024-01-26 23:02:38.721 [info] > git status -z -uall [4ms]
2024-01-26 23:05:37.720 [info] > git fetch [158ms]
2024-01-26 23:05:37.740 [info] > git config --get commit.template [8ms]
2024-01-26 23:05:37.741 [info] > git for-each-ref --format=%(refname)%00%(upstream:short)%00%(objectname)%00%(upstream:track)%00%(upstream:remotename)%00%(upstream:remoteref) refs/heads/main refs/remotes/main [3ms]
2024-01-26 23:05:37.753 [info] > git status -z -uall [4ms]
2024-01-26 23:05:38.929 [info] > git config --get commit.template [9ms]
2024-01-26 23:05:38.930 [info] > git for-each-ref --format=%(refname)%00%(upstream:short)%00%(objectname)%00%(upstream:track)%00%(upstream:remotename)%00%(upstream:remoteref) refs/heads/main refs/remotes/main [2ms]
2024-01-26 23:05:38.948 [info] > git status -z -uall [6ms]
