2024-01-27 00:35:40.413 [info] Log level: Info
2024-01-27 00:35:40.413 [info] Validating found git in: "git"
2024-01-27 00:35:40.413 [info] Using git "2.34.1" from "git"
2024-01-27 00:35:40.413 [info] > git rev-parse --show-toplevel [2ms]
2024-01-27 00:35:40.413 [info] > git rev-parse --git-dir --git-common-dir [1ms]
2024-01-27 00:35:40.413 [info] Open repository: /home/s4tankoua/Expresso
2024-01-27 00:35:40.413 [info] > git config --get commit.template [10ms]
2024-01-27 00:35:40.413 [info] > git for-each-ref --format=%(refname)%00%(upstream:short)%00%(objectname)%00%(upstream:track)%00%(upstream:remotename)%00%(upstream:remoteref) refs/heads/main refs/remotes/main [4ms]
2024-01-27 00:35:40.413 [warning] ENOENT: no such file or directory, open '/home/s4tankoua/Expresso/.git/refs/remotes/origin/main'
2024-01-27 00:35:40.413 [info] > git rev-parse refs/remotes/origin/main [1ms]
2024-01-27 00:35:40.413 [info] > git status -z -uall [3ms]
2024-01-27 00:35:40.413 [info] > git for-each-ref --format=%(refname)%00%(upstream:short)%00%(objectname)%00%(upstream:track)%00%(upstream:remotename)%00%(upstream:remoteref) refs/heads/main refs/remotes/main [3ms]
2024-01-27 00:35:40.413 [info] > git config --get commit.template [10ms]
2024-01-27 00:35:40.413 [warning] ENOENT: no such file or directory, open '/home/s4tankoua/Expresso/.git/refs/remotes/origin/main'
2024-01-27 00:35:40.413 [info] > git rev-parse refs/remotes/origin/main [2ms]
2024-01-27 00:35:40.413 [info] > git status -z -uall [4ms]
2024-01-27 00:35:40.537 [info] > git fetch [313ms]
2024-01-27 00:35:40.537 [info] Missing or invalid credentials.
Skip silent fetch commands
Host key verification failed.
fatal: Could not read from remote repository.

Please make sure you have the correct access rights
and the repository exists.
2024-01-27 00:35:40.554 [info] > git config --get commit.template [8ms]
2024-01-27 00:35:40.555 [info] > git for-each-ref --format=%(refname)%00%(upstream:short)%00%(objectname)%00%(upstream:track)%00%(upstream:remotename)%00%(upstream:remoteref) refs/heads/main refs/remotes/main [3ms]
2024-01-27 00:35:40.561 [warning] ENOENT: no such file or directory, open '/home/s4tankoua/Expresso/.git/refs/remotes/origin/main'
2024-01-27 00:35:40.563 [info] > git rev-parse refs/remotes/origin/main [2ms]
2024-01-27 00:35:40.571 [info] > git status -z -uall [2ms]
2024-01-27 00:35:41.034 [info] > git check-ignore -v -z --stdin [2ms]
2024-01-27 00:35:41.609 [info] > git config --get commit.template [9ms]
2024-01-27 00:35:41.611 [info] > git for-each-ref --format=%(refname)%00%(upstream:short)%00%(objectname)%00%(upstream:track)%00%(upstream:remotename)%00%(upstream:remoteref) refs/heads/main refs/remotes/main [3ms]
2024-01-27 00:35:41.618 [warning] ENOENT: no such file or directory, open '/home/s4tankoua/Expresso/.git/refs/remotes/origin/main'
2024-01-27 00:35:41.620 [info] > git rev-parse refs/remotes/origin/main [2ms]
2024-01-27 00:35:41.628 [info] > git status -z -uall [2ms]
2024-01-27 00:38:40.681 [info] > git fetch [96ms]
2024-01-27 00:38:40.681 [info] Missing or invalid credentials.
Skip silent fetch commands
Host key verification failed.
fatal: Could not read from remote repository.

Please make sure you have the correct access rights
and the repository exists.
2024-01-27 00:38:40.698 [info] > git config --get commit.template [8ms]
2024-01-27 00:38:40.698 [info] > git for-each-ref --format=%(refname)%00%(upstream:short)%00%(objectname)%00%(upstream:track)%00%(upstream:remotename)%00%(upstream:remoteref) refs/heads/main refs/remotes/main [2ms]
2024-01-27 00:38:40.705 [warning] ENOENT: no such file or directory, open '/home/s4tankoua/Expresso/.git/refs/remotes/origin/main'
2024-01-27 00:38:40.706 [info] > git rev-parse refs/remotes/origin/main [1ms]
2024-01-27 00:38:40.714 [info] > git status -z -uall [2ms]
2024-01-27 00:38:41.745 [info] > git config --get commit.template [14ms]
2024-01-27 00:38:41.747 [info] > git for-each-ref --format=%(refname)%00%(upstream:short)%00%(objectname)%00%(upstream:track)%00%(upstream:remotename)%00%(upstream:remoteref) refs/heads/main refs/remotes/main [3ms]
2024-01-27 00:38:41.756 [warning] ENOENT: no such file or directory, open '/home/s4tankoua/Expresso/.git/refs/remotes/origin/main'
2024-01-27 00:38:41.758 [info] > git rev-parse refs/remotes/origin/main [2ms]
2024-01-27 00:38:41.769 [info] > git status -z -uall [3ms]
