2024-01-27 00:40:11.256 [info] Log level: Info
2024-01-27 00:40:11.256 [info] Validating found git in: "git"
2024-01-27 00:40:11.256 [info] Using git "2.34.1" from "git"
2024-01-27 00:40:11.256 [info] > git rev-parse --show-toplevel [2ms]
2024-01-27 00:40:11.256 [info] > git rev-parse --show-toplevel [1ms]
2024-01-27 00:40:11.256 [info] > git rev-parse --show-toplevel [2ms]
2024-01-27 00:40:11.256 [info] > git rev-parse --show-toplevel [2ms]
2024-01-27 00:40:11.256 [info] > git rev-parse --git-dir --git-common-dir [2ms]
2024-01-27 00:40:11.256 [info] Open repository: /home/s4tankoua/espresso/S6-PROJECTS
2024-01-27 00:40:11.256 [info] > git config --get commit.template [9ms]
2024-01-27 00:40:11.256 [info] > git rev-parse --show-toplevel [5ms]
2024-01-27 00:40:11.256 [info] > git for-each-ref --format=%(refname)%00%(upstream:short)%00%(objectname)%00%(upstream:track)%00%(upstream:remotename)%00%(upstream:remoteref) refs/heads/main refs/remotes/main [4ms]
2024-01-27 00:40:11.256 [info] > git rev-parse --show-toplevel [3ms]
2024-01-27 00:40:11.256 [info] > git status -z -uall [13ms]
2024-01-27 00:40:11.256 [info] > git rev-parse --show-toplevel [129ms]
2024-01-27 00:40:11.256 [info] > git config --get commit.template [4ms]
2024-01-27 00:40:11.256 [info] > git fetch [216ms]
2024-01-27 00:40:11.256 [info] > git rev-parse --show-toplevel [11ms]
2024-01-27 00:40:11.256 [info] > git for-each-ref --format=%(refname)%00%(upstream:short)%00%(objectname)%00%(upstream:track)%00%(upstream:remotename)%00%(upstream:remoteref) refs/heads/main refs/remotes/main [11ms]
2024-01-27 00:40:11.256 [info] > git config --get commit.template [2ms]
2024-01-27 00:40:11.256 [info] > git rev-parse --show-toplevel [8ms]
2024-01-27 00:40:11.256 [info] > git for-each-ref --format=%(refname)%00%(upstream:short)%00%(objectname)%00%(upstream:track)%00%(upstream:remotename)%00%(upstream:remoteref) refs/heads/main refs/remotes/main [6ms]
2024-01-27 00:40:11.256 [info] > git status -z -uall [9ms]
2024-01-27 00:40:11.256 [info] > git rev-parse --show-toplevel [1ms]
2024-01-27 00:40:11.256 [info] > git rev-parse --show-toplevel [2ms]
2024-01-27 00:40:13.211 [info] > git check-ignore -v -z --stdin [12ms]
2024-01-27 00:40:13.213 [info] > git config --get commit.template [159ms]
2024-01-27 00:40:13.214 [info] > git for-each-ref --format=%(refname)%00%(upstream:short)%00%(objectname)%00%(upstream:track)%00%(upstream:remotename)%00%(upstream:remoteref) refs/heads/main refs/remotes/main [5ms]
2024-01-27 00:40:13.228 [info] > git status -z -uall [5ms]
2024-01-27 00:43:11.221 [info] > git fetch [164ms]
2024-01-27 00:43:11.239 [info] > git config --get commit.template [9ms]
2024-01-27 00:43:11.239 [info] > git for-each-ref --format=%(refname)%00%(upstream:short)%00%(objectname)%00%(upstream:track)%00%(upstream:remotename)%00%(upstream:remoteref) refs/heads/main refs/remotes/main [2ms]
2024-01-27 00:43:11.251 [info] > git status -z -uall [4ms]
2024-01-27 00:43:12.423 [info] > git config --get commit.template [10ms]
2024-01-27 00:43:12.424 [info] > git for-each-ref --format=%(refname)%00%(upstream:short)%00%(objectname)%00%(upstream:track)%00%(upstream:remotename)%00%(upstream:remoteref) refs/heads/main refs/remotes/main [3ms]
2024-01-27 00:43:12.437 [info] > git status -z -uall [4ms]
2024-01-27 00:46:11.415 [info] > git fetch [146ms]
2024-01-27 00:46:11.432 [info] > git config --get commit.template [7ms]
2024-01-27 00:46:11.433 [info] > git for-each-ref --format=%(refname)%00%(upstream:short)%00%(objectname)%00%(upstream:track)%00%(upstream:remotename)%00%(upstream:remoteref) refs/heads/main refs/remotes/main [3ms]
2024-01-27 00:46:11.445 [info] > git status -z -uall [4ms]
2024-01-27 00:46:12.607 [info] > git config --get commit.template [8ms]
2024-01-27 00:46:12.608 [info] > git for-each-ref --format=%(refname)%00%(upstream:short)%00%(objectname)%00%(upstream:track)%00%(upstream:remotename)%00%(upstream:remoteref) refs/heads/main refs/remotes/main [2ms]
2024-01-27 00:46:12.619 [info] > git status -z -uall [5ms]
2024-01-27 00:49:11.609 [info] > git fetch [147ms]
2024-01-27 00:49:11.631 [info] > git config --get commit.template [9ms]
2024-01-27 00:49:11.632 [info] > git for-each-ref --format=%(refname)%00%(upstream:short)%00%(objectname)%00%(upstream:track)%00%(upstream:remotename)%00%(upstream:remoteref) refs/heads/main refs/remotes/main [3ms]
2024-01-27 00:49:11.647 [info] > git status -z -uall [5ms]
2024-01-27 00:49:12.813 [info] > git config --get commit.template [12ms]
2024-01-27 00:49:12.814 [info] > git for-each-ref --format=%(refname)%00%(upstream:short)%00%(objectname)%00%(upstream:track)%00%(upstream:remotename)%00%(upstream:remoteref) refs/heads/main refs/remotes/main [2ms]
2024-01-27 00:49:12.825 [info] > git status -z -uall [4ms]
2024-01-27 00:52:56.346 [info] > git fetch [147ms]
2024-01-27 00:52:56.363 [info] > git config --get commit.template [8ms]
2024-01-27 00:52:56.516 [info] > git for-each-ref --format=%(refname)%00%(upstream:short)%00%(objectname)%00%(upstream:track)%00%(upstream:remotename)%00%(upstream:remoteref) refs/heads/main refs/remotes/main [154ms]
2024-01-27 00:52:56.529 [info] > git status -z -uall [4ms]
2024-01-27 01:08:41.945 [info] > git rev-parse --show-toplevel [2ms]
