2024-01-28 13:49:46.859 [info] Log level: Info
2024-01-28 13:49:46.859 [info] Validating found git in: "git"
2024-01-28 13:49:46.859 [info] Using git "2.34.1" from "git"
2024-01-28 13:49:46.859 [info] > git rev-parse --show-toplevel [4ms]
2024-01-28 13:49:46.859 [info] > git rev-parse --show-toplevel [5ms]
2024-01-28 13:49:46.859 [info] > git rev-parse --show-toplevel [5ms]
2024-01-28 13:49:46.867 [info] > git rev-parse --show-toplevel [2ms]
2024-01-28 13:49:46.876 [info] > git rev-parse --git-dir --git-common-dir [2ms]
2024-01-28 13:49:46.904 [info] Open repository: /home/s4tankoua/espresso/S6-PROJECTS
2024-01-28 13:49:46.931 [info] > git rev-parse --show-toplevel [2ms]
2024-01-28 13:49:46.933 [info] > git config --get commit.template [12ms]
2024-01-28 13:49:46.977 [info] > git rev-parse --show-toplevel [22ms]
2024-01-28 13:49:46.978 [info] > git for-each-ref --format=%(refname)%00%(upstream:short)%00%(objectname)%00%(upstream:track)%00%(upstream:remotename)%00%(upstream:remoteref) refs/heads/main refs/remotes/main [32ms]
2024-01-28 13:49:46.995 [info] > git rev-parse --show-toplevel [2ms]
2024-01-28 13:49:47.060 [info] > git status -z -uall [53ms]
2024-01-28 13:49:47.060 [info] > git rev-parse --show-toplevel [4ms]
2024-01-28 13:49:47.106 [info] > git fetch [203ms]
2024-01-28 13:49:47.123 [info] > git config --get commit.template [19ms]
2024-01-28 13:49:47.138 [info] > git config --get commit.template [17ms]
2024-01-28 13:49:47.138 [info] > git rev-parse --show-toplevel [24ms]
2024-01-28 13:49:47.165 [info] > git for-each-ref --format=%(refname)%00%(upstream:short)%00%(objectname)%00%(upstream:track)%00%(upstream:remotename)%00%(upstream:remoteref) refs/heads/main refs/remotes/main [19ms]
2024-01-28 13:49:47.240 [info] > git for-each-ref --format=%(refname)%00%(upstream:short)%00%(objectname)%00%(upstream:track)%00%(upstream:remotename)%00%(upstream:remoteref) refs/heads/main refs/remotes/main [78ms]
2024-01-28 13:49:47.264 [info] > git status -z -uall [8ms]
2024-01-28 13:49:47.733 [info] > git check-ignore -v -z --stdin [4ms]
2024-01-28 13:49:48.510 [info] > git config --get commit.template [2ms]
2024-01-28 13:49:48.522 [info] > git for-each-ref --format=%(refname)%00%(upstream:short)%00%(objectname)%00%(upstream:track)%00%(upstream:remotename)%00%(upstream:remoteref) refs/heads/main refs/remotes/main [2ms]
2024-01-28 13:49:48.536 [info] > git status -z -uall [4ms]
2024-01-28 14:24:48.765 [info] > git config --get commit.template [15ms]
2024-01-28 14:24:48.766 [info] > git for-each-ref --format=%(refname)%00%(upstream:short)%00%(objectname)%00%(upstream:track)%00%(upstream:remotename)%00%(upstream:remoteref) refs/heads/main refs/remotes/main [4ms]
2024-01-28 14:24:48.784 [info] > git status -z -uall [6ms]
2024-01-28 14:24:48.940 [info] > git fetch [205ms]
2024-01-28 14:24:48.956 [info] > git config --get commit.template [8ms]
2024-01-28 14:24:48.957 [info] > git for-each-ref --format=%(refname)%00%(upstream:short)%00%(objectname)%00%(upstream:track)%00%(upstream:remotename)%00%(upstream:remoteref) refs/heads/main refs/remotes/main [3ms]
2024-01-28 14:24:48.970 [info] > git status -z -uall [5ms]
2024-01-28 14:24:53.815 [info] > git config --get commit.template [8ms]
2024-01-28 14:24:53.816 [info] > git for-each-ref --format=%(refname)%00%(upstream:short)%00%(objectname)%00%(upstream:track)%00%(upstream:remotename)%00%(upstream:remoteref) refs/heads/main refs/remotes/main [3ms]
2024-01-28 14:24:53.827 [info] > git status -z -uall [4ms]
2024-01-28 14:30:19.859 [info] > git fetch [149ms]
2024-01-28 14:30:19.875 [info] > git config --get commit.template [7ms]
2024-01-28 14:30:19.876 [info] > git for-each-ref --format=%(refname)%00%(upstream:short)%00%(objectname)%00%(upstream:track)%00%(upstream:remotename)%00%(upstream:remoteref) refs/heads/main refs/remotes/main [3ms]
2024-01-28 14:30:19.887 [info] > git status -z -uall [5ms]
2024-01-28 14:30:21.056 [info] > git config --get commit.template [10ms]
2024-01-28 14:30:21.058 [info] > git for-each-ref --format=%(refname)%00%(upstream:short)%00%(objectname)%00%(upstream:track)%00%(upstream:remotename)%00%(upstream:remoteref) refs/heads/main refs/remotes/main [3ms]
2024-01-28 14:30:21.070 [info] > git status -z -uall [5ms]
2024-01-28 14:31:20.529 [info] > git config --get commit.template [11ms]
2024-01-28 14:31:20.531 [info] > git for-each-ref --format=%(refname)%00%(upstream:short)%00%(objectname)%00%(upstream:track)%00%(upstream:remotename)%00%(upstream:remoteref) refs/heads/main refs/remotes/main [4ms]
2024-01-28 14:31:20.543 [info] > git status -z -uall [4ms]
2024-01-28 14:33:20.062 [info] > git fetch [158ms]
2024-01-28 14:33:20.084 [info] > git config --get commit.template [9ms]
2024-01-28 14:33:20.085 [info] > git for-each-ref --format=%(refname)%00%(upstream:short)%00%(objectname)%00%(upstream:track)%00%(upstream:remotename)%00%(upstream:remoteref) refs/heads/main refs/remotes/main [3ms]
2024-01-28 14:33:20.098 [info] > git status -z -uall [5ms]
2024-01-28 14:33:21.260 [info] > git config --get commit.template [14ms]
2024-01-28 14:33:21.261 [info] > git for-each-ref --format=%(refname)%00%(upstream:short)%00%(objectname)%00%(upstream:track)%00%(upstream:remotename)%00%(upstream:remoteref) refs/heads/main refs/remotes/main [3ms]
2024-01-28 14:33:21.274 [info] > git status -z -uall [4ms]
2024-01-28 14:36:20.257 [info] > git fetch [139ms]
2024-01-28 14:36:20.282 [info] > git config --get commit.template [12ms]
2024-01-28 14:36:20.284 [info] > git for-each-ref --format=%(refname)%00%(upstream:short)%00%(objectname)%00%(upstream:track)%00%(upstream:remotename)%00%(upstream:remoteref) refs/heads/main refs/remotes/main [2ms]
2024-01-28 14:36:20.296 [info] > git status -z -uall [5ms]
2024-01-28 14:36:21.459 [info] > git config --get commit.template [11ms]
2024-01-28 14:36:21.461 [info] > git for-each-ref --format=%(refname)%00%(upstream:short)%00%(objectname)%00%(upstream:track)%00%(upstream:remotename)%00%(upstream:remoteref) refs/heads/main refs/remotes/main [3ms]
2024-01-28 14:36:21.473 [info] > git status -z -uall [4ms]
2024-01-28 14:39:20.454 [info] > git fetch [135ms]
2024-01-28 14:39:20.471 [info] > git config --get commit.template [8ms]
2024-01-28 14:39:20.472 [info] > git for-each-ref --format=%(refname)%00%(upstream:short)%00%(objectname)%00%(upstream:track)%00%(upstream:remotename)%00%(upstream:remoteref) refs/heads/main refs/remotes/main [3ms]
2024-01-28 14:39:20.485 [info] > git status -z -uall [5ms]
2024-01-28 14:39:21.642 [info] > git config --get commit.template [8ms]
2024-01-28 14:39:21.644 [info] > git for-each-ref --format=%(refname)%00%(upstream:short)%00%(objectname)%00%(upstream:track)%00%(upstream:remotename)%00%(upstream:remoteref) refs/heads/main refs/remotes/main [3ms]
2024-01-28 14:39:21.654 [info] > git status -z -uall [4ms]
2024-01-28 14:42:30.440 [info] > git fetch [154ms]
2024-01-28 14:42:30.461 [info] > git config --get commit.template [11ms]
2024-01-28 14:42:30.464 [info] > git for-each-ref --format=%(refname)%00%(upstream:short)%00%(objectname)%00%(upstream:track)%00%(upstream:remotename)%00%(upstream:remoteref) refs/heads/main refs/remotes/main [4ms]
2024-01-28 14:42:30.476 [info] > git status -z -uall [4ms]
2024-01-28 14:42:31.700 [info] > git config --get commit.template [8ms]
2024-01-28 14:42:31.701 [info] > git for-each-ref --format=%(refname)%00%(upstream:short)%00%(objectname)%00%(upstream:track)%00%(upstream:remotename)%00%(upstream:remoteref) refs/heads/main refs/remotes/main [2ms]
2024-01-28 14:42:31.713 [info] > git status -z -uall [4ms]
2024-01-28 14:45:30.643 [info] > git fetch [149ms]
2024-01-28 14:45:30.663 [info] > git config --get commit.template [11ms]
2024-01-28 14:45:30.664 [info] > git for-each-ref --format=%(refname)%00%(upstream:short)%00%(objectname)%00%(upstream:track)%00%(upstream:remotename)%00%(upstream:remoteref) refs/heads/main refs/remotes/main [2ms]
2024-01-28 14:45:30.676 [info] > git status -z -uall [5ms]
2024-01-28 14:45:31.836 [info] > git config --get commit.template [9ms]
2024-01-28 14:45:31.838 [info] > git for-each-ref --format=%(refname)%00%(upstream:short)%00%(objectname)%00%(upstream:track)%00%(upstream:remotename)%00%(upstream:remoteref) refs/heads/main refs/remotes/main [4ms]
2024-01-28 14:45:31.852 [info] > git status -z -uall [6ms]
2024-01-28 14:48:30.838 [info] > git fetch [144ms]
2024-01-28 14:48:30.858 [info] > git config --get commit.template [11ms]
2024-01-28 14:48:30.860 [info] > git for-each-ref --format=%(refname)%00%(upstream:short)%00%(objectname)%00%(upstream:track)%00%(upstream:remotename)%00%(upstream:remoteref) refs/heads/main refs/remotes/main [6ms]
2024-01-28 14:48:30.881 [info] > git status -z -uall [6ms]
2024-01-28 14:48:32.048 [info] > git config --get commit.template [9ms]
2024-01-28 14:48:32.049 [info] > git for-each-ref --format=%(refname)%00%(upstream:short)%00%(objectname)%00%(upstream:track)%00%(upstream:remotename)%00%(upstream:remoteref) refs/heads/main refs/remotes/main [3ms]
2024-01-28 14:48:32.061 [info] > git status -z -uall [4ms]
2024-01-28 15:07:55.115 [info] > git fetch [145ms]
2024-01-28 15:07:55.131 [info] > git config --get commit.template [8ms]
2024-01-28 15:07:55.133 [info] > git for-each-ref --format=%(refname)%00%(upstream:short)%00%(objectname)%00%(upstream:track)%00%(upstream:remotename)%00%(upstream:remoteref) refs/heads/main refs/remotes/main [3ms]
2024-01-28 15:07:55.147 [info] > git status -z -uall [5ms]
2024-01-28 15:07:56.316 [info] > git config --get commit.template [15ms]
2024-01-28 15:07:56.317 [info] > git for-each-ref --format=%(refname)%00%(upstream:short)%00%(objectname)%00%(upstream:track)%00%(upstream:remotename)%00%(upstream:remoteref) refs/heads/main refs/remotes/main [3ms]
2024-01-28 15:07:56.333 [info] > git status -z -uall [5ms]
2024-01-28 15:10:55.311 [info] > git fetch [148ms]
2024-01-28 15:10:55.327 [info] > git config --get commit.template [8ms]
2024-01-28 15:10:55.328 [info] > git for-each-ref --format=%(refname)%00%(upstream:short)%00%(objectname)%00%(upstream:track)%00%(upstream:remotename)%00%(upstream:remoteref) refs/heads/main refs/remotes/main [2ms]
2024-01-28 15:10:55.339 [info] > git status -z -uall [5ms]
2024-01-28 15:10:56.502 [info] > git config --get commit.template [8ms]
2024-01-28 15:10:56.503 [info] > git for-each-ref --format=%(refname)%00%(upstream:short)%00%(objectname)%00%(upstream:track)%00%(upstream:remotename)%00%(upstream:remoteref) refs/heads/main refs/remotes/main [2ms]
2024-01-28 15:10:56.517 [info] > git status -z -uall [8ms]
