2024-01-22 19:46:47.782 [info] Log level: Info
2024-01-22 19:46:47.782 [info] Validating found git in: "git"
2024-01-22 19:46:47.782 [info] Using git "2.34.1" from "git"
2024-01-22 19:46:47.782 [info] > git rev-parse --show-toplevel [3ms]
2024-01-22 19:46:47.782 [info] fatal: not a git repository (or any of the parent directories): .git
2024-01-22 19:46:47.782 [info] > git rev-parse --show-toplevel [73ms]
2024-01-22 19:46:47.782 [info] > git rev-parse --git-dir --git-common-dir [204ms]
2024-01-22 19:46:47.782 [info] Open repository: /home/s4tankoua/espresso/S6-PROJECTS
2024-01-22 19:46:47.782 [info] > git config --get commit.template [32ms]
2024-01-22 19:46:47.782 [info] > git rev-parse --show-toplevel [26ms]
2024-01-22 19:46:47.782 [info] fatal: not a git repository (or any of the parent directories): .git
2024-01-22 19:46:47.782 [info] > git rev-parse --show-toplevel [9ms]
2024-01-22 19:46:47.782 [info] fatal: not a git repository (or any of the parent directories): .git
2024-01-22 19:46:47.782 [info] > git for-each-ref --format=%(refname)%00%(upstream:short)%00%(objectname)%00%(upstream:track)%00%(upstream:remotename)%00%(upstream:remoteref) refs/heads/main refs/remotes/main [21ms]
2024-01-22 19:46:47.782 [warning] ENOENT: no such file or directory, open '/home/s4tankoua/espresso/S6-PROJECTS/.git/refs/remotes/origin/main'
2024-01-22 19:46:47.782 [info] > git rev-parse refs/remotes/origin/main [7ms]
2024-01-22 19:46:47.782 [info] > git rev-parse --show-toplevel [23ms]
2024-01-22 19:46:47.782 [info] fatal: not a git repository (or any of the parent directories): .git
2024-01-22 19:46:47.782 [info] > git status -z -uall [61ms]
2024-01-22 19:46:47.782 [info] > git rev-parse --show-toplevel [10ms]
2024-01-22 19:46:47.782 [info] fatal: not a git repository (or any of the parent directories): .git
2024-01-22 19:46:47.785 [info] > git config --get commit.template [39ms]
2024-01-22 19:46:47.785 [info] > git rev-parse --show-toplevel [46ms]
2024-01-22 19:46:47.785 [info] fatal: not a git repository (or any of the parent directories): .git
2024-01-22 19:46:47.802 [info] > git for-each-ref --format=%(refname)%00%(upstream:short)%00%(objectname)%00%(upstream:track)%00%(upstream:remotename)%00%(upstream:remoteref) refs/heads/main refs/remotes/main [3ms]
2024-01-22 19:46:47.814 [warning] ENOENT: no such file or directory, open '/home/s4tankoua/espresso/S6-PROJECTS/.git/refs/remotes/origin/main'
2024-01-22 19:46:47.932 [info] > git rev-parse refs/remotes/origin/main [119ms]
2024-01-22 19:46:47.941 [info] > git fetch [421ms]
2024-01-22 19:46:47.954 [info] > git status -z -uall [13ms] (cancelled)
2024-01-22 19:46:47.956 [info] > git config --get commit.template [4ms]
2024-01-22 19:46:47.968 [info] > git for-each-ref --format=%(refname)%00%(upstream:short)%00%(objectname)%00%(upstream:track)%00%(upstream:remotename)%00%(upstream:remoteref) refs/heads/main refs/remotes/main [3ms]
2024-01-22 19:46:47.979 [warning] ENOENT: no such file or directory, open '/home/s4tankoua/espresso/S6-PROJECTS/.git/refs/remotes/origin/main'
2024-01-22 19:46:47.982 [info] > git rev-parse refs/remotes/origin/main [3ms]
2024-01-22 19:46:47.998 [info] > git status -z -uall [9ms]
2024-01-22 19:46:48.293 [info] > git check-ignore -v -z --stdin [2ms]
2024-01-22 19:46:49.226 [info] > git config --get commit.template [1ms]
2024-01-22 19:46:49.235 [info] > git for-each-ref --format=%(refname)%00%(upstream:short)%00%(objectname)%00%(upstream:track)%00%(upstream:remotename)%00%(upstream:remoteref) refs/heads/main refs/remotes/main [2ms]
2024-01-22 19:46:49.243 [warning] ENOENT: no such file or directory, open '/home/s4tankoua/espresso/S6-PROJECTS/.git/refs/remotes/origin/main'
2024-01-22 19:46:49.245 [info] > git rev-parse refs/remotes/origin/main [2ms]
2024-01-22 19:46:49.257 [info] > git status -z -uall [5ms]
2024-01-22 20:03:51.225 [info] > git fetch [163ms]
2024-01-22 20:03:51.243 [info] > git config --get commit.template [8ms]
2024-01-22 20:03:51.243 [info] > git for-each-ref --format=%(refname)%00%(upstream:short)%00%(objectname)%00%(upstream:track)%00%(upstream:remotename)%00%(upstream:remoteref) refs/heads/main refs/remotes/main [2ms]
2024-01-22 20:03:51.250 [warning] ENOENT: no such file or directory, open '/home/s4tankoua/espresso/S6-PROJECTS/.git/refs/remotes/origin/main'
2024-01-22 20:03:51.251 [info] > git rev-parse refs/remotes/origin/main [1ms]
2024-01-22 20:03:51.262 [info] > git status -z -uall [3ms]
2024-01-22 20:03:52.437 [info] > git config --get commit.template [9ms]
2024-01-22 20:03:52.438 [info] > git for-each-ref --format=%(refname)%00%(upstream:short)%00%(objectname)%00%(upstream:track)%00%(upstream:remotename)%00%(upstream:remoteref) refs/heads/main refs/remotes/main [3ms]
2024-01-22 20:03:52.444 [warning] ENOENT: no such file or directory, open '/home/s4tankoua/espresso/S6-PROJECTS/.git/refs/remotes/origin/main'
2024-01-22 20:03:52.446 [info] > git rev-parse refs/remotes/origin/main [2ms]
2024-01-22 20:03:52.458 [info] > git status -z -uall [6ms]
2024-01-22 20:06:51.453 [info] > git fetch [171ms]
2024-01-22 20:06:51.468 [info] > git config --get commit.template [7ms]
2024-01-22 20:06:51.470 [info] > git for-each-ref --format=%(refname)%00%(upstream:short)%00%(objectname)%00%(upstream:track)%00%(upstream:remotename)%00%(upstream:remoteref) refs/heads/main refs/remotes/main [2ms]
2024-01-22 20:06:51.480 [warning] ENOENT: no such file or directory, open '/home/s4tankoua/espresso/S6-PROJECTS/.git/refs/remotes/origin/main'
2024-01-22 20:06:51.481 [info] > git rev-parse refs/remotes/origin/main [1ms]
2024-01-22 20:06:51.494 [info] > git status -z -uall [3ms]
2024-01-22 20:06:52.658 [info] > git config --get commit.template [9ms]
2024-01-22 20:06:52.658 [info] > git for-each-ref --format=%(refname)%00%(upstream:short)%00%(objectname)%00%(upstream:track)%00%(upstream:remotename)%00%(upstream:remoteref) refs/heads/main refs/remotes/main [2ms]
2024-01-22 20:06:52.665 [warning] ENOENT: no such file or directory, open '/home/s4tankoua/espresso/S6-PROJECTS/.git/refs/remotes/origin/main'
2024-01-22 20:06:52.666 [info] > git rev-parse refs/remotes/origin/main [1ms]
2024-01-22 20:06:52.677 [info] > git status -z -uall [4ms]
2024-01-22 20:10:38.938 [info] > git fetch [146ms]
2024-01-22 20:10:38.954 [info] > git config --get commit.template [7ms]
2024-01-22 20:10:38.955 [info] > git for-each-ref --format=%(refname)%00%(upstream:short)%00%(objectname)%00%(upstream:track)%00%(upstream:remotename)%00%(upstream:remoteref) refs/heads/main refs/remotes/main [2ms]
2024-01-22 20:10:38.962 [warning] ENOENT: no such file or directory, open '/home/s4tankoua/espresso/S6-PROJECTS/.git/refs/remotes/origin/main'
2024-01-22 20:10:38.963 [info] > git rev-parse refs/remotes/origin/main [1ms]
2024-01-22 20:10:38.973 [info] > git status -z -uall [5ms]
2024-01-22 20:10:40.133 [info] > git config --get commit.template [8ms]
2024-01-22 20:10:40.134 [info] > git for-each-ref --format=%(refname)%00%(upstream:short)%00%(objectname)%00%(upstream:track)%00%(upstream:remotename)%00%(upstream:remoteref) refs/heads/main refs/remotes/main [1ms]
2024-01-22 20:10:40.140 [warning] ENOENT: no such file or directory, open '/home/s4tankoua/espresso/S6-PROJECTS/.git/refs/remotes/origin/main'
2024-01-22 20:10:40.142 [info] > git rev-parse refs/remotes/origin/main [2ms]
2024-01-22 20:10:40.152 [info] > git status -z -uall [4ms]
2024-01-22 20:13:39.156 [info] > git fetch [166ms]
2024-01-22 20:13:39.173 [info] > git config --get commit.template [7ms]
2024-01-22 20:13:39.174 [info] > git for-each-ref --format=%(refname)%00%(upstream:short)%00%(objectname)%00%(upstream:track)%00%(upstream:remotename)%00%(upstream:remoteref) refs/heads/main refs/remotes/main [2ms]
2024-01-22 20:13:39.180 [warning] ENOENT: no such file or directory, open '/home/s4tankoua/espresso/S6-PROJECTS/.git/refs/remotes/origin/main'
2024-01-22 20:13:39.181 [info] > git rev-parse refs/remotes/origin/main [1ms]
2024-01-22 20:13:39.190 [info] > git status -z -uall [4ms]
2024-01-22 20:13:40.351 [info] > git config --get commit.template [8ms]
2024-01-22 20:13:40.351 [info] > git for-each-ref --format=%(refname)%00%(upstream:short)%00%(objectname)%00%(upstream:track)%00%(upstream:remotename)%00%(upstream:remoteref) refs/heads/main refs/remotes/main [1ms]
2024-01-22 20:13:40.358 [warning] ENOENT: no such file or directory, open '/home/s4tankoua/espresso/S6-PROJECTS/.git/refs/remotes/origin/main'
2024-01-22 20:13:40.359 [info] > git rev-parse refs/remotes/origin/main [1ms]
2024-01-22 20:13:40.369 [info] > git status -z -uall [3ms]
2024-01-22 20:22:58.766 [info] > git fetch [155ms]
2024-01-22 20:22:58.782 [info] > git config --get commit.template [8ms]
2024-01-22 20:22:58.784 [info] > git for-each-ref --format=%(refname)%00%(upstream:short)%00%(objectname)%00%(upstream:track)%00%(upstream:remotename)%00%(upstream:remoteref) refs/heads/main refs/remotes/main [3ms]
2024-01-22 20:22:58.791 [warning] ENOENT: no such file or directory, open '/home/s4tankoua/espresso/S6-PROJECTS/.git/refs/remotes/origin/main'
2024-01-22 20:22:58.793 [info] > git rev-parse refs/remotes/origin/main [2ms]
2024-01-22 20:22:58.804 [info] > git status -z -uall [4ms]
2024-01-22 20:22:59.959 [info] > git config --get commit.template [1ms]
2024-01-22 20:22:59.968 [info] > git for-each-ref --format=%(refname)%00%(upstream:short)%00%(objectname)%00%(upstream:track)%00%(upstream:remotename)%00%(upstream:remoteref) refs/heads/main refs/remotes/main [2ms]
2024-01-22 20:22:59.975 [warning] ENOENT: no such file or directory, open '/home/s4tankoua/espresso/S6-PROJECTS/.git/refs/remotes/origin/main'
2024-01-22 20:22:59.977 [info] > git rev-parse refs/remotes/origin/main [2ms]
2024-01-22 20:22:59.988 [info] > git status -z -uall [4ms]
2024-01-22 20:25:59.008 [info] > git fetch [182ms]
2024-01-22 20:25:59.029 [info] > git config --get commit.template [10ms]
2024-01-22 20:25:59.030 [info] > git for-each-ref --format=%(refname)%00%(upstream:short)%00%(objectname)%00%(upstream:track)%00%(upstream:remotename)%00%(upstream:remoteref) refs/heads/main refs/remotes/main [3ms]
2024-01-22 20:25:59.039 [warning] ENOENT: no such file or directory, open '/home/s4tankoua/espresso/S6-PROJECTS/.git/refs/remotes/origin/main'
2024-01-22 20:25:59.041 [info] > git rev-parse refs/remotes/origin/main [2ms]
2024-01-22 20:25:59.056 [info] > git status -z -uall [5ms]
2024-01-22 20:26:00.245 [info] > git config --get commit.template [9ms]
2024-01-22 20:26:00.246 [info] > git for-each-ref --format=%(refname)%00%(upstream:short)%00%(objectname)%00%(upstream:track)%00%(upstream:remotename)%00%(upstream:remoteref) refs/heads/main refs/remotes/main [2ms]
2024-01-22 20:26:00.253 [warning] ENOENT: no such file or directory, open '/home/s4tankoua/espresso/S6-PROJECTS/.git/refs/remotes/origin/main'
2024-01-22 20:26:00.255 [info] > git rev-parse refs/remotes/origin/main [2ms]
2024-01-22 20:26:00.268 [info] > git status -z -uall [4ms]
2024-01-22 20:28:59.233 [info] > git fetch [160ms]
2024-01-22 20:28:59.243 [info] > git config --get commit.template [2ms]
2024-01-22 20:28:59.252 [info] > git for-each-ref --format=%(refname)%00%(upstream:short)%00%(objectname)%00%(upstream:track)%00%(upstream:remotename)%00%(upstream:remoteref) refs/heads/main refs/remotes/main [1ms]
2024-01-22 20:28:59.258 [warning] ENOENT: no such file or directory, open '/home/s4tankoua/espresso/S6-PROJECTS/.git/refs/remotes/origin/main'
2024-01-22 20:28:59.260 [info] > git rev-parse refs/remotes/origin/main [2ms]
2024-01-22 20:28:59.272 [info] > git status -z -uall [6ms]
2024-01-22 20:29:00.447 [info] > git config --get commit.template [8ms]
2024-01-22 20:29:00.449 [info] > git for-each-ref --format=%(refname)%00%(upstream:short)%00%(objectname)%00%(upstream:track)%00%(upstream:remotename)%00%(upstream:remoteref) refs/heads/main refs/remotes/main [2ms]
2024-01-22 20:29:00.455 [warning] ENOENT: no such file or directory, open '/home/s4tankoua/espresso/S6-PROJECTS/.git/refs/remotes/origin/main'
2024-01-22 20:29:00.457 [info] > git rev-parse refs/remotes/origin/main [1ms]
2024-01-22 20:29:00.471 [info] > git status -z -uall [7ms]
2024-01-22 20:31:59.462 [info] > git fetch [170ms]
2024-01-22 20:31:59.478 [info] > git config --get commit.template [8ms]
2024-01-22 20:31:59.479 [info] > git for-each-ref --format=%(refname)%00%(upstream:short)%00%(objectname)%00%(upstream:track)%00%(upstream:remotename)%00%(upstream:remoteref) refs/heads/main refs/remotes/main [1ms]
2024-01-22 20:31:59.485 [warning] ENOENT: no such file or directory, open '/home/s4tankoua/espresso/S6-PROJECTS/.git/refs/remotes/origin/main'
2024-01-22 20:31:59.487 [info] > git rev-parse refs/remotes/origin/main [2ms]
2024-01-22 20:31:59.500 [info] > git status -z -uall [6ms]
2024-01-22 20:32:00.668 [info] > git config --get commit.template [13ms]
2024-01-22 20:32:00.669 [info] > git for-each-ref --format=%(refname)%00%(upstream:short)%00%(objectname)%00%(upstream:track)%00%(upstream:remotename)%00%(upstream:remoteref) refs/heads/main refs/remotes/main [3ms]
2024-01-22 20:32:00.676 [warning] ENOENT: no such file or directory, open '/home/s4tankoua/espresso/S6-PROJECTS/.git/refs/remotes/origin/main'
2024-01-22 20:32:00.678 [info] > git rev-parse refs/remotes/origin/main [1ms]
2024-01-22 20:32:00.689 [info] > git status -z -uall [4ms]
2024-01-22 20:34:59.695 [info] > git fetch [177ms]
2024-01-22 20:34:59.711 [info] > git config --get commit.template [7ms]
2024-01-22 20:34:59.711 [info] > git for-each-ref --format=%(refname)%00%(upstream:short)%00%(objectname)%00%(upstream:track)%00%(upstream:remotename)%00%(upstream:remoteref) refs/heads/main refs/remotes/main [1ms]
2024-01-22 20:34:59.718 [warning] ENOENT: no such file or directory, open '/home/s4tankoua/espresso/S6-PROJECTS/.git/refs/remotes/origin/main'
2024-01-22 20:34:59.720 [info] > git rev-parse refs/remotes/origin/main [2ms]
2024-01-22 20:34:59.731 [info] > git status -z -uall [4ms]
2024-01-22 20:35:00.893 [info] > git config --get commit.template [10ms]
2024-01-22 20:35:00.894 [info] > git for-each-ref --format=%(refname)%00%(upstream:short)%00%(objectname)%00%(upstream:track)%00%(upstream:remotename)%00%(upstream:remoteref) refs/heads/main refs/remotes/main [2ms]
2024-01-22 20:35:00.902 [warning] ENOENT: no such file or directory, open '/home/s4tankoua/espresso/S6-PROJECTS/.git/refs/remotes/origin/main'
2024-01-22 20:35:00.904 [info] > git rev-parse refs/remotes/origin/main [2ms]
2024-01-22 20:35:00.917 [info] > git status -z -uall [4ms]
2024-01-22 20:37:59.902 [info] > git fetch [156ms]
2024-01-22 20:37:59.919 [info] > git config --get commit.template [8ms]
2024-01-22 20:37:59.921 [info] > git for-each-ref --format=%(refname)%00%(upstream:short)%00%(objectname)%00%(upstream:track)%00%(upstream:remotename)%00%(upstream:remoteref) refs/heads/main refs/remotes/main [2ms]
2024-01-22 20:37:59.930 [warning] ENOENT: no such file or directory, open '/home/s4tankoua/espresso/S6-PROJECTS/.git/refs/remotes/origin/main'
2024-01-22 20:37:59.931 [info] > git rev-parse refs/remotes/origin/main [1ms]
2024-01-22 20:37:59.944 [info] > git status -z -uall [5ms]
2024-01-22 20:38:01.102 [info] > git config --get commit.template [9ms]
2024-01-22 20:38:01.103 [info] > git for-each-ref --format=%(refname)%00%(upstream:short)%00%(objectname)%00%(upstream:track)%00%(upstream:remotename)%00%(upstream:remoteref) refs/heads/main refs/remotes/main [2ms]
2024-01-22 20:38:01.110 [warning] ENOENT: no such file or directory, open '/home/s4tankoua/espresso/S6-PROJECTS/.git/refs/remotes/origin/main'
2024-01-22 20:38:01.112 [info] > git rev-parse refs/remotes/origin/main [2ms]
2024-01-22 20:38:01.124 [info] > git status -z -uall [4ms]
2024-01-22 20:44:31.128 [info] > git fetch [192ms]
2024-01-22 20:44:31.148 [info] > git config --get commit.template [11ms]
2024-01-22 20:44:31.149 [info] > git for-each-ref --format=%(refname)%00%(upstream:short)%00%(objectname)%00%(upstream:track)%00%(upstream:remotename)%00%(upstream:remoteref) refs/heads/main refs/remotes/main [3ms]
2024-01-22 20:44:31.156 [warning] ENOENT: no such file or directory, open '/home/s4tankoua/espresso/S6-PROJECTS/.git/refs/remotes/origin/main'
2024-01-22 20:44:31.158 [info] > git rev-parse refs/remotes/origin/main [2ms]
2024-01-22 20:44:31.170 [info] > git status -z -uall [4ms]
2024-01-22 20:44:32.347 [info] > git config --get commit.template [10ms]
2024-01-22 20:44:32.348 [info] > git for-each-ref --format=%(refname)%00%(upstream:short)%00%(objectname)%00%(upstream:track)%00%(upstream:remotename)%00%(upstream:remoteref) refs/heads/main refs/remotes/main [3ms]
2024-01-22 20:44:32.355 [warning] ENOENT: no such file or directory, open '/home/s4tankoua/espresso/S6-PROJECTS/.git/refs/remotes/origin/main'
2024-01-22 20:44:32.356 [info] > git rev-parse refs/remotes/origin/main [2ms]
2024-01-22 20:44:32.366 [info] > git status -z -uall [4ms]
2024-01-22 20:53:15.958 [info] > git fetch [156ms]
2024-01-22 20:53:15.976 [info] > git config --get commit.template [9ms]
2024-01-22 20:53:15.977 [info] > git for-each-ref --format=%(refname)%00%(upstream:short)%00%(objectname)%00%(upstream:track)%00%(upstream:remotename)%00%(upstream:remoteref) refs/heads/main refs/remotes/main [4ms]
2024-01-22 20:53:15.984 [warning] ENOENT: no such file or directory, open '/home/s4tankoua/espresso/S6-PROJECTS/.git/refs/remotes/origin/main'
2024-01-22 20:53:15.986 [info] > git rev-parse refs/remotes/origin/main [2ms]
2024-01-22 20:53:15.997 [info] > git status -z -uall [4ms]
2024-01-22 23:57:21.335 [info] > git rev-parse --show-toplevel [2ms]
2024-01-22 23:57:21.335 [info] fatal: not a git repository (or any of the parent directories): .git
2024-01-22 23:57:21.375 [info] > git rev-parse --show-toplevel [2ms]
2024-01-22 23:57:21.375 [info] fatal: not a git repository (or any of the parent directories): .git
