2024-01-31 01:44:00.102 [info] Log level: Info
2024-01-31 01:44:00.102 [info] Validating found git in: "git"
2024-01-31 01:44:00.102 [info] Using git "2.34.1" from "git"
2024-01-31 01:44:00.102 [info] > git rev-parse --show-toplevel [2ms]
2024-01-31 01:44:00.102 [info] > git rev-parse --git-dir --git-common-dir [2ms]
2024-01-31 01:44:00.102 [info] Open repository: /home/s4tankoua/Expresso
2024-01-31 01:44:00.102 [info] > git config --get commit.template [2ms]
2024-01-31 01:44:00.102 [info] > git for-each-ref --format=%(refname)%00%(upstream:short)%00%(objectname)%00%(upstream:track)%00%(upstream:remotename)%00%(upstream:remoteref) refs/heads/main refs/remotes/main [4ms]
2024-01-31 01:44:00.102 [warning] ENOENT: no such file or directory, open '/home/s4tankoua/Expresso/.git/refs/remotes/origin/main'
2024-01-31 01:44:00.102 [info] > git rev-parse refs/remotes/origin/main [1ms]
2024-01-31 01:44:00.102 [info] > git status -z -uall [3ms]
2024-01-31 01:44:00.102 [info] > git config --get commit.template [14ms]
2024-01-31 01:44:00.102 [info] > git for-each-ref --format=%(refname)%00%(upstream:short)%00%(objectname)%00%(upstream:track)%00%(upstream:remotename)%00%(upstream:remoteref) refs/heads/main refs/remotes/main [2ms]
2024-01-31 01:44:00.102 [warning] ENOENT: no such file or directory, open '/home/s4tankoua/Expresso/.git/refs/remotes/origin/main'
2024-01-31 01:44:00.102 [info] > git rev-parse refs/remotes/origin/main [2ms]
2024-01-31 01:44:00.102 [info] > git fetch [110ms]
2024-01-31 01:44:00.102 [info] Missing or invalid credentials.
Skip silent fetch commands
Host key verification failed.
fatal: Could not read from remote repository.

Please make sure you have the correct access rights
and the repository exists.
2024-01-31 01:44:00.102 [info] > git status -z -uall [10ms] (cancelled)
2024-01-31 01:44:00.102 [info] > git config --get commit.template [1ms]
2024-01-31 01:44:00.102 [info] > git for-each-ref --format=%(refname)%00%(upstream:short)%00%(objectname)%00%(upstream:track)%00%(upstream:remotename)%00%(upstream:remoteref) refs/heads/main refs/remotes/main [2ms]
2024-01-31 01:44:00.102 [warning] ENOENT: no such file or directory, open '/home/s4tankoua/Expresso/.git/refs/remotes/origin/main'
2024-01-31 01:44:00.102 [info] > git rev-parse refs/remotes/origin/main [2ms]
2024-01-31 01:44:00.102 [info] > git status -z -uall [2ms]
2024-01-31 01:44:00.752 [info] > git check-ignore -v -z --stdin [1ms]
2024-01-31 01:44:02.246 [info] > git config --get commit.template [10ms]
2024-01-31 01:44:02.247 [info] > git for-each-ref --format=%(refname)%00%(upstream:short)%00%(objectname)%00%(upstream:track)%00%(upstream:remotename)%00%(upstream:remoteref) refs/heads/main refs/remotes/main [2ms]
2024-01-31 01:44:02.252 [warning] ENOENT: no such file or directory, open '/home/s4tankoua/Expresso/.git/refs/remotes/origin/main'
2024-01-31 01:44:02.253 [info] > git rev-parse refs/remotes/origin/main [1ms]
2024-01-31 01:44:02.262 [info] > git status -z -uall [2ms]
2024-01-31 01:46:18.663 [info] > git show --textconv :README.md [9ms]
2024-01-31 01:46:18.665 [info] > git ls-files --stage -- /home/s4tankoua/Expresso/README.md [4ms]
2024-01-31 01:46:18.673 [info] > git cat-file -s 1dcde4f7c22f7321e265336529de249575ab226e [1ms]
