2024-01-29 16:09:14.720 [info] Log level: Info
2024-01-29 16:09:14.720 [info] Validating found git in: "git"
2024-01-29 16:09:14.720 [info] Using git "2.34.1" from "git"
2024-01-29 16:09:14.720 [info] > git rev-parse --show-toplevel [2ms]
2024-01-29 16:09:14.720 [info] > git rev-parse --show-toplevel [2ms]
2024-01-29 16:09:14.720 [info] > git rev-parse --show-toplevel [1ms]
2024-01-29 16:09:14.720 [info] > git rev-parse --show-toplevel [2ms]
2024-01-29 16:09:14.720 [info] > git rev-parse --git-dir --git-common-dir [2ms]
2024-01-29 16:09:14.720 [info] Open repository: /home/s4tankoua/espresso/S6-PROJECTS
2024-01-29 16:09:14.720 [info] > git config --get commit.template [9ms]
2024-01-29 16:09:14.720 [info] > git rev-parse --show-toplevel [5ms]
2024-01-29 16:09:14.720 [info] > git for-each-ref --format=%(refname)%00%(upstream:short)%00%(objectname)%00%(upstream:track)%00%(upstream:remotename)%00%(upstream:remoteref) refs/heads/main refs/remotes/main [17ms]
2024-01-29 16:09:14.720 [info] > git rev-parse --show-toplevel [6ms]
2024-01-29 16:09:14.720 [info] > git status -z -uall [54ms]
2024-01-29 16:09:14.720 [info] > git rev-parse --show-toplevel [72ms]
2024-01-29 16:09:14.780 [info] > git rev-parse --show-toplevel [28ms]
2024-01-29 16:09:14.781 [info] > git fetch [211ms]
2024-01-29 16:09:14.782 [info] > git config --get commit.template [24ms]
2024-01-29 16:09:14.803 [info] > git rev-parse --show-toplevel [8ms]
2024-01-29 16:09:14.803 [info] > git for-each-ref --format=%(refname)%00%(upstream:short)%00%(objectname)%00%(upstream:track)%00%(upstream:remotename)%00%(upstream:remoteref) refs/heads/main refs/remotes/main [15ms]
2024-01-29 16:09:14.810 [info] > git config --get commit.template [9ms]
2024-01-29 16:09:14.821 [info] > git for-each-ref --format=%(refname)%00%(upstream:short)%00%(objectname)%00%(upstream:track)%00%(upstream:remotename)%00%(upstream:remoteref) refs/heads/main refs/remotes/main [5ms]
2024-01-29 16:09:14.911 [info] > git status -z -uall [82ms]
2024-01-29 16:09:15.289 [info] > git check-ignore -v -z --stdin [2ms]
2024-01-29 16:09:15.811 [info] > git rev-parse --show-toplevel [34ms]
2024-01-29 16:09:16.155 [info] > git rev-parse --show-toplevel [1ms]
2024-01-29 16:09:16.302 [info] > git rev-parse --show-toplevel [3ms]
2024-01-29 16:09:16.330 [info] > git rev-parse --show-toplevel [2ms]
2024-01-29 16:09:16.373 [info] > git rev-parse --show-toplevel [4ms]
2024-01-29 16:12:15.083 [info] > git fetch [154ms]
2024-01-29 16:12:15.100 [info] > git config --get commit.template [8ms]
2024-01-29 16:12:15.101 [info] > git for-each-ref --format=%(refname)%00%(upstream:short)%00%(objectname)%00%(upstream:track)%00%(upstream:remotename)%00%(upstream:remoteref) refs/heads/main refs/remotes/main [2ms]
2024-01-29 16:12:15.114 [info] > git status -z -uall [5ms]
2024-01-29 16:12:16.297 [info] > git config --get commit.template [9ms]
2024-01-29 16:12:16.298 [info] > git for-each-ref --format=%(refname)%00%(upstream:short)%00%(objectname)%00%(upstream:track)%00%(upstream:remotename)%00%(upstream:remoteref) refs/heads/main refs/remotes/main [5ms]
2024-01-29 16:12:16.312 [info] > git status -z -uall [6ms]
2024-01-29 16:15:15.310 [info] > git fetch [177ms]
2024-01-29 16:15:15.326 [info] > git config --get commit.template [8ms]
2024-01-29 16:15:15.328 [info] > git for-each-ref --format=%(refname)%00%(upstream:short)%00%(objectname)%00%(upstream:track)%00%(upstream:remotename)%00%(upstream:remoteref) refs/heads/main refs/remotes/main [3ms]
2024-01-29 16:15:15.341 [info] > git status -z -uall [4ms]
2024-01-29 16:15:16.510 [info] > git config --get commit.template [8ms]
2024-01-29 16:15:16.511 [info] > git for-each-ref --format=%(refname)%00%(upstream:short)%00%(objectname)%00%(upstream:track)%00%(upstream:remotename)%00%(upstream:remoteref) refs/heads/main refs/remotes/main [2ms]
2024-01-29 16:15:16.521 [info] > git status -z -uall [4ms]
2024-01-29 16:18:15.517 [info] > git fetch [154ms]
2024-01-29 16:18:15.533 [info] > git config --get commit.template [8ms]
2024-01-29 16:18:15.535 [info] > git for-each-ref --format=%(refname)%00%(upstream:short)%00%(objectname)%00%(upstream:track)%00%(upstream:remotename)%00%(upstream:remoteref) refs/heads/main refs/remotes/main [3ms]
2024-01-29 16:18:15.547 [info] > git status -z -uall [5ms]
2024-01-29 16:18:16.718 [info] > git config --get commit.template [7ms]
2024-01-29 16:18:16.719 [info] > git for-each-ref --format=%(refname)%00%(upstream:short)%00%(objectname)%00%(upstream:track)%00%(upstream:remotename)%00%(upstream:remoteref) refs/heads/main refs/remotes/main [2ms]
2024-01-29 16:18:16.729 [info] > git status -z -uall [4ms]
2024-01-29 16:21:15.725 [info] > git fetch [162ms]
2024-01-29 16:21:15.741 [info] > git config --get commit.template [7ms]
2024-01-29 16:21:15.743 [info] > git for-each-ref --format=%(refname)%00%(upstream:short)%00%(objectname)%00%(upstream:track)%00%(upstream:remotename)%00%(upstream:remoteref) refs/heads/main refs/remotes/main [3ms]
2024-01-29 16:21:15.755 [info] > git status -z -uall [5ms]
2024-01-29 16:21:16.919 [info] > git config --get commit.template [9ms]
2024-01-29 16:21:16.921 [info] > git for-each-ref --format=%(refname)%00%(upstream:short)%00%(objectname)%00%(upstream:track)%00%(upstream:remotename)%00%(upstream:remoteref) refs/heads/main refs/remotes/main [3ms]
2024-01-29 16:21:16.933 [info] > git status -z -uall [4ms]
2024-01-29 16:24:15.937 [info] > git fetch [163ms]
2024-01-29 16:24:15.952 [info] > git config --get commit.template [7ms]
2024-01-29 16:24:15.954 [info] > git for-each-ref --format=%(refname)%00%(upstream:short)%00%(objectname)%00%(upstream:track)%00%(upstream:remotename)%00%(upstream:remoteref) refs/heads/main refs/remotes/main [3ms]
2024-01-29 16:24:15.969 [info] > git status -z -uall [4ms]
2024-01-29 16:24:17.125 [info] > git config --get commit.template [8ms]
2024-01-29 16:24:17.127 [info] > git for-each-ref --format=%(refname)%00%(upstream:short)%00%(objectname)%00%(upstream:track)%00%(upstream:remotename)%00%(upstream:remoteref) refs/heads/main refs/remotes/main [3ms]
2024-01-29 16:24:17.138 [info] > git status -z -uall [4ms]
2024-01-29 16:44:29.128 [info] > git fetch [215ms]
2024-01-29 16:44:29.128 [info] From https://github.com/DEL-ORG/S6-PROJECTS
   d07782d..eb4310b  s6ronald   -> origin/s6ronald
2024-01-29 16:44:29.138 [info] > git config --get commit.template [2ms]
2024-01-29 16:44:29.149 [info] > git for-each-ref --format=%(refname)%00%(upstream:short)%00%(objectname)%00%(upstream:track)%00%(upstream:remotename)%00%(upstream:remoteref) refs/heads/main refs/remotes/main [3ms]
2024-01-29 16:44:29.162 [info] > git status -z -uall [4ms]
2024-01-29 16:44:30.319 [info] > git config --get commit.template [8ms]
2024-01-29 16:44:30.320 [info] > git for-each-ref --format=%(refname)%00%(upstream:short)%00%(objectname)%00%(upstream:track)%00%(upstream:remotename)%00%(upstream:remoteref) refs/heads/main refs/remotes/main [2ms]
2024-01-29 16:44:30.329 [info] > git status -z -uall [3ms]
2024-01-29 17:29:43.286 [info] > git rev-parse --show-toplevel [14ms]
2024-01-29 17:54:52.531 [info] > git rev-parse --show-toplevel [2ms]
2024-01-29 17:54:52.559 [info] > git rev-parse --show-toplevel [2ms]
2024-01-29 17:54:52.603 [info] > git rev-parse --show-toplevel [12ms]
2024-01-29 17:54:52.611 [info] > git rev-parse --show-toplevel [1ms]
2024-01-29 21:12:38.568 [info] > git fetch [144ms]
2024-01-29 21:12:38.585 [info] > git config --get commit.template [9ms]
2024-01-29 21:12:38.587 [info] > git for-each-ref --format=%(refname)%00%(upstream:short)%00%(objectname)%00%(upstream:track)%00%(upstream:remotename)%00%(upstream:remoteref) refs/heads/main refs/remotes/main [3ms]
2024-01-29 21:12:38.604 [info] > git status -z -uall [5ms]
2024-01-29 21:12:39.772 [info] > git config --get commit.template [19ms]
2024-01-29 21:12:39.774 [info] > git for-each-ref --format=%(refname)%00%(upstream:short)%00%(objectname)%00%(upstream:track)%00%(upstream:remotename)%00%(upstream:remoteref) refs/heads/main refs/remotes/main [4ms]
2024-01-29 21:12:39.789 [info] > git status -z -uall [4ms]
2024-01-29 21:25:50.123 [info] > git fetch [164ms]
2024-01-29 21:25:50.143 [info] > git config --get commit.template [9ms]
2024-01-29 21:25:50.144 [info] > git for-each-ref --format=%(refname)%00%(upstream:short)%00%(objectname)%00%(upstream:track)%00%(upstream:remotename)%00%(upstream:remoteref) refs/heads/main refs/remotes/main [3ms]
2024-01-29 21:25:50.156 [info] > git status -z -uall [4ms]
2024-01-29 21:58:48.925 [info] > git rev-parse --show-toplevel [1ms]
2024-01-30 01:13:48.759 [info] > git rev-parse --show-toplevel [2ms]
2024-01-30 01:13:48.793 [info] > git rev-parse --show-toplevel [2ms]
2024-01-30 01:13:48.813 [info] > git rev-parse --show-toplevel [13ms]
2024-01-30 01:13:48.825 [info] > git rev-parse --show-toplevel [3ms]
2024-01-30 01:13:48.862 [info] > git rev-parse --show-toplevel [7ms]
2024-01-30 01:13:48.890 [info] > git rev-parse --show-toplevel [4ms]
2024-01-30 04:44:11.156 [info] > git config --get commit.template [8ms]
2024-01-30 04:44:11.158 [info] > git for-each-ref --format=%(refname)%00%(upstream:short)%00%(objectname)%00%(upstream:track)%00%(upstream:remotename)%00%(upstream:remoteref) refs/heads/main refs/remotes/main [3ms]
2024-01-30 04:44:11.171 [info] > git status -z -uall [5ms]
2024-01-30 04:44:11.641 [info] > git fetch [502ms]
2024-01-30 04:44:11.641 [info] From https://github.com/DEL-ORG/S6-PROJECTS
   3d878b8..ed3400e  main       -> origin/main
2024-01-30 04:44:11.659 [info] > git config --get commit.template [9ms]
2024-01-30 04:44:11.660 [info] > git for-each-ref --format=%(refname)%00%(upstream:short)%00%(objectname)%00%(upstream:track)%00%(upstream:remotename)%00%(upstream:remoteref) refs/heads/main refs/remotes/main [3ms]
2024-01-30 04:44:11.672 [info] > git status -z -uall [4ms]
2024-01-30 04:44:16.202 [info] > git config --get commit.template [8ms]
2024-01-30 04:44:16.204 [info] > git for-each-ref --format=%(refname)%00%(upstream:short)%00%(objectname)%00%(upstream:track)%00%(upstream:remotename)%00%(upstream:remoteref) refs/heads/main refs/remotes/main [3ms]
2024-01-30 04:44:16.215 [info] > git status -z -uall [4ms]
2024-01-30 04:49:56.496 [info] > git fetch [154ms]
2024-01-30 04:49:56.513 [info] > git config --get commit.template [7ms]
2024-01-30 04:49:56.515 [info] > git for-each-ref --format=%(refname)%00%(upstream:short)%00%(objectname)%00%(upstream:track)%00%(upstream:remotename)%00%(upstream:remoteref) refs/heads/main refs/remotes/main [4ms]
2024-01-30 04:49:56.529 [info] > git status -z -uall [4ms]
2024-01-30 04:49:57.691 [info] > git config --get commit.template [8ms]
2024-01-30 04:49:57.692 [info] > git for-each-ref --format=%(refname)%00%(upstream:short)%00%(objectname)%00%(upstream:track)%00%(upstream:remotename)%00%(upstream:remoteref) refs/heads/main refs/remotes/main [2ms]
2024-01-30 04:49:57.705 [info] > git status -z -uall [5ms]
2024-01-30 04:51:03.392 [info] > git config --get commit.template [8ms]
2024-01-30 04:51:03.393 [info] > git for-each-ref --format=%(refname)%00%(upstream:short)%00%(objectname)%00%(upstream:track)%00%(upstream:remotename)%00%(upstream:remoteref) refs/heads/main refs/remotes/main [2ms]
2024-01-30 04:51:03.404 [info] > git status -z -uall [4ms]
2024-01-30 04:52:56.703 [info] > git fetch [155ms]
2024-01-30 04:52:56.722 [info] > git config --get commit.template [8ms]
2024-01-30 04:52:56.724 [info] > git for-each-ref --format=%(refname)%00%(upstream:short)%00%(objectname)%00%(upstream:track)%00%(upstream:remotename)%00%(upstream:remoteref) refs/heads/main refs/remotes/main [2ms]
2024-01-30 04:52:56.737 [info] > git status -z -uall [4ms]
2024-01-30 04:52:57.892 [info] > git config --get commit.template [7ms]
2024-01-30 04:52:57.894 [info] > git for-each-ref --format=%(refname)%00%(upstream:short)%00%(objectname)%00%(upstream:track)%00%(upstream:remotename)%00%(upstream:remoteref) refs/heads/main refs/remotes/main [3ms]
2024-01-30 04:52:57.905 [info] > git status -z -uall [4ms]
