2024-02-01 15:03:45.489 [info] Log level: Info
2024-02-01 15:03:45.490 [info] Validating found git in: "git"
2024-02-01 15:03:45.490 [info] Using git "2.34.1" from "git"
2024-02-01 15:03:45.490 [info] > git rev-parse --show-toplevel [4ms]
2024-02-01 15:03:45.490 [info] > git rev-parse --show-toplevel [2ms]
2024-02-01 15:03:45.490 [info] > git rev-parse --show-toplevel [10ms]
2024-02-01 15:03:45.490 [info] > git rev-parse --show-toplevel [1ms]
2024-02-01 15:03:45.490 [info] > git rev-parse --git-dir --git-common-dir [2ms]
2024-02-01 15:03:45.490 [info] Open repository: /home/s4tankoua/espresso/S6-PROJECTS
2024-02-01 15:03:45.490 [info] > git config --get commit.template [9ms]
2024-02-01 15:03:45.490 [info] > git rev-parse --show-toplevel [4ms]
2024-02-01 15:03:45.490 [info] > git for-each-ref --format=%(refname)%00%(upstream:short)%00%(objectname)%00%(upstream:track)%00%(upstream:remotename)%00%(upstream:remoteref) refs/heads/main refs/remotes/main [8ms]
2024-02-01 15:03:45.490 [info] > git rev-parse --show-toplevel [1ms]
2024-02-01 15:03:45.490 [info] > git rev-parse --show-toplevel [9ms]
2024-02-01 15:03:45.490 [info] > git status -z -uall [9ms]
2024-02-01 15:03:45.490 [info] > git rev-parse --show-toplevel [130ms]
2024-02-01 15:03:45.490 [info] > git config --get commit.template [3ms]
2024-02-01 15:03:45.490 [info] > git rev-parse --show-toplevel [10ms]
2024-02-01 15:03:45.490 [info] > git for-each-ref --format=%(refname)%00%(upstream:short)%00%(objectname)%00%(upstream:track)%00%(upstream:remotename)%00%(upstream:remoteref) refs/heads/main refs/remotes/main [6ms]
2024-02-01 15:03:45.490 [info] > git rev-parse --show-toplevel [4ms]
2024-02-01 15:03:45.494 [info] > git status -z -uall [5ms]
2024-02-01 15:03:46.247 [info] > git check-ignore -v -z --stdin [2ms]
2024-02-01 15:06:34.818 [info] > git rev-parse --show-toplevel [1ms]
2024-02-01 15:06:35.208 [info] > git rev-parse --show-toplevel [1ms]
2024-02-01 15:07:34.227 [info] > git rev-parse --show-toplevel [1ms]
2024-02-01 15:08:08.904 [info] > git rev-parse --show-toplevel [2ms]
2024-02-01 15:08:09.331 [info] > git rev-parse --show-toplevel [1ms]
2024-02-01 15:12:53.113 [info] > git rev-parse --show-toplevel [1ms]
2024-02-01 15:12:53.335 [info] > git check-ignore -v -z --stdin [2ms]
2024-02-01 15:12:56.969 [info] > git rev-parse --show-toplevel [2ms]
2024-02-01 15:32:31.748 [info] > git rev-parse --show-toplevel [1ms]
2024-02-01 15:35:42.259 [info] > git rev-parse --show-toplevel [1ms]
2024-02-01 15:35:42.401 [info] > git check-ignore -v -z --stdin [2ms]
2024-02-01 15:47:12.362 [info] > git rev-parse --show-toplevel [2ms]
2024-02-01 16:12:23.172 [info] > git rev-parse --show-toplevel [2ms]
2024-02-01 16:12:23.875 [info] > git config --get commit.template [7ms]
2024-02-01 16:12:23.876 [info] > git for-each-ref --format=%(refname)%00%(upstream:short)%00%(objectname)%00%(upstream:track)%00%(upstream:remotename)%00%(upstream:remoteref) refs/heads/main refs/remotes/main [3ms]
2024-02-01 16:12:23.887 [info] > git status -z -uall [4ms]
