2024-01-25 15:24:39.464 [info] Log level: Info
2024-01-25 15:24:39.464 [info] Validating found git in: "git"
2024-01-25 15:24:39.464 [info] Using git "2.34.1" from "git"
2024-01-25 15:24:39.464 [info] > git rev-parse --show-toplevel [2ms]
2024-01-25 15:24:39.464 [info] fatal: not a git repository (or any of the parent directories): .git
2024-01-25 15:24:39.464 [info] > git rev-parse --show-toplevel [255ms]
2024-01-25 15:24:39.464 [info] > git rev-parse --git-dir --git-common-dir [4ms]
2024-01-25 15:24:39.464 [info] Open repository: /home/s4tankoua/espresso/S6-PROJECTS
2024-01-25 15:24:39.464 [info] > git config --get commit.template [75ms]
2024-01-25 15:24:39.464 [info] > git rev-parse --show-toplevel [75ms]
2024-01-25 15:24:39.464 [info] fatal: not a git repository (or any of the parent directories): .git
2024-01-25 15:24:39.464 [info] > git for-each-ref --format=%(refname)%00%(upstream:short)%00%(objectname)%00%(upstream:track)%00%(upstream:remotename)%00%(upstream:remoteref) refs/heads/main refs/remotes/main [16ms]
2024-01-25 15:24:39.465 [info] > git rev-parse --show-toplevel [8ms]
2024-01-25 15:24:39.465 [info] fatal: not a git repository (or any of the parent directories): .git
2024-01-25 15:24:39.496 [info] > git status -z -uall [6ms]
2024-01-25 15:24:39.496 [info] > git rev-parse --show-toplevel [21ms]
2024-01-25 15:24:39.497 [info] fatal: not a git repository (or any of the parent directories): .git
2024-01-25 15:24:39.561 [info] > git rev-parse --show-toplevel [47ms]
2024-01-25 15:24:39.561 [info] fatal: not a git repository (or any of the parent directories): .git
2024-01-25 15:24:39.670 [info] > git config --get commit.template [110ms]
2024-01-25 15:24:39.670 [info] > git fetch [335ms]
2024-01-25 15:24:39.758 [info] > git rev-parse --show-toplevel [89ms]
2024-01-25 15:24:39.758 [info] fatal: not a git repository (or any of the parent directories): .git
2024-01-25 15:24:39.774 [info] > git config --get commit.template [18ms]
2024-01-25 15:24:39.777 [info] > git rev-parse --show-toplevel [4ms]
2024-01-25 15:24:39.777 [info] fatal: not a git repository (or any of the parent directories): .git
2024-01-25 15:24:39.778 [info] > git for-each-ref --format=%(refname)%00%(upstream:short)%00%(objectname)%00%(upstream:track)%00%(upstream:remotename)%00%(upstream:remoteref) refs/heads/main refs/remotes/main [11ms]
2024-01-25 15:24:40.001 [info] > git check-ignore -v -z --stdin [6ms]
2024-01-25 15:24:40.003 [info] > git rev-parse --show-toplevel [23ms]
2024-01-25 15:24:40.003 [info] fatal: not a git repository (or any of the parent directories): .git
2024-01-25 15:24:40.013 [info] > git for-each-ref --format=%(refname)%00%(upstream:short)%00%(objectname)%00%(upstream:track)%00%(upstream:remotename)%00%(upstream:remoteref) refs/heads/main refs/remotes/main [39ms]
2024-01-25 15:24:40.109 [info] > git status -z -uall [8ms]
2024-01-25 15:24:40.640 [info] > git check-ignore -v -z --stdin [2ms]
2024-01-25 15:24:41.156 [info] > git config --get commit.template [10ms]
2024-01-25 15:24:41.162 [info] > git for-each-ref --format=%(refname)%00%(upstream:short)%00%(objectname)%00%(upstream:track)%00%(upstream:remotename)%00%(upstream:remoteref) refs/heads/main refs/remotes/main [7ms]
2024-01-25 15:24:41.178 [info] > git status -z -uall [2ms]
2024-01-25 15:28:10.266 [info] > git fetch [170ms]
2024-01-25 15:28:10.285 [info] > git config --get commit.template [7ms]
2024-01-25 15:28:10.288 [info] > git for-each-ref --format=%(refname)%00%(upstream:short)%00%(objectname)%00%(upstream:track)%00%(upstream:remotename)%00%(upstream:remoteref) refs/heads/main refs/remotes/main [5ms]
2024-01-25 15:28:10.301 [info] > git status -z -uall [5ms]
2024-01-25 15:28:11.479 [info] > git config --get commit.template [9ms]
2024-01-25 15:28:11.480 [info] > git for-each-ref --format=%(refname)%00%(upstream:short)%00%(objectname)%00%(upstream:track)%00%(upstream:remotename)%00%(upstream:remoteref) refs/heads/main refs/remotes/main [3ms]
2024-01-25 15:28:11.491 [info] > git status -z -uall [4ms]
2024-01-25 15:31:43.035 [info] > git fetch [176ms]
2024-01-25 15:31:43.054 [info] > git config --get commit.template [8ms]
2024-01-25 15:31:43.054 [info] > git for-each-ref --format=%(refname)%00%(upstream:short)%00%(objectname)%00%(upstream:track)%00%(upstream:remotename)%00%(upstream:remoteref) refs/heads/main refs/remotes/main [2ms]
2024-01-25 15:31:43.069 [info] > git status -z -uall [4ms]
2024-01-25 15:31:44.238 [info] > git config --get commit.template [11ms]
2024-01-25 15:31:44.239 [info] > git for-each-ref --format=%(refname)%00%(upstream:short)%00%(objectname)%00%(upstream:track)%00%(upstream:remotename)%00%(upstream:remoteref) refs/heads/main refs/remotes/main [3ms]
2024-01-25 15:31:44.251 [info] > git status -z -uall [4ms]
2024-01-25 15:35:33.377 [info] > git fetch [185ms]
2024-01-25 15:35:33.394 [info] > git config --get commit.template [8ms]
2024-01-25 15:35:33.395 [info] > git for-each-ref --format=%(refname)%00%(upstream:short)%00%(objectname)%00%(upstream:track)%00%(upstream:remotename)%00%(upstream:remoteref) refs/heads/main refs/remotes/main [2ms]
2024-01-25 15:35:33.408 [info] > git status -z -uall [4ms]
2024-01-25 15:35:34.587 [info] > git config --get commit.template [10ms]
2024-01-25 15:35:34.589 [info] > git for-each-ref --format=%(refname)%00%(upstream:short)%00%(objectname)%00%(upstream:track)%00%(upstream:remotename)%00%(upstream:remoteref) refs/heads/main refs/remotes/main [3ms]
2024-01-25 15:35:34.602 [info] > git status -z -uall [5ms]
2024-01-25 15:38:33.596 [info] > git fetch [168ms]
2024-01-25 15:38:33.613 [info] > git config --get commit.template [8ms]
2024-01-25 15:38:33.614 [info] > git for-each-ref --format=%(refname)%00%(upstream:short)%00%(objectname)%00%(upstream:track)%00%(upstream:remotename)%00%(upstream:remoteref) refs/heads/main refs/remotes/main [2ms]
2024-01-25 15:38:33.628 [info] > git status -z -uall [4ms]
2024-01-25 15:38:34.791 [info] > git config --get commit.template [3ms]
2024-01-25 15:38:34.804 [info] > git for-each-ref --format=%(refname)%00%(upstream:short)%00%(objectname)%00%(upstream:track)%00%(upstream:remotename)%00%(upstream:remoteref) refs/heads/main refs/remotes/main [2ms]
2024-01-25 15:38:34.815 [info] > git status -z -uall [4ms]
2024-01-25 15:41:33.823 [info] > git fetch [176ms]
2024-01-25 15:41:33.840 [info] > git config --get commit.template [8ms]
2024-01-25 15:41:33.841 [info] > git for-each-ref --format=%(refname)%00%(upstream:short)%00%(objectname)%00%(upstream:track)%00%(upstream:remotename)%00%(upstream:remoteref) refs/heads/main refs/remotes/main [2ms]
2024-01-25 15:41:33.860 [info] > git status -z -uall [4ms]
2024-01-25 15:41:35.028 [info] > git config --get commit.template [8ms]
2024-01-25 15:41:35.029 [info] > git for-each-ref --format=%(refname)%00%(upstream:short)%00%(objectname)%00%(upstream:track)%00%(upstream:remotename)%00%(upstream:remoteref) refs/heads/main refs/remotes/main [2ms]
2024-01-25 15:41:35.041 [info] > git status -z -uall [5ms]
2024-01-25 15:44:52.729 [info] > git fetch [168ms]
2024-01-25 15:44:52.746 [info] > git config --get commit.template [8ms]
2024-01-25 15:44:52.747 [info] > git for-each-ref --format=%(refname)%00%(upstream:short)%00%(objectname)%00%(upstream:track)%00%(upstream:remotename)%00%(upstream:remoteref) refs/heads/main refs/remotes/main [2ms]
2024-01-25 15:44:52.758 [info] > git status -z -uall [4ms]
2024-01-25 15:44:53.924 [info] > git config --get commit.template [8ms]
2024-01-25 15:44:53.925 [info] > git for-each-ref --format=%(refname)%00%(upstream:short)%00%(objectname)%00%(upstream:track)%00%(upstream:remotename)%00%(upstream:remoteref) refs/heads/main refs/remotes/main [2ms]
2024-01-25 15:44:53.936 [info] > git status -z -uall [3ms]
2024-01-25 15:47:52.953 [info] > git fetch [176ms]
2024-01-25 15:47:52.978 [info] > git config --get commit.template [14ms]
2024-01-25 15:47:52.979 [info] > git for-each-ref --format=%(refname)%00%(upstream:short)%00%(objectname)%00%(upstream:track)%00%(upstream:remotename)%00%(upstream:remoteref) refs/heads/main refs/remotes/main [1ms]
2024-01-25 15:47:52.989 [info] > git status -z -uall [4ms]
2024-01-25 15:47:54.153 [info] > git config --get commit.template [10ms]
2024-01-25 15:47:54.153 [info] > git for-each-ref --format=%(refname)%00%(upstream:short)%00%(objectname)%00%(upstream:track)%00%(upstream:remotename)%00%(upstream:remoteref) refs/heads/main refs/remotes/main [2ms]
2024-01-25 15:47:54.165 [info] > git status -z -uall [4ms]
2024-01-25 15:52:39.255 [info] > git fetch [180ms]
2024-01-25 15:52:39.271 [info] > git config --get commit.template [7ms]
2024-01-25 15:52:39.272 [info] > git for-each-ref --format=%(refname)%00%(upstream:short)%00%(objectname)%00%(upstream:track)%00%(upstream:remotename)%00%(upstream:remoteref) refs/heads/main refs/remotes/main [2ms]
2024-01-25 15:52:39.284 [info] > git status -z -uall [4ms]
2024-01-25 15:52:40.447 [info] > git config --get commit.template [8ms]
2024-01-25 15:52:40.450 [info] > git for-each-ref --format=%(refname)%00%(upstream:short)%00%(objectname)%00%(upstream:track)%00%(upstream:remotename)%00%(upstream:remoteref) refs/heads/main refs/remotes/main [4ms]
2024-01-25 15:52:40.469 [info] > git status -z -uall [9ms]
