2024-01-22 20:15:13.743 [info] Log level: Info
2024-01-22 20:15:13.743 [info] Validating found git in: "git"
2024-01-22 20:15:13.743 [info] Using git "2.34.1" from "git"
2024-01-22 20:15:13.743 [info] > git rev-parse --show-toplevel [3ms]
2024-01-22 20:15:13.743 [info] fatal: detected dubious ownership in repository at '/home/s4tankoua/Modules/terraform-course-del'
To add an exception for this directory, call:

	git config --global --add safe.directory /home/s4tankoua/Modules/terraform-course-del
2024-01-22 20:15:13.743 [info] > git rev-parse --show-toplevel [19ms]
2024-01-22 20:15:13.743 [info] fatal: detected dubious ownership in repository at '/home/s4tankoua/Modules/terraform-course-del'
To add an exception for this directory, call:

	git config --global --add safe.directory /home/s4tankoua/Modules/terraform-course-del
2024-01-22 20:15:13.743 [info] > git rev-parse --show-toplevel [4ms]
2024-01-22 20:15:13.743 [info] fatal: detected dubious ownership in repository at '/home/s4tankoua/Modules/terraform-course-del'
To add an exception for this directory, call:

	git config --global --add safe.directory /home/s4tankoua/Modules/terraform-course-del
2024-01-22 20:15:13.745 [info] > git rev-parse --show-toplevel [2ms]
2024-01-22 20:15:13.745 [info] fatal: detected dubious ownership in repository at '/home/s4tankoua/Modules/terraform-course-del'
To add an exception for this directory, call:

	git config --global --add safe.directory /home/s4tankoua/Modules/terraform-course-del
2024-01-22 20:15:13.768 [info] > git rev-parse --show-toplevel [2ms]
2024-01-22 20:15:13.768 [info] fatal: detected dubious ownership in repository at '/home/s4tankoua/Modules/terraform-course-del'
To add an exception for this directory, call:

	git config --global --add safe.directory /home/s4tankoua/Modules/terraform-course-del
