2024-02-02 04:23:42.644 [info] Extension host with pid 156088 started
2024-02-02 04:23:42.667 [info] Lock '/home/s4tankoua/.vscode-server/data/User/workspaceStorage/c4a32dd17ca19df0594942ff4bbfb1a9/vscode.lock': Lock acquired.
2024-02-02 04:23:42.797 [info] ExtensionService#_doActivateExtension vscode.tunnel-forwarding, startup: false, activationEvent: 'onTunnel'
2024-02-02 04:23:42.900 [info] ExtensionService#_doActivateExtension vscode.git-base, startup: true, activationEvent: '*', root cause: vscode.git
2024-02-02 04:23:42.977 [info] ExtensionService#_doActivateExtension vscode.git, startup: true, activationEvent: '*'
2024-02-02 04:23:42.977 [info] ExtensionService#_doActivateExtension vscode.github, startup: true, activationEvent: '*'
2024-02-02 04:23:43.493 [info] Eager extensions activated
2024-02-02 04:23:43.493 [info] ExtensionService#_doActivateExtension vscode.debug-auto-launch, startup: false, activationEvent: 'onStartupFinished'
2024-02-02 04:23:43.494 [info] ExtensionService#_doActivateExtension vscode.merge-conflict, startup: false, activationEvent: 'onStartupFinished'
2024-02-02 04:33:39.142 [info] ExtensionService#_doActivateExtension vscode.emmet, startup: false, activationEvent: 'onLanguage'
2024-02-02 04:41:57.618 [warning] [Decorations] CAPPING events from decorations provider vscode.git 328
2024-02-02 04:42:04.432 [warning] [Decorations] CAPPING events from decorations provider vscode.git 328
2024-02-02 04:42:14.884 [warning] [Decorations] CAPPING events from decorations provider vscode.git 328
2024-02-02 04:42:21.718 [warning] [Decorations] CAPPING events from decorations provider vscode.git 328
2024-02-02 04:42:28.465 [warning] [Decorations] CAPPING events from decorations provider vscode.git 328
2024-02-02 04:42:35.249 [warning] [Decorations] CAPPING events from decorations provider vscode.git 328
2024-02-02 04:42:42.146 [warning] [Decorations] CAPPING events from decorations provider vscode.git 328
2024-02-02 04:42:48.917 [warning] [Decorations] CAPPING events from decorations provider vscode.git 328
2024-02-02 04:42:55.766 [warning] [Decorations] CAPPING events from decorations provider vscode.git 328
2024-02-02 04:43:02.544 [warning] [Decorations] CAPPING events from decorations provider vscode.git 328
2024-02-02 04:43:09.287 [warning] [Decorations] CAPPING events from decorations provider vscode.git 328
2024-02-02 04:43:16.050 [warning] [Decorations] CAPPING events from decorations provider vscode.git 328
2024-02-02 04:43:22.895 [warning] [Decorations] CAPPING events from decorations provider vscode.git 328
2024-02-02 04:43:29.746 [warning] [Decorations] CAPPING events from decorations provider vscode.git 328
2024-02-02 04:43:36.606 [warning] [Decorations] CAPPING events from decorations provider vscode.git 328
2024-02-02 04:43:43.487 [warning] [Decorations] CAPPING events from decorations provider vscode.git 328
2024-02-02 04:43:50.303 [warning] [Decorations] CAPPING events from decorations provider vscode.git 328
2024-02-02 04:43:57.170 [warning] [Decorations] CAPPING events from decorations provider vscode.git 328
2024-02-02 04:44:04.029 [warning] [Decorations] CAPPING events from decorations provider vscode.git 328
2024-02-02 04:44:10.885 [warning] [Decorations] CAPPING events from decorations provider vscode.git 328
2024-02-02 04:44:17.768 [warning] [Decorations] CAPPING events from decorations provider vscode.git 328
2024-02-02 04:44:24.623 [warning] [Decorations] CAPPING events from decorations provider vscode.git 328
2024-02-02 04:44:31.460 [warning] [Decorations] CAPPING events from decorations provider vscode.git 328
2024-02-02 04:44:38.316 [warning] [Decorations] CAPPING events from decorations provider vscode.git 328
2024-02-02 04:44:45.196 [warning] [Decorations] CAPPING events from decorations provider vscode.git 328
2024-02-02 04:44:52.021 [warning] [Decorations] CAPPING events from decorations provider vscode.git 328
2024-02-02 04:44:58.892 [warning] [Decorations] CAPPING events from decorations provider vscode.git 328
2024-02-02 04:45:05.754 [warning] [Decorations] CAPPING events from decorations provider vscode.git 328
2024-02-02 04:45:12.542 [warning] [Decorations] CAPPING events from decorations provider vscode.git 328
2024-02-02 06:36:11.179 [info] ExtensionService#_doActivateExtension vscode.json-language-features, startup: false, activationEvent: 'onLanguage:jsonc'
2024-02-02 06:36:11.180 [info] ExtensionService#_doActivateExtension vscode.typescript-language-features, startup: false, activationEvent: 'onLanguage:jsonc'
