2024-01-30 14:50:57.615 [info] Log level: Info
2024-01-30 14:50:57.615 [info] Validating found git in: "git"
2024-01-30 14:50:57.615 [info] Using git "2.34.1" from "git"
2024-01-30 14:50:57.615 [info] > git rev-parse --show-toplevel [2ms]
2024-01-30 14:50:57.615 [info] > git rev-parse --show-toplevel [2ms]
2024-01-30 14:50:57.615 [info] > git rev-parse --show-toplevel [3ms]
2024-01-30 14:50:57.618 [info] > git rev-parse --git-dir --git-common-dir [3ms]
2024-01-30 14:50:57.653 [info] Open repository: /home/s4tankoua/espresso/S6-PROJECTS
2024-01-30 14:50:57.678 [info] > git config --get commit.template [12ms]
2024-01-30 14:50:57.680 [info] > git rev-parse --show-toplevel [5ms]
2024-01-30 14:50:57.696 [info] > git for-each-ref --format=%(refname)%00%(upstream:short)%00%(objectname)%00%(upstream:track)%00%(upstream:remotename)%00%(upstream:remoteref) refs/heads/main refs/remotes/main [9ms]
2024-01-30 14:50:57.698 [info] > git rev-parse --show-toplevel [3ms]
2024-01-30 14:50:57.713 [info] > git rev-parse --show-toplevel [10ms]
2024-01-30 14:50:57.724 [info] > git status -z -uall [14ms]
2024-01-30 14:50:57.889 [info] > git rev-parse --show-toplevel [166ms]
2024-01-30 14:50:57.892 [info] > git config --get commit.template [3ms]
2024-01-30 14:50:57.892 [info] > git fetch [241ms]
2024-01-30 14:50:57.913 [info] > git rev-parse --show-toplevel [14ms]
2024-01-30 14:50:57.920 [info] > git for-each-ref --format=%(refname)%00%(upstream:short)%00%(objectname)%00%(upstream:track)%00%(upstream:remotename)%00%(upstream:remoteref) refs/heads/main refs/remotes/main [9ms]
2024-01-30 14:50:57.921 [info] > git config --get commit.template [15ms]
2024-01-30 14:50:57.931 [info] > git for-each-ref --format=%(refname)%00%(upstream:short)%00%(objectname)%00%(upstream:track)%00%(upstream:remotename)%00%(upstream:remoteref) refs/heads/main refs/remotes/main [5ms]
2024-01-30 14:50:57.944 [info] > git status -z -uall [5ms]
2024-01-30 14:50:58.424 [info] > git check-ignore -v -z --stdin [1ms]
2024-01-30 14:50:59.130 [info] > git config --get commit.template [8ms]
2024-01-30 14:50:59.131 [info] > git for-each-ref --format=%(refname)%00%(upstream:short)%00%(objectname)%00%(upstream:track)%00%(upstream:remotename)%00%(upstream:remoteref) refs/heads/main refs/remotes/main [4ms]
2024-01-30 14:50:59.142 [info] > git status -z -uall [4ms]
