2024-01-30 05:43:43.915 [info] Log level: Info
2024-01-30 05:43:43.915 [info] Validating found git in: "git"
2024-01-30 05:43:43.915 [info] Using git "2.34.1" from "git"
2024-01-30 05:43:43.915 [info] > git rev-parse --show-toplevel [3ms]
2024-01-30 05:43:43.915 [info] > git rev-parse --show-toplevel [3ms]
2024-01-30 05:43:43.915 [info] > git rev-parse --show-toplevel [4ms]
2024-01-30 05:43:43.915 [info] > git rev-parse --git-dir --git-common-dir [3ms]
2024-01-30 05:43:43.915 [info] Open repository: /home/s4tankoua/espresso/S6-PROJECTS
2024-01-30 05:43:43.915 [info] > git config --get commit.template [18ms]
2024-01-30 05:43:43.915 [info] > git rev-parse --show-toplevel [7ms]
2024-01-30 05:43:43.915 [info] > git for-each-ref --format=%(refname)%00%(upstream:short)%00%(objectname)%00%(upstream:track)%00%(upstream:remotename)%00%(upstream:remoteref) refs/heads/main refs/remotes/main [74ms]
2024-01-30 05:43:43.915 [info] > git rev-parse --show-toplevel [68ms]
2024-01-30 05:43:43.940 [info] > git rev-parse --show-toplevel [12ms]
2024-01-30 05:43:43.953 [info] > git status -z -uall [15ms]
2024-01-30 05:43:43.992 [info] > git fetch [220ms]
2024-01-30 05:43:43.993 [info] > git rev-parse --show-toplevel [42ms]
2024-01-30 05:43:44.000 [info] > git config --get commit.template [8ms]
2024-01-30 05:43:44.001 [info] > git config --get commit.template [3ms]
2024-01-30 05:43:44.020 [info] > git for-each-ref --format=%(refname)%00%(upstream:short)%00%(objectname)%00%(upstream:track)%00%(upstream:remotename)%00%(upstream:remoteref) refs/heads/main refs/remotes/main [13ms]
2024-01-30 05:43:44.021 [info] > git rev-parse --show-toplevel [9ms]
2024-01-30 05:43:44.028 [info] > git for-each-ref --format=%(refname)%00%(upstream:short)%00%(objectname)%00%(upstream:track)%00%(upstream:remotename)%00%(upstream:remoteref) refs/heads/main refs/remotes/main [10ms]
2024-01-30 05:43:44.047 [info] > git status -z -uall [5ms]
2024-01-30 05:43:45.486 [info] > git check-ignore -v -z --stdin [1ms]
2024-01-30 05:43:45.762 [info] > git config --get commit.template [7ms]
2024-01-30 05:43:45.763 [info] > git for-each-ref --format=%(refname)%00%(upstream:short)%00%(objectname)%00%(upstream:track)%00%(upstream:remotename)%00%(upstream:remoteref) refs/heads/main refs/remotes/main [2ms]
2024-01-30 05:43:45.773 [info] > git status -z -uall [4ms]
2024-01-30 05:44:45.436 [info] > git config --get commit.template [8ms]
2024-01-30 05:44:45.436 [info] > git for-each-ref --format=%(refname)%00%(upstream:short)%00%(objectname)%00%(upstream:track)%00%(upstream:remotename)%00%(upstream:remoteref) refs/heads/main refs/remotes/main [2ms]
2024-01-30 05:44:45.447 [info] > git status -z -uall [4ms]
