2024-01-26 04:28:08.755 [info] Log level: Info
2024-01-26 04:28:08.755 [info] Validating found git in: "git"
2024-01-26 04:28:08.755 [info] Using git "2.34.1" from "git"
2024-01-26 04:28:08.755 [info] > git rev-parse --show-toplevel [3ms]
2024-01-26 04:28:08.755 [info] > git rev-parse --show-toplevel [14ms]
2024-01-26 04:28:08.755 [info] > git rev-parse --show-toplevel [1ms]
2024-01-26 04:28:08.755 [info] > git rev-parse --git-dir --git-common-dir [1ms]
2024-01-26 04:28:08.755 [info] Open repository: /home/s4tankoua/espresso/S6-PROJECTS
2024-01-26 04:28:08.755 [info] > git rev-parse --show-toplevel [17ms]
2024-01-26 04:28:08.755 [info] > git config --get commit.template [23ms]
2024-01-26 04:28:08.755 [info] > git rev-parse --show-toplevel [2ms]
2024-01-26 04:28:08.755 [info] > git for-each-ref --format=%(refname)%00%(upstream:short)%00%(objectname)%00%(upstream:track)%00%(upstream:remotename)%00%(upstream:remoteref) refs/heads/main refs/remotes/main [13ms]
2024-01-26 04:28:08.755 [info] > git status -z -uall [19ms]
2024-01-26 04:28:08.755 [info] > git rev-parse --show-toplevel [29ms]
2024-01-26 04:28:08.755 [info] > git rev-parse --show-toplevel [21ms]
2024-01-26 04:28:08.755 [info] > git config --get commit.template [17ms]
2024-01-26 04:28:08.755 [info] > git rev-parse --show-toplevel [3ms]
2024-01-26 04:28:08.755 [info] > git for-each-ref --format=%(refname)%00%(upstream:short)%00%(objectname)%00%(upstream:track)%00%(upstream:remotename)%00%(upstream:remoteref) refs/heads/main refs/remotes/main [15ms]
2024-01-26 04:28:08.755 [info] > git fetch [196ms]
2024-01-26 04:28:08.755 [info] > git config --get commit.template [84ms]
2024-01-26 04:28:08.755 [info] > git rev-parse --show-toplevel [8ms]
2024-01-26 04:28:08.816 [info] > git for-each-ref --format=%(refname)%00%(upstream:short)%00%(objectname)%00%(upstream:track)%00%(upstream:remotename)%00%(upstream:remoteref) refs/heads/main refs/remotes/main [51ms]
2024-01-26 04:28:08.817 [info] > git rev-parse --show-toplevel [40ms]
2024-01-26 04:28:08.833 [info] > git status -z -uall [6ms]
2024-01-26 04:28:09.334 [info] > git check-ignore -v -z --stdin [3ms]
2024-01-26 04:28:10.358 [info] > git config --get commit.template [8ms]
2024-01-26 04:28:10.359 [info] > git for-each-ref --format=%(refname)%00%(upstream:short)%00%(objectname)%00%(upstream:track)%00%(upstream:remotename)%00%(upstream:remoteref) refs/heads/main refs/remotes/main [2ms]
2024-01-26 04:28:10.372 [info] > git status -z -uall [5ms]
2024-01-26 04:29:15.528 [info] > git config --get commit.template [8ms]
2024-01-26 04:29:15.529 [info] > git for-each-ref --format=%(refname)%00%(upstream:short)%00%(objectname)%00%(upstream:track)%00%(upstream:remotename)%00%(upstream:remoteref) refs/heads/main refs/remotes/main [2ms]
2024-01-26 04:29:15.539 [info] > git status -z -uall [3ms]
2024-01-26 04:32:33.044 [info] > git fetch [145ms]
2024-01-26 04:32:33.060 [info] > git config --get commit.template [7ms]
2024-01-26 04:32:33.061 [info] > git for-each-ref --format=%(refname)%00%(upstream:short)%00%(objectname)%00%(upstream:track)%00%(upstream:remotename)%00%(upstream:remoteref) refs/heads/main refs/remotes/main [2ms]
2024-01-26 04:32:33.074 [info] > git status -z -uall [4ms]
2024-01-26 04:32:34.234 [info] > git config --get commit.template [7ms]
2024-01-26 04:32:34.236 [info] > git for-each-ref --format=%(refname)%00%(upstream:short)%00%(objectname)%00%(upstream:track)%00%(upstream:remotename)%00%(upstream:remoteref) refs/heads/main refs/remotes/main [3ms]
2024-01-26 04:32:34.246 [info] > git status -z -uall [3ms]
2024-01-26 04:35:33.235 [info] > git fetch [144ms]
2024-01-26 04:35:33.256 [info] > git config --get commit.template [9ms]
2024-01-26 04:35:33.257 [info] > git for-each-ref --format=%(refname)%00%(upstream:short)%00%(objectname)%00%(upstream:track)%00%(upstream:remotename)%00%(upstream:remoteref) refs/heads/main refs/remotes/main [2ms]
2024-01-26 04:35:33.271 [info] > git status -z -uall [5ms]
2024-01-26 04:35:34.435 [info] > git config --get commit.template [8ms]
2024-01-26 04:35:34.436 [info] > git for-each-ref --format=%(refname)%00%(upstream:short)%00%(objectname)%00%(upstream:track)%00%(upstream:remotename)%00%(upstream:remoteref) refs/heads/main refs/remotes/main [3ms]
2024-01-26 04:35:34.448 [info] > git status -z -uall [6ms]
2024-01-26 04:38:33.430 [info] > git fetch [139ms]
2024-01-26 04:38:33.445 [info] > git config --get commit.template [6ms]
2024-01-26 04:38:33.446 [info] > git for-each-ref --format=%(refname)%00%(upstream:short)%00%(objectname)%00%(upstream:track)%00%(upstream:remotename)%00%(upstream:remoteref) refs/heads/main refs/remotes/main [2ms]
2024-01-26 04:38:33.457 [info] > git status -z -uall [6ms]
2024-01-26 04:38:34.626 [info] > git config --get commit.template [2ms]
2024-01-26 04:38:34.654 [info] > git for-each-ref --format=%(refname)%00%(upstream:short)%00%(objectname)%00%(upstream:track)%00%(upstream:remotename)%00%(upstream:remoteref) refs/heads/main refs/remotes/main [1ms]
2024-01-26 04:38:34.668 [info] > git status -z -uall [5ms]
2024-01-26 04:43:43.941 [info] > git fetch [138ms]
2024-01-26 04:43:43.957 [info] > git config --get commit.template [9ms]
2024-01-26 04:43:43.957 [info] > git for-each-ref --format=%(refname)%00%(upstream:short)%00%(objectname)%00%(upstream:track)%00%(upstream:remotename)%00%(upstream:remoteref) refs/heads/main refs/remotes/main [2ms]
2024-01-26 04:43:43.969 [info] > git status -z -uall [4ms]
2024-01-26 04:43:45.128 [info] > git config --get commit.template [7ms]
2024-01-26 04:43:45.129 [info] > git for-each-ref --format=%(refname)%00%(upstream:short)%00%(objectname)%00%(upstream:track)%00%(upstream:remotename)%00%(upstream:remoteref) refs/heads/main refs/remotes/main [2ms]
2024-01-26 04:43:45.146 [info] > git status -z -uall [4ms]
2024-01-26 04:46:44.134 [info] > git fetch [149ms]
2024-01-26 04:46:44.148 [info] > git config --get commit.template [6ms]
2024-01-26 04:46:44.149 [info] > git for-each-ref --format=%(refname)%00%(upstream:short)%00%(objectname)%00%(upstream:track)%00%(upstream:remotename)%00%(upstream:remoteref) refs/heads/main refs/remotes/main [2ms]
2024-01-26 04:46:44.159 [info] > git status -z -uall [4ms]
2024-01-26 04:46:45.316 [info] > git config --get commit.template [10ms]
2024-01-26 04:46:45.317 [info] > git for-each-ref --format=%(refname)%00%(upstream:short)%00%(objectname)%00%(upstream:track)%00%(upstream:remotename)%00%(upstream:remoteref) refs/heads/main refs/remotes/main [2ms]
2024-01-26 04:46:45.327 [info] > git status -z -uall [3ms]
2024-01-26 04:49:44.335 [info] > git fetch [159ms]
2024-01-26 04:49:44.349 [info] > git config --get commit.template [7ms]
2024-01-26 04:49:44.350 [info] > git for-each-ref --format=%(refname)%00%(upstream:short)%00%(objectname)%00%(upstream:track)%00%(upstream:remotename)%00%(upstream:remoteref) refs/heads/main refs/remotes/main [2ms]
2024-01-26 04:49:44.359 [info] > git status -z -uall [3ms]
2024-01-26 04:49:45.517 [info] > git config --get commit.template [7ms]
2024-01-26 04:49:45.518 [info] > git for-each-ref --format=%(refname)%00%(upstream:short)%00%(objectname)%00%(upstream:track)%00%(upstream:remotename)%00%(upstream:remoteref) refs/heads/main refs/remotes/main [2ms]
2024-01-26 04:49:45.529 [info] > git status -z -uall [5ms]
2024-01-26 04:54:10.853 [info] > git fetch [175ms]
2024-01-26 04:54:10.868 [info] > git config --get commit.template [7ms]
2024-01-26 04:54:10.869 [info] > git for-each-ref --format=%(refname)%00%(upstream:short)%00%(objectname)%00%(upstream:track)%00%(upstream:remotename)%00%(upstream:remoteref) refs/heads/main refs/remotes/main [2ms]
2024-01-26 04:54:10.879 [info] > git status -z -uall [4ms]
2024-01-26 04:54:12.043 [info] > git config --get commit.template [7ms]
2024-01-26 04:54:12.044 [info] > git for-each-ref --format=%(refname)%00%(upstream:short)%00%(objectname)%00%(upstream:track)%00%(upstream:remotename)%00%(upstream:remoteref) refs/heads/main refs/remotes/main [2ms]
2024-01-26 04:54:12.054 [info] > git status -z -uall [3ms]
2024-01-26 04:58:26.302 [info] > git fetch [157ms]
2024-01-26 04:58:26.318 [info] > git config --get commit.template [7ms]
2024-01-26 04:58:26.318 [info] > git for-each-ref --format=%(refname)%00%(upstream:short)%00%(objectname)%00%(upstream:track)%00%(upstream:remotename)%00%(upstream:remoteref) refs/heads/main refs/remotes/main [2ms]
2024-01-26 04:58:26.331 [info] > git status -z -uall [4ms]
2024-01-26 04:58:27.489 [info] > git config --get commit.template [9ms]
2024-01-26 04:58:27.489 [info] > git for-each-ref --format=%(refname)%00%(upstream:short)%00%(objectname)%00%(upstream:track)%00%(upstream:remotename)%00%(upstream:remoteref) refs/heads/main refs/remotes/main [2ms]
2024-01-26 04:58:27.500 [info] > git status -z -uall [4ms]
2024-01-26 05:01:26.482 [info] > git fetch [135ms]
2024-01-26 05:01:26.497 [info] > git config --get commit.template [7ms]
2024-01-26 05:01:26.498 [info] > git for-each-ref --format=%(refname)%00%(upstream:short)%00%(objectname)%00%(upstream:track)%00%(upstream:remotename)%00%(upstream:remoteref) refs/heads/main refs/remotes/main [2ms]
2024-01-26 05:01:26.510 [info] > git status -z -uall [4ms]
2024-01-26 05:01:27.660 [info] > git config --get commit.template [7ms]
2024-01-26 05:01:27.661 [info] > git for-each-ref --format=%(refname)%00%(upstream:short)%00%(objectname)%00%(upstream:track)%00%(upstream:remotename)%00%(upstream:remoteref) refs/heads/main refs/remotes/main [2ms]
2024-01-26 05:01:27.673 [info] > git status -z -uall [4ms]
2024-01-26 05:04:26.675 [info] > git fetch [151ms]
2024-01-26 05:04:26.691 [info] > git config --get commit.template [7ms]
2024-01-26 05:04:26.692 [info] > git for-each-ref --format=%(refname)%00%(upstream:short)%00%(objectname)%00%(upstream:track)%00%(upstream:remotename)%00%(upstream:remoteref) refs/heads/main refs/remotes/main [2ms]
2024-01-26 05:04:26.702 [info] > git status -z -uall [3ms]
2024-01-26 05:04:27.857 [info] > git config --get commit.template [7ms]
2024-01-26 05:04:27.858 [info] > git for-each-ref --format=%(refname)%00%(upstream:short)%00%(objectname)%00%(upstream:track)%00%(upstream:remotename)%00%(upstream:remoteref) refs/heads/main refs/remotes/main [2ms]
2024-01-26 05:04:27.868 [info] > git status -z -uall [4ms]
2024-01-26 05:07:03.025 [info] > git rev-parse --show-toplevel [1ms]
2024-01-26 05:07:26.867 [info] > git fetch [149ms]
2024-01-26 05:07:26.882 [info] > git config --get commit.template [7ms]
2024-01-26 05:07:26.883 [info] > git for-each-ref --format=%(refname)%00%(upstream:short)%00%(objectname)%00%(upstream:track)%00%(upstream:remotename)%00%(upstream:remoteref) refs/heads/main refs/remotes/main [2ms]
2024-01-26 05:07:26.898 [info] > git status -z -uall [5ms]
2024-01-26 05:07:28.055 [info] > git config --get commit.template [8ms]
2024-01-26 05:07:28.056 [info] > git for-each-ref --format=%(refname)%00%(upstream:short)%00%(objectname)%00%(upstream:track)%00%(upstream:remotename)%00%(upstream:remoteref) refs/heads/main refs/remotes/main [3ms]
2024-01-26 05:07:28.070 [info] > git status -z -uall [4ms]
2024-01-26 05:10:27.064 [info] > git fetch [144ms]
2024-01-26 05:10:27.081 [info] > git config --get commit.template [8ms]
2024-01-26 05:10:27.082 [info] > git for-each-ref --format=%(refname)%00%(upstream:short)%00%(objectname)%00%(upstream:track)%00%(upstream:remotename)%00%(upstream:remoteref) refs/heads/main refs/remotes/main [2ms]
2024-01-26 05:10:27.093 [info] > git status -z -uall [4ms]
2024-01-26 05:10:28.252 [info] > git config --get commit.template [7ms]
2024-01-26 05:10:28.252 [info] > git for-each-ref --format=%(refname)%00%(upstream:short)%00%(objectname)%00%(upstream:track)%00%(upstream:remotename)%00%(upstream:remoteref) refs/heads/main refs/remotes/main [2ms]
2024-01-26 05:10:28.263 [info] > git status -z -uall [4ms]
2024-01-26 05:13:27.243 [info] > git fetch [136ms]
2024-01-26 05:13:27.257 [info] > git config --get commit.template [6ms]
2024-01-26 05:13:27.258 [info] > git for-each-ref --format=%(refname)%00%(upstream:short)%00%(objectname)%00%(upstream:track)%00%(upstream:remotename)%00%(upstream:remoteref) refs/heads/main refs/remotes/main [2ms]
2024-01-26 05:13:27.268 [info] > git status -z -uall [3ms]
2024-01-26 05:13:28.430 [info] > git config --get commit.template [9ms]
2024-01-26 05:13:28.431 [info] > git for-each-ref --format=%(refname)%00%(upstream:short)%00%(objectname)%00%(upstream:track)%00%(upstream:remotename)%00%(upstream:remoteref) refs/heads/main refs/remotes/main [2ms]
2024-01-26 05:13:28.441 [info] > git status -z -uall [4ms]
2024-01-26 05:16:27.425 [info] > git fetch [142ms]
2024-01-26 05:16:27.436 [info] > git config --get commit.template [1ms]
2024-01-26 05:16:27.445 [info] > git for-each-ref --format=%(refname)%00%(upstream:short)%00%(objectname)%00%(upstream:track)%00%(upstream:remotename)%00%(upstream:remoteref) refs/heads/main refs/remotes/main [3ms]
2024-01-26 05:16:27.457 [info] > git status -z -uall [4ms]
2024-01-26 05:16:28.616 [info] > git config --get commit.template [14ms]
2024-01-26 05:16:28.617 [info] > git for-each-ref --format=%(refname)%00%(upstream:short)%00%(objectname)%00%(upstream:track)%00%(upstream:remotename)%00%(upstream:remoteref) refs/heads/main refs/remotes/main [4ms]
2024-01-26 05:16:28.628 [info] > git status -z -uall [2ms]
2024-01-26 05:19:27.605 [info] > git fetch [133ms]
2024-01-26 05:19:27.620 [info] > git config --get commit.template [7ms]
2024-01-26 05:19:27.621 [info] > git for-each-ref --format=%(refname)%00%(upstream:short)%00%(objectname)%00%(upstream:track)%00%(upstream:remotename)%00%(upstream:remoteref) refs/heads/main refs/remotes/main [2ms]
2024-01-26 05:19:27.630 [info] > git status -z -uall [4ms]
2024-01-26 05:19:28.783 [info] > git config --get commit.template [7ms]
2024-01-26 05:19:28.783 [info] > git for-each-ref --format=%(refname)%00%(upstream:short)%00%(objectname)%00%(upstream:track)%00%(upstream:remotename)%00%(upstream:remoteref) refs/heads/main refs/remotes/main [1ms]
2024-01-26 05:19:28.796 [info] > git status -z -uall [4ms]
2024-01-26 05:24:24.014 [info] > git fetch [136ms]
2024-01-26 05:24:24.030 [info] > git config --get commit.template [8ms]
2024-01-26 05:24:24.031 [info] > git for-each-ref --format=%(refname)%00%(upstream:short)%00%(objectname)%00%(upstream:track)%00%(upstream:remotename)%00%(upstream:remoteref) refs/heads/main refs/remotes/main [3ms]
2024-01-26 05:24:24.041 [info] > git status -z -uall [4ms]
2024-01-26 05:24:25.238 [info] > git config --get commit.template [11ms]
2024-01-26 05:24:25.239 [info] > git for-each-ref --format=%(refname)%00%(upstream:short)%00%(objectname)%00%(upstream:track)%00%(upstream:remotename)%00%(upstream:remoteref) refs/heads/main refs/remotes/main [3ms]
2024-01-26 05:24:25.252 [info] > git status -z -uall [4ms]
2024-01-26 05:25:50.982 [info] > git rev-parse --show-toplevel [2ms]
2024-01-26 05:25:59.485 [info] > git rev-parse --show-toplevel [1ms]
2024-01-26 05:26:25.380 [info] > git rev-parse --show-toplevel [2ms]
2024-01-26 05:27:24.207 [info] > git fetch [151ms]
2024-01-26 05:27:24.224 [info] > git config --get commit.template [9ms]
2024-01-26 05:27:24.225 [info] > git for-each-ref --format=%(refname)%00%(upstream:short)%00%(objectname)%00%(upstream:track)%00%(upstream:remotename)%00%(upstream:remoteref) refs/heads/main refs/remotes/main [4ms]
2024-01-26 05:27:24.236 [info] > git status -z -uall [4ms]
2024-01-26 05:27:25.387 [info] > git config --get commit.template [7ms]
2024-01-26 05:27:25.388 [info] > git for-each-ref --format=%(refname)%00%(upstream:short)%00%(objectname)%00%(upstream:track)%00%(upstream:remotename)%00%(upstream:remoteref) refs/heads/main refs/remotes/main [2ms]
2024-01-26 05:27:25.397 [info] > git status -z -uall [4ms]
2024-01-26 05:30:24.400 [info] > git fetch [150ms]
2024-01-26 05:30:24.416 [info] > git config --get commit.template [7ms]
2024-01-26 05:30:24.419 [info] > git for-each-ref --format=%(refname)%00%(upstream:short)%00%(objectname)%00%(upstream:track)%00%(upstream:remotename)%00%(upstream:remoteref) refs/heads/main refs/remotes/main [3ms]
2024-01-26 05:30:24.429 [info] > git status -z -uall [3ms]
2024-01-26 05:30:25.578 [info] > git config --get commit.template [6ms]
2024-01-26 05:30:25.578 [info] > git for-each-ref --format=%(refname)%00%(upstream:short)%00%(objectname)%00%(upstream:track)%00%(upstream:remotename)%00%(upstream:remoteref) refs/heads/main refs/remotes/main [1ms]
2024-01-26 05:30:25.589 [info] > git status -z -uall [3ms]
2024-01-26 05:31:21.700 [info] > git rev-parse --show-toplevel [2ms]
2024-01-26 05:32:15.885 [info] > git rev-parse --show-toplevel [1ms]
2024-01-26 05:35:53.875 [info] > git fetch [170ms]
2024-01-26 05:35:53.888 [info] > git config --get commit.template [6ms]
2024-01-26 05:35:53.890 [info] > git for-each-ref --format=%(refname)%00%(upstream:short)%00%(objectname)%00%(upstream:track)%00%(upstream:remotename)%00%(upstream:remoteref) refs/heads/main refs/remotes/main [1ms]
2024-01-26 05:35:53.900 [info] > git status -z -uall [4ms]
2024-01-26 05:35:55.093 [info] > git config --get commit.template [9ms]
2024-01-26 05:35:55.095 [info] > git for-each-ref --format=%(refname)%00%(upstream:short)%00%(objectname)%00%(upstream:track)%00%(upstream:remotename)%00%(upstream:remoteref) refs/heads/main refs/remotes/main [3ms]
2024-01-26 05:35:55.106 [info] > git status -z -uall [4ms]
2024-01-26 05:36:32.146 [info] > git rev-parse --show-toplevel [2ms]
2024-01-26 05:38:45.658 [info] > git rev-parse --show-toplevel [2ms]
2024-01-26 05:38:54.058 [info] > git fetch [143ms]
2024-01-26 05:38:54.074 [info] > git config --get commit.template [7ms]
2024-01-26 05:38:54.074 [info] > git for-each-ref --format=%(refname)%00%(upstream:short)%00%(objectname)%00%(upstream:track)%00%(upstream:remotename)%00%(upstream:remoteref) refs/heads/main refs/remotes/main [1ms]
2024-01-26 05:38:54.084 [info] > git status -z -uall [3ms]
2024-01-26 05:38:55.266 [info] > git config --get commit.template [26ms]
2024-01-26 05:38:55.275 [info] > git for-each-ref --format=%(refname)%00%(upstream:short)%00%(objectname)%00%(upstream:track)%00%(upstream:remotename)%00%(upstream:remoteref) refs/heads/main refs/remotes/main [13ms]
2024-01-26 05:38:55.294 [info] > git status -z -uall [8ms]
2024-01-26 05:38:55.609 [info] > git rev-parse --show-toplevel [2ms]
2024-01-26 05:41:54.240 [info] > git fetch [141ms]
2024-01-26 05:41:54.255 [info] > git config --get commit.template [6ms]
2024-01-26 05:41:54.256 [info] > git for-each-ref --format=%(refname)%00%(upstream:short)%00%(objectname)%00%(upstream:track)%00%(upstream:remotename)%00%(upstream:remoteref) refs/heads/main refs/remotes/main [1ms]
2024-01-26 05:41:54.266 [info] > git status -z -uall [3ms]
2024-01-26 05:41:55.423 [info] > git config --get commit.template [8ms]
2024-01-26 05:41:55.425 [info] > git for-each-ref --format=%(refname)%00%(upstream:short)%00%(objectname)%00%(upstream:track)%00%(upstream:remotename)%00%(upstream:remoteref) refs/heads/main refs/remotes/main [4ms]
2024-01-26 05:41:55.435 [info] > git status -z -uall [4ms]
2024-01-26 05:44:58.183 [info] > git fetch [165ms]
2024-01-26 05:44:58.198 [info] > git config --get commit.template [8ms]
2024-01-26 05:44:58.200 [info] > git for-each-ref --format=%(refname)%00%(upstream:short)%00%(objectname)%00%(upstream:track)%00%(upstream:remotename)%00%(upstream:remoteref) refs/heads/main refs/remotes/main [3ms]
2024-01-26 05:44:58.210 [info] > git status -z -uall [4ms]
2024-01-26 05:44:59.362 [info] > git config --get commit.template [8ms]
2024-01-26 05:44:59.363 [info] > git for-each-ref --format=%(refname)%00%(upstream:short)%00%(objectname)%00%(upstream:track)%00%(upstream:remotename)%00%(upstream:remoteref) refs/heads/main refs/remotes/main [3ms]
2024-01-26 05:44:59.374 [info] > git status -z -uall [5ms]
2024-01-26 05:47:58.380 [info] > git fetch [154ms]
2024-01-26 05:47:58.396 [info] > git config --get commit.template [8ms]
2024-01-26 05:47:58.398 [info] > git for-each-ref --format=%(refname)%00%(upstream:short)%00%(objectname)%00%(upstream:track)%00%(upstream:remotename)%00%(upstream:remoteref) refs/heads/main refs/remotes/main [3ms]
2024-01-26 05:47:58.411 [info] > git status -z -uall [5ms]
2024-01-26 05:47:59.565 [info] > git config --get commit.template [9ms]
2024-01-26 05:47:59.566 [info] > git for-each-ref --format=%(refname)%00%(upstream:short)%00%(objectname)%00%(upstream:track)%00%(upstream:remotename)%00%(upstream:remoteref) refs/heads/main refs/remotes/main [3ms]
2024-01-26 05:47:59.578 [info] > git status -z -uall [3ms]
2024-01-26 05:50:58.569 [info] > git fetch [145ms]
2024-01-26 05:50:58.583 [info] > git config --get commit.template [6ms]
2024-01-26 05:50:58.584 [info] > git for-each-ref --format=%(refname)%00%(upstream:short)%00%(objectname)%00%(upstream:track)%00%(upstream:remotename)%00%(upstream:remoteref) refs/heads/main refs/remotes/main [1ms]
2024-01-26 05:50:58.593 [info] > git status -z -uall [3ms]
2024-01-26 05:50:59.751 [info] > git config --get commit.template [8ms]
2024-01-26 05:50:59.752 [info] > git for-each-ref --format=%(refname)%00%(upstream:short)%00%(objectname)%00%(upstream:track)%00%(upstream:remotename)%00%(upstream:remoteref) refs/heads/main refs/remotes/main [2ms]
2024-01-26 05:50:59.769 [info] > git status -z -uall [6ms]
2024-01-26 05:52:15.974 [info] > git rev-parse --show-toplevel [1ms]
