2024-01-13 13:45:51.449 [info] Log level: Info
2024-01-13 13:45:51.449 [info] Validating found git in: "git"
2024-01-13 13:45:51.449 [info] Using git "2.34.1" from "git"
2024-01-13 13:45:51.449 [info] > git rev-parse --show-toplevel [3ms]
2024-01-13 13:45:51.449 [info] fatal: not a git repository (or any of the parent directories): .git
2024-01-13 13:45:51.449 [info] > git rev-parse --show-toplevel [4ms]
2024-01-13 13:45:51.449 [info] fatal: not a git repository (or any of the parent directories): .git
2024-01-13 13:45:51.449 [info] > git rev-parse --show-toplevel [9ms]
2024-01-13 13:45:51.449 [info] fatal: not a git repository (or any of the parent directories): .git
2024-01-13 13:45:51.449 [info] > git rev-parse --show-toplevel [7ms]
2024-01-13 13:45:51.449 [info] fatal: not a git repository (or any of the parent directories): .git
2024-01-13 13:45:51.486 [info] > git rev-parse --show-toplevel [37ms]
2024-01-13 13:45:51.494 [info] > git rev-parse --git-dir --git-common-dir [2ms]
2024-01-13 13:45:51.514 [info] Open repository: /home/s4tankoua/S6-PROJECTS
2024-01-13 13:45:51.535 [info] > git config --get commit.template [11ms]
2024-01-13 13:45:51.536 [info] > git rev-parse --show-toplevel [5ms]
2024-01-13 13:45:51.550 [info] > git for-each-ref --format=%(refname)%00%(upstream:short)%00%(objectname)%00%(upstream:track)%00%(upstream:remotename)%00%(upstream:remoteref) refs/heads/main refs/remotes/main [8ms]
2024-01-13 13:45:51.551 [info] > git rev-parse --git-dir --git-common-dir [3ms]
2024-01-13 13:45:51.569 [info] Open repository: /home/s4tankoua/example-voting-app
2024-01-13 13:45:51.584 [warning] ENOENT: no such file or directory, open '/home/s4tankoua/S6-PROJECTS/.git/refs/remotes/origin/main'
2024-01-13 13:45:51.595 [info] > git rev-parse refs/remotes/origin/main [12ms]
2024-01-13 13:45:51.641 [info] > git config --get commit.template [48ms]
2024-01-13 13:45:51.661 [info] > git for-each-ref --format=%(refname)%00%(upstream:short)%00%(objectname)%00%(upstream:track)%00%(upstream:remotename)%00%(upstream:remoteref) refs/heads/main refs/remotes/main [9ms]
2024-01-13 13:45:51.671 [warning] ENOENT: no such file or directory, open '/home/s4tankoua/example-voting-app/.git/refs/remotes/origin/main'
2024-01-13 13:45:51.678 [info] > git rev-parse refs/remotes/origin/main [8ms]
2024-01-13 13:45:51.693 [info] > git status -z -uall [87ms]
2024-01-13 13:45:51.723 [info] > git status -z -uall [36ms]
2024-01-13 13:45:51.723 [info] > git fetch [210ms]
2024-01-13 13:45:51.744 [info] > git config --get commit.template [20ms]
2024-01-13 13:45:51.745 [info] > git config --get commit.template [3ms]
2024-01-13 13:45:51.746 [info] > git config --get commit.template [9ms]
2024-01-13 13:45:51.762 [info] > git for-each-ref --format=%(refname)%00%(upstream:short)%00%(objectname)%00%(upstream:track)%00%(upstream:remotename)%00%(upstream:remoteref) refs/heads/main refs/remotes/main [7ms]
2024-01-13 13:45:51.763 [info] > git for-each-ref --format=%(refname)%00%(upstream:short)%00%(objectname)%00%(upstream:track)%00%(upstream:remotename)%00%(upstream:remoteref) refs/heads/main refs/remotes/main [13ms]
2024-01-13 13:45:51.771 [warning] ENOENT: no such file or directory, open '/home/s4tankoua/S6-PROJECTS/.git/refs/remotes/origin/main'
2024-01-13 13:45:51.773 [info] > git for-each-ref --format=%(refname)%00%(upstream:short)%00%(objectname)%00%(upstream:track)%00%(upstream:remotename)%00%(upstream:remoteref) refs/heads/main refs/remotes/main [11ms]
2024-01-13 13:45:51.779 [warning] ENOENT: no such file or directory, open '/home/s4tankoua/S6-PROJECTS/.git/refs/remotes/origin/main'
2024-01-13 13:45:51.784 [warning] ENOENT: no such file or directory, open '/home/s4tankoua/example-voting-app/.git/refs/remotes/origin/main'
2024-01-13 13:45:51.785 [info] > git rev-parse refs/remotes/origin/main [14ms]
2024-01-13 13:45:51.793 [info] > git rev-parse refs/remotes/origin/main [9ms]
2024-01-13 13:45:51.800 [info] > git rev-parse refs/remotes/origin/main [21ms]
2024-01-13 13:45:51.860 [info] > git status -z -uall [69ms]
2024-01-13 13:45:51.860 [info] > git status -z -uall [61ms]
2024-01-13 13:45:51.867 [info] > git fetch [299ms]
2024-01-13 13:45:51.877 [info] > git config --get commit.template [3ms]
2024-01-13 13:45:51.887 [info] > git for-each-ref --format=%(refname)%00%(upstream:short)%00%(objectname)%00%(upstream:track)%00%(upstream:remotename)%00%(upstream:remoteref) refs/heads/main refs/remotes/main [5ms]
2024-01-13 13:45:51.893 [warning] ENOENT: no such file or directory, open '/home/s4tankoua/example-voting-app/.git/refs/remotes/origin/main'
2024-01-13 13:45:51.896 [info] > git rev-parse refs/remotes/origin/main [3ms]
2024-01-13 13:45:51.909 [info] > git status -z -uall [6ms]
2024-01-13 13:45:52.415 [info] > git check-ignore -v -z --stdin [9ms]
2024-01-13 13:45:52.416 [info] > git check-ignore -v -z --stdin [4ms]
2024-01-13 13:45:53.162 [info] > git config --get commit.template [8ms]
2024-01-13 13:45:53.163 [info] > git config --get commit.template [3ms]
2024-01-13 13:45:53.180 [info] > git for-each-ref --format=%(refname)%00%(upstream:short)%00%(objectname)%00%(upstream:track)%00%(upstream:remotename)%00%(upstream:remoteref) refs/heads/main refs/remotes/main [8ms]
2024-01-13 13:45:53.187 [warning] ENOENT: no such file or directory, open '/home/s4tankoua/S6-PROJECTS/.git/refs/remotes/origin/main'
2024-01-13 13:45:53.188 [info] > git for-each-ref --format=%(refname)%00%(upstream:short)%00%(objectname)%00%(upstream:track)%00%(upstream:remotename)%00%(upstream:remoteref) refs/heads/main refs/remotes/main [9ms]
2024-01-13 13:45:53.189 [info] > git rev-parse refs/remotes/origin/main [2ms]
2024-01-13 13:45:53.200 [warning] ENOENT: no such file or directory, open '/home/s4tankoua/example-voting-app/.git/refs/remotes/origin/main'
2024-01-13 13:45:53.202 [info] > git rev-parse refs/remotes/origin/main [2ms]
2024-01-13 13:45:53.213 [info] > git status -z -uall [5ms]
2024-01-13 13:45:53.228 [info] > git status -z -uall [34ms]
2024-01-13 13:45:59.801 [info] > git check-ignore -v -z --stdin [2ms]
2024-01-13 13:46:02.066 [info] > git check-ignore -v -z --stdin [1ms]
2024-01-13 13:46:10.596 [info] > git check-ignore -v -z --stdin [2ms]
2024-01-13 13:46:15.614 [info] > git show --textconv :EspressoShop-application/CHARTS/expresso-shop-web/Chart.yaml [8ms]
2024-01-13 13:46:15.615 [info] > git ls-files --stage -- /home/s4tankoua/S6-PROJECTS/EspressoShop-application/CHARTS/expresso-shop-web/Chart.yaml [3ms]
2024-01-13 13:46:15.623 [info] > git cat-file -s 45f797f8844a7ae591721328cfe1fffb53c3a1e9 [2ms]
2024-01-13 13:48:32.044 [info] > git show --textconv :EspressoShop-application/CHARTS/expresso-shop-web/file.yml [8ms]
2024-01-13 13:48:32.045 [info] > git ls-files --stage -- /home/s4tankoua/S6-PROJECTS/EspressoShop-application/CHARTS/expresso-shop-web/file.yml [3ms]
2024-01-13 13:48:32.052 [info] > git cat-file -s 9760c2d9766986bfa035c4d6c87895b259330e32 [2ms]
2024-01-13 13:48:52.051 [info] > git fetch [176ms]
2024-01-13 13:48:52.066 [info] > git config --get commit.template [6ms]
2024-01-13 13:48:52.067 [info] > git for-each-ref --format=%(refname)%00%(upstream:short)%00%(objectname)%00%(upstream:track)%00%(upstream:remotename)%00%(upstream:remoteref) refs/heads/main refs/remotes/main [2ms]
2024-01-13 13:48:52.073 [warning] ENOENT: no such file or directory, open '/home/s4tankoua/S6-PROJECTS/.git/refs/remotes/origin/main'
2024-01-13 13:48:52.075 [info] > git rev-parse refs/remotes/origin/main [2ms]
2024-01-13 13:48:52.094 [info] > git fetch [171ms]
2024-01-13 13:48:52.115 [info] > git config --get commit.template [10ms]
2024-01-13 13:48:52.115 [info] > git for-each-ref --format=%(refname)%00%(upstream:short)%00%(objectname)%00%(upstream:track)%00%(upstream:remotename)%00%(upstream:remoteref) refs/heads/main refs/remotes/main [3ms]
2024-01-13 13:48:52.122 [warning] ENOENT: no such file or directory, open '/home/s4tankoua/example-voting-app/.git/refs/remotes/origin/main'
2024-01-13 13:48:52.123 [info] > git status -z -uall [43ms]
2024-01-13 13:48:52.129 [info] > git rev-parse refs/remotes/origin/main [7ms]
2024-01-13 13:48:52.142 [info] > git status -z -uall [5ms]
2024-01-13 13:48:53.333 [info] > git config --get commit.template [3ms]
2024-01-13 13:48:53.334 [info] > git config --get commit.template [10ms]
2024-01-13 13:48:53.351 [info] > git for-each-ref --format=%(refname)%00%(upstream:short)%00%(objectname)%00%(upstream:track)%00%(upstream:remotename)%00%(upstream:remoteref) refs/heads/main refs/remotes/main [8ms]
2024-01-13 13:48:53.356 [warning] ENOENT: no such file or directory, open '/home/s4tankoua/S6-PROJECTS/.git/refs/remotes/origin/main'
2024-01-13 13:48:53.357 [info] > git for-each-ref --format=%(refname)%00%(upstream:short)%00%(objectname)%00%(upstream:track)%00%(upstream:remotename)%00%(upstream:remoteref) refs/heads/main refs/remotes/main [7ms]
2024-01-13 13:48:53.358 [info] > git rev-parse refs/remotes/origin/main [1ms]
2024-01-13 13:48:53.369 [warning] ENOENT: no such file or directory, open '/home/s4tankoua/example-voting-app/.git/refs/remotes/origin/main'
2024-01-13 13:48:53.370 [info] > git rev-parse refs/remotes/origin/main [1ms]
2024-01-13 13:48:53.381 [info] > git status -z -uall [6ms]
2024-01-13 13:48:53.396 [info] > git status -z -uall [33ms]
2024-01-13 13:48:53.528 [info] > git ls-files --stage -- /home/s4tankoua/S6-PROJECTS/EspressoShop-application/CHARTS/expresso-shop-web/file.yml [1ms]
2024-01-13 13:48:53.534 [info] > git cat-file -s 9760c2d9766986bfa035c4d6c87895b259330e32 [2ms]
2024-01-13 13:48:53.590 [info] > git show --textconv :EspressoShop-application/CHARTS/expresso-shop-web/file.yml [2ms]
2024-01-13 13:50:38.574 [info] > git show --textconv :EspressoShop-application/CHARTS/expresso-shop-web/values.yaml [8ms]
2024-01-13 13:50:38.576 [info] > git ls-files --stage -- /home/s4tankoua/S6-PROJECTS/EspressoShop-application/CHARTS/expresso-shop-web/values.yaml [2ms]
2024-01-13 13:50:38.583 [info] > git cat-file -s ec7adc679d0c50f3f1d296d0aed3fa3d90830de6 [2ms]
2024-01-13 13:51:07.892 [info] > git check-ignore -v -z --stdin [1ms]
2024-01-13 13:51:52.299 [info] > git fetch [164ms]
2024-01-13 13:51:52.315 [info] > git config --get commit.template [8ms]
2024-01-13 13:51:52.316 [info] > git for-each-ref --format=%(refname)%00%(upstream:short)%00%(objectname)%00%(upstream:track)%00%(upstream:remotename)%00%(upstream:remoteref) refs/heads/main refs/remotes/main [2ms]
2024-01-13 13:51:52.323 [warning] ENOENT: no such file or directory, open '/home/s4tankoua/S6-PROJECTS/.git/refs/remotes/origin/main'
2024-01-13 13:51:52.324 [info] > git fetch [165ms]
2024-01-13 13:51:52.332 [info] > git rev-parse refs/remotes/origin/main [9ms]
2024-01-13 13:51:52.340 [info] > git config --get commit.template [8ms]
2024-01-13 13:51:52.355 [info] > git for-each-ref --format=%(refname)%00%(upstream:short)%00%(objectname)%00%(upstream:track)%00%(upstream:remotename)%00%(upstream:remoteref) refs/heads/main refs/remotes/main [3ms]
2024-01-13 13:51:52.362 [warning] ENOENT: no such file or directory, open '/home/s4tankoua/example-voting-app/.git/refs/remotes/origin/main'
2024-01-13 13:51:52.364 [info] > git rev-parse refs/remotes/origin/main [2ms]
2024-01-13 13:51:52.375 [info] > git status -z -uall [6ms]
2024-01-13 13:51:52.378 [info] > git status -z -uall [39ms]
2024-01-13 13:51:53.571 [info] > git config --get commit.template [9ms]
2024-01-13 13:51:53.587 [info] > git config --get commit.template [17ms]
2024-01-13 13:51:53.587 [info] > git for-each-ref --format=%(refname)%00%(upstream:short)%00%(objectname)%00%(upstream:track)%00%(upstream:remotename)%00%(upstream:remoteref) refs/heads/main refs/remotes/main [3ms]
2024-01-13 13:51:53.588 [info] > git for-each-ref --format=%(refname)%00%(upstream:short)%00%(objectname)%00%(upstream:track)%00%(upstream:remotename)%00%(upstream:remoteref) refs/heads/main refs/remotes/main [10ms]
2024-01-13 13:51:53.596 [warning] ENOENT: no such file or directory, open '/home/s4tankoua/example-voting-app/.git/refs/remotes/origin/main'
2024-01-13 13:51:53.604 [warning] ENOENT: no such file or directory, open '/home/s4tankoua/S6-PROJECTS/.git/refs/remotes/origin/main'
2024-01-13 13:51:53.606 [info] > git rev-parse refs/remotes/origin/main [9ms]
2024-01-13 13:51:53.614 [info] > git rev-parse refs/remotes/origin/main [10ms]
2024-01-13 13:51:53.627 [info] > git status -z -uall [14ms]
2024-01-13 13:51:53.668 [info] > git status -z -uall [47ms]
2024-01-13 13:51:53.706 [info] > git ls-files --stage -- /home/s4tankoua/S6-PROJECTS/EspressoShop-application/CHARTS/expresso-shop-web/values.yaml [2ms]
2024-01-13 13:51:53.718 [info] > git cat-file -s ec7adc679d0c50f3f1d296d0aed3fa3d90830de6 [2ms]
2024-01-13 13:51:53.799 [info] > git show --textconv :EspressoShop-application/CHARTS/expresso-shop-web/values.yaml [3ms]
2024-01-13 13:54:52.561 [info] > git fetch [166ms]
2024-01-13 13:54:52.570 [info] > git fetch [182ms]
2024-01-13 13:54:52.579 [info] > git config --get commit.template [11ms]
2024-01-13 13:54:52.587 [info] > git config --get commit.template [9ms]
2024-01-13 13:54:52.593 [info] > git for-each-ref --format=%(refname)%00%(upstream:short)%00%(objectname)%00%(upstream:track)%00%(upstream:remotename)%00%(upstream:remoteref) refs/heads/main refs/remotes/main [7ms]
2024-01-13 13:54:52.601 [warning] ENOENT: no such file or directory, open '/home/s4tankoua/S6-PROJECTS/.git/refs/remotes/origin/main'
2024-01-13 13:54:52.601 [info] > git for-each-ref --format=%(refname)%00%(upstream:short)%00%(objectname)%00%(upstream:track)%00%(upstream:remotename)%00%(upstream:remoteref) refs/heads/main refs/remotes/main [9ms]
2024-01-13 13:54:52.609 [warning] ENOENT: no such file or directory, open '/home/s4tankoua/example-voting-app/.git/refs/remotes/origin/main'
2024-01-13 13:54:52.609 [info] > git rev-parse refs/remotes/origin/main [8ms]
2024-01-13 13:54:52.617 [info] > git rev-parse refs/remotes/origin/main [9ms]
2024-01-13 13:54:52.628 [info] > git status -z -uall [6ms]
2024-01-13 13:54:52.661 [info] > git status -z -uall [45ms]
2024-01-13 13:54:53.849 [info] > git config --get commit.template [7ms]
2024-01-13 13:54:53.850 [info] > git config --get commit.template [3ms]
2024-01-13 13:54:53.862 [info] > git for-each-ref --format=%(refname)%00%(upstream:short)%00%(objectname)%00%(upstream:track)%00%(upstream:remotename)%00%(upstream:remoteref) refs/heads/main refs/remotes/main [7ms]
2024-01-13 13:54:53.869 [warning] ENOENT: no such file or directory, open '/home/s4tankoua/S6-PROJECTS/.git/refs/remotes/origin/main'
2024-01-13 13:54:53.869 [info] > git for-each-ref --format=%(refname)%00%(upstream:short)%00%(objectname)%00%(upstream:track)%00%(upstream:remotename)%00%(upstream:remoteref) refs/heads/main refs/remotes/main [8ms]
2024-01-13 13:54:53.876 [warning] ENOENT: no such file or directory, open '/home/s4tankoua/example-voting-app/.git/refs/remotes/origin/main'
2024-01-13 13:54:53.877 [info] > git rev-parse refs/remotes/origin/main [8ms]
2024-01-13 13:54:53.883 [info] > git rev-parse refs/remotes/origin/main [7ms]
2024-01-13 13:54:53.899 [info] > git status -z -uall [9ms]
2024-01-13 13:54:53.927 [info] > git status -z -uall [45ms]
2024-01-13 13:54:53.993 [info] > git ls-files --stage -- /home/s4tankoua/S6-PROJECTS/EspressoShop-application/CHARTS/expresso-shop-web/values.yaml [2ms]
2024-01-13 13:54:54.000 [info] > git cat-file -s ec7adc679d0c50f3f1d296d0aed3fa3d90830de6 [1ms]
2024-01-13 13:54:54.063 [info] > git show --textconv :EspressoShop-application/CHARTS/expresso-shop-web/values.yaml [2ms]
2024-01-13 13:57:52.799 [info] > git fetch [159ms]
2024-01-13 13:57:52.814 [info] > git config --get commit.template [6ms]
2024-01-13 13:57:52.815 [info] > git for-each-ref --format=%(refname)%00%(upstream:short)%00%(objectname)%00%(upstream:track)%00%(upstream:remotename)%00%(upstream:remoteref) refs/heads/main refs/remotes/main [2ms]
2024-01-13 13:57:52.823 [warning] ENOENT: no such file or directory, open '/home/s4tankoua/example-voting-app/.git/refs/remotes/origin/main'
2024-01-13 13:57:52.824 [info] > git rev-parse refs/remotes/origin/main [1ms]
2024-01-13 13:57:52.838 [info] > git fetch [160ms]
2024-01-13 13:57:52.841 [info] > git status -z -uall [7ms]
2024-01-13 13:57:52.856 [info] > git config --get commit.template [6ms]
2024-01-13 13:57:52.857 [info] > git for-each-ref --format=%(refname)%00%(upstream:short)%00%(objectname)%00%(upstream:track)%00%(upstream:remotename)%00%(upstream:remoteref) refs/heads/main refs/remotes/main [3ms]
2024-01-13 13:57:52.868 [warning] ENOENT: no such file or directory, open '/home/s4tankoua/S6-PROJECTS/.git/refs/remotes/origin/main'
2024-01-13 13:57:52.869 [info] > git rev-parse refs/remotes/origin/main [1ms]
2024-01-13 13:57:52.918 [info] > git status -z -uall [43ms]
2024-01-13 13:57:54.112 [info] > git config --get commit.template [7ms]
2024-01-13 13:57:54.113 [info] > git config --get commit.template [2ms]
2024-01-13 13:57:54.124 [info] > git for-each-ref --format=%(refname)%00%(upstream:short)%00%(objectname)%00%(upstream:track)%00%(upstream:remotename)%00%(upstream:remoteref) refs/heads/main refs/remotes/main [6ms]
2024-01-13 13:57:54.124 [info] > git for-each-ref --format=%(refname)%00%(upstream:short)%00%(objectname)%00%(upstream:track)%00%(upstream:remotename)%00%(upstream:remoteref) refs/heads/main refs/remotes/main [1ms]
2024-01-13 13:57:54.130 [warning] ENOENT: no such file or directory, open '/home/s4tankoua/S6-PROJECTS/.git/refs/remotes/origin/main'
2024-01-13 13:57:54.135 [warning] ENOENT: no such file or directory, open '/home/s4tankoua/example-voting-app/.git/refs/remotes/origin/main'
2024-01-13 13:57:54.136 [info] > git rev-parse refs/remotes/origin/main [6ms]
2024-01-13 13:57:54.141 [info] > git rev-parse refs/remotes/origin/main [6ms]
2024-01-13 13:57:54.151 [info] > git status -z -uall [5ms]
2024-01-13 13:57:54.171 [info] > git status -z -uall [31ms]
2024-01-13 13:57:54.249 [info] > git ls-files --stage -- /home/s4tankoua/S6-PROJECTS/EspressoShop-application/CHARTS/expresso-shop-web/values.yaml [2ms]
2024-01-13 13:57:54.255 [info] > git cat-file -s ec7adc679d0c50f3f1d296d0aed3fa3d90830de6 [2ms]
2024-01-13 13:57:54.308 [info] > git show --textconv :EspressoShop-application/CHARTS/expresso-shop-web/values.yaml [2ms]
2024-01-13 18:55:19.137 [info] > git rev-parse --show-toplevel [2ms]
2024-01-13 18:55:19.137 [info] fatal: not a git repository (or any of the parent directories): .git
2024-01-13 18:55:21.398 [info] > git rev-parse --show-toplevel [2ms]
2024-01-13 18:55:21.398 [info] fatal: not a git repository (or any of the parent directories): .git
