2024-01-27 12:48:35.348 [info] Log level: Info
2024-01-27 12:48:35.348 [info] Validating found git in: "git"
2024-01-27 12:48:35.348 [info] Using git "2.34.1" from "git"
2024-01-27 12:48:35.348 [info] > git rev-parse --show-toplevel [214ms]
2024-01-27 12:48:35.348 [info] > git rev-parse --show-toplevel [3ms]
2024-01-27 12:48:35.348 [info] > git rev-parse --show-toplevel [3ms]
2024-01-27 12:48:35.350 [info] > git rev-parse --show-toplevel [2ms]
2024-01-27 12:48:35.361 [info] > git rev-parse --git-dir --git-common-dir [2ms]
2024-01-27 12:48:35.389 [info] Open repository: /home/s4tankoua/espresso/S6-PROJECTS
2024-01-27 12:48:35.410 [info] > git config --get commit.template [9ms]
2024-01-27 12:48:35.412 [info] > git rev-parse --show-toplevel [6ms]
2024-01-27 12:48:35.424 [info] > git for-each-ref --format=%(refname)%00%(upstream:short)%00%(objectname)%00%(upstream:track)%00%(upstream:remotename)%00%(upstream:remoteref) refs/heads/main refs/remotes/main [3ms]
2024-01-27 12:48:35.470 [info] > git rev-parse --show-toplevel [38ms]
2024-01-27 12:48:35.506 [info] > git status -z -uall [16ms]
2024-01-27 12:48:35.529 [info] > git rev-parse --show-toplevel [50ms]
2024-01-27 12:48:35.540 [info] > git fetch [152ms]
2024-01-27 12:48:35.622 [info] > git config --get commit.template [83ms]
2024-01-27 12:48:35.733 [info] > git rev-parse --show-toplevel [186ms]
2024-01-27 12:48:35.735 [info] > git for-each-ref --format=%(refname)%00%(upstream:short)%00%(objectname)%00%(upstream:track)%00%(upstream:remotename)%00%(upstream:remoteref) refs/heads/main refs/remotes/main [5ms]
2024-01-27 12:48:35.736 [info] > git config --get commit.template [16ms]
2024-01-27 12:48:35.937 [info] > git for-each-ref --format=%(refname)%00%(upstream:short)%00%(objectname)%00%(upstream:track)%00%(upstream:remotename)%00%(upstream:remoteref) refs/heads/main refs/remotes/main [193ms]
2024-01-27 12:48:35.939 [info] > git rev-parse --show-toplevel [185ms]
2024-01-27 12:48:36.030 [info] > git status -z -uall [32ms]
2024-01-27 12:48:36.030 [info] > git check-ignore -v -z --stdin [8ms]
2024-01-27 12:48:36.591 [info] > git check-ignore -v -z --stdin [2ms]
2024-01-27 12:48:37.148 [info] > git config --get commit.template [8ms]
2024-01-27 12:48:37.148 [info] > git for-each-ref --format=%(refname)%00%(upstream:short)%00%(objectname)%00%(upstream:track)%00%(upstream:remotename)%00%(upstream:remoteref) refs/heads/main refs/remotes/main [2ms]
2024-01-27 12:48:37.159 [info] > git status -z -uall [4ms]
2024-01-27 12:49:37.549 [info] > git config --get commit.template [9ms]
2024-01-27 12:49:37.549 [info] > git for-each-ref --format=%(refname)%00%(upstream:short)%00%(objectname)%00%(upstream:track)%00%(upstream:remotename)%00%(upstream:remoteref) refs/heads/main refs/remotes/main [3ms]
2024-01-27 12:49:37.562 [info] > git status -z -uall [5ms]
2024-01-27 12:51:36.191 [info] > git fetch [141ms]
2024-01-27 12:51:36.204 [info] > git config --get commit.template [2ms]
2024-01-27 12:51:36.213 [info] > git for-each-ref --format=%(refname)%00%(upstream:short)%00%(objectname)%00%(upstream:track)%00%(upstream:remotename)%00%(upstream:remoteref) refs/heads/main refs/remotes/main [2ms]
2024-01-27 12:51:36.225 [info] > git status -z -uall [4ms]
2024-01-27 12:51:37.379 [info] > git config --get commit.template [1ms]
2024-01-27 12:51:37.392 [info] > git for-each-ref --format=%(refname)%00%(upstream:short)%00%(objectname)%00%(upstream:track)%00%(upstream:remotename)%00%(upstream:remoteref) refs/heads/main refs/remotes/main [6ms]
2024-01-27 12:51:37.405 [info] > git status -z -uall [4ms]
2024-01-27 12:54:36.393 [info] > git fetch [149ms]
2024-01-27 12:54:36.409 [info] > git config --get commit.template [2ms]
2024-01-27 12:54:36.421 [info] > git for-each-ref --format=%(refname)%00%(upstream:short)%00%(objectname)%00%(upstream:track)%00%(upstream:remotename)%00%(upstream:remoteref) refs/heads/main refs/remotes/main [3ms]
2024-01-27 12:54:36.432 [info] > git status -z -uall [4ms]
2024-01-27 12:54:37.592 [info] > git config --get commit.template [8ms]
2024-01-27 12:54:37.593 [info] > git for-each-ref --format=%(refname)%00%(upstream:short)%00%(objectname)%00%(upstream:track)%00%(upstream:remotename)%00%(upstream:remoteref) refs/heads/main refs/remotes/main [3ms]
2024-01-27 12:54:37.605 [info] > git status -z -uall [4ms]
2024-01-27 12:57:36.600 [info] > git fetch [151ms]
2024-01-27 12:57:36.619 [info] > git config --get commit.template [8ms]
2024-01-27 12:57:36.620 [info] > git for-each-ref --format=%(refname)%00%(upstream:short)%00%(objectname)%00%(upstream:track)%00%(upstream:remotename)%00%(upstream:remoteref) refs/heads/main refs/remotes/main [2ms]
2024-01-27 12:57:36.631 [info] > git status -z -uall [4ms]
2024-01-27 12:57:37.803 [info] > git config --get commit.template [11ms]
2024-01-27 12:57:37.804 [info] > git for-each-ref --format=%(refname)%00%(upstream:short)%00%(objectname)%00%(upstream:track)%00%(upstream:remotename)%00%(upstream:remoteref) refs/heads/main refs/remotes/main [3ms]
2024-01-27 12:57:37.823 [info] > git status -z -uall [10ms]
2024-01-27 13:00:36.790 [info] > git fetch [141ms]
2024-01-27 13:00:36.806 [info] > git config --get commit.template [7ms]
2024-01-27 13:00:36.807 [info] > git for-each-ref --format=%(refname)%00%(upstream:short)%00%(objectname)%00%(upstream:track)%00%(upstream:remotename)%00%(upstream:remoteref) refs/heads/main refs/remotes/main [1ms]
2024-01-27 13:00:36.823 [info] > git status -z -uall [4ms]
2024-01-27 13:00:37.982 [info] > git config --get commit.template [7ms]
2024-01-27 13:00:37.983 [info] > git for-each-ref --format=%(refname)%00%(upstream:short)%00%(objectname)%00%(upstream:track)%00%(upstream:remotename)%00%(upstream:remoteref) refs/heads/main refs/remotes/main [2ms]
2024-01-27 13:00:37.993 [info] > git status -z -uall [3ms]
2024-01-27 13:03:36.978 [info] > git fetch [140ms]
2024-01-27 13:03:36.994 [info] > git config --get commit.template [7ms]
2024-01-27 13:03:36.995 [info] > git for-each-ref --format=%(refname)%00%(upstream:short)%00%(objectname)%00%(upstream:track)%00%(upstream:remotename)%00%(upstream:remoteref) refs/heads/main refs/remotes/main [2ms]
2024-01-27 13:03:37.010 [info] > git status -z -uall [4ms]
2024-01-27 13:03:38.171 [info] > git config --get commit.template [9ms]
2024-01-27 13:03:38.172 [info] > git for-each-ref --format=%(refname)%00%(upstream:short)%00%(objectname)%00%(upstream:track)%00%(upstream:remotename)%00%(upstream:remoteref) refs/heads/main refs/remotes/main [2ms]
2024-01-27 13:03:38.187 [info] > git status -z -uall [6ms]
2024-01-27 13:06:37.165 [info] > git fetch [133ms]
2024-01-27 13:06:37.182 [info] > git config --get commit.template [8ms]
2024-01-27 13:06:37.183 [info] > git for-each-ref --format=%(refname)%00%(upstream:short)%00%(objectname)%00%(upstream:track)%00%(upstream:remotename)%00%(upstream:remoteref) refs/heads/main refs/remotes/main [2ms]
2024-01-27 13:06:37.194 [info] > git status -z -uall [3ms]
2024-01-27 13:06:38.345 [info] > git config --get commit.template [7ms]
2024-01-27 13:06:38.346 [info] > git for-each-ref --format=%(refname)%00%(upstream:short)%00%(objectname)%00%(upstream:track)%00%(upstream:remotename)%00%(upstream:remoteref) refs/heads/main refs/remotes/main [2ms]
2024-01-27 13:06:38.356 [info] > git status -z -uall [4ms]
2024-01-27 13:09:37.363 [info] > git fetch [148ms]
2024-01-27 13:09:37.384 [info] > git config --get commit.template [8ms]
2024-01-27 13:09:37.385 [info] > git for-each-ref --format=%(refname)%00%(upstream:short)%00%(objectname)%00%(upstream:track)%00%(upstream:remotename)%00%(upstream:remoteref) refs/heads/main refs/remotes/main [3ms]
2024-01-27 13:09:37.395 [info] > git status -z -uall [3ms]
2024-01-27 13:09:38.555 [info] > git config --get commit.template [10ms]
2024-01-27 13:09:38.557 [info] > git for-each-ref --format=%(refname)%00%(upstream:short)%00%(objectname)%00%(upstream:track)%00%(upstream:remotename)%00%(upstream:remoteref) refs/heads/main refs/remotes/main [3ms]
2024-01-27 13:09:38.569 [info] > git status -z -uall [5ms]
2024-01-27 13:12:37.568 [info] > git fetch [152ms]
2024-01-27 13:12:37.587 [info] > git config --get commit.template [9ms]
2024-01-27 13:12:37.588 [info] > git for-each-ref --format=%(refname)%00%(upstream:short)%00%(objectname)%00%(upstream:track)%00%(upstream:remotename)%00%(upstream:remoteref) refs/heads/main refs/remotes/main [2ms]
2024-01-27 13:12:37.601 [info] > git status -z -uall [4ms]
2024-01-27 13:12:38.765 [info] > git config --get commit.template [10ms]
2024-01-27 13:12:38.766 [info] > git for-each-ref --format=%(refname)%00%(upstream:short)%00%(objectname)%00%(upstream:track)%00%(upstream:remotename)%00%(upstream:remoteref) refs/heads/main refs/remotes/main [2ms]
2024-01-27 13:12:38.778 [info] > git status -z -uall [4ms]
2024-01-27 13:15:37.782 [info] > git fetch [165ms]
2024-01-27 13:15:37.799 [info] > git config --get commit.template [8ms]
2024-01-27 13:15:37.801 [info] > git for-each-ref --format=%(refname)%00%(upstream:short)%00%(objectname)%00%(upstream:track)%00%(upstream:remotename)%00%(upstream:remoteref) refs/heads/main refs/remotes/main [3ms]
2024-01-27 13:15:37.813 [info] > git status -z -uall [3ms]
2024-01-27 13:15:38.968 [info] > git config --get commit.template [8ms]
2024-01-27 13:15:38.969 [info] > git for-each-ref --format=%(refname)%00%(upstream:short)%00%(objectname)%00%(upstream:track)%00%(upstream:remotename)%00%(upstream:remoteref) refs/heads/main refs/remotes/main [2ms]
2024-01-27 13:15:38.981 [info] > git status -z -uall [4ms]
2024-01-27 13:18:37.974 [info] > git fetch [144ms]
2024-01-27 13:18:37.989 [info] > git config --get commit.template [7ms]
2024-01-27 13:18:37.990 [info] > git for-each-ref --format=%(refname)%00%(upstream:short)%00%(objectname)%00%(upstream:track)%00%(upstream:remotename)%00%(upstream:remoteref) refs/heads/main refs/remotes/main [2ms]
2024-01-27 13:18:38.000 [info] > git status -z -uall [4ms]
2024-01-27 13:18:39.155 [info] > git config --get commit.template [8ms]
2024-01-27 13:18:39.156 [info] > git for-each-ref --format=%(refname)%00%(upstream:short)%00%(objectname)%00%(upstream:track)%00%(upstream:remotename)%00%(upstream:remoteref) refs/heads/main refs/remotes/main [3ms]
2024-01-27 13:18:39.168 [info] > git status -z -uall [5ms]
2024-01-27 13:21:38.169 [info] > git fetch [154ms]
2024-01-27 13:21:38.185 [info] > git config --get commit.template [7ms]
2024-01-27 13:21:38.186 [info] > git for-each-ref --format=%(refname)%00%(upstream:short)%00%(objectname)%00%(upstream:track)%00%(upstream:remotename)%00%(upstream:remoteref) refs/heads/main refs/remotes/main [1ms]
2024-01-27 13:21:38.201 [info] > git status -z -uall [5ms]
2024-01-27 13:21:39.355 [info] > git config --get commit.template [8ms]
2024-01-27 13:21:39.355 [info] > git for-each-ref --format=%(refname)%00%(upstream:short)%00%(objectname)%00%(upstream:track)%00%(upstream:remotename)%00%(upstream:remoteref) refs/heads/main refs/remotes/main [2ms]
2024-01-27 13:21:39.367 [info] > git status -z -uall [4ms]
2024-01-27 13:24:38.358 [info] > git fetch [140ms]
2024-01-27 13:24:38.375 [info] > git config --get commit.template [9ms]
2024-01-27 13:24:38.376 [info] > git for-each-ref --format=%(refname)%00%(upstream:short)%00%(objectname)%00%(upstream:track)%00%(upstream:remotename)%00%(upstream:remoteref) refs/heads/main refs/remotes/main [2ms]
2024-01-27 13:24:38.389 [info] > git status -z -uall [4ms]
2024-01-27 13:24:39.547 [info] > git config --get commit.template [7ms]
2024-01-27 13:24:39.548 [info] > git for-each-ref --format=%(refname)%00%(upstream:short)%00%(objectname)%00%(upstream:track)%00%(upstream:remotename)%00%(upstream:remoteref) refs/heads/main refs/remotes/main [2ms]
2024-01-27 13:24:39.559 [info] > git status -z -uall [4ms]
2024-01-27 13:27:38.545 [info] > git fetch [140ms]
2024-01-27 13:27:38.561 [info] > git config --get commit.template [8ms]
2024-01-27 13:27:38.563 [info] > git for-each-ref --format=%(refname)%00%(upstream:short)%00%(objectname)%00%(upstream:track)%00%(upstream:remotename)%00%(upstream:remoteref) refs/heads/main refs/remotes/main [3ms]
2024-01-27 13:27:38.574 [info] > git status -z -uall [4ms]
2024-01-27 13:27:39.739 [info] > git config --get commit.template [9ms]
2024-01-27 13:27:39.740 [info] > git for-each-ref --format=%(refname)%00%(upstream:short)%00%(objectname)%00%(upstream:track)%00%(upstream:remotename)%00%(upstream:remoteref) refs/heads/main refs/remotes/main [2ms]
2024-01-27 13:27:39.750 [info] > git status -z -uall [4ms]
2024-01-27 13:30:38.746 [info] > git fetch [157ms]
2024-01-27 13:30:38.760 [info] > git config --get commit.template [6ms]
2024-01-27 13:30:38.761 [info] > git for-each-ref --format=%(refname)%00%(upstream:short)%00%(objectname)%00%(upstream:track)%00%(upstream:remotename)%00%(upstream:remoteref) refs/heads/main refs/remotes/main [2ms]
2024-01-27 13:30:38.772 [info] > git status -z -uall [3ms]
2024-01-27 13:30:39.932 [info] > git config --get commit.template [8ms]
2024-01-27 13:30:39.933 [info] > git for-each-ref --format=%(refname)%00%(upstream:short)%00%(objectname)%00%(upstream:track)%00%(upstream:remotename)%00%(upstream:remoteref) refs/heads/main refs/remotes/main [3ms]
2024-01-27 13:30:39.944 [info] > git status -z -uall [4ms]
2024-01-27 13:33:38.941 [info] > git fetch [152ms]
2024-01-27 13:33:38.958 [info] > git config --get commit.template [9ms]
2024-01-27 13:33:38.960 [info] > git for-each-ref --format=%(refname)%00%(upstream:short)%00%(objectname)%00%(upstream:track)%00%(upstream:remotename)%00%(upstream:remoteref) refs/heads/main refs/remotes/main [2ms]
2024-01-27 13:33:38.971 [info] > git status -z -uall [4ms]
2024-01-27 13:33:40.135 [info] > git config --get commit.template [10ms]
2024-01-27 13:33:40.136 [info] > git for-each-ref --format=%(refname)%00%(upstream:short)%00%(objectname)%00%(upstream:track)%00%(upstream:remotename)%00%(upstream:remoteref) refs/heads/main refs/remotes/main [2ms]
2024-01-27 13:33:40.148 [info] > git status -z -uall [4ms]
2024-01-27 13:36:39.112 [info] > git fetch [126ms]
2024-01-27 13:36:39.131 [info] > git config --get commit.template [7ms]
2024-01-27 13:36:39.132 [info] > git for-each-ref --format=%(refname)%00%(upstream:short)%00%(objectname)%00%(upstream:track)%00%(upstream:remotename)%00%(upstream:remoteref) refs/heads/main refs/remotes/main [2ms]
2024-01-27 13:36:39.143 [info] > git status -z -uall [2ms]
2024-01-27 13:36:40.292 [info] > git config --get commit.template [8ms]
2024-01-27 13:36:40.294 [info] > git for-each-ref --format=%(refname)%00%(upstream:short)%00%(objectname)%00%(upstream:track)%00%(upstream:remotename)%00%(upstream:remoteref) refs/heads/main refs/remotes/main [3ms]
2024-01-27 13:36:40.303 [info] > git status -z -uall [3ms]
2024-01-27 13:39:39.301 [info] > git fetch [139ms]
2024-01-27 13:39:39.315 [info] > git config --get commit.template [7ms]
2024-01-27 13:39:39.315 [info] > git for-each-ref --format=%(refname)%00%(upstream:short)%00%(objectname)%00%(upstream:track)%00%(upstream:remotename)%00%(upstream:remoteref) refs/heads/main refs/remotes/main [1ms]
2024-01-27 13:39:39.325 [info] > git status -z -uall [4ms]
2024-01-27 13:39:40.483 [info] > git config --get commit.template [7ms]
2024-01-27 13:39:40.484 [info] > git for-each-ref --format=%(refname)%00%(upstream:short)%00%(objectname)%00%(upstream:track)%00%(upstream:remotename)%00%(upstream:remoteref) refs/heads/main refs/remotes/main [2ms]
2024-01-27 13:39:40.498 [info] > git status -z -uall [5ms]
2024-01-27 13:42:39.471 [info] > git fetch [131ms]
2024-01-27 13:42:39.486 [info] > git config --get commit.template [7ms]
2024-01-27 13:42:39.487 [info] > git for-each-ref --format=%(refname)%00%(upstream:short)%00%(objectname)%00%(upstream:track)%00%(upstream:remotename)%00%(upstream:remoteref) refs/heads/main refs/remotes/main [2ms]
2024-01-27 13:42:39.497 [info] > git status -z -uall [4ms]
2024-01-27 13:42:40.653 [info] > git config --get commit.template [7ms]
2024-01-27 13:42:40.654 [info] > git for-each-ref --format=%(refname)%00%(upstream:short)%00%(objectname)%00%(upstream:track)%00%(upstream:remotename)%00%(upstream:remoteref) refs/heads/main refs/remotes/main [2ms]
2024-01-27 13:42:40.665 [info] > git status -z -uall [3ms]
