2024-01-26 04:14:07.627 [info] Log level: Info
2024-01-26 04:14:07.627 [info] Validating found git in: "git"
2024-01-26 04:14:07.627 [info] Using git "2.34.1" from "git"
2024-01-26 04:14:07.627 [info] > git rev-parse --show-toplevel [3ms]
2024-01-26 04:14:07.627 [info] > git rev-parse --git-dir --git-common-dir [2ms]
2024-01-26 04:14:07.627 [info] Open repository: /home/s4tankoua/Expresso
2024-01-26 04:14:07.627 [info] > git config --get commit.template [3ms]
2024-01-26 04:14:07.627 [info] > git for-each-ref --format=%(refname)%00%(upstream:short)%00%(objectname)%00%(upstream:track)%00%(upstream:remotename)%00%(upstream:remoteref) refs/heads/main refs/remotes/main [3ms]
2024-01-26 04:14:07.627 [warning] ENOENT: no such file or directory, open '/home/s4tankoua/Expresso/.git/refs/remotes/origin/main'
2024-01-26 04:14:07.627 [info] > git rev-parse refs/remotes/origin/main [2ms]
2024-01-26 04:14:07.627 [info] > git status -z -uall [4ms]
2024-01-26 04:14:07.627 [info] > git config --get commit.template [14ms]
2024-01-26 04:14:07.627 [info] > git for-each-ref --format=%(refname)%00%(upstream:short)%00%(objectname)%00%(upstream:track)%00%(upstream:remotename)%00%(upstream:remoteref) refs/heads/main refs/remotes/main [6ms]
2024-01-26 04:14:07.627 [warning] ENOENT: no such file or directory, open '/home/s4tankoua/Expresso/.git/refs/remotes/origin/main'
2024-01-26 04:14:07.627 [info] > git rev-parse refs/remotes/origin/main [14ms]
2024-01-26 04:14:07.632 [info] > git status -z -uall [6ms]
2024-01-26 04:14:07.638 [info] > git fetch [139ms]
2024-01-26 04:14:07.638 [info] Missing or invalid credentials.
Skip silent fetch commands
Host key verification failed.
fatal: Could not read from remote repository.

Please make sure you have the correct access rights
and the repository exists.
2024-01-26 04:14:07.662 [info] > git config --get commit.template [16ms]
2024-01-26 04:14:07.705 [info] > git for-each-ref --format=%(refname)%00%(upstream:short)%00%(objectname)%00%(upstream:track)%00%(upstream:remotename)%00%(upstream:remoteref) refs/heads/main refs/remotes/main [3ms]
2024-01-26 04:14:07.711 [warning] ENOENT: no such file or directory, open '/home/s4tankoua/Expresso/.git/refs/remotes/origin/main'
2024-01-26 04:14:07.713 [info] > git rev-parse refs/remotes/origin/main [2ms]
2024-01-26 04:14:07.721 [info] > git status -z -uall [3ms]
2024-01-26 04:14:08.214 [info] > git check-ignore -v -z --stdin [2ms]
2024-01-26 04:14:09.351 [info] > git config --get commit.template [9ms]
2024-01-26 04:14:09.352 [info] > git for-each-ref --format=%(refname)%00%(upstream:short)%00%(objectname)%00%(upstream:track)%00%(upstream:remotename)%00%(upstream:remoteref) refs/heads/main refs/remotes/main [2ms]
2024-01-26 04:14:09.361 [warning] ENOENT: no such file or directory, open '/home/s4tankoua/Expresso/.git/refs/remotes/origin/main'
2024-01-26 04:14:09.362 [info] > git rev-parse refs/remotes/origin/main [1ms]
2024-01-26 04:14:09.371 [info] > git status -z -uall [3ms]
2024-01-26 04:17:07.825 [info] > git fetch [93ms]
2024-01-26 04:17:07.825 [info] Missing or invalid credentials.
Skip silent fetch commands
Host key verification failed.
fatal: Could not read from remote repository.

Please make sure you have the correct access rights
and the repository exists.
2024-01-26 04:17:07.840 [info] > git config --get commit.template [7ms]
2024-01-26 04:17:07.840 [info] > git for-each-ref --format=%(refname)%00%(upstream:short)%00%(objectname)%00%(upstream:track)%00%(upstream:remotename)%00%(upstream:remoteref) refs/heads/main refs/remotes/main [2ms]
2024-01-26 04:17:07.846 [warning] ENOENT: no such file or directory, open '/home/s4tankoua/Expresso/.git/refs/remotes/origin/main'
2024-01-26 04:17:07.848 [info] > git rev-parse refs/remotes/origin/main [2ms]
2024-01-26 04:17:07.855 [info] > git status -z -uall [2ms]
2024-01-26 04:17:08.935 [info] > git config --get commit.template [9ms]
2024-01-26 04:17:08.936 [info] > git for-each-ref --format=%(refname)%00%(upstream:short)%00%(objectname)%00%(upstream:track)%00%(upstream:remotename)%00%(upstream:remoteref) refs/heads/main refs/remotes/main [2ms]
2024-01-26 04:17:08.944 [warning] ENOENT: no such file or directory, open '/home/s4tankoua/Expresso/.git/refs/remotes/origin/main'
2024-01-26 04:17:08.945 [info] > git rev-parse refs/remotes/origin/main [1ms]
2024-01-26 04:17:08.954 [info] > git status -z -uall [2ms]
2024-01-26 04:20:07.956 [info] > git fetch [88ms]
2024-01-26 04:20:07.956 [info] Missing or invalid credentials.
Skip silent fetch commands
Host key verification failed.
fatal: Could not read from remote repository.

Please make sure you have the correct access rights
and the repository exists.
2024-01-26 04:20:07.971 [info] > git config --get commit.template [6ms]
2024-01-26 04:20:07.971 [info] > git for-each-ref --format=%(refname)%00%(upstream:short)%00%(objectname)%00%(upstream:track)%00%(upstream:remotename)%00%(upstream:remoteref) refs/heads/main refs/remotes/main [1ms]
2024-01-26 04:20:07.976 [warning] ENOENT: no such file or directory, open '/home/s4tankoua/Expresso/.git/refs/remotes/origin/main'
2024-01-26 04:20:07.978 [info] > git rev-parse refs/remotes/origin/main [2ms]
2024-01-26 04:20:07.987 [info] > git status -z -uall [2ms]
2024-01-26 04:20:09.018 [info] > git config --get commit.template [10ms]
2024-01-26 04:20:09.019 [info] > git for-each-ref --format=%(refname)%00%(upstream:short)%00%(objectname)%00%(upstream:track)%00%(upstream:remotename)%00%(upstream:remoteref) refs/heads/main refs/remotes/main [2ms]
2024-01-26 04:20:09.026 [warning] ENOENT: no such file or directory, open '/home/s4tankoua/Expresso/.git/refs/remotes/origin/main'
2024-01-26 04:20:09.028 [info] > git rev-parse refs/remotes/origin/main [2ms]
2024-01-26 04:20:09.037 [info] > git status -z -uall [2ms]
2024-01-26 04:21:31.536 [info] > git config --get commit.template [8ms]
2024-01-26 04:21:31.537 [info] > git for-each-ref --format=%(refname)%00%(upstream:short)%00%(objectname)%00%(upstream:track)%00%(upstream:remotename)%00%(upstream:remoteref) refs/heads/main refs/remotes/main [1ms]
2024-01-26 04:21:31.543 [warning] ENOENT: no such file or directory, open '/home/s4tankoua/Expresso/.git/refs/remotes/origin/main'
2024-01-26 04:21:31.544 [info] > git rev-parse refs/remotes/origin/main [1ms]
2024-01-26 04:21:31.552 [info] > git status -z -uall [2ms]
2024-01-26 04:23:08.123 [info] > git fetch [124ms]
2024-01-26 04:23:08.123 [info] Missing or invalid credentials.
Skip silent fetch commands
Host key verification failed.
fatal: Could not read from remote repository.

Please make sure you have the correct access rights
and the repository exists.
2024-01-26 04:23:08.141 [info] > git config --get commit.template [9ms]
2024-01-26 04:23:08.142 [info] > git for-each-ref --format=%(refname)%00%(upstream:short)%00%(objectname)%00%(upstream:track)%00%(upstream:remotename)%00%(upstream:remoteref) refs/heads/main refs/remotes/main [3ms]
2024-01-26 04:23:08.148 [warning] ENOENT: no such file or directory, open '/home/s4tankoua/Expresso/.git/refs/remotes/origin/main'
2024-01-26 04:23:08.149 [info] > git rev-parse refs/remotes/origin/main [1ms]
2024-01-26 04:23:08.158 [info] > git status -z -uall [3ms]
2024-01-26 04:25:40.904 [info] > git config --get commit.template [7ms]
2024-01-26 04:25:40.905 [info] > git for-each-ref --format=%(refname)%00%(upstream:short)%00%(objectname)%00%(upstream:track)%00%(upstream:remotename)%00%(upstream:remoteref) refs/heads/main refs/remotes/main [2ms]
2024-01-26 04:25:40.910 [warning] ENOENT: no such file or directory, open '/home/s4tankoua/Expresso/.git/refs/remotes/origin/main'
2024-01-26 04:25:40.912 [info] > git rev-parse refs/remotes/origin/main [2ms]
2024-01-26 04:25:40.919 [info] > git status -z -uall [2ms]
2024-01-26 04:26:08.262 [info] > git fetch [92ms]
2024-01-26 04:26:08.262 [info] Missing or invalid credentials.
Skip silent fetch commands
Host key verification failed.
fatal: Could not read from remote repository.

Please make sure you have the correct access rights
and the repository exists.
2024-01-26 04:26:08.276 [info] > git config --get commit.template [6ms]
2024-01-26 04:26:08.277 [info] > git for-each-ref --format=%(refname)%00%(upstream:short)%00%(objectname)%00%(upstream:track)%00%(upstream:remotename)%00%(upstream:remoteref) refs/heads/main refs/remotes/main [1ms]
2024-01-26 04:26:08.283 [warning] ENOENT: no such file or directory, open '/home/s4tankoua/Expresso/.git/refs/remotes/origin/main'
2024-01-26 04:26:08.285 [info] > git rev-parse refs/remotes/origin/main [2ms]
2024-01-26 04:26:08.296 [info] > git status -z -uall [5ms]
