2024-01-29 14:49:42.499 [info] Log level: Info
2024-01-29 14:49:42.499 [info] Validating found git in: "git"
2024-01-29 14:49:42.499 [info] Using git "2.34.1" from "git"
2024-01-29 14:49:42.499 [info] > git rev-parse --show-toplevel [4ms]
2024-01-29 14:49:42.499 [info] > git rev-parse --show-toplevel [2ms]
2024-01-29 14:49:42.499 [info] > git rev-parse --show-toplevel [3ms]
2024-01-29 14:49:42.499 [info] > git rev-parse --git-dir --git-common-dir [2ms]
2024-01-29 14:49:42.499 [info] Open repository: /home/s4tankoua/espresso/S6-PROJECTS
2024-01-29 14:49:42.499 [info] > git config --get commit.template [7ms]
2024-01-29 14:49:42.499 [info] > git rev-parse --show-toplevel [54ms]
2024-01-29 14:49:42.520 [info] > git rev-parse --show-toplevel [2ms]
2024-01-29 14:49:42.521 [info] > git for-each-ref --format=%(refname)%00%(upstream:short)%00%(objectname)%00%(upstream:track)%00%(upstream:remotename)%00%(upstream:remoteref) refs/heads/main refs/remotes/main [13ms]
2024-01-29 14:49:42.545 [info] > git rev-parse --show-toplevel [16ms]
2024-01-29 14:49:42.556 [info] > git status -z -uall [14ms]
2024-01-29 14:49:42.589 [info] > git rev-parse --show-toplevel [34ms]
2024-01-29 14:49:42.590 [info] > git config --get commit.template [2ms]
2024-01-29 14:49:42.606 [info] > git rev-parse --show-toplevel [7ms]
2024-01-29 14:49:42.608 [info] > git for-each-ref --format=%(refname)%00%(upstream:short)%00%(objectname)%00%(upstream:track)%00%(upstream:remotename)%00%(upstream:remoteref) refs/heads/main refs/remotes/main [4ms]
2024-01-29 14:49:42.625 [info] > git status -z -uall [4ms]
2024-01-29 14:49:43.035 [info] > git check-ignore -v -z --stdin [2ms]
2024-01-29 14:54:56.220 [info] > git fetch [238ms]
2024-01-29 14:54:56.220 [info] From https://github.com/DEL-ORG/S6-PROJECTS
   d07782d..3d878b8  main       -> origin/main
2024-01-29 14:54:56.236 [info] > git config --get commit.template [8ms]
2024-01-29 14:54:56.236 [info] > git for-each-ref --format=%(refname)%00%(upstream:short)%00%(objectname)%00%(upstream:track)%00%(upstream:remotename)%00%(upstream:remoteref) refs/heads/main refs/remotes/main [2ms]
2024-01-29 14:54:56.249 [info] > git status -z -uall [5ms]
2024-01-29 14:54:57.456 [info] > git config --get commit.template [8ms]
2024-01-29 14:54:57.458 [info] > git for-each-ref --format=%(refname)%00%(upstream:short)%00%(objectname)%00%(upstream:track)%00%(upstream:remotename)%00%(upstream:remoteref) refs/heads/main refs/remotes/main [2ms]
2024-01-29 14:54:57.470 [info] > git status -z -uall [4ms]
2024-01-29 15:17:56.400 [info] > git fetch [172ms]
2024-01-29 15:17:56.419 [info] > git config --get commit.template [9ms]
2024-01-29 15:17:56.420 [info] > git for-each-ref --format=%(refname)%00%(upstream:short)%00%(objectname)%00%(upstream:track)%00%(upstream:remotename)%00%(upstream:remoteref) refs/heads/main refs/remotes/main [2ms]
2024-01-29 15:17:56.433 [info] > git status -z -uall [4ms]
2024-01-29 15:17:57.597 [info] > git config --get commit.template [9ms]
2024-01-29 15:17:57.598 [info] > git for-each-ref --format=%(refname)%00%(upstream:short)%00%(objectname)%00%(upstream:track)%00%(upstream:remotename)%00%(upstream:remoteref) refs/heads/main refs/remotes/main [4ms]
2024-01-29 15:17:57.610 [info] > git status -z -uall [5ms]
2024-01-29 15:20:56.605 [info] > git fetch [148ms]
2024-01-29 15:20:56.621 [info] > git config --get commit.template [7ms]
2024-01-29 15:20:56.623 [info] > git for-each-ref --format=%(refname)%00%(upstream:short)%00%(objectname)%00%(upstream:track)%00%(upstream:remotename)%00%(upstream:remoteref) refs/heads/main refs/remotes/main [3ms]
2024-01-29 15:20:56.635 [info] > git status -z -uall [4ms]
2024-01-29 15:20:57.794 [info] > git config --get commit.template [9ms]
2024-01-29 15:20:57.795 [info] > git for-each-ref --format=%(refname)%00%(upstream:short)%00%(objectname)%00%(upstream:track)%00%(upstream:remotename)%00%(upstream:remoteref) refs/heads/main refs/remotes/main [2ms]
2024-01-29 15:20:57.806 [info] > git status -z -uall [5ms]
2024-01-29 15:32:26.745 [info] > git fetch [152ms]
2024-01-29 15:32:26.765 [info] > git config --get commit.template [9ms]
2024-01-29 15:32:26.767 [info] > git for-each-ref --format=%(refname)%00%(upstream:short)%00%(objectname)%00%(upstream:track)%00%(upstream:remotename)%00%(upstream:remoteref) refs/heads/main refs/remotes/main [3ms]
2024-01-29 15:32:26.781 [info] > git status -z -uall [6ms]
2024-01-29 15:32:28.007 [info] > git config --get commit.template [7ms]
2024-01-29 15:32:28.009 [info] > git for-each-ref --format=%(refname)%00%(upstream:short)%00%(objectname)%00%(upstream:track)%00%(upstream:remotename)%00%(upstream:remoteref) refs/heads/main refs/remotes/main [3ms]
2024-01-29 15:32:28.021 [info] > git status -z -uall [5ms]
2024-01-29 15:32:45.939 [info] > git rev-parse --show-toplevel [2ms]
2024-01-29 15:35:26.955 [info] > git fetch [161ms]
2024-01-29 15:35:26.973 [info] > git config --get commit.template [9ms]
2024-01-29 15:35:26.975 [info] > git for-each-ref --format=%(refname)%00%(upstream:short)%00%(objectname)%00%(upstream:track)%00%(upstream:remotename)%00%(upstream:remoteref) refs/heads/main refs/remotes/main [2ms]
2024-01-29 15:35:26.986 [info] > git status -z -uall [4ms]
2024-01-29 15:35:28.159 [info] > git config --get commit.template [12ms]
2024-01-29 15:35:28.160 [info] > git for-each-ref --format=%(refname)%00%(upstream:short)%00%(objectname)%00%(upstream:track)%00%(upstream:remotename)%00%(upstream:remoteref) refs/heads/main refs/remotes/main [3ms]
2024-01-29 15:35:28.171 [info] > git status -z -uall [5ms]
2024-01-29 15:36:03.823 [info] > git rev-parse --show-toplevel [18ms]
2024-01-29 15:37:08.540 [info] > git rev-parse --show-toplevel [2ms]
2024-01-29 15:37:13.818 [info] > git rev-parse --show-toplevel [17ms]
2024-01-29 15:38:27.172 [info] > git fetch [168ms]
2024-01-29 15:38:27.193 [info] > git config --get commit.template [11ms]
2024-01-29 15:38:27.194 [info] > git for-each-ref --format=%(refname)%00%(upstream:short)%00%(objectname)%00%(upstream:track)%00%(upstream:remotename)%00%(upstream:remoteref) refs/heads/main refs/remotes/main [2ms]
2024-01-29 15:38:27.206 [info] > git status -z -uall [5ms]
2024-01-29 15:38:28.365 [info] > git config --get commit.template [7ms]
2024-01-29 15:38:28.367 [info] > git for-each-ref --format=%(refname)%00%(upstream:short)%00%(objectname)%00%(upstream:track)%00%(upstream:remotename)%00%(upstream:remoteref) refs/heads/main refs/remotes/main [2ms]
2024-01-29 15:38:28.378 [info] > git status -z -uall [4ms]
