2024-01-31 01:46:56.342 [info] Log level: Info
2024-01-31 01:46:56.342 [info] Validating found git in: "git"
2024-01-31 01:46:56.342 [info] Using git "2.34.1" from "git"
2024-01-31 01:46:56.342 [info] > git rev-parse --show-toplevel [2ms]
2024-01-31 01:46:56.342 [info] > git rev-parse --show-toplevel [2ms]
2024-01-31 01:46:56.342 [info] > git rev-parse --show-toplevel [2ms]
2024-01-31 01:46:56.342 [info] > git rev-parse --git-dir --git-common-dir [2ms]
2024-01-31 01:46:56.342 [info] Open repository: /home/s4tankoua/espresso/S6-PROJECTS
2024-01-31 01:46:56.342 [info] > git config --get commit.template [7ms]
2024-01-31 01:46:56.342 [info] > git rev-parse --show-toplevel [4ms]
2024-01-31 01:46:56.342 [info] > git for-each-ref --format=%(refname)%00%(upstream:short)%00%(objectname)%00%(upstream:track)%00%(upstream:remotename)%00%(upstream:remoteref) refs/heads/main refs/remotes/main [9ms]
2024-01-31 01:46:56.342 [info] > git rev-parse --show-toplevel [2ms]
2024-01-31 01:46:56.342 [info] > git rev-parse --show-toplevel [9ms]
2024-01-31 01:46:56.342 [info] > git status -z -uall [12ms]
2024-01-31 01:46:56.342 [info] > git rev-parse --show-toplevel [104ms]
2024-01-31 01:46:56.342 [info] > git config --get commit.template [3ms]
2024-01-31 01:46:56.342 [info] > git rev-parse --show-toplevel [8ms]
2024-01-31 01:46:56.342 [info] > git for-each-ref --format=%(refname)%00%(upstream:short)%00%(objectname)%00%(upstream:track)%00%(upstream:remotename)%00%(upstream:remoteref) refs/heads/main refs/remotes/main [9ms]
2024-01-31 01:46:56.342 [info] > git status -z -uall [3ms]
2024-01-31 01:46:56.342 [info] > git fetch [265ms]
2024-01-31 01:46:56.342 [info] From https://github.com/DEL-ORG/S6-PROJECTS
   eb4310b..0bf2f6a  s6ronald   -> origin/s6ronald
2024-01-31 01:46:56.342 [info] > git config --get commit.template [6ms]
2024-01-31 01:46:56.342 [info] > git for-each-ref --format=%(refname)%00%(upstream:short)%00%(objectname)%00%(upstream:track)%00%(upstream:remotename)%00%(upstream:remoteref) refs/heads/main refs/remotes/main [3ms]
2024-01-31 01:46:56.342 [info] > git status -z -uall [4ms]
2024-01-31 01:46:56.672 [info] > git rev-parse --show-toplevel [2ms]
2024-01-31 01:46:56.768 [info] > git rev-parse --show-toplevel [1ms]
2024-01-31 01:46:56.829 [info] > git rev-parse --show-toplevel [1ms]
2024-01-31 01:46:56.855 [info] > git rev-parse --show-toplevel [3ms]
2024-01-31 01:46:56.863 [info] > git rev-parse --show-toplevel [2ms]
2024-01-31 01:46:57.365 [info] > git check-ignore -v -z --stdin [2ms]
2024-01-31 01:46:58.252 [info] > git config --get commit.template [11ms]
2024-01-31 01:46:58.252 [info] > git for-each-ref --format=%(refname)%00%(upstream:short)%00%(objectname)%00%(upstream:track)%00%(upstream:remotename)%00%(upstream:remoteref) refs/heads/main refs/remotes/main [2ms]
2024-01-31 01:46:58.264 [info] > git status -z -uall [4ms]
2024-01-31 01:47:57.976 [info] > git config --get commit.template [7ms]
2024-01-31 01:47:57.977 [info] > git for-each-ref --format=%(refname)%00%(upstream:short)%00%(objectname)%00%(upstream:track)%00%(upstream:remotename)%00%(upstream:remoteref) refs/heads/main refs/remotes/main [3ms]
2024-01-31 01:47:57.988 [info] > git status -z -uall [4ms]
2024-01-31 01:49:56.347 [info] > git fetch [156ms]
2024-01-31 01:49:56.360 [info] > git config --get commit.template [6ms]
2024-01-31 01:49:56.361 [info] > git for-each-ref --format=%(refname)%00%(upstream:short)%00%(objectname)%00%(upstream:track)%00%(upstream:remotename)%00%(upstream:remoteref) refs/heads/main refs/remotes/main [2ms]
2024-01-31 01:49:56.371 [info] > git status -z -uall [4ms]
2024-01-31 01:49:57.535 [info] > git config --get commit.template [6ms]
2024-01-31 01:49:57.536 [info] > git for-each-ref --format=%(refname)%00%(upstream:short)%00%(objectname)%00%(upstream:track)%00%(upstream:remotename)%00%(upstream:remoteref) refs/heads/main refs/remotes/main [2ms]
2024-01-31 01:49:57.544 [info] > git status -z -uall [3ms]
2024-01-31 01:52:56.529 [info] > git fetch [140ms]
2024-01-31 01:52:56.547 [info] > git config --get commit.template [10ms]
2024-01-31 01:52:56.548 [info] > git for-each-ref --format=%(refname)%00%(upstream:short)%00%(objectname)%00%(upstream:track)%00%(upstream:remotename)%00%(upstream:remoteref) refs/heads/main refs/remotes/main [2ms]
2024-01-31 01:52:56.558 [info] > git status -z -uall [3ms]
2024-01-31 01:52:57.722 [info] > git config --get commit.template [8ms]
2024-01-31 01:52:57.723 [info] > git for-each-ref --format=%(refname)%00%(upstream:short)%00%(objectname)%00%(upstream:track)%00%(upstream:remotename)%00%(upstream:remoteref) refs/heads/main refs/remotes/main [2ms]
2024-01-31 01:52:57.733 [info] > git status -z -uall [4ms]
2024-01-31 01:55:56.717 [info] > git fetch [142ms]
2024-01-31 01:55:56.733 [info] > git config --get commit.template [7ms]
2024-01-31 01:55:56.735 [info] > git for-each-ref --format=%(refname)%00%(upstream:short)%00%(objectname)%00%(upstream:track)%00%(upstream:remotename)%00%(upstream:remoteref) refs/heads/main refs/remotes/main [2ms]
2024-01-31 01:55:56.746 [info] > git status -z -uall [4ms]
2024-01-31 01:55:57.919 [info] > git config --get commit.template [8ms]
2024-01-31 01:55:57.920 [info] > git for-each-ref --format=%(refname)%00%(upstream:short)%00%(objectname)%00%(upstream:track)%00%(upstream:remotename)%00%(upstream:remoteref) refs/heads/main refs/remotes/main [3ms]
2024-01-31 01:55:57.931 [info] > git status -z -uall [3ms]
2024-01-31 02:00:47.168 [info] > git fetch [149ms]
2024-01-31 02:00:47.182 [info] > git config --get commit.template [7ms]
2024-01-31 02:00:47.183 [info] > git for-each-ref --format=%(refname)%00%(upstream:short)%00%(objectname)%00%(upstream:track)%00%(upstream:remotename)%00%(upstream:remoteref) refs/heads/main refs/remotes/main [2ms]
2024-01-31 02:00:47.194 [info] > git status -z -uall [3ms]
2024-01-31 02:00:48.370 [info] > git config --get commit.template [7ms]
2024-01-31 02:00:48.371 [info] > git for-each-ref --format=%(refname)%00%(upstream:short)%00%(objectname)%00%(upstream:track)%00%(upstream:remotename)%00%(upstream:remoteref) refs/heads/main refs/remotes/main [3ms]
2024-01-31 02:00:48.380 [info] > git status -z -uall [3ms]
2024-01-31 02:04:04.399 [info] > git fetch [153ms]
2024-01-31 02:04:04.416 [info] > git config --get commit.template [7ms]
2024-01-31 02:04:04.417 [info] > git for-each-ref --format=%(refname)%00%(upstream:short)%00%(objectname)%00%(upstream:track)%00%(upstream:remotename)%00%(upstream:remoteref) refs/heads/main refs/remotes/main [2ms]
2024-01-31 02:04:04.427 [info] > git status -z -uall [4ms]
2024-01-31 02:04:05.638 [info] > git config --get commit.template [7ms]
2024-01-31 02:04:05.640 [info] > git for-each-ref --format=%(refname)%00%(upstream:short)%00%(objectname)%00%(upstream:track)%00%(upstream:remotename)%00%(upstream:remoteref) refs/heads/main refs/remotes/main [2ms]
2024-01-31 02:04:05.650 [info] > git status -z -uall [4ms]
2024-01-31 02:07:04.609 [info] > git fetch [166ms]
2024-01-31 02:07:04.629 [info] > git config --get commit.template [13ms]
2024-01-31 02:07:04.631 [info] > git for-each-ref --format=%(refname)%00%(upstream:short)%00%(objectname)%00%(upstream:track)%00%(upstream:remotename)%00%(upstream:remoteref) refs/heads/main refs/remotes/main [4ms]
2024-01-31 02:07:04.643 [info] > git status -z -uall [4ms]
2024-01-31 02:07:05.816 [info] > git config --get commit.template [7ms]
2024-01-31 02:07:05.817 [info] > git for-each-ref --format=%(refname)%00%(upstream:short)%00%(objectname)%00%(upstream:track)%00%(upstream:remotename)%00%(upstream:remoteref) refs/heads/main refs/remotes/main [3ms]
2024-01-31 02:07:05.827 [info] > git status -z -uall [4ms]
