2024-02-01 06:12:22.601 [info] Extension host with pid 349136 started
2024-02-01 06:12:22.708 [info] Lock '/home/s4tankoua/.vscode-server/data/User/workspaceStorage/c4a32dd17ca19df0594942ff4bbfb1a9/vscode.lock': Lock acquired.
2024-02-01 06:12:22.817 [info] ExtensionService#_doActivateExtension vscode.tunnel-forwarding, startup: false, activationEvent: 'onTunnel'
2024-02-01 06:12:22.944 [info] ExtensionService#_doActivateExtension vscode.git-base, startup: true, activationEvent: '*'
2024-02-01 06:12:23.043 [info] ExtensionService#_doActivateExtension vscode.github, startup: true, activationEvent: '*'
2024-02-01 06:12:23.210 [info] Eager extensions activated
2024-02-01 06:12:23.210 [info] ExtensionService#_doActivateExtension vscode.debug-auto-launch, startup: false, activationEvent: 'onStartupFinished'
2024-02-01 06:12:23.211 [info] ExtensionService#_doActivateExtension vscode.merge-conflict, startup: false, activationEvent: 'onStartupFinished'
2024-02-01 06:12:24.879 [info] ExtensionService#_doActivateExtension vscode.git, startup: false, activationEvent: 'api', root cause: vscode.github
2024-02-01 06:13:24.065 [info] ExtensionService#_doActivateExtension vscode.npm, startup: false, activationEvent: 'onTerminalQuickFixRequest:ms-vscode.npm-command'
2024-02-01 06:33:49.852 [info] ExtensionService#_doActivateExtension vscode.emmet, startup: false, activationEvent: 'onLanguage'
2024-02-01 09:56:54.238 [info] Extension host terminating: renderer disconnected for too long (1)
2024-02-01 09:56:54.238 [info] Lock '/home/s4tankoua/.vscode-server/data/User/workspaceStorage/c4a32dd17ca19df0594942ff4bbfb1a9/vscode.lock': Marking the lockfile as scheduled to be released in 6000 ms.
2024-02-01 09:56:54.280 [error] Canceled: Canceled
	at new g (/home/s4tankoua/.vscode-server/bin/8b3775030ed1a69b13e4f4c628c612102e30a681/out/vs/workbench/api/node/extensionHostProcess.js:141:110274)
	at u.U (/home/s4tankoua/.vscode-server/bin/8b3775030ed1a69b13e4f4c628c612102e30a681/out/vs/workbench/api/node/extensionHostProcess.js:150:10866)
	at P.<computed>.j.charCodeAt.P.<computed> (/home/s4tankoua/.vscode-server/bin/8b3775030ed1a69b13e4f4c628c612102e30a681/out/vs/workbench/api/node/extensionHostProcess.js:150:8317)
	at d.g (/home/s4tankoua/.vscode-server/bin/8b3775030ed1a69b13e4f4c628c612102e30a681/out/vs/workbench/api/node/extensionHostProcess.js:141:139555)
	at d.executeCommand (/home/s4tankoua/.vscode-server/bin/8b3775030ed1a69b13e4f4c628c612102e30a681/out/vs/workbench/api/node/extensionHostProcess.js:141:138993)
	at b.registerCommand.description (/home/s4tankoua/.vscode-server/bin/8b3775030ed1a69b13e4f4c628c612102e30a681/out/vs/workbench/api/node/extensionHostProcess.js:141:138317)
	at d.h (/home/s4tankoua/.vscode-server/bin/8b3775030ed1a69b13e4f4c628c612102e30a681/out/vs/workbench/api/node/extensionHostProcess.js:141:140094)
	at d.g (/home/s4tankoua/.vscode-server/bin/8b3775030ed1a69b13e4f4c628c612102e30a681/out/vs/workbench/api/node/extensionHostProcess.js:141:139086)
	at d.executeCommand (/home/s4tankoua/.vscode-server/bin/8b3775030ed1a69b13e4f4c628c612102e30a681/out/vs/workbench/api/node/extensionHostProcess.js:141:138993)
	at Object.executeCommand (/home/s4tankoua/.vscode-server/bin/8b3775030ed1a69b13e4f4c628c612102e30a681/out/vs/workbench/api/node/extensionHostProcess.js:158:21333)
	at f.I [as value] (/home/s4tankoua/.vscode-server/bin/8b3775030ed1a69b13e4f4c628c612102e30a681/extensions/git/dist/main.js:2:924696)
	at n.y (/home/s4tankoua/.vscode-server/bin/8b3775030ed1a69b13e4f4c628c612102e30a681/out/vs/workbench/api/node/extensionHostProcess.js:80:1902)
	at n.z (/home/s4tankoua/.vscode-server/bin/8b3775030ed1a69b13e4f4c628c612102e30a681/out/vs/workbench/api/node/extensionHostProcess.js:80:1972)
	at n.fire (/home/s4tankoua/.vscode-server/bin/8b3775030ed1a69b13e4f4c628c612102e30a681/out/vs/workbench/api/node/extensionHostProcess.js:80:2188)
	at Object.m [as dispose] (/home/s4tankoua/.vscode-server/bin/8b3775030ed1a69b13e4f4c628c612102e30a681/extensions/git/dist/main.js:2:940613)
	at /home/s4tankoua/.vscode-server/bin/8b3775030ed1a69b13e4f4c628c612102e30a681/extensions/git/dist/main.js:2:945566
	at Array.forEach (<anonymous>)
	at p.dispose (/home/s4tankoua/.vscode-server/bin/8b3775030ed1a69b13e4f4c628c612102e30a681/extensions/git/dist/main.js:2:945552)
	at l.<anonymous> (/home/s4tankoua/.vscode-server/bin/8b3775030ed1a69b13e4f4c628c612102e30a681/out/vs/workbench/api/node/extensionHostProcess.js:137:3620)
	at l.dispose (/home/s4tankoua/.vscode-server/bin/8b3775030ed1a69b13e4f4c628c612102e30a681/out/vs/workbench/api/node/extensionHostProcess.js:137:3717)
	at l.<anonymous> (/home/s4tankoua/.vscode-server/bin/8b3775030ed1a69b13e4f4c628c612102e30a681/extensions/git/dist/main.js:2:926708)
	at l.dispose (/home/s4tankoua/.vscode-server/bin/8b3775030ed1a69b13e4f4c628c612102e30a681/out/vs/workbench/api/node/extensionHostProcess.js:137:3717)
	at s (/home/s4tankoua/.vscode-server/bin/8b3775030ed1a69b13e4f4c628c612102e30a681/out/vs/workbench/api/node/extensionHostProcess.js:30:754)
	at f.cb (/home/s4tankoua/.vscode-server/bin/8b3775030ed1a69b13e4f4c628c612102e30a681/out/vs/workbench/api/node/extensionHostProcess.js:154:9873)
	at /home/s4tankoua/.vscode-server/bin/8b3775030ed1a69b13e4f4c628c612102e30a681/out/vs/workbench/api/node/extensionHostProcess.js:154:7808
	at Array.map (<anonymous>)
	at f.Y (/home/s4tankoua/.vscode-server/bin/8b3775030ed1a69b13e4f4c628c612102e30a681/out/vs/workbench/api/node/extensionHostProcess.js:154:7795)
	at f.terminate (/home/s4tankoua/.vscode-server/bin/8b3775030ed1a69b13e4f4c628c612102e30a681/out/vs/workbench/api/node/extensionHostProcess.js:154:8068)
	at s.terminate (/home/s4tankoua/.vscode-server/bin/8b3775030ed1a69b13e4f4c628c612102e30a681/out/vs/workbench/api/node/extensionHostProcess.js:158:1513)
	at a (/home/s4tankoua/.vscode-server/bin/8b3775030ed1a69b13e4f4c628c612102e30a681/out/vs/workbench/api/node/extensionHostProcess.js:171:9802)
	at N.a (/home/s4tankoua/.vscode-server/bin/8b3775030ed1a69b13e4f4c628c612102e30a681/out/vs/workbench/api/node/extensionHostProcess.js:171:6532)
	at N.h (/home/s4tankoua/.vscode-server/bin/8b3775030ed1a69b13e4f4c628c612102e30a681/out/vs/workbench/api/node/extensionHostProcess.js:97:20057)
	at listOnTimeout (node:internal/timers:569:17)
	at process.processTimers (node:internal/timers:512:7) setContext undefined
2024-02-01 09:56:54.281 [error] Canceled: Canceled
	at new g (/home/s4tankoua/.vscode-server/bin/8b3775030ed1a69b13e4f4c628c612102e30a681/out/vs/workbench/api/node/extensionHostProcess.js:141:110274)
	at u.U (/home/s4tankoua/.vscode-server/bin/8b3775030ed1a69b13e4f4c628c612102e30a681/out/vs/workbench/api/node/extensionHostProcess.js:150:10866)
	at P.<computed>.j.charCodeAt.P.<computed> (/home/s4tankoua/.vscode-server/bin/8b3775030ed1a69b13e4f4c628c612102e30a681/out/vs/workbench/api/node/extensionHostProcess.js:150:8317)
	at d.g (/home/s4tankoua/.vscode-server/bin/8b3775030ed1a69b13e4f4c628c612102e30a681/out/vs/workbench/api/node/extensionHostProcess.js:141:139555)
	at d.executeCommand (/home/s4tankoua/.vscode-server/bin/8b3775030ed1a69b13e4f4c628c612102e30a681/out/vs/workbench/api/node/extensionHostProcess.js:141:138993)
	at b.registerCommand.description (/home/s4tankoua/.vscode-server/bin/8b3775030ed1a69b13e4f4c628c612102e30a681/out/vs/workbench/api/node/extensionHostProcess.js:141:138317)
	at d.h (/home/s4tankoua/.vscode-server/bin/8b3775030ed1a69b13e4f4c628c612102e30a681/out/vs/workbench/api/node/extensionHostProcess.js:141:140094)
	at d.g (/home/s4tankoua/.vscode-server/bin/8b3775030ed1a69b13e4f4c628c612102e30a681/out/vs/workbench/api/node/extensionHostProcess.js:141:139086)
	at d.executeCommand (/home/s4tankoua/.vscode-server/bin/8b3775030ed1a69b13e4f4c628c612102e30a681/out/vs/workbench/api/node/extensionHostProcess.js:141:138993)
	at Object.executeCommand (/home/s4tankoua/.vscode-server/bin/8b3775030ed1a69b13e4f4c628c612102e30a681/out/vs/workbench/api/node/extensionHostProcess.js:158:21333)
	at set b [as b] (/home/s4tankoua/.vscode-server/bin/8b3775030ed1a69b13e4f4c628c612102e30a681/extensions/github/dist/extension.js:2:322364)
	at /home/s4tankoua/.vscode-server/bin/8b3775030ed1a69b13e4f4c628c612102e30a681/extensions/github/dist/extension.js:2:323005
	at f.value (/home/s4tankoua/.vscode-server/bin/8b3775030ed1a69b13e4f4c628c612102e30a681/extensions/git/dist/main.js:2:1016450)
	at n.y (/home/s4tankoua/.vscode-server/bin/8b3775030ed1a69b13e4f4c628c612102e30a681/out/vs/workbench/api/node/extensionHostProcess.js:80:1902)
	at n.z (/home/s4tankoua/.vscode-server/bin/8b3775030ed1a69b13e4f4c628c612102e30a681/out/vs/workbench/api/node/extensionHostProcess.js:80:1972)
	at n.fire (/home/s4tankoua/.vscode-server/bin/8b3775030ed1a69b13e4f4c628c612102e30a681/out/vs/workbench/api/node/extensionHostProcess.js:80:2188)
	at Object.m [as dispose] (/home/s4tankoua/.vscode-server/bin/8b3775030ed1a69b13e4f4c628c612102e30a681/extensions/git/dist/main.js:2:940613)
	at /home/s4tankoua/.vscode-server/bin/8b3775030ed1a69b13e4f4c628c612102e30a681/extensions/git/dist/main.js:2:945566
	at Array.forEach (<anonymous>)
	at p.dispose (/home/s4tankoua/.vscode-server/bin/8b3775030ed1a69b13e4f4c628c612102e30a681/extensions/git/dist/main.js:2:945552)
	at l.<anonymous> (/home/s4tankoua/.vscode-server/bin/8b3775030ed1a69b13e4f4c628c612102e30a681/out/vs/workbench/api/node/extensionHostProcess.js:137:3620)
	at l.dispose (/home/s4tankoua/.vscode-server/bin/8b3775030ed1a69b13e4f4c628c612102e30a681/out/vs/workbench/api/node/extensionHostProcess.js:137:3717)
	at l.<anonymous> (/home/s4tankoua/.vscode-server/bin/8b3775030ed1a69b13e4f4c628c612102e30a681/extensions/git/dist/main.js:2:926708)
	at l.dispose (/home/s4tankoua/.vscode-server/bin/8b3775030ed1a69b13e4f4c628c612102e30a681/out/vs/workbench/api/node/extensionHostProcess.js:137:3717)
	at s (/home/s4tankoua/.vscode-server/bin/8b3775030ed1a69b13e4f4c628c612102e30a681/out/vs/workbench/api/node/extensionHostProcess.js:30:754)
	at f.cb (/home/s4tankoua/.vscode-server/bin/8b3775030ed1a69b13e4f4c628c612102e30a681/out/vs/workbench/api/node/extensionHostProcess.js:154:9873)
	at /home/s4tankoua/.vscode-server/bin/8b3775030ed1a69b13e4f4c628c612102e30a681/out/vs/workbench/api/node/extensionHostProcess.js:154:7808
	at Array.map (<anonymous>)
	at f.Y (/home/s4tankoua/.vscode-server/bin/8b3775030ed1a69b13e4f4c628c612102e30a681/out/vs/workbench/api/node/extensionHostProcess.js:154:7795)
	at f.terminate (/home/s4tankoua/.vscode-server/bin/8b3775030ed1a69b13e4f4c628c612102e30a681/out/vs/workbench/api/node/extensionHostProcess.js:154:8068)
	at s.terminate (/home/s4tankoua/.vscode-server/bin/8b3775030ed1a69b13e4f4c628c612102e30a681/out/vs/workbench/api/node/extensionHostProcess.js:158:1513)
	at a (/home/s4tankoua/.vscode-server/bin/8b3775030ed1a69b13e4f4c628c612102e30a681/out/vs/workbench/api/node/extensionHostProcess.js:171:9802)
	at N.a (/home/s4tankoua/.vscode-server/bin/8b3775030ed1a69b13e4f4c628c612102e30a681/out/vs/workbench/api/node/extensionHostProcess.js:171:6532)
	at N.h (/home/s4tankoua/.vscode-server/bin/8b3775030ed1a69b13e4f4c628c612102e30a681/out/vs/workbench/api/node/extensionHostProcess.js:97:20057)
	at listOnTimeout (node:internal/timers:569:17)
	at process.processTimers (node:internal/timers:512:7) setContext undefined
2024-02-01 09:56:54.282 [info] Extension host with pid 349136 exiting with code 0
