2024-01-24 01:33:25.486 [info] Log level: Info
2024-01-24 01:33:25.486 [info] Validating found git in: "git"
2024-01-24 01:33:25.486 [info] Using git "2.34.1" from "git"
2024-01-24 01:33:25.486 [info] > git rev-parse --show-toplevel [4ms]
2024-01-24 01:33:25.486 [info] fatal: not a git repository (or any of the parent directories): .git
2024-01-24 01:33:25.486 [info] > git rev-parse --show-toplevel [218ms]
2024-01-24 01:33:25.486 [info] fatal: not a git repository (or any of the parent directories): .git
2024-01-24 01:33:25.486 [info] > git rev-parse --show-toplevel [3ms]
2024-01-24 01:33:25.486 [info] > git rev-parse --git-dir --git-common-dir [42ms]
2024-01-24 01:33:25.486 [info] Open repository: /home/s4tankoua/espresso/S6-PROJECTS
2024-01-24 01:33:25.486 [info] > git config --get commit.template [9ms]
2024-01-24 01:33:25.486 [info] > git rev-parse --show-toplevel [11ms]
2024-01-24 01:33:25.486 [info] fatal: not a git repository (or any of the parent directories): .git
2024-01-24 01:33:25.511 [info] > git for-each-ref --format=%(refname)%00%(upstream:short)%00%(objectname)%00%(upstream:track)%00%(upstream:remotename)%00%(upstream:remoteref) refs/heads/main refs/remotes/main [15ms]
2024-01-24 01:33:25.513 [info] > git rev-parse --show-toplevel [5ms]
2024-01-24 01:33:25.513 [info] fatal: not a git repository (or any of the parent directories): .git
2024-01-24 01:33:25.522 [warning] ENOENT: no such file or directory, open '/home/s4tankoua/espresso/S6-PROJECTS/.git/refs/remotes/origin/main'
2024-01-24 01:33:25.537 [info] > git rev-parse refs/remotes/origin/main [15ms]
2024-01-24 01:33:25.549 [info] > git rev-parse --show-toplevel [14ms]
2024-01-24 01:33:25.549 [info] fatal: not a git repository (or any of the parent directories): .git
2024-01-24 01:33:25.560 [info] > git status -z -uall [14ms]
2024-01-24 01:33:25.657 [info] > git rev-parse --show-toplevel [99ms]
2024-01-24 01:33:25.657 [info] fatal: not a git repository (or any of the parent directories): .git
2024-01-24 01:33:25.665 [info] > git config --get commit.template [10ms]
2024-01-24 01:33:25.666 [info] > git fetch [215ms]
2024-01-24 01:33:25.768 [info] > git rev-parse --show-toplevel [103ms]
2024-01-24 01:33:25.768 [info] fatal: not a git repository (or any of the parent directories): .git
2024-01-24 01:33:25.785 [info] > git config --get commit.template [17ms]
2024-01-24 01:33:25.983 [info] > git for-each-ref --format=%(refname)%00%(upstream:short)%00%(objectname)%00%(upstream:track)%00%(upstream:remotename)%00%(upstream:remoteref) refs/heads/main refs/remotes/main [201ms]
2024-01-24 01:33:26.008 [warning] ENOENT: no such file or directory, open '/home/s4tankoua/espresso/S6-PROJECTS/.git/refs/remotes/origin/main'
2024-01-24 01:33:26.028 [info] > git check-ignore -v -z --stdin [35ms]
2024-01-24 01:33:26.029 [info] > git rev-parse refs/remotes/origin/main [22ms]
2024-01-24 01:33:26.031 [info] > git for-each-ref --format=%(refname)%00%(upstream:short)%00%(objectname)%00%(upstream:track)%00%(upstream:remotename)%00%(upstream:remoteref) refs/heads/main refs/remotes/main [30ms]
2024-01-24 01:33:26.055 [warning] ENOENT: no such file or directory, open '/home/s4tankoua/espresso/S6-PROJECTS/.git/refs/remotes/origin/main'
2024-01-24 01:33:26.060 [info] > git rev-parse refs/remotes/origin/main [5ms]
2024-01-24 01:33:26.080 [info] > git status -z -uall [12ms]
2024-01-24 01:33:26.527 [info] > git check-ignore -v -z --stdin [2ms]
2024-01-24 01:33:27.121 [info] > git config --get commit.template [12ms]
2024-01-24 01:33:27.122 [info] > git for-each-ref --format=%(refname)%00%(upstream:short)%00%(objectname)%00%(upstream:track)%00%(upstream:remotename)%00%(upstream:remoteref) refs/heads/main refs/remotes/main [3ms]
2024-01-24 01:33:27.131 [warning] ENOENT: no such file or directory, open '/home/s4tankoua/espresso/S6-PROJECTS/.git/refs/remotes/origin/main'
2024-01-24 01:33:27.134 [info] > git rev-parse refs/remotes/origin/main [2ms]
2024-01-24 01:33:27.149 [info] > git status -z -uall [5ms]
2024-01-24 01:36:26.265 [info] > git fetch [167ms]
2024-01-24 01:36:26.283 [info] > git config --get commit.template [9ms]
2024-01-24 01:36:26.285 [info] > git for-each-ref --format=%(refname)%00%(upstream:short)%00%(objectname)%00%(upstream:track)%00%(upstream:remotename)%00%(upstream:remoteref) refs/heads/main refs/remotes/main [3ms]
2024-01-24 01:36:26.296 [warning] ENOENT: no such file or directory, open '/home/s4tankoua/espresso/S6-PROJECTS/.git/refs/remotes/origin/main'
2024-01-24 01:36:26.298 [info] > git rev-parse refs/remotes/origin/main [2ms]
2024-01-24 01:36:26.314 [info] > git status -z -uall [4ms]
2024-01-24 01:36:27.491 [info] > git config --get commit.template [3ms]
2024-01-24 01:36:27.501 [info] > git for-each-ref --format=%(refname)%00%(upstream:short)%00%(objectname)%00%(upstream:track)%00%(upstream:remotename)%00%(upstream:remoteref) refs/heads/main refs/remotes/main [2ms]
2024-01-24 01:36:27.508 [warning] ENOENT: no such file or directory, open '/home/s4tankoua/espresso/S6-PROJECTS/.git/refs/remotes/origin/main'
2024-01-24 01:36:27.510 [info] > git rev-parse refs/remotes/origin/main [2ms]
2024-01-24 01:36:27.521 [info] > git status -z -uall [4ms]
