2024-01-30 14:28:59.245 [info] Log level: Info
2024-01-30 14:28:59.246 [info] Validating found git in: "git"
2024-01-30 14:28:59.246 [info] Using git "2.34.1" from "git"
2024-01-30 14:28:59.246 [info] > git rev-parse --show-toplevel [4ms]
2024-01-30 14:28:59.246 [info] > git rev-parse --show-toplevel [2ms]
2024-01-30 14:28:59.246 [info] > git rev-parse --show-toplevel [2ms]
2024-01-30 14:28:59.246 [info] > git rev-parse --git-dir --git-common-dir [2ms]
2024-01-30 14:28:59.246 [info] Open repository: /home/s4tankoua/espresso/S6-PROJECTS
2024-01-30 14:28:59.246 [info] > git rev-parse --show-toplevel [2ms]
2024-01-30 14:28:59.246 [info] > git config --get commit.template [9ms]
2024-01-30 14:28:59.246 [info] > git rev-parse --show-toplevel [1ms]
2024-01-30 14:28:59.246 [info] > git for-each-ref --format=%(refname)%00%(upstream:short)%00%(objectname)%00%(upstream:track)%00%(upstream:remotename)%00%(upstream:remoteref) refs/heads/main refs/remotes/main [16ms]
2024-01-30 14:28:59.246 [info] > git rev-parse --show-toplevel [2ms]
2024-01-30 14:28:59.246 [info] > git rev-parse --show-toplevel [8ms]
2024-01-30 14:28:59.246 [info] > git status -z -uall [9ms]
2024-01-30 14:28:59.246 [info] > git rev-parse --show-toplevel [25ms]
2024-01-30 14:28:59.246 [info] > git config --get commit.template [99ms]
2024-01-30 14:28:59.246 [info] > git for-each-ref --format=%(refname)%00%(upstream:short)%00%(objectname)%00%(upstream:track)%00%(upstream:remotename)%00%(upstream:remoteref) refs/heads/main refs/remotes/main [2ms]
2024-01-30 14:28:59.246 [info] > git status -z -uall [4ms]
2024-01-30 14:29:00.578 [info] > git check-ignore -v -z --stdin [2ms]
