2024-01-31 02:53:16.927 [info] Log level: Info
2024-01-31 02:53:16.927 [info] Validating found git in: "git"
2024-01-31 02:53:16.927 [info] Using git "2.34.1" from "git"
2024-01-31 02:53:16.927 [info] > git rev-parse --show-toplevel [4ms]
2024-01-31 02:53:16.927 [info] > git rev-parse --show-toplevel [2ms]
2024-01-31 02:53:16.927 [info] > git rev-parse --show-toplevel [10ms]
2024-01-31 02:53:16.927 [info] > git rev-parse --git-dir --git-common-dir [2ms]
2024-01-31 02:53:16.927 [info] Open repository: /home/s4tankoua/espresso/S6-PROJECTS
2024-01-31 02:53:16.927 [info] > git rev-parse --show-toplevel [21ms]
2024-01-31 02:53:16.927 [info] > git config --get commit.template [28ms]
2024-01-31 02:53:16.927 [info] > git rev-parse --show-toplevel [2ms]
2024-01-31 02:53:16.927 [info] > git for-each-ref --format=%(refname)%00%(upstream:short)%00%(objectname)%00%(upstream:track)%00%(upstream:remotename)%00%(upstream:remoteref) refs/heads/main refs/remotes/main [15ms]
2024-01-31 02:53:16.927 [info] > git rev-parse --show-toplevel [4ms]
2024-01-31 02:53:16.927 [info] > git status -z -uall [18ms]
2024-01-31 02:53:16.927 [info] > git rev-parse --show-toplevel [3ms]
2024-01-31 02:53:16.927 [info] > git config --get commit.template [12ms]
2024-01-31 02:53:16.927 [info] > git rev-parse --show-toplevel [13ms]
2024-01-31 02:53:16.927 [info] > git for-each-ref --format=%(refname)%00%(upstream:short)%00%(objectname)%00%(upstream:track)%00%(upstream:remotename)%00%(upstream:remoteref) refs/heads/main refs/remotes/main [30ms]
2024-01-31 02:53:16.927 [info] > git fetch [205ms]
2024-01-31 02:53:16.927 [info] > git rev-parse --show-toplevel [15ms]
2024-01-31 02:53:16.927 [info] > git config --get commit.template [4ms]
2024-01-31 02:53:16.927 [info] > git for-each-ref --format=%(refname)%00%(upstream:short)%00%(objectname)%00%(upstream:track)%00%(upstream:remotename)%00%(upstream:remoteref) refs/heads/main refs/remotes/main [107ms]
2024-01-31 02:53:16.927 [info] > git rev-parse --show-toplevel [121ms]
2024-01-31 02:53:16.927 [info] > git rev-parse --show-toplevel [2ms]
2024-01-31 02:53:16.927 [info] > git status -z -uall [92ms]
2024-01-31 02:53:17.715 [info] > git check-ignore -v -z --stdin [30ms]
2024-01-31 02:53:18.122 [info] > git config --get commit.template [10ms]
2024-01-31 02:53:18.129 [info] > git for-each-ref --format=%(refname)%00%(upstream:short)%00%(objectname)%00%(upstream:track)%00%(upstream:remotename)%00%(upstream:remoteref) refs/heads/main refs/remotes/main [8ms]
2024-01-31 02:53:18.157 [info] > git status -z -uall [7ms]
2024-01-31 03:04:48.095 [info] > git fetch [155ms]
2024-01-31 03:04:48.106 [info] > git config --get commit.template [2ms]
2024-01-31 03:04:48.114 [info] > git for-each-ref --format=%(refname)%00%(upstream:short)%00%(objectname)%00%(upstream:track)%00%(upstream:remotename)%00%(upstream:remoteref) refs/heads/main refs/remotes/main [3ms]
2024-01-31 03:04:48.129 [info] > git status -z -uall [8ms]
