2024-01-16 19:50:36.501 [info] Log level: Info
2024-01-16 19:50:36.501 [info] Validating found git in: "git"
2024-01-16 19:50:36.501 [info] Using git "2.34.1" from "git"
2024-01-16 19:50:36.501 [info] > git rev-parse --show-toplevel [4ms]
2024-01-16 19:50:36.501 [info] fatal: not a git repository (or any of the parent directories): .git
2024-01-16 19:50:36.501 [info] > git rev-parse --show-toplevel [2ms]
2024-01-16 19:50:36.501 [info] fatal: not a git repository (or any of the parent directories): .git
2024-01-16 19:50:36.501 [info] > git rev-parse --show-toplevel [3ms]
2024-01-16 19:50:36.501 [info] fatal: not a git repository (or any of the parent directories): .git
2024-01-16 19:50:36.501 [info] > git rev-parse --show-toplevel [2ms]
2024-01-16 19:50:36.501 [info] fatal: not a git repository (or any of the parent directories): .git
2024-01-16 19:50:36.501 [info] > git rev-parse --show-toplevel [3ms]
2024-01-16 19:50:36.501 [info] > git rev-parse --git-dir --git-common-dir [2ms]
2024-01-16 19:50:36.501 [info] Open repository: /home/s4tankoua/S6-PROJECTS
2024-01-16 19:50:36.501 [info] > git config --get commit.template [8ms]
2024-01-16 19:50:36.501 [info] > git rev-parse --show-toplevel [4ms]
2024-01-16 19:50:36.501 [info] > git for-each-ref --format=%(refname)%00%(upstream:short)%00%(objectname)%00%(upstream:track)%00%(upstream:remotename)%00%(upstream:remoteref) refs/heads/main refs/remotes/main [12ms]
2024-01-16 19:50:36.501 [info] > git rev-parse --git-dir --git-common-dir [4ms]
2024-01-16 19:50:36.501 [info] Open repository: /home/s4tankoua/example-voting-app
2024-01-16 19:50:36.501 [info] > git config --get commit.template [3ms]
2024-01-16 19:50:36.501 [info] > git fetch [308ms]
2024-01-16 19:50:36.501 [info] > git fetch [368ms]
2024-01-16 19:50:36.501 [info] > git config --get commit.template [21ms]
2024-01-16 19:50:36.501 [info] > git for-each-ref --format=%(refname)%00%(upstream:short)%00%(objectname)%00%(upstream:track)%00%(upstream:remotename)%00%(upstream:remoteref) refs/heads/main refs/remotes/main [16ms]
2024-01-16 19:50:36.501 [info] > git config --get commit.template [30ms]
2024-01-16 19:50:36.501 [warning] ENOENT: no such file or directory, open '/home/s4tankoua/example-voting-app/.git/refs/remotes/origin/main'
2024-01-16 19:50:36.501 [info] > git config --get commit.template [29ms]
2024-01-16 19:50:36.501 [info] > git rev-parse refs/remotes/origin/main [41ms]
2024-01-16 19:50:36.501 [info] > git for-each-ref --format=%(refname)%00%(upstream:short)%00%(objectname)%00%(upstream:track)%00%(upstream:remotename)%00%(upstream:remoteref) refs/heads/main refs/remotes/main [50ms]
2024-01-16 19:50:36.501 [info] > git for-each-ref --format=%(refname)%00%(upstream:short)%00%(objectname)%00%(upstream:track)%00%(upstream:remotename)%00%(upstream:remoteref) refs/heads/main refs/remotes/main [60ms]
2024-01-16 19:50:36.513 [warning] ENOENT: no such file or directory, open '/home/s4tankoua/example-voting-app/.git/refs/remotes/origin/main'
2024-01-16 19:50:36.514 [info] > git config --get commit.template [7ms]
2024-01-16 19:50:36.515 [info] > git for-each-ref --format=%(refname)%00%(upstream:short)%00%(objectname)%00%(upstream:track)%00%(upstream:remotename)%00%(upstream:remoteref) refs/heads/main refs/remotes/main [15ms]
2024-01-16 19:50:36.516 [info] > git rev-parse refs/remotes/origin/main [4ms]
2024-01-16 19:50:36.526 [info] > git for-each-ref --format=%(refname)%00%(upstream:short)%00%(objectname)%00%(upstream:track)%00%(upstream:remotename)%00%(upstream:remoteref) refs/heads/main refs/remotes/main [3ms]
2024-01-16 19:50:36.532 [warning] ENOENT: no such file or directory, open '/home/s4tankoua/example-voting-app/.git/refs/remotes/origin/main'
2024-01-16 19:50:36.540 [info] > git rev-parse refs/remotes/origin/main [8ms]
2024-01-16 19:50:36.554 [info] > git status -z -uall [6ms]
2024-01-16 19:50:36.578 [info] > git status -z -uall [39ms]
2024-01-16 19:50:38.210 [info] > git config --get commit.template [8ms]
2024-01-16 19:50:38.231 [info] > git config --get commit.template [22ms]
2024-01-16 19:50:38.232 [info] > git for-each-ref --format=%(refname)%00%(upstream:short)%00%(objectname)%00%(upstream:track)%00%(upstream:remotename)%00%(upstream:remoteref) refs/heads/main refs/remotes/main [3ms]
2024-01-16 19:50:38.232 [info] > git for-each-ref --format=%(refname)%00%(upstream:short)%00%(objectname)%00%(upstream:track)%00%(upstream:remotename)%00%(upstream:remoteref) refs/heads/main refs/remotes/main [11ms]
2024-01-16 19:50:38.239 [warning] ENOENT: no such file or directory, open '/home/s4tankoua/example-voting-app/.git/refs/remotes/origin/main'
2024-01-16 19:50:38.248 [info] > git rev-parse refs/remotes/origin/main [9ms]
2024-01-16 19:50:38.263 [info] > git status -z -uall [8ms]
2024-01-16 19:50:38.285 [info] > git status -z -uall [38ms]
2024-01-16 19:50:38.377 [info] > git check-ignore -v -z --stdin [9ms]
2024-01-16 19:50:38.378 [info] > git check-ignore -v -z --stdin [3ms]
2024-01-16 19:51:36.266 [info] > git check-ignore -v -z --stdin [2ms]
2024-01-16 19:53:01.174 [info] > git check-ignore -v -z --stdin [2ms]
2024-01-16 19:53:01.936 [info] > git check-ignore -v -z --stdin [1ms]
2024-01-16 19:53:09.326 [info] > git check-ignore -v -z --stdin [2ms]
2024-01-16 19:53:30.477 [warning] ENOENT: no such file or directory, open '/home/s4tankoua/S6-PROJECTS/.git/HEAD'
2024-01-16 19:53:30.490 [warning] getRemotes() - ENOENT: no such file or directory, open '/home/s4tankoua/S6-PROJECTS/.git/config'
2024-01-16 19:53:30.506 [warning] ENOENT: no such file or directory, open '/home/s4tankoua/S6-PROJECTS/.git/HEAD'
2024-01-16 19:53:30.515 [warning] getRemotes() - ENOENT: no such file or directory, open '/home/s4tankoua/S6-PROJECTS/.git/config'
2024-01-16 19:53:31.206 [info] > git check-ignore -v -z --stdin [5ms]
2024-01-16 19:53:36.687 [info] > git fetch [160ms]
2024-01-16 19:53:36.701 [info] > git config --get commit.template [6ms]
2024-01-16 19:53:36.701 [info] > git for-each-ref --format=%(refname)%00%(upstream:short)%00%(objectname)%00%(upstream:track)%00%(upstream:remotename)%00%(upstream:remoteref) refs/heads/main refs/remotes/main [2ms]
2024-01-16 19:53:36.706 [warning] ENOENT: no such file or directory, open '/home/s4tankoua/example-voting-app/.git/refs/remotes/origin/main'
2024-01-16 19:53:36.708 [info] > git rev-parse refs/remotes/origin/main [2ms]
2024-01-16 19:53:36.718 [info] > git status -z -uall [5ms]
2024-01-16 19:53:37.913 [info] > git config --get commit.template [8ms]
2024-01-16 19:53:37.915 [info] > git for-each-ref --format=%(refname)%00%(upstream:short)%00%(objectname)%00%(upstream:track)%00%(upstream:remotename)%00%(upstream:remoteref) refs/heads/main refs/remotes/main [3ms]
2024-01-16 19:53:37.920 [warning] ENOENT: no such file or directory, open '/home/s4tankoua/example-voting-app/.git/refs/remotes/origin/main'
2024-01-16 19:53:37.921 [info] > git rev-parse refs/remotes/origin/main [1ms]
2024-01-16 19:53:37.932 [info] > git status -z -uall [4ms]
2024-01-16 19:55:17.508 [info] > git rev-parse --show-toplevel [2ms]
2024-01-16 19:55:17.508 [info] fatal: not a git repository (or any of the parent directories): .git
2024-01-16 19:56:03.257 [info] > git rev-parse --show-toplevel [3ms]
2024-01-16 19:56:03.266 [info] > git rev-parse --git-dir --git-common-dir [1ms]
2024-01-16 19:56:03.279 [info] Open repository: /home/s4tankoua/S6-PROJECTS
2024-01-16 19:56:03.300 [info] > git config --get commit.template [12ms]
2024-01-16 19:56:03.301 [info] > git for-each-ref --format=%(refname)%00%(upstream:short)%00%(objectname)%00%(upstream:track)%00%(upstream:remotename)%00%(upstream:remoteref) refs/heads/main refs/remotes/main [2ms]
2024-01-16 19:56:03.309 [warning] ENOENT: no such file or directory, open '/home/s4tankoua/S6-PROJECTS/.git/refs/remotes/origin/main'
2024-01-16 19:56:03.311 [info] > git rev-parse refs/remotes/origin/main [1ms]
2024-01-16 19:56:03.357 [info] > git status -z -uall [40ms]
2024-01-16 19:56:03.384 [info] > git config --get commit.template [9ms]
2024-01-16 19:56:03.386 [info] > git for-each-ref --format=%(refname)%00%(upstream:short)%00%(objectname)%00%(upstream:track)%00%(upstream:remotename)%00%(upstream:remoteref) refs/heads/main refs/remotes/main [4ms]
2024-01-16 19:56:03.393 [warning] ENOENT: no such file or directory, open '/home/s4tankoua/S6-PROJECTS/.git/refs/remotes/origin/main'
2024-01-16 19:56:03.394 [info] > git rev-parse refs/remotes/origin/main [2ms]
2024-01-16 19:56:03.440 [info] > git status -z -uall [37ms]
2024-01-16 19:56:03.446 [info] > git fetch [168ms]
2024-01-16 19:56:03.461 [info] > git config --get commit.template [7ms]
2024-01-16 19:56:03.462 [info] > git for-each-ref --format=%(refname)%00%(upstream:short)%00%(objectname)%00%(upstream:track)%00%(upstream:remotename)%00%(upstream:remoteref) refs/heads/main refs/remotes/main [2ms]
2024-01-16 19:56:03.469 [warning] ENOENT: no such file or directory, open '/home/s4tankoua/S6-PROJECTS/.git/refs/remotes/origin/main'
2024-01-16 19:56:03.477 [info] > git rev-parse refs/remotes/origin/main [8ms]
2024-01-16 19:56:03.516 [info] > git status -z -uall [32ms]
2024-01-16 19:56:03.872 [info] > git check-ignore -v -z --stdin [8ms]
2024-01-16 19:56:03.873 [info] > git check-ignore -v -z --stdin [3ms]
2024-01-16 19:56:04.707 [info] > git config --get commit.template [9ms]
2024-01-16 19:56:04.709 [info] > git for-each-ref --format=%(refname)%00%(upstream:short)%00%(objectname)%00%(upstream:track)%00%(upstream:remotename)%00%(upstream:remoteref) refs/heads/main refs/remotes/main [3ms]
2024-01-16 19:56:04.716 [warning] ENOENT: no such file or directory, open '/home/s4tankoua/S6-PROJECTS/.git/refs/remotes/origin/main'
2024-01-16 19:56:04.717 [info] > git rev-parse refs/remotes/origin/main [1ms]
2024-01-16 19:56:04.756 [info] > git status -z -uall [32ms]
2024-01-16 19:56:36.885 [info] > git fetch [154ms]
2024-01-16 19:56:36.900 [info] > git config --get commit.template [8ms]
2024-01-16 19:56:36.902 [info] > git for-each-ref --format=%(refname)%00%(upstream:short)%00%(objectname)%00%(upstream:track)%00%(upstream:remotename)%00%(upstream:remoteref) refs/heads/main refs/remotes/main [3ms]
2024-01-16 19:56:36.908 [warning] ENOENT: no such file or directory, open '/home/s4tankoua/example-voting-app/.git/refs/remotes/origin/main'
2024-01-16 19:56:36.909 [info] > git rev-parse refs/remotes/origin/main [1ms]
2024-01-16 19:56:36.923 [info] > git status -z -uall [6ms]
2024-01-16 19:56:38.109 [info] > git config --get commit.template [8ms]
2024-01-16 19:56:38.111 [info] > git for-each-ref --format=%(refname)%00%(upstream:short)%00%(objectname)%00%(upstream:track)%00%(upstream:remotename)%00%(upstream:remoteref) refs/heads/main refs/remotes/main [3ms]
2024-01-16 19:56:38.117 [warning] ENOENT: no such file or directory, open '/home/s4tankoua/example-voting-app/.git/refs/remotes/origin/main'
2024-01-16 19:56:38.118 [info] > git rev-parse refs/remotes/origin/main [1ms]
2024-01-16 19:56:38.132 [info] > git status -z -uall [5ms]
2024-01-16 19:59:03.686 [info] > git fetch [157ms]
2024-01-16 19:59:03.701 [info] > git config --get commit.template [7ms]
2024-01-16 19:59:03.702 [info] > git for-each-ref --format=%(refname)%00%(upstream:short)%00%(objectname)%00%(upstream:track)%00%(upstream:remotename)%00%(upstream:remoteref) refs/heads/main refs/remotes/main [2ms]
2024-01-16 19:59:03.708 [warning] ENOENT: no such file or directory, open '/home/s4tankoua/S6-PROJECTS/.git/refs/remotes/origin/main'
2024-01-16 19:59:03.709 [info] > git rev-parse refs/remotes/origin/main [1ms]
2024-01-16 19:59:03.748 [info] > git status -z -uall [31ms]
2024-01-16 19:59:04.960 [info] > git config --get commit.template [7ms]
2024-01-16 19:59:04.961 [info] > git for-each-ref --format=%(refname)%00%(upstream:short)%00%(objectname)%00%(upstream:track)%00%(upstream:remotename)%00%(upstream:remoteref) refs/heads/main refs/remotes/main [1ms]
2024-01-16 19:59:04.967 [warning] ENOENT: no such file or directory, open '/home/s4tankoua/S6-PROJECTS/.git/refs/remotes/origin/main'
2024-01-16 19:59:04.969 [info] > git rev-parse refs/remotes/origin/main [2ms]
2024-01-16 19:59:05.013 [info] > git status -z -uall [36ms]
2024-01-16 19:59:37.084 [info] > git fetch [150ms]
2024-01-16 19:59:37.100 [info] > git config --get commit.template [7ms]
2024-01-16 19:59:37.101 [info] > git for-each-ref --format=%(refname)%00%(upstream:short)%00%(objectname)%00%(upstream:track)%00%(upstream:remotename)%00%(upstream:remoteref) refs/heads/main refs/remotes/main [1ms]
2024-01-16 19:59:37.107 [warning] ENOENT: no such file or directory, open '/home/s4tankoua/example-voting-app/.git/refs/remotes/origin/main'
2024-01-16 19:59:37.109 [info] > git rev-parse refs/remotes/origin/main [2ms]
2024-01-16 19:59:37.122 [info] > git status -z -uall [5ms]
2024-01-16 19:59:38.317 [info] > git config --get commit.template [10ms]
2024-01-16 19:59:38.317 [info] > git for-each-ref --format=%(refname)%00%(upstream:short)%00%(objectname)%00%(upstream:track)%00%(upstream:remotename)%00%(upstream:remoteref) refs/heads/main refs/remotes/main [2ms]
2024-01-16 19:59:38.325 [warning] ENOENT: no such file or directory, open '/home/s4tankoua/example-voting-app/.git/refs/remotes/origin/main'
2024-01-16 19:59:38.326 [info] > git rev-parse refs/remotes/origin/main [2ms]
2024-01-16 19:59:38.341 [info] > git status -z -uall [6ms]
2024-01-16 20:02:03.951 [info] > git fetch [190ms]
2024-01-16 20:02:03.968 [info] > git config --get commit.template [7ms]
2024-01-16 20:02:03.969 [info] > git for-each-ref --format=%(refname)%00%(upstream:short)%00%(objectname)%00%(upstream:track)%00%(upstream:remotename)%00%(upstream:remoteref) refs/heads/main refs/remotes/main [2ms]
2024-01-16 20:02:03.976 [warning] ENOENT: no such file or directory, open '/home/s4tankoua/S6-PROJECTS/.git/refs/remotes/origin/main'
2024-01-16 20:02:03.978 [info] > git rev-parse refs/remotes/origin/main [2ms]
2024-01-16 20:02:04.026 [info] > git status -z -uall [41ms]
2024-01-16 20:02:05.220 [info] > git config --get commit.template [10ms]
2024-01-16 20:02:05.221 [info] > git for-each-ref --format=%(refname)%00%(upstream:short)%00%(objectname)%00%(upstream:track)%00%(upstream:remotename)%00%(upstream:remoteref) refs/heads/main refs/remotes/main [2ms]
2024-01-16 20:02:05.230 [warning] ENOENT: no such file or directory, open '/home/s4tankoua/S6-PROJECTS/.git/refs/remotes/origin/main'
2024-01-16 20:02:05.232 [info] > git rev-parse refs/remotes/origin/main [2ms]
2024-01-16 20:02:05.280 [info] > git status -z -uall [36ms]
2024-01-16 20:02:37.306 [info] > git fetch [168ms]
2024-01-16 20:02:37.323 [info] > git config --get commit.template [7ms]
2024-01-16 20:02:37.324 [info] > git for-each-ref --format=%(refname)%00%(upstream:short)%00%(objectname)%00%(upstream:track)%00%(upstream:remotename)%00%(upstream:remoteref) refs/heads/main refs/remotes/main [3ms]
2024-01-16 20:02:37.331 [warning] ENOENT: no such file or directory, open '/home/s4tankoua/example-voting-app/.git/refs/remotes/origin/main'
2024-01-16 20:02:37.333 [info] > git rev-parse refs/remotes/origin/main [2ms]
2024-01-16 20:02:37.345 [info] > git status -z -uall [5ms]
2024-01-16 20:02:38.538 [info] > git config --get commit.template [8ms]
2024-01-16 20:02:38.539 [info] > git for-each-ref --format=%(refname)%00%(upstream:short)%00%(objectname)%00%(upstream:track)%00%(upstream:remotename)%00%(upstream:remoteref) refs/heads/main refs/remotes/main [2ms]
2024-01-16 20:02:38.546 [warning] ENOENT: no such file or directory, open '/home/s4tankoua/example-voting-app/.git/refs/remotes/origin/main'
2024-01-16 20:02:38.547 [info] > git rev-parse refs/remotes/origin/main [1ms]
2024-01-16 20:02:38.563 [info] > git status -z -uall [9ms]
2024-01-16 20:03:48.656 [info] > git check-ignore -v -z --stdin [3ms]
2024-01-16 20:03:50.948 [info] > git check-ignore -v -z --stdin [1ms]
2024-01-16 20:03:53.517 [info] > git check-ignore -v -z --stdin [2ms]
2024-01-16 20:03:57.181 [info] > git check-ignore -v -z --stdin [1ms]
2024-01-16 20:05:04.204 [info] > git fetch [162ms]
2024-01-16 20:05:04.214 [info] > git config --get commit.template [2ms]
2024-01-16 20:05:04.222 [info] > git for-each-ref --format=%(refname)%00%(upstream:short)%00%(objectname)%00%(upstream:track)%00%(upstream:remotename)%00%(upstream:remoteref) refs/heads/main refs/remotes/main [2ms]
2024-01-16 20:05:04.229 [warning] ENOENT: no such file or directory, open '/home/s4tankoua/S6-PROJECTS/.git/refs/remotes/origin/main'
2024-01-16 20:05:04.232 [info] > git rev-parse refs/remotes/origin/main [2ms]
2024-01-16 20:05:04.276 [info] > git status -z -uall [35ms]
2024-01-16 20:05:05.466 [info] > git config --get commit.template [8ms]
2024-01-16 20:05:05.467 [info] > git for-each-ref --format=%(refname)%00%(upstream:short)%00%(objectname)%00%(upstream:track)%00%(upstream:remotename)%00%(upstream:remoteref) refs/heads/main refs/remotes/main [1ms]
2024-01-16 20:05:05.473 [warning] ENOENT: no such file or directory, open '/home/s4tankoua/S6-PROJECTS/.git/refs/remotes/origin/main'
2024-01-16 20:05:05.475 [info] > git rev-parse refs/remotes/origin/main [2ms]
2024-01-16 20:05:05.518 [info] > git status -z -uall [37ms]
2024-01-16 20:05:37.510 [info] > git fetch [154ms]
2024-01-16 20:05:37.526 [info] > git config --get commit.template [8ms]
2024-01-16 20:05:37.527 [info] > git for-each-ref --format=%(refname)%00%(upstream:short)%00%(objectname)%00%(upstream:track)%00%(upstream:remotename)%00%(upstream:remoteref) refs/heads/main refs/remotes/main [2ms]
2024-01-16 20:05:37.535 [warning] ENOENT: no such file or directory, open '/home/s4tankoua/example-voting-app/.git/refs/remotes/origin/main'
2024-01-16 20:05:37.536 [info] > git rev-parse refs/remotes/origin/main [2ms]
2024-01-16 20:05:37.551 [info] > git status -z -uall [6ms]
2024-01-16 20:05:38.743 [info] > git config --get commit.template [8ms]
2024-01-16 20:05:38.744 [info] > git for-each-ref --format=%(refname)%00%(upstream:short)%00%(objectname)%00%(upstream:track)%00%(upstream:remotename)%00%(upstream:remoteref) refs/heads/main refs/remotes/main [3ms]
2024-01-16 20:05:38.752 [warning] ENOENT: no such file or directory, open '/home/s4tankoua/example-voting-app/.git/refs/remotes/origin/main'
2024-01-16 20:05:38.753 [info] > git rev-parse refs/remotes/origin/main [1ms]
2024-01-16 20:05:38.767 [info] > git status -z -uall [5ms]
2024-01-16 20:07:07.203 [info] > git check-ignore -v -z --stdin [1ms]
2024-01-16 20:07:14.791 [info] > git check-ignore -v -z --stdin [1ms]
2024-01-16 20:07:23.214 [info] > git check-ignore -v -z --stdin [2ms]
2024-01-16 20:08:04.474 [info] > git fetch [185ms]
2024-01-16 20:08:04.492 [info] > git config --get commit.template [8ms]
2024-01-16 20:08:04.493 [info] > git for-each-ref --format=%(refname)%00%(upstream:short)%00%(objectname)%00%(upstream:track)%00%(upstream:remotename)%00%(upstream:remoteref) refs/heads/main refs/remotes/main [2ms]
2024-01-16 20:08:04.501 [warning] ENOENT: no such file or directory, open '/home/s4tankoua/S6-PROJECTS/.git/refs/remotes/origin/main'
2024-01-16 20:08:04.503 [info] > git rev-parse refs/remotes/origin/main [2ms]
2024-01-16 20:08:04.546 [info] > git status -z -uall [35ms]
2024-01-16 20:08:05.608 [info] > git check-ignore -v -z --stdin [1ms]
2024-01-16 20:08:05.749 [info] > git config --get commit.template [17ms]
2024-01-16 20:08:05.750 [info] > git for-each-ref --format=%(refname)%00%(upstream:short)%00%(objectname)%00%(upstream:track)%00%(upstream:remotename)%00%(upstream:remoteref) refs/heads/main refs/remotes/main [3ms]
2024-01-16 20:08:05.758 [warning] ENOENT: no such file or directory, open '/home/s4tankoua/S6-PROJECTS/.git/refs/remotes/origin/main'
2024-01-16 20:08:05.760 [info] > git rev-parse refs/remotes/origin/main [2ms]
2024-01-16 20:08:05.803 [info] > git status -z -uall [35ms]
2024-01-16 20:08:07.966 [info] > git show --textconv :EspressoShop-application/CHARTS/expresso-shop-reviews/Chart.yaml [10ms]
2024-01-16 20:08:07.968 [info] > git ls-files --stage -- /home/s4tankoua/S6-PROJECTS/EspressoShop-application/CHARTS/expresso-shop-reviews/Chart.yaml [3ms]
2024-01-16 20:08:07.977 [info] > git cat-file -s b409d96f011ab68fd4dde16a82ce58aeb0f2d626 [2ms]
2024-01-16 20:08:11.494 [info] > git check-ignore -v -z --stdin [2ms]
2024-01-16 20:08:19.428 [info] > git show --textconv :EspressoShop-application/CHARTS/expresso-shop-reviews/templates/deployment_01.yaml [9ms]
2024-01-16 20:08:19.429 [info] > git ls-files --stage -- /home/s4tankoua/S6-PROJECTS/EspressoShop-application/CHARTS/expresso-shop-reviews/templates/deployment_01.yaml [2ms]
2024-01-16 20:08:19.439 [info] > git cat-file -s e7b9d7829bfa36c6f4709c255fc9f2ad708dd024 [3ms]
2024-01-16 20:08:23.835 [info] > git show --textconv :EspressoShop-application/CHARTS/expresso-shop-reviews/templates/deployment_02.yaml [9ms]
2024-01-16 20:08:23.837 [info] > git ls-files --stage -- /home/s4tankoua/S6-PROJECTS/EspressoShop-application/CHARTS/expresso-shop-reviews/templates/deployment_02.yaml [3ms]
2024-01-16 20:08:23.849 [info] > git cat-file -s fc177e5993d24eed57741323f314c67fb304ec5a [4ms]
2024-01-16 20:08:31.500 [info] > git show --textconv :EspressoShop-application/CHARTS/expresso-shop-reviews/templates/hpa_01.yaml [8ms]
2024-01-16 20:08:31.502 [info] > git ls-files --stage -- /home/s4tankoua/S6-PROJECTS/EspressoShop-application/CHARTS/expresso-shop-reviews/templates/hpa_01.yaml [3ms]
2024-01-16 20:08:31.511 [info] > git cat-file -s 9b5fb144ce8e0e43b09bd94e5a1fa7fd7bd53721 [1ms]
2024-01-16 20:08:37.729 [info] > git fetch [166ms]
2024-01-16 20:08:37.745 [info] > git config --get commit.template [8ms]
2024-01-16 20:08:37.746 [info] > git for-each-ref --format=%(refname)%00%(upstream:short)%00%(objectname)%00%(upstream:track)%00%(upstream:remotename)%00%(upstream:remoteref) refs/heads/main refs/remotes/main [3ms]
2024-01-16 20:08:37.754 [warning] ENOENT: no such file or directory, open '/home/s4tankoua/example-voting-app/.git/refs/remotes/origin/main'
2024-01-16 20:08:37.756 [info] > git rev-parse refs/remotes/origin/main [2ms]
2024-01-16 20:08:37.771 [info] > git status -z -uall [7ms]
2024-01-16 20:08:37.984 [info] > git show --textconv :EspressoShop-application/CHARTS/expresso-shop-reviews/templates/hpa_02.yaml [8ms]
2024-01-16 20:08:37.985 [info] > git ls-files --stage -- /home/s4tankoua/S6-PROJECTS/EspressoShop-application/CHARTS/expresso-shop-reviews/templates/hpa_02.yaml [2ms]
2024-01-16 20:08:37.995 [info] > git cat-file -s 4cbd9457a09f494bef0e7b4ba3688f885f753ad4 [2ms]
2024-01-16 20:08:38.968 [info] > git config --get commit.template [12ms]
2024-01-16 20:08:38.970 [info] > git for-each-ref --format=%(refname)%00%(upstream:short)%00%(objectname)%00%(upstream:track)%00%(upstream:remotename)%00%(upstream:remoteref) refs/heads/main refs/remotes/main [4ms]
2024-01-16 20:08:38.983 [warning] ENOENT: no such file or directory, open '/home/s4tankoua/example-voting-app/.git/refs/remotes/origin/main'
2024-01-16 20:08:38.987 [info] > git rev-parse refs/remotes/origin/main [3ms]
2024-01-16 20:08:39.008 [info] > git status -z -uall [8ms]
2024-01-16 20:09:14.775 [info] > git check-ignore -v -z --stdin [2ms]
2024-01-16 20:10:37.403 [info] > git show --textconv :EspressoShop-application/CHARTS/expresso-shop-web/Chart.yaml [8ms]
2024-01-16 20:10:37.405 [info] > git ls-files --stage -- /home/s4tankoua/S6-PROJECTS/EspressoShop-application/CHARTS/expresso-shop-web/Chart.yaml [3ms]
2024-01-16 20:10:37.414 [info] > git cat-file -s 45f797f8844a7ae591721328cfe1fffb53c3a1e9 [2ms]
2024-01-16 20:10:43.386 [info] > git show --textconv :EspressoShop-application/CHARTS/expresso-shop-web/.helmignore [9ms]
2024-01-16 20:10:43.388 [info] > git ls-files --stage -- /home/s4tankoua/S6-PROJECTS/EspressoShop-application/CHARTS/expresso-shop-web/.helmignore [3ms]
2024-01-16 20:10:43.397 [info] > git cat-file -s 0e8a0eb36f4ca2c939201c0d54b5d82a1ea34778 [2ms]
2024-01-16 20:11:04.745 [info] > git fetch [186ms]
2024-01-16 20:11:04.763 [info] > git config --get commit.template [9ms]
2024-01-16 20:11:04.764 [info] > git for-each-ref --format=%(refname)%00%(upstream:short)%00%(objectname)%00%(upstream:track)%00%(upstream:remotename)%00%(upstream:remoteref) refs/heads/main refs/remotes/main [2ms]
2024-01-16 20:11:04.771 [warning] ENOENT: no such file or directory, open '/home/s4tankoua/S6-PROJECTS/.git/refs/remotes/origin/main'
2024-01-16 20:11:04.773 [info] > git rev-parse refs/remotes/origin/main [2ms]
2024-01-16 20:11:04.816 [info] > git status -z -uall [36ms]
2024-01-16 20:11:05.997 [info] > git config --get commit.template [2ms]
2024-01-16 20:11:06.008 [info] > git for-each-ref --format=%(refname)%00%(upstream:short)%00%(objectname)%00%(upstream:track)%00%(upstream:remotename)%00%(upstream:remoteref) refs/heads/main refs/remotes/main [3ms]
2024-01-16 20:11:06.016 [warning] ENOENT: no such file or directory, open '/home/s4tankoua/S6-PROJECTS/.git/refs/remotes/origin/main'
2024-01-16 20:11:06.017 [info] > git rev-parse refs/remotes/origin/main [1ms]
2024-01-16 20:11:06.063 [info] > git status -z -uall [39ms]
2024-01-16 20:11:06.210 [info] > git ls-files --stage -- /home/s4tankoua/S6-PROJECTS/EspressoShop-application/CHARTS/expresso-shop-web/.helmignore [1ms]
2024-01-16 20:11:06.219 [info] > git cat-file -s 0e8a0eb36f4ca2c939201c0d54b5d82a1ea34778 [2ms]
2024-01-16 20:11:06.276 [info] > git show --textconv :EspressoShop-application/CHARTS/expresso-shop-web/.helmignore [2ms]
2024-01-16 20:11:37.938 [info] > git fetch [149ms]
2024-01-16 20:11:37.962 [info] > git config --get commit.template [12ms]
2024-01-16 20:11:37.963 [info] > git for-each-ref --format=%(refname)%00%(upstream:short)%00%(objectname)%00%(upstream:track)%00%(upstream:remotename)%00%(upstream:remoteref) refs/heads/main refs/remotes/main [3ms]
2024-01-16 20:11:37.973 [warning] ENOENT: no such file or directory, open '/home/s4tankoua/example-voting-app/.git/refs/remotes/origin/main'
2024-01-16 20:11:37.975 [info] > git rev-parse refs/remotes/origin/main [2ms]
2024-01-16 20:11:37.990 [info] > git status -z -uall [6ms]
2024-01-16 20:11:39.181 [info] > git config --get commit.template [9ms]
2024-01-16 20:11:39.182 [info] > git for-each-ref --format=%(refname)%00%(upstream:short)%00%(objectname)%00%(upstream:track)%00%(upstream:remotename)%00%(upstream:remoteref) refs/heads/main refs/remotes/main [2ms]
2024-01-16 20:11:39.193 [warning] ENOENT: no such file or directory, open '/home/s4tankoua/example-voting-app/.git/refs/remotes/origin/main'
2024-01-16 20:11:39.195 [info] > git rev-parse refs/remotes/origin/main [2ms]
2024-01-16 20:11:39.209 [info] > git status -z -uall [5ms]
2024-01-16 20:14:05.001 [info] > git fetch [173ms]
2024-01-16 20:14:05.013 [info] > git config --get commit.template [2ms]
2024-01-16 20:14:05.025 [info] > git for-each-ref --format=%(refname)%00%(upstream:short)%00%(objectname)%00%(upstream:track)%00%(upstream:remotename)%00%(upstream:remoteref) refs/heads/main refs/remotes/main [2ms]
2024-01-16 20:14:05.032 [warning] ENOENT: no such file or directory, open '/home/s4tankoua/S6-PROJECTS/.git/refs/remotes/origin/main'
2024-01-16 20:14:05.034 [info] > git rev-parse refs/remotes/origin/main [2ms]
2024-01-16 20:14:05.080 [info] > git status -z -uall [38ms]
2024-01-16 20:14:06.269 [info] > git config --get commit.template [8ms]
2024-01-16 20:14:06.270 [info] > git for-each-ref --format=%(refname)%00%(upstream:short)%00%(objectname)%00%(upstream:track)%00%(upstream:remotename)%00%(upstream:remoteref) refs/heads/main refs/remotes/main [2ms]
2024-01-16 20:14:06.279 [warning] ENOENT: no such file or directory, open '/home/s4tankoua/S6-PROJECTS/.git/refs/remotes/origin/main'
2024-01-16 20:14:06.280 [info] > git rev-parse refs/remotes/origin/main [2ms]
2024-01-16 20:14:06.323 [info] > git status -z -uall [36ms]
2024-01-16 20:14:06.410 [info] > git ls-files --stage -- /home/s4tankoua/S6-PROJECTS/EspressoShop-application/CHARTS/expresso-shop-web/.helmignore [2ms]
2024-01-16 20:14:06.419 [info] > git cat-file -s 0e8a0eb36f4ca2c939201c0d54b5d82a1ea34778 [2ms]
2024-01-16 20:14:06.480 [info] > git show --textconv :EspressoShop-application/CHARTS/expresso-shop-web/.helmignore [3ms]
2024-01-16 20:14:38.154 [info] > git fetch [150ms]
2024-01-16 20:14:38.170 [info] > git config --get commit.template [8ms]
2024-01-16 20:14:38.171 [info] > git for-each-ref --format=%(refname)%00%(upstream:short)%00%(objectname)%00%(upstream:track)%00%(upstream:remotename)%00%(upstream:remoteref) refs/heads/main refs/remotes/main [2ms]
2024-01-16 20:14:38.178 [warning] ENOENT: no such file or directory, open '/home/s4tankoua/example-voting-app/.git/refs/remotes/origin/main'
2024-01-16 20:14:38.179 [info] > git rev-parse refs/remotes/origin/main [2ms]
2024-01-16 20:14:38.191 [info] > git status -z -uall [5ms]
2024-01-16 20:14:39.387 [info] > git config --get commit.template [7ms]
2024-01-16 20:14:39.388 [info] > git for-each-ref --format=%(refname)%00%(upstream:short)%00%(objectname)%00%(upstream:track)%00%(upstream:remotename)%00%(upstream:remoteref) refs/heads/main refs/remotes/main [2ms]
2024-01-16 20:14:39.395 [warning] ENOENT: no such file or directory, open '/home/s4tankoua/example-voting-app/.git/refs/remotes/origin/main'
2024-01-16 20:14:39.396 [info] > git rev-parse refs/remotes/origin/main [1ms]
2024-01-16 20:14:39.408 [info] > git status -z -uall [5ms]
2024-01-16 20:14:50.483 [info] > git show --textconv :EspressoShop-application/CHARTS/expresso-shop-web/templates/configmap.yml [9ms]
2024-01-16 20:14:50.484 [info] > git ls-files --stage -- /home/s4tankoua/S6-PROJECTS/EspressoShop-application/CHARTS/expresso-shop-web/templates/configmap.yml [2ms]
2024-01-16 20:14:50.492 [info] > git cat-file -s 855bc9060eda378296ad2517a2fb60b3cdbc77ba [2ms]
2024-01-16 20:14:55.252 [info] > git show --textconv :EspressoShop-application/CHARTS/expresso-shop-web/templates/deployment.yaml [9ms]
2024-01-16 20:14:55.253 [info] > git ls-files --stage -- /home/s4tankoua/S6-PROJECTS/EspressoShop-application/CHARTS/expresso-shop-web/templates/deployment.yaml [2ms]
2024-01-16 20:14:55.261 [info] > git cat-file -s e75d5bd67696b4adbafca18f318faaf5acd8ddcf [2ms]
2024-01-16 20:17:05.253 [info] > git fetch [161ms]
2024-01-16 20:17:05.269 [info] > git config --get commit.template [6ms]
2024-01-16 20:17:05.270 [info] > git for-each-ref --format=%(refname)%00%(upstream:short)%00%(objectname)%00%(upstream:track)%00%(upstream:remotename)%00%(upstream:remoteref) refs/heads/main refs/remotes/main [2ms]
2024-01-16 20:17:05.278 [warning] ENOENT: no such file or directory, open '/home/s4tankoua/S6-PROJECTS/.git/refs/remotes/origin/main'
2024-01-16 20:17:05.280 [info] > git rev-parse refs/remotes/origin/main [3ms]
2024-01-16 20:17:05.323 [info] > git status -z -uall [36ms]
2024-01-16 20:17:06.529 [info] > git config --get commit.template [8ms]
2024-01-16 20:17:06.530 [info] > git for-each-ref --format=%(refname)%00%(upstream:short)%00%(objectname)%00%(upstream:track)%00%(upstream:remotename)%00%(upstream:remoteref) refs/heads/main refs/remotes/main [3ms]
2024-01-16 20:17:06.537 [warning] ENOENT: no such file or directory, open '/home/s4tankoua/S6-PROJECTS/.git/refs/remotes/origin/main'
2024-01-16 20:17:06.540 [info] > git rev-parse refs/remotes/origin/main [3ms]
2024-01-16 20:17:06.578 [info] > git status -z -uall [31ms]
2024-01-16 20:17:06.669 [info] > git ls-files --stage -- /home/s4tankoua/S6-PROJECTS/EspressoShop-application/CHARTS/expresso-shop-web/templates/deployment.yaml [2ms]
2024-01-16 20:17:06.677 [info] > git cat-file -s e75d5bd67696b4adbafca18f318faaf5acd8ddcf [2ms]
2024-01-16 20:17:06.733 [info] > git show --textconv :EspressoShop-application/CHARTS/expresso-shop-web/templates/deployment.yaml [2ms]
2024-01-16 20:17:38.365 [info] > git fetch [163ms]
2024-01-16 20:17:38.375 [info] > git config --get commit.template [2ms]
2024-01-16 20:17:38.383 [info] > git for-each-ref --format=%(refname)%00%(upstream:short)%00%(objectname)%00%(upstream:track)%00%(upstream:remotename)%00%(upstream:remoteref) refs/heads/main refs/remotes/main [2ms]
2024-01-16 20:17:38.388 [warning] ENOENT: no such file or directory, open '/home/s4tankoua/example-voting-app/.git/refs/remotes/origin/main'
2024-01-16 20:17:38.389 [info] > git rev-parse refs/remotes/origin/main [1ms]
2024-01-16 20:17:38.401 [info] > git status -z -uall [5ms]
2024-01-16 20:17:39.587 [info] > git config --get commit.template [7ms]
2024-01-16 20:17:39.588 [info] > git for-each-ref --format=%(refname)%00%(upstream:short)%00%(objectname)%00%(upstream:track)%00%(upstream:remotename)%00%(upstream:remoteref) refs/heads/main refs/remotes/main [2ms]
2024-01-16 20:17:39.594 [warning] ENOENT: no such file or directory, open '/home/s4tankoua/example-voting-app/.git/refs/remotes/origin/main'
2024-01-16 20:17:39.596 [info] > git rev-parse refs/remotes/origin/main [2ms]
2024-01-16 20:17:39.607 [info] > git status -z -uall [5ms]
2024-01-16 20:46:59.041 [info] > git rev-parse --show-toplevel [2ms]
2024-01-16 20:46:59.041 [info] fatal: not a git repository (or any of the parent directories): .git
2024-01-16 20:58:32.043 [info] > git config --get commit.template [3ms]
2024-01-16 20:58:32.043 [info] > git config --get commit.template [13ms]
2024-01-16 20:58:32.059 [info] > git for-each-ref --format=%(refname)%00%(upstream:short)%00%(objectname)%00%(upstream:track)%00%(upstream:remotename)%00%(upstream:remoteref) refs/heads/main refs/remotes/main [8ms]
2024-01-16 20:58:32.068 [warning] ENOENT: no such file or directory, open '/home/s4tankoua/example-voting-app/.git/refs/remotes/origin/main'
2024-01-16 20:58:32.069 [info] > git for-each-ref --format=%(refname)%00%(upstream:short)%00%(objectname)%00%(upstream:track)%00%(upstream:remotename)%00%(upstream:remoteref) refs/heads/main refs/remotes/main [11ms]
2024-01-16 20:58:32.070 [info] > git rev-parse refs/remotes/origin/main [2ms]
2024-01-16 20:58:32.089 [warning] ENOENT: no such file or directory, open '/home/s4tankoua/S6-PROJECTS/.git/refs/remotes/origin/main'
2024-01-16 20:58:32.090 [info] > git status -z -uall [12ms]
2024-01-16 20:58:32.093 [info] > git rev-parse refs/remotes/origin/main [4ms]
2024-01-16 20:58:32.137 [info] > git status -z -uall [35ms]
2024-01-16 20:58:32.197 [info] > git ls-files --stage -- /home/s4tankoua/S6-PROJECTS/EspressoShop-application/CHARTS/expresso-shop-web/templates/deployment.yaml [1ms]
2024-01-16 20:58:32.205 [info] > git cat-file -s e75d5bd67696b4adbafca18f318faaf5acd8ddcf [1ms]
2024-01-16 20:58:32.226 [info] > git fetch [211ms]
2024-01-16 20:58:32.237 [info] > git fetch [229ms]
2024-01-16 20:58:32.246 [info] > git config --get commit.template [9ms]
2024-01-16 20:58:32.253 [info] > git config --get commit.template [8ms]
2024-01-16 20:58:32.262 [info] > git for-each-ref --format=%(refname)%00%(upstream:short)%00%(objectname)%00%(upstream:track)%00%(upstream:remotename)%00%(upstream:remoteref) refs/heads/main refs/remotes/main [10ms]
2024-01-16 20:58:32.279 [warning] ENOENT: no such file or directory, open '/home/s4tankoua/example-voting-app/.git/refs/remotes/origin/main'
2024-01-16 20:58:32.279 [info] > git show --textconv :EspressoShop-application/CHARTS/expresso-shop-web/templates/deployment.yaml [7ms]
2024-01-16 20:58:32.281 [info] > git for-each-ref --format=%(refname)%00%(upstream:short)%00%(objectname)%00%(upstream:track)%00%(upstream:remotename)%00%(upstream:remoteref) refs/heads/main refs/remotes/main [22ms]
2024-01-16 20:58:32.281 [info] > git rev-parse refs/remotes/origin/main [3ms]
2024-01-16 20:58:32.294 [warning] ENOENT: no such file or directory, open '/home/s4tankoua/S6-PROJECTS/.git/refs/remotes/origin/main'
2024-01-16 20:58:32.297 [info] > git status -z -uall [8ms]
2024-01-16 20:58:32.297 [info] > git rev-parse refs/remotes/origin/main [3ms]
2024-01-16 20:58:32.341 [info] > git status -z -uall [36ms]
2024-01-16 20:58:33.702 [info] > git ls-files --stage -- /home/s4tankoua/S6-PROJECTS/EspressoShop-application/CHARTS/expresso-shop-web/templates/deployment.yaml [2ms]
2024-01-16 20:58:33.710 [info] > git cat-file -s e75d5bd67696b4adbafca18f318faaf5acd8ddcf [1ms]
2024-01-16 20:58:33.770 [info] > git show --textconv :EspressoShop-application/CHARTS/expresso-shop-web/templates/deployment.yaml [3ms]
2024-01-16 20:58:37.110 [info] > git config --get commit.template [2ms]
2024-01-16 20:58:37.123 [info] > git for-each-ref --format=%(refname)%00%(upstream:short)%00%(objectname)%00%(upstream:track)%00%(upstream:remotename)%00%(upstream:remoteref) refs/heads/main refs/remotes/main [3ms]
2024-01-16 20:58:37.136 [warning] ENOENT: no such file or directory, open '/home/s4tankoua/example-voting-app/.git/refs/remotes/origin/main'
2024-01-16 20:58:37.153 [info] > git rev-parse refs/remotes/origin/main [17ms]
2024-01-16 20:58:37.164 [info] > git config --get commit.template [11ms]
2024-01-16 20:58:37.172 [info] > git status -z -uall [12ms]
2024-01-16 20:58:37.175 [info] > git for-each-ref --format=%(refname)%00%(upstream:short)%00%(objectname)%00%(upstream:track)%00%(upstream:remotename)%00%(upstream:remoteref) refs/heads/main refs/remotes/main [3ms]
2024-01-16 20:58:37.182 [warning] ENOENT: no such file or directory, open '/home/s4tankoua/S6-PROJECTS/.git/refs/remotes/origin/main'
2024-01-16 20:58:37.183 [info] > git rev-parse refs/remotes/origin/main [2ms]
2024-01-16 20:58:37.221 [info] > git status -z -uall [32ms]
2024-01-16 20:59:14.554 [info] > git rev-parse --show-toplevel [2ms]
2024-01-16 20:59:14.554 [info] fatal: not a git repository (or any of the parent directories): .git
2024-01-16 22:35:58.652 [info] > git rev-parse --show-toplevel [2ms]
2024-01-16 22:35:58.652 [info] fatal: not a git repository (or any of the parent directories): .git
2024-01-17 01:16:36.102 [info] > git rev-parse --show-toplevel [4ms]
2024-01-17 01:16:36.102 [info] fatal: not a git repository (or any of the parent directories): .git
2024-01-17 03:29:43.652 [info] > git config --get commit.template [14ms]
2024-01-17 03:29:43.654 [info] > git for-each-ref --format=%(refname)%00%(upstream:short)%00%(objectname)%00%(upstream:track)%00%(upstream:remotename)%00%(upstream:remoteref) refs/heads/main refs/remotes/main [4ms]
2024-01-17 03:29:43.667 [warning] ENOENT: no such file or directory, open '/home/s4tankoua/S6-PROJECTS/.git/refs/remotes/origin/main'
2024-01-17 03:29:43.669 [info] > git rev-parse refs/remotes/origin/main [2ms]
2024-01-17 03:29:43.725 [info] > git status -z -uall [45ms]
2024-01-17 03:29:43.789 [info] > git fetch [174ms]
2024-01-17 03:29:43.799 [info] > git fetch [175ms]
2024-01-17 03:29:43.807 [info] > git config --get commit.template [7ms]
2024-01-17 03:29:43.808 [info] > git config --get commit.template [1ms]
2024-01-17 03:29:43.821 [info] > git for-each-ref --format=%(refname)%00%(upstream:short)%00%(objectname)%00%(upstream:track)%00%(upstream:remotename)%00%(upstream:remoteref) refs/heads/main refs/remotes/main [7ms]
2024-01-17 03:29:43.828 [warning] ENOENT: no such file or directory, open '/home/s4tankoua/example-voting-app/.git/refs/remotes/origin/main'
2024-01-17 03:29:43.830 [info] > git for-each-ref --format=%(refname)%00%(upstream:short)%00%(objectname)%00%(upstream:track)%00%(upstream:remotename)%00%(upstream:remoteref) refs/heads/main refs/remotes/main [9ms]
2024-01-17 03:29:43.830 [info] > git rev-parse refs/remotes/origin/main [2ms]
2024-01-17 03:29:43.844 [warning] ENOENT: no such file or directory, open '/home/s4tankoua/S6-PROJECTS/.git/refs/remotes/origin/main'
2024-01-17 03:29:43.845 [info] > git status -z -uall [8ms]
2024-01-17 03:29:43.848 [info] > git rev-parse refs/remotes/origin/main [4ms]
2024-01-17 03:29:43.889 [info] > git status -z -uall [35ms]
2024-01-17 03:29:45.081 [info] > git config --get commit.template [7ms]
2024-01-17 03:29:45.081 [info] > git for-each-ref --format=%(refname)%00%(upstream:short)%00%(objectname)%00%(upstream:track)%00%(upstream:remotename)%00%(upstream:remoteref) refs/heads/main refs/remotes/main [1ms]
2024-01-17 03:29:45.088 [warning] ENOENT: no such file or directory, open '/home/s4tankoua/example-voting-app/.git/refs/remotes/origin/main'
2024-01-17 03:29:45.089 [info] > git rev-parse refs/remotes/origin/main [1ms]
2024-01-17 03:29:45.102 [info] > git status -z -uall [6ms]
2024-01-17 03:29:48.745 [info] > git config --get commit.template [8ms]
2024-01-17 03:29:48.745 [info] > git for-each-ref --format=%(refname)%00%(upstream:short)%00%(objectname)%00%(upstream:track)%00%(upstream:remotename)%00%(upstream:remoteref) refs/heads/main refs/remotes/main [1ms]
2024-01-17 03:29:48.753 [warning] ENOENT: no such file or directory, open '/home/s4tankoua/S6-PROJECTS/.git/refs/remotes/origin/main'
2024-01-17 03:29:48.754 [info] > git rev-parse refs/remotes/origin/main [1ms]
2024-01-17 03:29:48.790 [info] > git status -z -uall [30ms]
