*
* Visual Studio Code Server
*
* By using the software, you agree to
* the Visual Studio Code Server License Terms (https://aka.ms/vscode-server-license) and
* the Microsoft Privacy Statement (https://privacy.microsoft.com/en-US/privacystatement).
*
Server bound to 127.0.0.1:45225 (IPv4)
Extension host agent listening on 45225

[01:41:48] 




[01:41:48] Extension host agent started.
[01:41:49] [127.0.0.1][70bb0ccb][ManagementConnection] New connection established.
[01:41:49] [127.0.0.1][166004f1][ExtensionHostConnection] New connection established.
[01:41:59] ExtensionHostConnection#buildUserEnvironment resolving shell environment failed Error: Unable to resolve your shell environment in a reasonable time. Please review your shell configuration and restart.
    at Timeout.<anonymous> (/home/s4tankoua/.vscode-server/bin/8b3775030ed1a69b13e4f4c628c612102e30a681/out/vs/server/node/server.main.js:113:2520)
    at listOnTimeout (node:internal/timers:569:17)
    at process.processTimers (node:internal/timers:512:7)
[01:41:59] resolving shell environment failed Unable to resolve your shell environment in a reasonable time. Please review your shell configuration and restart.
[01:41:59] ptyHost was unable to resolve shell environment Error: Unable to resolve your shell environment in a reasonable time. Please review your shell configuration and restart.
    at Timeout.<anonymous> (/home/s4tankoua/.vscode-server/bin/8b3775030ed1a69b13e4f4c628c612102e30a681/out/vs/server/node/server.main.js:113:2520)
    at listOnTimeout (node:internal/timers:569:17)
    at process.processTimers (node:internal/timers:512:7)
[01:41:59] ptyHost was unable to resolve shell environment Error: Unable to resolve your shell environment in a reasonable time. Please review your shell configuration and restart.
    at Timeout.<anonymous> (/home/s4tankoua/.vscode-server/bin/8b3775030ed1a69b13e4f4c628c612102e30a681/out/vs/server/node/server.main.js:113:2520)
    at listOnTimeout (node:internal/timers:569:17)
    at process.processTimers (node:internal/timers:512:7)
[01:41:59] ptyHost was unable to resolve shell environment Error: Unable to resolve your shell environment in a reasonable time. Please review your shell configuration and restart.
    at Timeout.<anonymous> (/home/s4tankoua/.vscode-server/bin/8b3775030ed1a69b13e4f4c628c612102e30a681/out/vs/server/node/server.main.js:113:2520)
    at listOnTimeout (node:internal/timers:569:17)
    at process.processTimers (node:internal/timers:512:7)
[01:41:59] ptyHost was unable to resolve shell environment Error: Unable to resolve your shell environment in a reasonable time. Please review your shell configuration and restart.
    at Timeout.<anonymous> (/home/s4tankoua/.vscode-server/bin/8b3775030ed1a69b13e4f4c628c612102e30a681/out/vs/server/node/server.main.js:113:2520)
    at listOnTimeout (node:internal/timers:569:17)
    at process.processTimers (node:internal/timers:512:7)
[01:41:59] ptyHost was unable to resolve shell environment Error: Unable to resolve your shell environment in a reasonable time. Please review your shell configuration and restart.
    at Timeout.<anonymous> (/home/s4tankoua/.vscode-server/bin/8b3775030ed1a69b13e4f4c628c612102e30a681/out/vs/server/node/server.main.js:113:2520)
    at listOnTimeout (node:internal/timers:569:17)
    at process.processTimers (node:internal/timers:512:7)
[01:41:59] ExtensionHostConnection#buildUserEnvironment resolving shell environment failed Error: Unable to resolve your shell environment in a reasonable time. Please review your shell configuration and restart.
    at Timeout.<anonymous> (/home/s4tankoua/.vscode-server/bin/8b3775030ed1a69b13e4f4c628c612102e30a681/out/vs/server/node/server.main.js:113:2520)
    at listOnTimeout (node:internal/timers:569:17)
    at process.processTimers (node:internal/timers:512:7)
[01:41:59] ExtensionHostConnection#buildUserEnvironment resolving shell environment failed Error: Unable to resolve your shell environment in a reasonable time. Please review your shell configuration and restart.
    at Timeout.<anonymous> (/home/s4tankoua/.vscode-server/bin/8b3775030ed1a69b13e4f4c628c612102e30a681/out/vs/server/node/server.main.js:113:2520)
    at listOnTimeout (node:internal/timers:569:17)
    at process.processTimers (node:internal/timers:512:7)
[01:41:59] ExtensionHostConnection#buildUserEnvironment resolving shell environment failed Error: Unable to resolve your shell environment in a reasonable time. Please review your shell configuration and restart.
    at Timeout.<anonymous> (/home/s4tankoua/.vscode-server/bin/8b3775030ed1a69b13e4f4c628c612102e30a681/out/vs/server/node/server.main.js:113:2520)
    at listOnTimeout (node:internal/timers:569:17)
    at process.processTimers (node:internal/timers:512:7)
[01:41:59] ExtensionHostConnection#buildUserEnvironment resolving shell environment failed Error: Unable to resolve your shell environment in a reasonable time. Please review your shell configuration and restart.
    at Timeout.<anonymous> (/home/s4tankoua/.vscode-server/bin/8b3775030ed1a69b13e4f4c628c612102e30a681/out/vs/server/node/server.main.js:113:2520)
    at listOnTimeout (node:internal/timers:569:17)
    at process.processTimers (node:internal/timers:512:7)
[01:41:59] ptyHost was unable to resolve shell environment Error: Unable to resolve your shell environment in a reasonable time. Please review your shell configuration and restart.
    at Timeout.<anonymous> (/home/s4tankoua/.vscode-server/bin/8b3775030ed1a69b13e4f4c628c612102e30a681/out/vs/server/node/server.main.js:113:2520)
    at listOnTimeout (node:internal/timers:569:17)
    at process.processTimers (node:internal/timers:512:7)
[01:41:59] [127.0.0.1][166004f1][ExtensionHostConnection] <377228> Launched Extension Host Process.
[01:42:00] ptyHost was unable to resolve shell environment Error: Unable to resolve your shell environment in a reasonable time. Please review your shell configuration and restart.
    at Timeout.<anonymous> (/home/s4tankoua/.vscode-server/bin/8b3775030ed1a69b13e4f4c628c612102e30a681/out/vs/server/node/server.main.js:113:2520)
    at listOnTimeout (node:internal/timers:569:17)
    at process.processTimers (node:internal/timers:512:7)
[01:42:02] ExtensionHostConnection#buildUserEnvironment resolving shell environment failed Error: Unable to resolve your shell environment in a reasonable time. Please review your shell configuration and restart.
    at Timeout.<anonymous> (/home/s4tankoua/.vscode-server/bin/8b3775030ed1a69b13e4f4c628c612102e30a681/out/vs/server/node/server.main.js:113:2520)
    at listOnTimeout (node:internal/timers:569:17)
    at process.processTimers (node:internal/timers:512:7)
[01:42:33] ptyHost was unable to resolve shell environment Error: Unable to resolve your shell environment in a reasonable time. Please review your shell configuration and restart.
    at Timeout.<anonymous> (/home/s4tankoua/.vscode-server/bin/8b3775030ed1a69b13e4f4c628c612102e30a681/out/vs/server/node/server.main.js:113:2520)
    at listOnTimeout (node:internal/timers:569:17)
    at process.processTimers (node:internal/timers:512:7)
[01:42:33] ExtensionHostConnection#buildUserEnvironment resolving shell environment failed Error: Unable to resolve your shell environment in a reasonable time. Please review your shell configuration and restart.
    at Timeout.<anonymous> (/home/s4tankoua/.vscode-server/bin/8b3775030ed1a69b13e4f4c628c612102e30a681/out/vs/server/node/server.main.js:113:2520)
    at listOnTimeout (node:internal/timers:569:17)
    at process.processTimers (node:internal/timers:512:7)
[01:43:44] [127.0.0.1][70bb0ccb][ManagementConnection] The client has disconnected gracefully, so the connection will be disposed.
[01:43:44] [127.0.0.1][166004f1][ExtensionHostConnection] <377228> Extension Host Process exited with code: 0, signal: null.
Cancelling previous shutdown timeout
[01:43:44] Cancelling previous shutdown timeout
Last EH closed, waiting before shutting down
[01:43:44] Last EH closed, waiting before shutting down
Got delay-shutdown request while in shutdown timeout, delaying
[01:43:55] Got delay-shutdown request while in shutdown timeout, delaying
Cancelling previous shutdown timeout
[01:43:55] Cancelling previous shutdown timeout
[01:43:55] [127.0.0.1][1cabe3a9][ManagementConnection] New connection established.
[01:43:55] [127.0.0.1][7e461ced][ExtensionHostConnection] New connection established.
[01:43:55] ExtensionHostConnection#buildUserEnvironment resolving shell environment failed Error: Unable to resolve your shell environment in a reasonable time. Please review your shell configuration and restart.
    at Timeout.<anonymous> (/home/s4tankoua/.vscode-server/bin/8b3775030ed1a69b13e4f4c628c612102e30a681/out/vs/server/node/server.main.js:113:2520)
    at listOnTimeout (node:internal/timers:569:17)
    at process.processTimers (node:internal/timers:512:7)
[01:43:55] [127.0.0.1][7e461ced][ExtensionHostConnection] <377887> Launched Extension Host Process.
[01:43:56] ptyHost was unable to resolve shell environment Error: Unable to resolve your shell environment in a reasonable time. Please review your shell configuration and restart.
    at Timeout.<anonymous> (/home/s4tankoua/.vscode-server/bin/8b3775030ed1a69b13e4f4c628c612102e30a681/out/vs/server/node/server.main.js:113:2520)
    at listOnTimeout (node:internal/timers:569:17)
    at process.processTimers (node:internal/timers:512:7)
[01:43:56] ptyHost was unable to resolve shell environment Error: Unable to resolve your shell environment in a reasonable time. Please review your shell configuration and restart.
    at Timeout.<anonymous> (/home/s4tankoua/.vscode-server/bin/8b3775030ed1a69b13e4f4c628c612102e30a681/out/vs/server/node/server.main.js:113:2520)
    at listOnTimeout (node:internal/timers:569:17)
    at process.processTimers (node:internal/timers:512:7)
[01:43:56] ptyHost was unable to resolve shell environment Error: Unable to resolve your shell environment in a reasonable time. Please review your shell configuration and restart.
    at Timeout.<anonymous> (/home/s4tankoua/.vscode-server/bin/8b3775030ed1a69b13e4f4c628c612102e30a681/out/vs/server/node/server.main.js:113:2520)
    at listOnTimeout (node:internal/timers:569:17)
    at process.processTimers (node:internal/timers:512:7)
[01:43:56] ptyHost was unable to resolve shell environment Error: Unable to resolve your shell environment in a reasonable time. Please review your shell configuration and restart.
    at Timeout.<anonymous> (/home/s4tankoua/.vscode-server/bin/8b3775030ed1a69b13e4f4c628c612102e30a681/out/vs/server/node/server.main.js:113:2520)
    at listOnTimeout (node:internal/timers:569:17)
    at process.processTimers (node:internal/timers:512:7)
[01:43:56] ptyHost was unable to resolve shell environment Error: Unable to resolve your shell environment in a reasonable time. Please review your shell configuration and restart.
    at Timeout.<anonymous> (/home/s4tankoua/.vscode-server/bin/8b3775030ed1a69b13e4f4c628c612102e30a681/out/vs/server/node/server.main.js:113:2520)
    at listOnTimeout (node:internal/timers:569:17)
    at process.processTimers (node:internal/timers:512:7)
[01:43:57] ptyHost was unable to resolve shell environment Error: Unable to resolve your shell environment in a reasonable time. Please review your shell configuration and restart.
    at Timeout.<anonymous> (/home/s4tankoua/.vscode-server/bin/8b3775030ed1a69b13e4f4c628c612102e30a681/out/vs/server/node/server.main.js:113:2520)
    at listOnTimeout (node:internal/timers:569:17)
    at process.processTimers (node:internal/timers:512:7)
[01:44:00] ptyHost was unable to resolve shell environment Error: Unable to resolve your shell environment in a reasonable time. Please review your shell configuration and restart.
    at Timeout.<anonymous> (/home/s4tankoua/.vscode-server/bin/8b3775030ed1a69b13e4f4c628c612102e30a681/out/vs/server/node/server.main.js:113:2520)
    at listOnTimeout (node:internal/timers:569:17)
    at process.processTimers (node:internal/timers:512:7)
[01:44:00] ExtensionHostConnection#buildUserEnvironment resolving shell environment failed Error: Unable to resolve your shell environment in a reasonable time. Please review your shell configuration and restart.
    at Timeout.<anonymous> (/home/s4tankoua/.vscode-server/bin/8b3775030ed1a69b13e4f4c628c612102e30a681/out/vs/server/node/server.main.js:113:2520)
    at listOnTimeout (node:internal/timers:569:17)
    at process.processTimers (node:internal/timers:512:7)
[01:44:00] ExtensionHostConnection#buildUserEnvironment resolving shell environment failed Error: Unable to resolve your shell environment in a reasonable time. Please review your shell configuration and restart.
    at Timeout.<anonymous> (/home/s4tankoua/.vscode-server/bin/8b3775030ed1a69b13e4f4c628c612102e30a681/out/vs/server/node/server.main.js:113:2520)
    at listOnTimeout (node:internal/timers:569:17)
    at process.processTimers (node:internal/timers:512:7)
[01:44:00] ExtensionHostConnection#buildUserEnvironment resolving shell environment failed Error: Unable to resolve your shell environment in a reasonable time. Please review your shell configuration and restart.
    at Timeout.<anonymous> (/home/s4tankoua/.vscode-server/bin/8b3775030ed1a69b13e4f4c628c612102e30a681/out/vs/server/node/server.main.js:113:2520)
    at listOnTimeout (node:internal/timers:569:17)
    at process.processTimers (node:internal/timers:512:7)
[01:44:00] ExtensionHostConnection#buildUserEnvironment resolving shell environment failed Error: Unable to resolve your shell environment in a reasonable time. Please review your shell configuration and restart.
    at Timeout.<anonymous> (/home/s4tankoua/.vscode-server/bin/8b3775030ed1a69b13e4f4c628c612102e30a681/out/vs/server/node/server.main.js:113:2520)
    at listOnTimeout (node:internal/timers:569:17)
    at process.processTimers (node:internal/timers:512:7)
[01:44:02] ptyHost was unable to resolve shell environment Error: Unable to resolve your shell environment in a reasonable time. Please review your shell configuration and restart.
    at Timeout.<anonymous> (/home/s4tankoua/.vscode-server/bin/8b3775030ed1a69b13e4f4c628c612102e30a681/out/vs/server/node/server.main.js:113:2520)
    at listOnTimeout (node:internal/timers:569:17)
    at process.processTimers (node:internal/timers:512:7)
[01:44:02] ExtensionHostConnection#buildUserEnvironment resolving shell environment failed Error: Unable to resolve your shell environment in a reasonable time. Please review your shell configuration and restart.
    at Timeout.<anonymous> (/home/s4tankoua/.vscode-server/bin/8b3775030ed1a69b13e4f4c628c612102e30a681/out/vs/server/node/server.main.js:113:2520)
    at listOnTimeout (node:internal/timers:569:17)
    at process.processTimers (node:internal/timers:512:7)
[01:44:25] ptyHost was unable to resolve shell environment Error: Unable to resolve your shell environment in a reasonable time. Please review your shell configuration and restart.
    at Timeout.<anonymous> (/home/s4tankoua/.vscode-server/bin/8b3775030ed1a69b13e4f4c628c612102e30a681/out/vs/server/node/server.main.js:113:2520)
    at listOnTimeout (node:internal/timers:569:17)
    at process.processTimers (node:internal/timers:512:7)
[01:44:25] ExtensionHostConnection#buildUserEnvironment resolving shell environment failed Error: Unable to resolve your shell environment in a reasonable time. Please review your shell configuration and restart.
    at Timeout.<anonymous> (/home/s4tankoua/.vscode-server/bin/8b3775030ed1a69b13e4f4c628c612102e30a681/out/vs/server/node/server.main.js:113:2520)
    at listOnTimeout (node:internal/timers:569:17)
    at process.processTimers (node:internal/timers:512:7)
[01:46:40] [127.0.0.1][1cabe3a9][ManagementConnection] The client has disconnected gracefully, so the connection will be disposed.
[01:46:40] [127.0.0.1][7e461ced][ExtensionHostConnection] <377887> Extension Host Process exited with code: 0, signal: null.
Cancelling previous shutdown timeout
[01:46:40] Cancelling previous shutdown timeout
Last EH closed, waiting before shutting down
[01:46:40] Last EH closed, waiting before shutting down
Got delay-shutdown request while in shutdown timeout, delaying
[01:46:51] Got delay-shutdown request while in shutdown timeout, delaying
Cancelling previous shutdown timeout
[01:46:51] Cancelling previous shutdown timeout
[01:46:51] [127.0.0.1][ce070374][ManagementConnection] New connection established.
[01:46:51] [127.0.0.1][4bffb8d6][ExtensionHostConnection] New connection established.
[01:46:51] ExtensionHostConnection#buildUserEnvironment resolving shell environment failed Error: Unable to resolve your shell environment in a reasonable time. Please review your shell configuration and restart.
    at Timeout.<anonymous> (/home/s4tankoua/.vscode-server/bin/8b3775030ed1a69b13e4f4c628c612102e30a681/out/vs/server/node/server.main.js:113:2520)
    at listOnTimeout (node:internal/timers:569:17)
    at process.processTimers (node:internal/timers:512:7)
[01:46:51] [127.0.0.1][4bffb8d6][ExtensionHostConnection] <378608> Launched Extension Host Process.
[01:46:52] ptyHost was unable to resolve shell environment Error: Unable to resolve your shell environment in a reasonable time. Please review your shell configuration and restart.
    at Timeout.<anonymous> (/home/s4tankoua/.vscode-server/bin/8b3775030ed1a69b13e4f4c628c612102e30a681/out/vs/server/node/server.main.js:113:2520)
    at listOnTimeout (node:internal/timers:569:17)
    at process.processTimers (node:internal/timers:512:7)
[01:46:52] ptyHost was unable to resolve shell environment Error: Unable to resolve your shell environment in a reasonable time. Please review your shell configuration and restart.
    at Timeout.<anonymous> (/home/s4tankoua/.vscode-server/bin/8b3775030ed1a69b13e4f4c628c612102e30a681/out/vs/server/node/server.main.js:113:2520)
    at listOnTimeout (node:internal/timers:569:17)
    at process.processTimers (node:internal/timers:512:7)
[01:46:52] ptyHost was unable to resolve shell environment Error: Unable to resolve your shell environment in a reasonable time. Please review your shell configuration and restart.
    at Timeout.<anonymous> (/home/s4tankoua/.vscode-server/bin/8b3775030ed1a69b13e4f4c628c612102e30a681/out/vs/server/node/server.main.js:113:2520)
    at listOnTimeout (node:internal/timers:569:17)
    at process.processTimers (node:internal/timers:512:7)
[01:46:52] ptyHost was unable to resolve shell environment Error: Unable to resolve your shell environment in a reasonable time. Please review your shell configuration and restart.
    at Timeout.<anonymous> (/home/s4tankoua/.vscode-server/bin/8b3775030ed1a69b13e4f4c628c612102e30a681/out/vs/server/node/server.main.js:113:2520)
    at listOnTimeout (node:internal/timers:569:17)
    at process.processTimers (node:internal/timers:512:7)
[01:46:52] ptyHost was unable to resolve shell environment Error: Unable to resolve your shell environment in a reasonable time. Please review your shell configuration and restart.
    at Timeout.<anonymous> (/home/s4tankoua/.vscode-server/bin/8b3775030ed1a69b13e4f4c628c612102e30a681/out/vs/server/node/server.main.js:113:2520)
    at listOnTimeout (node:internal/timers:569:17)
    at process.processTimers (node:internal/timers:512:7)
[01:46:54] ptyHost was unable to resolve shell environment Error: Unable to resolve your shell environment in a reasonable time. Please review your shell configuration and restart.
    at Timeout.<anonymous> (/home/s4tankoua/.vscode-server/bin/8b3775030ed1a69b13e4f4c628c612102e30a681/out/vs/server/node/server.main.js:113:2520)
    at listOnTimeout (node:internal/timers:569:17)
    at process.processTimers (node:internal/timers:512:7)
[01:46:56] ExtensionHostConnection#buildUserEnvironment resolving shell environment failed Error: Unable to resolve your shell environment in a reasonable time. Please review your shell configuration and restart.
    at Timeout.<anonymous> (/home/s4tankoua/.vscode-server/bin/8b3775030ed1a69b13e4f4c628c612102e30a681/out/vs/server/node/server.main.js:113:2520)
    at listOnTimeout (node:internal/timers:569:17)
    at process.processTimers (node:internal/timers:512:7)
[01:46:56] ExtensionHostConnection#buildUserEnvironment resolving shell environment failed Error: Unable to resolve your shell environment in a reasonable time. Please review your shell configuration and restart.
    at Timeout.<anonymous> (/home/s4tankoua/.vscode-server/bin/8b3775030ed1a69b13e4f4c628c612102e30a681/out/vs/server/node/server.main.js:113:2520)
    at listOnTimeout (node:internal/timers:569:17)
    at process.processTimers (node:internal/timers:512:7)
[01:46:56] ExtensionHostConnection#buildUserEnvironment resolving shell environment failed Error: Unable to resolve your shell environment in a reasonable time. Please review your shell configuration and restart.
    at Timeout.<anonymous> (/home/s4tankoua/.vscode-server/bin/8b3775030ed1a69b13e4f4c628c612102e30a681/out/vs/server/node/server.main.js:113:2520)
    at listOnTimeout (node:internal/timers:569:17)
    at process.processTimers (node:internal/timers:512:7)
[01:46:56] ExtensionHostConnection#buildUserEnvironment resolving shell environment failed Error: Unable to resolve your shell environment in a reasonable time. Please review your shell configuration and restart.
    at Timeout.<anonymous> (/home/s4tankoua/.vscode-server/bin/8b3775030ed1a69b13e4f4c628c612102e30a681/out/vs/server/node/server.main.js:113:2520)
    at listOnTimeout (node:internal/timers:569:17)
    at process.processTimers (node:internal/timers:512:7)
[01:46:56] ptyHost was unable to resolve shell environment Error: Unable to resolve your shell environment in a reasonable time. Please review your shell configuration and restart.
    at Timeout.<anonymous> (/home/s4tankoua/.vscode-server/bin/8b3775030ed1a69b13e4f4c628c612102e30a681/out/vs/server/node/server.main.js:113:2520)
    at listOnTimeout (node:internal/timers:569:17)
    at process.processTimers (node:internal/timers:512:7)
[01:46:58] ExtensionHostConnection#buildUserEnvironment resolving shell environment failed Error: Unable to resolve your shell environment in a reasonable time. Please review your shell configuration and restart.
    at Timeout.<anonymous> (/home/s4tankoua/.vscode-server/bin/8b3775030ed1a69b13e4f4c628c612102e30a681/out/vs/server/node/server.main.js:113:2520)
    at listOnTimeout (node:internal/timers:569:17)
    at process.processTimers (node:internal/timers:512:7)
[01:47:25] ptyHost was unable to resolve shell environment Error: Unable to resolve your shell environment in a reasonable time. Please review your shell configuration and restart.
    at Timeout.<anonymous> (/home/s4tankoua/.vscode-server/bin/8b3775030ed1a69b13e4f4c628c612102e30a681/out/vs/server/node/server.main.js:113:2520)
    at listOnTimeout (node:internal/timers:569:17)
    at process.processTimers (node:internal/timers:512:7)
[01:47:25] ExtensionHostConnection#buildUserEnvironment resolving shell environment failed Error: Unable to resolve your shell environment in a reasonable time. Please review your shell configuration and restart.
    at Timeout.<anonymous> (/home/s4tankoua/.vscode-server/bin/8b3775030ed1a69b13e4f4c628c612102e30a681/out/vs/server/node/server.main.js:113:2520)
    at listOnTimeout (node:internal/timers:569:17)
    at process.processTimers (node:internal/timers:512:7)
New EH opened, aborting shutdown
[01:51:51] New EH opened, aborting shutdown
