2024-01-28 22:41:15.503 [info] Log level: Info
2024-01-28 22:41:15.504 [info] Validating found git in: "git"
2024-01-28 22:41:15.504 [info] Using git "2.34.1" from "git"
2024-01-28 22:41:15.504 [info] > git rev-parse --show-toplevel [89ms]
2024-01-28 22:41:15.504 [info] > git rev-parse --show-toplevel [44ms]
2024-01-28 22:41:15.504 [info] > git rev-parse --show-toplevel [15ms]
2024-01-28 22:41:15.505 [info] > git rev-parse --git-dir --git-common-dir [56ms]
2024-01-28 22:41:15.533 [info] Open repository: /home/s4tankoua/espresso/S6-PROJECTS
2024-01-28 22:41:15.577 [info] > git config --get commit.template [12ms]
2024-01-28 22:41:15.603 [info] > git rev-parse --show-toplevel [30ms]
2024-01-28 22:41:15.662 [info] > git for-each-ref --format=%(refname)%00%(upstream:short)%00%(objectname)%00%(upstream:track)%00%(upstream:remotename)%00%(upstream:remoteref) refs/heads/main refs/remotes/main [62ms]
2024-01-28 22:41:15.664 [info] > git rev-parse --show-toplevel [25ms]
2024-01-28 22:41:15.687 [info] > git rev-parse --show-toplevel [11ms]
2024-01-28 22:41:15.698 [info] > git status -z -uall [13ms]
2024-01-28 22:41:15.728 [info] > git rev-parse --show-toplevel [31ms]
2024-01-28 22:41:15.749 [info] > git config --get commit.template [23ms]
2024-01-28 22:41:15.752 [info] > git fetch [220ms]
2024-01-28 22:41:15.888 [info] > git for-each-ref --format=%(refname)%00%(upstream:short)%00%(objectname)%00%(upstream:track)%00%(upstream:remotename)%00%(upstream:remoteref) refs/heads/main refs/remotes/main [101ms]
2024-01-28 22:41:15.889 [info] > git rev-parse --show-toplevel [112ms]
2024-01-28 22:41:15.903 [info] > git config --get commit.template [20ms]
2024-01-28 22:41:15.921 [info] > git for-each-ref --format=%(refname)%00%(upstream:short)%00%(objectname)%00%(upstream:track)%00%(upstream:remotename)%00%(upstream:remoteref) refs/heads/main refs/remotes/main [3ms]
2024-01-28 22:41:15.945 [info] > git status -z -uall [9ms]
2024-01-28 22:41:16.109 [info] > git check-ignore -v -z --stdin [2ms]
2024-01-28 22:41:16.991 [info] > git config --get commit.template [8ms]
2024-01-28 22:41:16.992 [info] > git for-each-ref --format=%(refname)%00%(upstream:short)%00%(objectname)%00%(upstream:track)%00%(upstream:remotename)%00%(upstream:remoteref) refs/heads/main refs/remotes/main [2ms]
2024-01-28 22:41:17.006 [info] > git status -z -uall [5ms]
2024-01-28 22:42:39.201 [info] > git config --get commit.template [8ms]
2024-01-28 22:42:39.201 [info] > git for-each-ref --format=%(refname)%00%(upstream:short)%00%(objectname)%00%(upstream:track)%00%(upstream:remotename)%00%(upstream:remoteref) refs/heads/main refs/remotes/main [2ms]
2024-01-28 22:42:39.213 [info] > git status -z -uall [4ms]
2024-01-28 22:44:16.105 [info] > git fetch [135ms]
2024-01-28 22:44:16.125 [info] > git config --get commit.template [9ms]
2024-01-28 22:44:16.125 [info] > git for-each-ref --format=%(refname)%00%(upstream:short)%00%(objectname)%00%(upstream:track)%00%(upstream:remotename)%00%(upstream:remoteref) refs/heads/main refs/remotes/main [2ms]
2024-01-28 22:44:16.136 [info] > git status -z -uall [3ms]
2024-01-28 22:44:17.299 [info] > git config --get commit.template [9ms]
2024-01-28 22:44:17.301 [info] > git for-each-ref --format=%(refname)%00%(upstream:short)%00%(objectname)%00%(upstream:track)%00%(upstream:remotename)%00%(upstream:remoteref) refs/heads/main refs/remotes/main [3ms]
2024-01-28 22:44:17.313 [info] > git status -z -uall [5ms]
2024-01-28 22:47:16.301 [info] > git fetch [145ms]
2024-01-28 22:47:16.321 [info] > git config --get commit.template [8ms]
2024-01-28 22:47:16.323 [info] > git for-each-ref --format=%(refname)%00%(upstream:short)%00%(objectname)%00%(upstream:track)%00%(upstream:remotename)%00%(upstream:remoteref) refs/heads/main refs/remotes/main [3ms]
2024-01-28 22:47:16.334 [info] > git status -z -uall [4ms]
2024-01-28 22:47:17.495 [info] > git config --get commit.template [8ms]
2024-01-28 22:47:17.495 [info] > git for-each-ref --format=%(refname)%00%(upstream:short)%00%(objectname)%00%(upstream:track)%00%(upstream:remotename)%00%(upstream:remoteref) refs/heads/main refs/remotes/main [2ms]
2024-01-28 22:47:17.508 [info] > git status -z -uall [2ms]
2024-01-28 22:49:19.249 [info] > git rev-parse --show-toplevel [1ms]
2024-01-28 22:50:16.496 [info] > git fetch [145ms]
2024-01-28 22:50:16.515 [info] > git config --get commit.template [8ms]
2024-01-28 22:50:16.516 [info] > git for-each-ref --format=%(refname)%00%(upstream:short)%00%(objectname)%00%(upstream:track)%00%(upstream:remotename)%00%(upstream:remoteref) refs/heads/main refs/remotes/main [1ms]
2024-01-28 22:50:16.527 [info] > git status -z -uall [4ms]
2024-01-28 22:50:17.692 [info] > git config --get commit.template [9ms]
2024-01-28 22:50:17.693 [info] > git for-each-ref --format=%(refname)%00%(upstream:short)%00%(objectname)%00%(upstream:track)%00%(upstream:remotename)%00%(upstream:remoteref) refs/heads/main refs/remotes/main [2ms]
2024-01-28 22:50:17.704 [info] > git status -z -uall [4ms]
2024-01-28 22:53:16.686 [info] > git fetch [140ms]
2024-01-28 22:53:16.701 [info] > git config --get commit.template [7ms]
2024-01-28 22:53:16.702 [info] > git for-each-ref --format=%(refname)%00%(upstream:short)%00%(objectname)%00%(upstream:track)%00%(upstream:remotename)%00%(upstream:remoteref) refs/heads/main refs/remotes/main [2ms]
2024-01-28 22:53:16.716 [info] > git status -z -uall [6ms]
2024-01-28 22:53:17.873 [info] > git config --get commit.template [8ms]
2024-01-28 22:53:17.873 [info] > git for-each-ref --format=%(refname)%00%(upstream:short)%00%(objectname)%00%(upstream:track)%00%(upstream:remotename)%00%(upstream:remoteref) refs/heads/main refs/remotes/main [2ms]
2024-01-28 22:53:17.884 [info] > git status -z -uall [4ms]
2024-01-28 22:56:16.876 [info] > git fetch [142ms]
2024-01-28 22:56:16.896 [info] > git config --get commit.template [10ms]
2024-01-28 22:56:16.896 [info] > git for-each-ref --format=%(refname)%00%(upstream:short)%00%(objectname)%00%(upstream:track)%00%(upstream:remotename)%00%(upstream:remoteref) refs/heads/main refs/remotes/main [3ms]
2024-01-28 22:56:16.908 [info] > git status -z -uall [4ms]
2024-01-28 22:56:18.082 [info] > git config --get commit.template [8ms]
2024-01-28 22:56:18.083 [info] > git for-each-ref --format=%(refname)%00%(upstream:short)%00%(objectname)%00%(upstream:track)%00%(upstream:remotename)%00%(upstream:remoteref) refs/heads/main refs/remotes/main [3ms]
2024-01-28 22:56:18.094 [info] > git status -z -uall [4ms]
2024-01-28 22:59:17.058 [info] > git fetch [133ms]
2024-01-28 22:59:17.075 [info] > git config --get commit.template [8ms]
2024-01-28 22:59:17.076 [info] > git for-each-ref --format=%(refname)%00%(upstream:short)%00%(objectname)%00%(upstream:track)%00%(upstream:remotename)%00%(upstream:remoteref) refs/heads/main refs/remotes/main [2ms]
2024-01-28 22:59:17.088 [info] > git status -z -uall [3ms]
2024-01-28 22:59:18.249 [info] > git config --get commit.template [8ms]
2024-01-28 22:59:18.250 [info] > git for-each-ref --format=%(refname)%00%(upstream:short)%00%(objectname)%00%(upstream:track)%00%(upstream:remotename)%00%(upstream:remoteref) refs/heads/main refs/remotes/main [2ms]
2024-01-28 22:59:18.263 [info] > git status -z -uall [5ms]
2024-01-28 23:02:17.251 [info] > git fetch [145ms]
2024-01-28 23:02:17.268 [info] > git config --get commit.template [7ms]
2024-01-28 23:02:17.269 [info] > git for-each-ref --format=%(refname)%00%(upstream:short)%00%(objectname)%00%(upstream:track)%00%(upstream:remotename)%00%(upstream:remoteref) refs/heads/main refs/remotes/main [2ms]
2024-01-28 23:02:17.281 [info] > git status -z -uall [5ms]
2024-01-28 23:02:18.453 [info] > git config --get commit.template [9ms]
2024-01-28 23:02:18.453 [info] > git for-each-ref --format=%(refname)%00%(upstream:short)%00%(objectname)%00%(upstream:track)%00%(upstream:remotename)%00%(upstream:remoteref) refs/heads/main refs/remotes/main [2ms]
2024-01-28 23:02:18.467 [info] > git status -z -uall [4ms]
2024-01-28 23:05:17.441 [info] > git fetch [145ms]
2024-01-28 23:05:17.458 [info] > git config --get commit.template [8ms]
2024-01-28 23:05:17.459 [info] > git for-each-ref --format=%(refname)%00%(upstream:short)%00%(objectname)%00%(upstream:track)%00%(upstream:remotename)%00%(upstream:remoteref) refs/heads/main refs/remotes/main [2ms]
2024-01-28 23:05:17.470 [info] > git status -z -uall [4ms]
2024-01-28 23:05:18.632 [info] > git config --get commit.template [6ms]
2024-01-28 23:05:18.633 [info] > git for-each-ref --format=%(refname)%00%(upstream:short)%00%(objectname)%00%(upstream:track)%00%(upstream:remotename)%00%(upstream:remoteref) refs/heads/main refs/remotes/main [1ms]
2024-01-28 23:05:18.644 [info] > git status -z -uall [4ms]
2024-01-28 23:08:17.624 [info] > git fetch [133ms]
2024-01-28 23:08:17.640 [info] > git config --get commit.template [8ms]
2024-01-28 23:08:17.641 [info] > git for-each-ref --format=%(refname)%00%(upstream:short)%00%(objectname)%00%(upstream:track)%00%(upstream:remotename)%00%(upstream:remoteref) refs/heads/main refs/remotes/main [2ms]
2024-01-28 23:08:17.653 [info] > git status -z -uall [4ms]
2024-01-28 23:08:18.808 [info] > git config --get commit.template [8ms]
2024-01-28 23:08:18.809 [info] > git for-each-ref --format=%(refname)%00%(upstream:short)%00%(objectname)%00%(upstream:track)%00%(upstream:remotename)%00%(upstream:remoteref) refs/heads/main refs/remotes/main [2ms]
2024-01-28 23:08:18.821 [info] > git status -z -uall [4ms]
2024-01-28 23:11:17.807 [info] > git fetch [138ms]
2024-01-28 23:11:17.825 [info] > git config --get commit.template [9ms]
2024-01-28 23:11:17.827 [info] > git for-each-ref --format=%(refname)%00%(upstream:short)%00%(objectname)%00%(upstream:track)%00%(upstream:remotename)%00%(upstream:remoteref) refs/heads/main refs/remotes/main [3ms]
2024-01-28 23:11:17.838 [info] > git status -z -uall [4ms]
2024-01-28 23:11:18.995 [info] > git config --get commit.template [8ms]
2024-01-28 23:11:18.996 [info] > git for-each-ref --format=%(refname)%00%(upstream:short)%00%(objectname)%00%(upstream:track)%00%(upstream:remotename)%00%(upstream:remoteref) refs/heads/main refs/remotes/main [2ms]
2024-01-28 23:11:19.006 [info] > git status -z -uall [3ms]
2024-01-28 23:14:18.130 [info] > git fetch [274ms]
2024-01-28 23:14:18.156 [info] > git for-each-ref --format=%(refname)%00%(upstream:short)%00%(objectname)%00%(upstream:track)%00%(upstream:remotename)%00%(upstream:remoteref) refs/heads/main refs/remotes/main [2ms]
2024-01-28 23:14:18.157 [info] > git config --get commit.template [16ms]
2024-01-28 23:14:18.223 [info] > git status -z -uall [6ms]
2024-01-28 23:14:19.401 [info] > git config --get commit.template [9ms]
2024-01-28 23:14:19.402 [info] > git for-each-ref --format=%(refname)%00%(upstream:short)%00%(objectname)%00%(upstream:track)%00%(upstream:remotename)%00%(upstream:remoteref) refs/heads/main refs/remotes/main [3ms]
2024-01-28 23:14:19.417 [info] > git status -z -uall [5ms]
2024-01-28 23:16:10.713 [info] > git config --get commit.template [9ms]
2024-01-28 23:16:10.713 [info] > git for-each-ref --format=%(refname)%00%(upstream:short)%00%(objectname)%00%(upstream:track)%00%(upstream:remotename)%00%(upstream:remoteref) refs/heads/main refs/remotes/main [2ms]
2024-01-28 23:16:10.725 [info] > git status -z -uall [4ms]
2024-01-28 23:17:18.386 [info] > git fetch [145ms]
2024-01-28 23:17:18.402 [info] > git config --get commit.template [8ms]
2024-01-28 23:17:18.404 [info] > git for-each-ref --format=%(refname)%00%(upstream:short)%00%(objectname)%00%(upstream:track)%00%(upstream:remotename)%00%(upstream:remoteref) refs/heads/main refs/remotes/main [3ms]
2024-01-28 23:17:18.417 [info] > git status -z -uall [4ms]
2024-01-28 23:17:19.573 [info] > git config --get commit.template [10ms]
2024-01-28 23:17:19.574 [info] > git for-each-ref --format=%(refname)%00%(upstream:short)%00%(objectname)%00%(upstream:track)%00%(upstream:remotename)%00%(upstream:remoteref) refs/heads/main refs/remotes/main [2ms]
2024-01-28 23:17:19.590 [info] > git status -z -uall [4ms]
2024-01-28 23:20:18.584 [info] > git fetch [147ms]
2024-01-28 23:20:18.602 [info] > git config --get commit.template [8ms]
2024-01-28 23:20:18.603 [info] > git for-each-ref --format=%(refname)%00%(upstream:short)%00%(objectname)%00%(upstream:track)%00%(upstream:remotename)%00%(upstream:remoteref) refs/heads/main refs/remotes/main [2ms]
2024-01-28 23:20:18.614 [info] > git status -z -uall [3ms]
2024-01-28 23:20:19.767 [info] > git config --get commit.template [3ms]
2024-01-28 23:20:19.778 [info] > git for-each-ref --format=%(refname)%00%(upstream:short)%00%(objectname)%00%(upstream:track)%00%(upstream:remotename)%00%(upstream:remoteref) refs/heads/main refs/remotes/main [2ms]
2024-01-28 23:20:19.792 [info] > git status -z -uall [6ms]
2024-01-28 23:23:18.782 [info] > git fetch [151ms]
2024-01-28 23:23:18.800 [info] > git config --get commit.template [8ms]
2024-01-28 23:23:18.801 [info] > git for-each-ref --format=%(refname)%00%(upstream:short)%00%(objectname)%00%(upstream:track)%00%(upstream:remotename)%00%(upstream:remoteref) refs/heads/main refs/remotes/main [2ms]
2024-01-28 23:23:18.814 [info] > git status -z -uall [5ms]
2024-01-28 23:23:19.969 [info] > git config --get commit.template [9ms]
2024-01-28 23:23:19.970 [info] > git for-each-ref --format=%(refname)%00%(upstream:short)%00%(objectname)%00%(upstream:track)%00%(upstream:remotename)%00%(upstream:remoteref) refs/heads/main refs/remotes/main [2ms]
2024-01-28 23:23:19.982 [info] > git status -z -uall [4ms]
2024-01-28 23:26:46.421 [info] > git fetch [140ms]
2024-01-28 23:26:46.438 [info] > git config --get commit.template [8ms]
2024-01-28 23:26:46.439 [info] > git for-each-ref --format=%(refname)%00%(upstream:short)%00%(objectname)%00%(upstream:track)%00%(upstream:remotename)%00%(upstream:remoteref) refs/heads/main refs/remotes/main [2ms]
2024-01-28 23:26:46.449 [info] > git status -z -uall [3ms]
2024-01-28 23:26:47.605 [info] > git config --get commit.template [10ms]
2024-01-28 23:26:47.606 [info] > git for-each-ref --format=%(refname)%00%(upstream:short)%00%(objectname)%00%(upstream:track)%00%(upstream:remotename)%00%(upstream:remoteref) refs/heads/main refs/remotes/main [3ms]
2024-01-28 23:26:47.620 [info] > git status -z -uall [4ms]
2024-01-28 23:29:46.632 [info] > git fetch [162ms]
2024-01-28 23:29:46.651 [info] > git config --get commit.template [10ms]
2024-01-28 23:29:46.653 [info] > git for-each-ref --format=%(refname)%00%(upstream:short)%00%(objectname)%00%(upstream:track)%00%(upstream:remotename)%00%(upstream:remoteref) refs/heads/main refs/remotes/main [3ms]
2024-01-28 23:29:46.665 [info] > git status -z -uall [3ms]
2024-01-28 23:29:47.819 [info] > git config --get commit.template [10ms]
2024-01-28 23:29:47.819 [info] > git for-each-ref --format=%(refname)%00%(upstream:short)%00%(objectname)%00%(upstream:track)%00%(upstream:remotename)%00%(upstream:remoteref) refs/heads/main refs/remotes/main [1ms]
2024-01-28 23:29:47.833 [info] > git status -z -uall [5ms]
2024-01-28 23:32:48.771 [info] > git fetch [192ms]
2024-01-28 23:32:48.788 [info] > git config --get commit.template [8ms]
2024-01-28 23:32:48.790 [info] > git for-each-ref --format=%(refname)%00%(upstream:short)%00%(objectname)%00%(upstream:track)%00%(upstream:remotename)%00%(upstream:remoteref) refs/heads/main refs/remotes/main [3ms]
2024-01-28 23:32:48.802 [info] > git status -z -uall [5ms]
2024-01-28 23:32:49.960 [info] > git config --get commit.template [8ms]
2024-01-28 23:32:49.960 [info] > git for-each-ref --format=%(refname)%00%(upstream:short)%00%(objectname)%00%(upstream:track)%00%(upstream:remotename)%00%(upstream:remoteref) refs/heads/main refs/remotes/main [2ms]
2024-01-28 23:32:49.974 [info] > git status -z -uall [4ms]
2024-01-28 23:35:48.961 [info] > git fetch [141ms]
2024-01-28 23:35:48.979 [info] > git config --get commit.template [8ms]
2024-01-28 23:35:48.980 [info] > git for-each-ref --format=%(refname)%00%(upstream:short)%00%(objectname)%00%(upstream:track)%00%(upstream:remotename)%00%(upstream:remoteref) refs/heads/main refs/remotes/main [2ms]
2024-01-28 23:35:48.991 [info] > git status -z -uall [4ms]
2024-01-28 23:35:50.139 [info] > git config --get commit.template [2ms]
2024-01-28 23:35:50.147 [info] > git for-each-ref --format=%(refname)%00%(upstream:short)%00%(objectname)%00%(upstream:track)%00%(upstream:remotename)%00%(upstream:remoteref) refs/heads/main refs/remotes/main [2ms]
2024-01-28 23:35:50.159 [info] > git status -z -uall [4ms]
2024-01-28 23:38:49.151 [info] > git fetch [145ms]
2024-01-28 23:38:49.167 [info] > git config --get commit.template [7ms]
2024-01-28 23:38:49.168 [info] > git for-each-ref --format=%(refname)%00%(upstream:short)%00%(objectname)%00%(upstream:track)%00%(upstream:remotename)%00%(upstream:remoteref) refs/heads/main refs/remotes/main [2ms]
2024-01-28 23:38:49.183 [info] > git status -z -uall [5ms]
2024-01-28 23:38:50.343 [info] > git config --get commit.template [11ms]
2024-01-28 23:38:50.344 [info] > git for-each-ref --format=%(refname)%00%(upstream:short)%00%(objectname)%00%(upstream:track)%00%(upstream:remotename)%00%(upstream:remoteref) refs/heads/main refs/remotes/main [3ms]
2024-01-28 23:38:50.357 [info] > git status -z -uall [4ms]
2024-01-28 23:41:49.349 [info] > git fetch [150ms]
2024-01-28 23:41:49.369 [info] > git config --get commit.template [8ms]
2024-01-28 23:41:49.373 [info] > git for-each-ref --format=%(refname)%00%(upstream:short)%00%(objectname)%00%(upstream:track)%00%(upstream:remotename)%00%(upstream:remoteref) refs/heads/main refs/remotes/main [2ms]
2024-01-28 23:41:49.386 [info] > git status -z -uall [4ms]
2024-01-28 23:41:50.542 [info] > git config --get commit.template [7ms]
2024-01-28 23:41:50.543 [info] > git for-each-ref --format=%(refname)%00%(upstream:short)%00%(objectname)%00%(upstream:track)%00%(upstream:remotename)%00%(upstream:remoteref) refs/heads/main refs/remotes/main [2ms]
2024-01-28 23:41:50.557 [info] > git status -z -uall [4ms]
2024-01-28 23:44:49.585 [info] > git fetch [175ms]
2024-01-28 23:44:49.606 [info] > git config --get commit.template [10ms]
2024-01-28 23:44:49.607 [info] > git for-each-ref --format=%(refname)%00%(upstream:short)%00%(objectname)%00%(upstream:track)%00%(upstream:remotename)%00%(upstream:remoteref) refs/heads/main refs/remotes/main [2ms]
2024-01-28 23:44:49.618 [info] > git status -z -uall [3ms]
2024-01-28 23:44:50.775 [info] > git config --get commit.template [11ms]
2024-01-28 23:44:50.777 [info] > git for-each-ref --format=%(refname)%00%(upstream:short)%00%(objectname)%00%(upstream:track)%00%(upstream:remotename)%00%(upstream:remoteref) refs/heads/main refs/remotes/main [3ms]
2024-01-28 23:44:50.791 [info] > git status -z -uall [5ms]
2024-01-28 23:47:49.796 [info] > git fetch [161ms]
2024-01-28 23:47:49.815 [info] > git config --get commit.template [8ms]
2024-01-28 23:47:49.817 [info] > git for-each-ref --format=%(refname)%00%(upstream:short)%00%(objectname)%00%(upstream:track)%00%(upstream:remotename)%00%(upstream:remoteref) refs/heads/main refs/remotes/main [3ms]
2024-01-28 23:47:49.829 [info] > git status -z -uall [5ms]
2024-01-28 23:47:50.989 [info] > git config --get commit.template [9ms]
2024-01-28 23:47:50.990 [info] > git for-each-ref --format=%(refname)%00%(upstream:short)%00%(objectname)%00%(upstream:track)%00%(upstream:remotename)%00%(upstream:remoteref) refs/heads/main refs/remotes/main [2ms]
2024-01-28 23:47:51.002 [info] > git status -z -uall [4ms]
2024-01-28 23:50:49.994 [info] > git fetch [149ms]
2024-01-28 23:50:50.011 [info] > git config --get commit.template [9ms]
2024-01-28 23:50:50.013 [info] > git for-each-ref --format=%(refname)%00%(upstream:short)%00%(objectname)%00%(upstream:track)%00%(upstream:remotename)%00%(upstream:remoteref) refs/heads/main refs/remotes/main [3ms]
2024-01-28 23:50:50.025 [info] > git status -z -uall [5ms]
2024-01-28 23:50:51.190 [info] > git config --get commit.template [10ms]
2024-01-28 23:50:51.191 [info] > git for-each-ref --format=%(refname)%00%(upstream:short)%00%(objectname)%00%(upstream:track)%00%(upstream:remotename)%00%(upstream:remoteref) refs/heads/main refs/remotes/main [3ms]
2024-01-28 23:50:51.205 [info] > git status -z -uall [4ms]
2024-01-28 23:53:50.180 [info] > git fetch [139ms]
2024-01-28 23:53:50.197 [info] > git config --get commit.template [6ms]
2024-01-28 23:53:50.198 [info] > git for-each-ref --format=%(refname)%00%(upstream:short)%00%(objectname)%00%(upstream:track)%00%(upstream:remotename)%00%(upstream:remoteref) refs/heads/main refs/remotes/main [1ms]
2024-01-28 23:53:50.209 [info] > git status -z -uall [3ms]
2024-01-28 23:53:51.367 [info] > git config --get commit.template [9ms]
2024-01-28 23:53:51.368 [info] > git for-each-ref --format=%(refname)%00%(upstream:short)%00%(objectname)%00%(upstream:track)%00%(upstream:remotename)%00%(upstream:remoteref) refs/heads/main refs/remotes/main [2ms]
2024-01-28 23:53:51.380 [info] > git status -z -uall [4ms]
2024-01-28 23:56:50.378 [info] > git fetch [151ms]
2024-01-28 23:56:50.397 [info] > git config --get commit.template [11ms]
2024-01-28 23:56:50.398 [info] > git for-each-ref --format=%(refname)%00%(upstream:short)%00%(objectname)%00%(upstream:track)%00%(upstream:remotename)%00%(upstream:remoteref) refs/heads/main refs/remotes/main [2ms]
2024-01-28 23:56:50.410 [info] > git status -z -uall [4ms]
2024-01-28 23:56:51.563 [info] > git config --get commit.template [7ms]
2024-01-28 23:56:51.563 [info] > git for-each-ref --format=%(refname)%00%(upstream:short)%00%(objectname)%00%(upstream:track)%00%(upstream:remotename)%00%(upstream:remoteref) refs/heads/main refs/remotes/main [2ms]
2024-01-28 23:56:51.575 [info] > git status -z -uall [5ms]
2024-01-28 23:59:50.563 [info] > git fetch [133ms]
2024-01-28 23:59:50.580 [info] > git config --get commit.template [8ms]
2024-01-28 23:59:50.581 [info] > git for-each-ref --format=%(refname)%00%(upstream:short)%00%(objectname)%00%(upstream:track)%00%(upstream:remotename)%00%(upstream:remoteref) refs/heads/main refs/remotes/main [2ms]
2024-01-28 23:59:50.593 [info] > git status -z -uall [4ms]
2024-01-28 23:59:51.745 [info] > git config --get commit.template [8ms]
2024-01-28 23:59:51.745 [info] > git for-each-ref --format=%(refname)%00%(upstream:short)%00%(objectname)%00%(upstream:track)%00%(upstream:remotename)%00%(upstream:remoteref) refs/heads/main refs/remotes/main [2ms]
2024-01-28 23:59:51.756 [info] > git status -z -uall [3ms]
2024-01-29 00:03:01.906 [info] > git fetch [155ms]
2024-01-29 00:03:01.925 [info] > git config --get commit.template [8ms]
2024-01-29 00:03:01.926 [info] > git for-each-ref --format=%(refname)%00%(upstream:short)%00%(objectname)%00%(upstream:track)%00%(upstream:remotename)%00%(upstream:remoteref) refs/heads/main refs/remotes/main [2ms]
2024-01-29 00:03:01.940 [info] > git status -z -uall [6ms]
2024-01-29 00:03:03.100 [info] > git config --get commit.template [9ms]
2024-01-29 00:03:03.101 [info] > git for-each-ref --format=%(refname)%00%(upstream:short)%00%(objectname)%00%(upstream:track)%00%(upstream:remotename)%00%(upstream:remoteref) refs/heads/main refs/remotes/main [2ms]
2024-01-29 00:03:03.113 [info] > git status -z -uall [4ms]
2024-01-29 00:06:02.111 [info] > git fetch [155ms]
2024-01-29 00:06:02.130 [info] > git config --get commit.template [8ms]
2024-01-29 00:06:02.131 [info] > git for-each-ref --format=%(refname)%00%(upstream:short)%00%(objectname)%00%(upstream:track)%00%(upstream:remotename)%00%(upstream:remoteref) refs/heads/main refs/remotes/main [2ms]
2024-01-29 00:06:02.144 [info] > git status -z -uall [4ms]
2024-01-29 00:06:03.295 [info] > git config --get commit.template [8ms]
2024-01-29 00:06:03.296 [info] > git for-each-ref --format=%(refname)%00%(upstream:short)%00%(objectname)%00%(upstream:track)%00%(upstream:remotename)%00%(upstream:remoteref) refs/heads/main refs/remotes/main [2ms]
2024-01-29 00:06:03.309 [info] > git status -z -uall [4ms]
2024-01-29 00:08:47.354 [info] > git rev-parse --show-toplevel [2ms]
2024-01-29 00:09:02.303 [info] > git fetch [140ms]
2024-01-29 00:09:02.321 [info] > git config --get commit.template [8ms]
2024-01-29 00:09:02.321 [info] > git for-each-ref --format=%(refname)%00%(upstream:short)%00%(objectname)%00%(upstream:track)%00%(upstream:remotename)%00%(upstream:remoteref) refs/heads/main refs/remotes/main [1ms]
2024-01-29 00:09:02.334 [info] > git status -z -uall [4ms]
2024-01-29 00:09:03.488 [info] > git config --get commit.template [8ms]
2024-01-29 00:09:03.488 [info] > git for-each-ref --format=%(refname)%00%(upstream:short)%00%(objectname)%00%(upstream:track)%00%(upstream:remotename)%00%(upstream:remoteref) refs/heads/main refs/remotes/main [2ms]
2024-01-29 00:09:03.499 [info] > git status -z -uall [4ms]
2024-01-29 00:12:02.556 [info] > git fetch [203ms]
2024-01-29 00:12:02.574 [info] > git config --get commit.template [9ms]
2024-01-29 00:12:02.575 [info] > git for-each-ref --format=%(refname)%00%(upstream:short)%00%(objectname)%00%(upstream:track)%00%(upstream:remotename)%00%(upstream:remoteref) refs/heads/main refs/remotes/main [3ms]
2024-01-29 00:12:02.587 [info] > git status -z -uall [4ms]
2024-01-29 00:12:03.767 [info] > git config --get commit.template [11ms]
2024-01-29 00:12:03.768 [info] > git for-each-ref --format=%(refname)%00%(upstream:short)%00%(objectname)%00%(upstream:track)%00%(upstream:remotename)%00%(upstream:remoteref) refs/heads/main refs/remotes/main [3ms]
2024-01-29 00:12:03.781 [info] > git status -z -uall [5ms]
2024-01-29 00:12:35.113 [info] > git rev-parse --show-toplevel [1ms]
2024-01-29 00:13:25.819 [info] > git rev-parse --show-toplevel [7ms]
2024-01-29 00:14:14.145 [info] > git rev-parse --show-toplevel [2ms]
2024-01-29 00:15:02.770 [info] > git fetch [163ms]
2024-01-29 00:15:02.794 [info] > git config --get commit.template [13ms]
2024-01-29 00:15:02.795 [info] > git for-each-ref --format=%(refname)%00%(upstream:short)%00%(objectname)%00%(upstream:track)%00%(upstream:remotename)%00%(upstream:remoteref) refs/heads/main refs/remotes/main [2ms]
2024-01-29 00:15:02.811 [info] > git status -z -uall [4ms]
2024-01-29 00:15:03.989 [info] > git config --get commit.template [9ms]
2024-01-29 00:15:03.991 [info] > git for-each-ref --format=%(refname)%00%(upstream:short)%00%(objectname)%00%(upstream:track)%00%(upstream:remotename)%00%(upstream:remoteref) refs/heads/main refs/remotes/main [2ms]
2024-01-29 00:15:04.005 [info] > git status -z -uall [7ms]
2024-01-29 00:15:04.562 [info] > git rev-parse --show-toplevel [8ms]
2024-01-29 00:15:31.830 [info] > git rev-parse --show-toplevel [5ms]
2024-01-29 00:17:10.857 [info] > git rev-parse --show-toplevel [8ms]
2024-01-29 00:18:02.993 [info] > git fetch [161ms]
2024-01-29 00:18:03.032 [info] > git config --get commit.template [19ms]
2024-01-29 00:18:03.032 [info] > git for-each-ref --format=%(refname)%00%(upstream:short)%00%(objectname)%00%(upstream:track)%00%(upstream:remotename)%00%(upstream:remoteref) refs/heads/main refs/remotes/main [2ms]
2024-01-29 00:18:03.048 [info] > git status -z -uall [4ms]
2024-01-29 00:18:04.171 [info] > git config --get commit.template [9ms]
2024-01-29 00:18:04.172 [info] > git for-each-ref --format=%(refname)%00%(upstream:short)%00%(objectname)%00%(upstream:track)%00%(upstream:remotename)%00%(upstream:remoteref) refs/heads/main refs/remotes/main [2ms]
2024-01-29 00:18:04.187 [info] > git status -z -uall [4ms]
2024-01-29 00:18:37.042 [info] > git rev-parse --show-toplevel [2ms]
2024-01-29 00:21:06.696 [info] > git fetch [140ms]
2024-01-29 00:21:06.706 [info] > git config --get commit.template [2ms]
2024-01-29 00:21:06.715 [info] > git for-each-ref --format=%(refname)%00%(upstream:short)%00%(objectname)%00%(upstream:track)%00%(upstream:remotename)%00%(upstream:remoteref) refs/heads/main refs/remotes/main [2ms]
2024-01-29 00:21:06.727 [info] > git status -z -uall [5ms]
2024-01-29 00:21:07.880 [info] > git config --get commit.template [8ms]
2024-01-29 00:21:07.881 [info] > git for-each-ref --format=%(refname)%00%(upstream:short)%00%(objectname)%00%(upstream:track)%00%(upstream:remotename)%00%(upstream:remoteref) refs/heads/main refs/remotes/main [2ms]
2024-01-29 00:21:07.893 [info] > git status -z -uall [3ms]
2024-01-29 00:24:06.955 [info] > git fetch [174ms]
2024-01-29 00:24:06.979 [info] > git config --get commit.template [11ms]
2024-01-29 00:24:07.005 [info] > git for-each-ref --format=%(refname)%00%(upstream:short)%00%(objectname)%00%(upstream:track)%00%(upstream:remotename)%00%(upstream:remoteref) refs/heads/main refs/remotes/main [28ms]
2024-01-29 00:24:07.018 [info] > git status -z -uall [4ms]
2024-01-29 00:24:08.203 [info] > git config --get commit.template [10ms]
2024-01-29 00:24:08.203 [info] > git for-each-ref --format=%(refname)%00%(upstream:short)%00%(objectname)%00%(upstream:track)%00%(upstream:remotename)%00%(upstream:remoteref) refs/heads/main refs/remotes/main [3ms]
2024-01-29 00:24:08.214 [info] > git status -z -uall [3ms]
2024-01-29 00:26:13.199 [info] > git config --get commit.template [7ms]
2024-01-29 00:26:13.200 [info] > git for-each-ref --format=%(refname)%00%(upstream:short)%00%(objectname)%00%(upstream:track)%00%(upstream:remotename)%00%(upstream:remoteref) refs/heads/main refs/remotes/main [2ms]
2024-01-29 00:26:13.212 [info] > git status -z -uall [4ms]
2024-01-29 00:27:07.189 [info] > git fetch [153ms]
2024-01-29 00:27:07.220 [info] > git config --get commit.template [15ms]
2024-01-29 00:27:07.223 [info] > git for-each-ref --format=%(refname)%00%(upstream:short)%00%(objectname)%00%(upstream:track)%00%(upstream:remotename)%00%(upstream:remoteref) refs/heads/main refs/remotes/main [4ms]
2024-01-29 00:27:07.237 [info] > git status -z -uall [5ms]
2024-01-29 00:27:08.395 [info] > git config --get commit.template [2ms]
2024-01-29 00:27:08.406 [info] > git for-each-ref --format=%(refname)%00%(upstream:short)%00%(objectname)%00%(upstream:track)%00%(upstream:remotename)%00%(upstream:remoteref) refs/heads/main refs/remotes/main [2ms]
2024-01-29 00:27:08.419 [info] > git status -z -uall [4ms]
2024-01-29 00:30:07.412 [info] > git fetch [159ms]
2024-01-29 00:30:07.430 [info] > git config --get commit.template [7ms]
2024-01-29 00:30:07.431 [info] > git for-each-ref --format=%(refname)%00%(upstream:short)%00%(objectname)%00%(upstream:track)%00%(upstream:remotename)%00%(upstream:remoteref) refs/heads/main refs/remotes/main [2ms]
2024-01-29 00:30:07.441 [info] > git status -z -uall [4ms]
2024-01-29 00:30:08.599 [info] > git config --get commit.template [10ms]
2024-01-29 00:30:08.600 [info] > git for-each-ref --format=%(refname)%00%(upstream:short)%00%(objectname)%00%(upstream:track)%00%(upstream:remotename)%00%(upstream:remoteref) refs/heads/main refs/remotes/main [3ms]
2024-01-29 00:30:08.611 [info] > git status -z -uall [4ms]
2024-01-29 00:32:04.442 [info] > git rev-parse --show-toplevel [2ms]
2024-01-29 00:33:07.602 [info] > git fetch [144ms]
2024-01-29 00:33:07.622 [info] > git config --get commit.template [9ms]
2024-01-29 00:33:07.623 [info] > git for-each-ref --format=%(refname)%00%(upstream:short)%00%(objectname)%00%(upstream:track)%00%(upstream:remotename)%00%(upstream:remoteref) refs/heads/main refs/remotes/main [2ms]
2024-01-29 00:33:07.634 [info] > git status -z -uall [3ms]
2024-01-29 00:33:08.803 [info] > git config --get commit.template [16ms]
2024-01-29 00:33:08.808 [info] > git for-each-ref --format=%(refname)%00%(upstream:short)%00%(objectname)%00%(upstream:track)%00%(upstream:remotename)%00%(upstream:remoteref) refs/heads/main refs/remotes/main [7ms]
2024-01-29 00:33:08.824 [info] > git status -z -uall [5ms]
2024-01-29 00:33:50.055 [info] > git rev-parse --show-toplevel [3ms]
2024-01-29 00:34:17.024 [info] > git rev-parse --show-toplevel [3ms]
2024-01-29 00:36:07.793 [info] > git fetch [142ms]
2024-01-29 00:36:07.810 [info] > git config --get commit.template [8ms]
2024-01-29 00:36:07.813 [info] > git for-each-ref --format=%(refname)%00%(upstream:short)%00%(objectname)%00%(upstream:track)%00%(upstream:remotename)%00%(upstream:remoteref) refs/heads/main refs/remotes/main [4ms]
2024-01-29 00:36:07.831 [info] > git status -z -uall [5ms]
2024-01-29 00:36:08.987 [info] > git config --get commit.template [11ms]
2024-01-29 00:36:08.988 [info] > git for-each-ref --format=%(refname)%00%(upstream:short)%00%(objectname)%00%(upstream:track)%00%(upstream:remotename)%00%(upstream:remoteref) refs/heads/main refs/remotes/main [2ms]
2024-01-29 00:36:09.002 [info] > git status -z -uall [5ms]
2024-01-29 00:39:07.999 [info] > git fetch [152ms]
2024-01-29 00:39:08.019 [info] > git config --get commit.template [9ms]
2024-01-29 00:39:08.021 [info] > git for-each-ref --format=%(refname)%00%(upstream:short)%00%(objectname)%00%(upstream:track)%00%(upstream:remotename)%00%(upstream:remoteref) refs/heads/main refs/remotes/main [3ms]
2024-01-29 00:39:08.034 [info] > git status -z -uall [4ms]
2024-01-29 00:39:09.188 [info] > git config --get commit.template [10ms]
2024-01-29 00:39:09.189 [info] > git for-each-ref --format=%(refname)%00%(upstream:short)%00%(objectname)%00%(upstream:track)%00%(upstream:remotename)%00%(upstream:remoteref) refs/heads/main refs/remotes/main [3ms]
2024-01-29 00:39:09.203 [info] > git status -z -uall [5ms]
2024-01-29 00:43:31.447 [info] > git fetch [228ms]
2024-01-29 00:43:31.463 [info] > git config --get commit.template [2ms]
2024-01-29 00:43:31.477 [info] > git for-each-ref --format=%(refname)%00%(upstream:short)%00%(objectname)%00%(upstream:track)%00%(upstream:remotename)%00%(upstream:remoteref) refs/heads/main refs/remotes/main [3ms]
2024-01-29 00:43:31.496 [info] > git status -z -uall [6ms]
2024-01-29 00:43:32.675 [info] > git config --get commit.template [10ms]
2024-01-29 00:43:32.676 [info] > git for-each-ref --format=%(refname)%00%(upstream:short)%00%(objectname)%00%(upstream:track)%00%(upstream:remotename)%00%(upstream:remoteref) refs/heads/main refs/remotes/main [2ms]
2024-01-29 00:43:32.692 [info] > git status -z -uall [6ms]
2024-01-29 00:46:45.590 [info] > git fetch [153ms]
2024-01-29 00:46:45.608 [info] > git config --get commit.template [9ms]
2024-01-29 00:46:45.610 [info] > git for-each-ref --format=%(refname)%00%(upstream:short)%00%(objectname)%00%(upstream:track)%00%(upstream:remotename)%00%(upstream:remoteref) refs/heads/main refs/remotes/main [3ms]
2024-01-29 00:46:45.623 [info] > git status -z -uall [3ms]
2024-01-29 00:46:46.773 [info] > git config --get commit.template [7ms]
2024-01-29 00:46:46.775 [info] > git for-each-ref --format=%(refname)%00%(upstream:short)%00%(objectname)%00%(upstream:track)%00%(upstream:remotename)%00%(upstream:remoteref) refs/heads/main refs/remotes/main [2ms]
2024-01-29 00:46:46.787 [info] > git status -z -uall [5ms]
2024-01-29 00:50:46.232 [info] > git fetch [143ms]
2024-01-29 00:50:46.249 [info] > git config --get commit.template [8ms]
2024-01-29 00:50:46.250 [info] > git for-each-ref --format=%(refname)%00%(upstream:short)%00%(objectname)%00%(upstream:track)%00%(upstream:remotename)%00%(upstream:remoteref) refs/heads/main refs/remotes/main [2ms]
2024-01-29 00:50:46.262 [info] > git status -z -uall [4ms]
2024-01-29 00:50:47.415 [info] > git config --get commit.template [8ms]
2024-01-29 00:50:47.416 [info] > git for-each-ref --format=%(refname)%00%(upstream:short)%00%(objectname)%00%(upstream:track)%00%(upstream:remotename)%00%(upstream:remoteref) refs/heads/main refs/remotes/main [2ms]
2024-01-29 00:50:47.431 [info] > git status -z -uall [4ms]
2024-01-29 00:52:47.746 [info] > git rev-parse --show-toplevel [3ms]
2024-01-29 00:53:44.621 [info] > git rev-parse --show-toplevel [2ms]
2024-01-29 00:54:28.319 [info] > git fetch [144ms]
2024-01-29 00:54:28.337 [info] > git config --get commit.template [7ms]
2024-01-29 00:54:28.338 [info] > git for-each-ref --format=%(refname)%00%(upstream:short)%00%(objectname)%00%(upstream:track)%00%(upstream:remotename)%00%(upstream:remoteref) refs/heads/main refs/remotes/main [2ms]
2024-01-29 00:54:28.350 [info] > git status -z -uall [5ms]
2024-01-29 00:54:29.509 [info] > git config --get commit.template [9ms]
2024-01-29 00:54:29.511 [info] > git for-each-ref --format=%(refname)%00%(upstream:short)%00%(objectname)%00%(upstream:track)%00%(upstream:remotename)%00%(upstream:remoteref) refs/heads/main refs/remotes/main [3ms]
2024-01-29 00:54:29.524 [info] > git status -z -uall [5ms]
2024-01-29 00:57:28.505 [info] > git fetch [139ms]
2024-01-29 00:57:28.524 [info] > git config --get commit.template [9ms]
2024-01-29 00:57:28.525 [info] > git for-each-ref --format=%(refname)%00%(upstream:short)%00%(objectname)%00%(upstream:track)%00%(upstream:remotename)%00%(upstream:remoteref) refs/heads/main refs/remotes/main [3ms]
2024-01-29 00:57:28.541 [info] > git status -z -uall [4ms]
2024-01-29 00:57:29.731 [info] > git config --get commit.template [9ms]
2024-01-29 00:57:29.732 [info] > git for-each-ref --format=%(refname)%00%(upstream:short)%00%(objectname)%00%(upstream:track)%00%(upstream:remotename)%00%(upstream:remoteref) refs/heads/main refs/remotes/main [3ms]
2024-01-29 00:57:29.746 [info] > git status -z -uall [4ms]
2024-01-29 00:57:32.535 [info] > git rev-parse --show-toplevel [2ms]
2024-01-29 00:57:45.706 [info] > git rev-parse --show-toplevel [2ms]
2024-01-29 01:00:28.699 [info] > git fetch [138ms]
2024-01-29 01:00:28.712 [info] > git config --get commit.template [2ms]
2024-01-29 01:00:28.720 [info] > git for-each-ref --format=%(refname)%00%(upstream:short)%00%(objectname)%00%(upstream:track)%00%(upstream:remotename)%00%(upstream:remoteref) refs/heads/main refs/remotes/main [2ms]
2024-01-29 01:00:28.733 [info] > git status -z -uall [5ms]
2024-01-29 01:00:29.891 [info] > git config --get commit.template [8ms]
2024-01-29 01:00:29.892 [info] > git for-each-ref --format=%(refname)%00%(upstream:short)%00%(objectname)%00%(upstream:track)%00%(upstream:remotename)%00%(upstream:remoteref) refs/heads/main refs/remotes/main [2ms]
2024-01-29 01:00:29.905 [info] > git status -z -uall [6ms]
2024-01-29 01:03:28.890 [info] > git fetch [138ms]
2024-01-29 01:03:28.909 [info] > git config --get commit.template [9ms]
2024-01-29 01:03:28.910 [info] > git for-each-ref --format=%(refname)%00%(upstream:short)%00%(objectname)%00%(upstream:track)%00%(upstream:remotename)%00%(upstream:remoteref) refs/heads/main refs/remotes/main [2ms]
2024-01-29 01:03:28.921 [info] > git status -z -uall [4ms]
2024-01-29 01:03:30.081 [info] > git config --get commit.template [8ms]
2024-01-29 01:03:30.083 [info] > git for-each-ref --format=%(refname)%00%(upstream:short)%00%(objectname)%00%(upstream:track)%00%(upstream:remotename)%00%(upstream:remoteref) refs/heads/main refs/remotes/main [3ms]
2024-01-29 01:03:30.095 [info] > git status -z -uall [4ms]
2024-01-29 01:06:29.090 [info] > git fetch [148ms]
2024-01-29 01:06:29.107 [info] > git config --get commit.template [8ms]
2024-01-29 01:06:29.109 [info] > git for-each-ref --format=%(refname)%00%(upstream:short)%00%(objectname)%00%(upstream:track)%00%(upstream:remotename)%00%(upstream:remoteref) refs/heads/main refs/remotes/main [2ms]
2024-01-29 01:06:29.119 [info] > git status -z -uall [4ms]
2024-01-29 01:06:30.273 [info] > git config --get commit.template [9ms]
2024-01-29 01:06:30.274 [info] > git for-each-ref --format=%(refname)%00%(upstream:short)%00%(objectname)%00%(upstream:track)%00%(upstream:remotename)%00%(upstream:remoteref) refs/heads/main refs/remotes/main [2ms]
2024-01-29 01:06:30.287 [info] > git status -z -uall [3ms]
2024-01-29 01:09:29.283 [info] > git fetch [147ms]
2024-01-29 01:09:29.302 [info] > git config --get commit.template [8ms]
2024-01-29 01:09:29.303 [info] > git for-each-ref --format=%(refname)%00%(upstream:short)%00%(objectname)%00%(upstream:track)%00%(upstream:remotename)%00%(upstream:remoteref) refs/heads/main refs/remotes/main [2ms]
2024-01-29 01:09:29.316 [info] > git status -z -uall [4ms]
2024-01-29 01:09:30.473 [info] > git config --get commit.template [9ms]
2024-01-29 01:09:30.474 [info] > git for-each-ref --format=%(refname)%00%(upstream:short)%00%(objectname)%00%(upstream:track)%00%(upstream:remotename)%00%(upstream:remoteref) refs/heads/main refs/remotes/main [2ms]
2024-01-29 01:09:30.485 [info] > git status -z -uall [4ms]
2024-01-29 01:12:29.492 [info] > git fetch [160ms]
2024-01-29 01:12:29.513 [info] > git config --get commit.template [9ms]
2024-01-29 01:12:29.514 [info] > git for-each-ref --format=%(refname)%00%(upstream:short)%00%(objectname)%00%(upstream:track)%00%(upstream:remotename)%00%(upstream:remoteref) refs/heads/main refs/remotes/main [3ms]
2024-01-29 01:12:29.526 [info] > git status -z -uall [4ms]
2024-01-29 01:12:30.684 [info] > git config --get commit.template [9ms]
2024-01-29 01:12:30.685 [info] > git for-each-ref --format=%(refname)%00%(upstream:short)%00%(objectname)%00%(upstream:track)%00%(upstream:remotename)%00%(upstream:remoteref) refs/heads/main refs/remotes/main [2ms]
2024-01-29 01:12:30.697 [info] > git status -z -uall [4ms]
2024-01-29 01:15:29.697 [info] > git fetch [155ms]
2024-01-29 01:15:29.710 [info] > git config --get commit.template [3ms]
2024-01-29 01:15:29.721 [info] > git for-each-ref --format=%(refname)%00%(upstream:short)%00%(objectname)%00%(upstream:track)%00%(upstream:remotename)%00%(upstream:remoteref) refs/heads/main refs/remotes/main [3ms]
2024-01-29 01:15:29.732 [info] > git status -z -uall [4ms]
2024-01-29 01:15:30.888 [info] > git config --get commit.template [9ms]
2024-01-29 01:15:30.889 [info] > git for-each-ref --format=%(refname)%00%(upstream:short)%00%(objectname)%00%(upstream:track)%00%(upstream:remotename)%00%(upstream:remoteref) refs/heads/main refs/remotes/main [2ms]
2024-01-29 01:15:30.902 [info] > git status -z -uall [5ms]
2024-01-29 01:18:29.900 [info] > git fetch [151ms]
2024-01-29 01:18:29.917 [info] > git config --get commit.template [7ms]
2024-01-29 01:18:29.918 [info] > git for-each-ref --format=%(refname)%00%(upstream:short)%00%(objectname)%00%(upstream:track)%00%(upstream:remotename)%00%(upstream:remoteref) refs/heads/main refs/remotes/main [2ms]
2024-01-29 01:18:29.930 [info] > git status -z -uall [4ms]
2024-01-29 01:18:31.107 [info] > git config --get commit.template [13ms]
2024-01-29 01:18:31.108 [info] > git for-each-ref --format=%(refname)%00%(upstream:short)%00%(objectname)%00%(upstream:track)%00%(upstream:remotename)%00%(upstream:remoteref) refs/heads/main refs/remotes/main [3ms]
2024-01-29 01:18:31.120 [info] > git status -z -uall [4ms]
2024-01-29 01:21:30.123 [info] > git fetch [178ms]
2024-01-29 01:21:30.139 [info] > git config --get commit.template [7ms]
2024-01-29 01:21:30.140 [info] > git for-each-ref --format=%(refname)%00%(upstream:short)%00%(objectname)%00%(upstream:track)%00%(upstream:remotename)%00%(upstream:remoteref) refs/heads/main refs/remotes/main [2ms]
2024-01-29 01:21:30.153 [info] > git status -z -uall [4ms]
2024-01-29 01:21:31.307 [info] > git config --get commit.template [7ms]
2024-01-29 01:21:31.308 [info] > git for-each-ref --format=%(refname)%00%(upstream:short)%00%(objectname)%00%(upstream:track)%00%(upstream:remotename)%00%(upstream:remoteref) refs/heads/main refs/remotes/main [2ms]
2024-01-29 01:21:31.320 [info] > git status -z -uall [5ms]
