2024-01-27 01:15:11.306 [info] Log level: Info
2024-01-27 01:15:11.306 [info] Validating found git in: "git"
2024-01-27 01:15:11.306 [info] Using git "2.34.1" from "git"
2024-01-27 01:15:11.306 [info] > git rev-parse --show-toplevel [14ms]
2024-01-27 01:15:11.306 [info] > git rev-parse --show-toplevel [2ms]
2024-01-27 01:15:11.306 [info] > git rev-parse --show-toplevel [9ms]
2024-01-27 01:15:11.306 [info] > git rev-parse --show-toplevel [279ms]
2024-01-27 01:15:11.306 [info] > git rev-parse --git-dir --git-common-dir [2ms]
2024-01-27 01:15:11.306 [info] Open repository: /home/s4tankoua/espresso/S6-PROJECTS
2024-01-27 01:15:11.306 [info] > git config --get commit.template [21ms]
2024-01-27 01:15:11.307 [info] > git rev-parse --show-toplevel [31ms]
2024-01-27 01:15:11.307 [info] > git for-each-ref --format=%(refname)%00%(upstream:short)%00%(objectname)%00%(upstream:track)%00%(upstream:remotename)%00%(upstream:remoteref) refs/heads/main refs/remotes/main [30ms]
2024-01-27 01:15:11.395 [info] > git rev-parse --show-toplevel [96ms]
2024-01-27 01:15:11.417 [info] > git status -z -uall [26ms]
2024-01-27 01:15:11.449 [info] > git rev-parse --show-toplevel [32ms]
2024-01-27 01:15:11.451 [info] > git config --get commit.template [3ms]
2024-01-27 01:15:11.451 [info] > git fetch [239ms]
2024-01-27 01:15:11.485 [info] > git rev-parse --show-toplevel [13ms]
2024-01-27 01:15:11.485 [info] > git config --get commit.template [23ms]
2024-01-27 01:15:11.524 [info] > git for-each-ref --format=%(refname)%00%(upstream:short)%00%(objectname)%00%(upstream:track)%00%(upstream:remotename)%00%(upstream:remoteref) refs/heads/main refs/remotes/main [44ms]
2024-01-27 01:15:11.742 [info] > git for-each-ref --format=%(refname)%00%(upstream:short)%00%(objectname)%00%(upstream:track)%00%(upstream:remotename)%00%(upstream:remoteref) refs/heads/main refs/remotes/main [219ms]
2024-01-27 01:15:11.835 [info] > git rev-parse --show-toplevel [82ms]
2024-01-27 01:15:12.052 [info] > git status -z -uall [198ms]
2024-01-27 01:15:12.052 [info] > git rev-parse --show-toplevel [188ms]
2024-01-27 01:15:12.131 [info] > git rev-parse --show-toplevel [17ms]
2024-01-27 01:15:13.063 [info] > git check-ignore -v -z --stdin [2ms]
2024-01-27 01:15:13.311 [info] > git config --get commit.template [10ms]
2024-01-27 01:15:13.312 [info] > git for-each-ref --format=%(refname)%00%(upstream:short)%00%(objectname)%00%(upstream:track)%00%(upstream:remotename)%00%(upstream:remoteref) refs/heads/main refs/remotes/main [3ms]
2024-01-27 01:15:13.325 [info] > git status -z -uall [4ms]
2024-01-27 01:39:16.068 [info] > git fetch [171ms]
2024-01-27 01:39:16.085 [info] > git config --get commit.template [8ms]
2024-01-27 01:39:16.086 [info] > git for-each-ref --format=%(refname)%00%(upstream:short)%00%(objectname)%00%(upstream:track)%00%(upstream:remotename)%00%(upstream:remoteref) refs/heads/main refs/remotes/main [3ms]
2024-01-27 01:39:16.102 [info] > git status -z -uall [4ms]
2024-01-27 01:39:17.278 [info] > git config --get commit.template [12ms]
2024-01-27 01:39:17.278 [info] > git for-each-ref --format=%(refname)%00%(upstream:short)%00%(objectname)%00%(upstream:track)%00%(upstream:remotename)%00%(upstream:remoteref) refs/heads/main refs/remotes/main [2ms]
2024-01-27 01:39:17.291 [info] > git status -z -uall [5ms]
