2024-01-26 14:30:49.592 [info] Log level: Info
2024-01-26 14:30:49.592 [info] Validating found git in: "git"
2024-01-26 14:30:49.592 [info] Using git "2.34.1" from "git"
2024-01-26 14:30:49.592 [info] > git rev-parse --show-toplevel [3ms]
2024-01-26 14:30:49.592 [info] > git rev-parse --show-toplevel [3ms]
2024-01-26 14:30:49.593 [info] > git rev-parse --show-toplevel [2ms]
2024-01-26 14:30:49.601 [info] > git rev-parse --show-toplevel [2ms]
2024-01-26 14:30:49.608 [info] > git rev-parse --git-dir --git-common-dir [2ms]
2024-01-26 14:30:49.634 [info] Open repository: /home/s4tankoua/espresso/S6-PROJECTS
2024-01-26 14:30:49.653 [info] > git config --get commit.template [8ms]
2024-01-26 14:30:49.656 [info] > git rev-parse --show-toplevel [5ms]
2024-01-26 14:30:49.721 [info] > git for-each-ref --format=%(refname)%00%(upstream:short)%00%(objectname)%00%(upstream:track)%00%(upstream:remotename)%00%(upstream:remoteref) refs/heads/main refs/remotes/main [16ms]
2024-01-26 14:30:49.743 [info] > git rev-parse --show-toplevel [15ms]
2024-01-26 14:30:49.764 [info] > git status -z -uall [12ms]
2024-01-26 14:30:49.794 [info] > git rev-parse --show-toplevel [32ms]
2024-01-26 14:30:49.796 [info] > git config --get commit.template [2ms]
2024-01-26 14:30:49.815 [info] > git rev-parse --show-toplevel [9ms]
2024-01-26 14:30:49.815 [info] > git fetch [182ms]
2024-01-26 14:30:49.823 [info] > git for-each-ref --format=%(refname)%00%(upstream:short)%00%(objectname)%00%(upstream:track)%00%(upstream:remotename)%00%(upstream:remoteref) refs/heads/main refs/remotes/main [11ms]
2024-01-26 14:30:49.831 [info] > git config --get commit.template [8ms]
2024-01-26 14:30:49.832 [info] > git rev-parse --show-toplevel [2ms]
2024-01-26 14:30:49.847 [info] > git for-each-ref --format=%(refname)%00%(upstream:short)%00%(objectname)%00%(upstream:track)%00%(upstream:remotename)%00%(upstream:remoteref) refs/heads/main refs/remotes/main [10ms]
2024-01-26 14:30:49.862 [info] > git status -z -uall [5ms]
2024-01-26 14:30:50.254 [info] > git check-ignore -v -z --stdin [2ms]
2024-01-26 14:30:51.055 [info] > git config --get commit.template [8ms]
2024-01-26 14:30:51.056 [info] > git for-each-ref --format=%(refname)%00%(upstream:short)%00%(objectname)%00%(upstream:track)%00%(upstream:remotename)%00%(upstream:remoteref) refs/heads/main refs/remotes/main [2ms]
2024-01-26 14:30:51.068 [info] > git status -z -uall [4ms]
2024-01-26 14:33:50.093 [info] > git fetch [214ms]
2024-01-26 14:33:50.111 [info] > git config --get commit.template [7ms]
2024-01-26 14:33:50.112 [info] > git for-each-ref --format=%(refname)%00%(upstream:short)%00%(objectname)%00%(upstream:track)%00%(upstream:remotename)%00%(upstream:remoteref) refs/heads/main refs/remotes/main [3ms]
2024-01-26 14:33:50.125 [info] > git status -z -uall [5ms]
2024-01-26 14:33:51.299 [info] > git config --get commit.template [8ms]
2024-01-26 14:33:51.299 [info] > git for-each-ref --format=%(refname)%00%(upstream:short)%00%(objectname)%00%(upstream:track)%00%(upstream:remotename)%00%(upstream:remoteref) refs/heads/main refs/remotes/main [2ms]
2024-01-26 14:33:51.311 [info] > git status -z -uall [4ms]
2024-01-26 14:36:50.291 [info] > git fetch [147ms]
2024-01-26 14:36:50.309 [info] > git config --get commit.template [10ms]
2024-01-26 14:36:50.310 [info] > git for-each-ref --format=%(refname)%00%(upstream:short)%00%(objectname)%00%(upstream:track)%00%(upstream:remotename)%00%(upstream:remoteref) refs/heads/main refs/remotes/main [2ms]
2024-01-26 14:36:50.327 [info] > git status -z -uall [6ms]
2024-01-26 14:36:51.494 [info] > git config --get commit.template [8ms]
2024-01-26 14:36:51.495 [info] > git for-each-ref --format=%(refname)%00%(upstream:short)%00%(objectname)%00%(upstream:track)%00%(upstream:remotename)%00%(upstream:remoteref) refs/heads/main refs/remotes/main [2ms]
2024-01-26 14:36:51.505 [info] > git status -z -uall [4ms]
2024-01-26 14:39:50.487 [info] > git fetch [144ms]
2024-01-26 14:39:50.508 [info] > git config --get commit.template [9ms]
2024-01-26 14:39:50.509 [info] > git for-each-ref --format=%(refname)%00%(upstream:short)%00%(objectname)%00%(upstream:track)%00%(upstream:remotename)%00%(upstream:remoteref) refs/heads/main refs/remotes/main [2ms]
2024-01-26 14:39:50.523 [info] > git status -z -uall [6ms]
2024-01-26 14:39:51.694 [info] > git config --get commit.template [9ms]
2024-01-26 14:39:51.695 [info] > git for-each-ref --format=%(refname)%00%(upstream:short)%00%(objectname)%00%(upstream:track)%00%(upstream:remotename)%00%(upstream:remoteref) refs/heads/main refs/remotes/main [3ms]
2024-01-26 14:39:51.705 [info] > git status -z -uall [3ms]
2024-01-26 14:42:50.704 [info] > git fetch [164ms]
2024-01-26 14:42:50.723 [info] > git config --get commit.template [7ms]
2024-01-26 14:42:50.724 [info] > git for-each-ref --format=%(refname)%00%(upstream:short)%00%(objectname)%00%(upstream:track)%00%(upstream:remotename)%00%(upstream:remoteref) refs/heads/main refs/remotes/main [2ms]
2024-01-26 14:42:50.735 [info] > git status -z -uall [4ms]
2024-01-26 14:42:51.904 [info] > git config --get commit.template [11ms]
2024-01-26 14:42:51.905 [info] > git for-each-ref --format=%(refname)%00%(upstream:short)%00%(objectname)%00%(upstream:track)%00%(upstream:remotename)%00%(upstream:remoteref) refs/heads/main refs/remotes/main [2ms]
2024-01-26 14:42:51.917 [info] > git status -z -uall [4ms]
2024-01-26 14:58:37.338 [info] > git rev-parse --show-toplevel [6ms]
2024-01-26 14:59:47.028 [info] > git fetch [148ms]
2024-01-26 14:59:47.050 [info] > git config --get commit.template [13ms]
2024-01-26 14:59:47.051 [info] > git for-each-ref --format=%(refname)%00%(upstream:short)%00%(objectname)%00%(upstream:track)%00%(upstream:remotename)%00%(upstream:remoteref) refs/heads/main refs/remotes/main [2ms]
2024-01-26 14:59:47.063 [info] > git status -z -uall [4ms]
2024-01-26 14:59:48.233 [info] > git config --get commit.template [11ms]
2024-01-26 14:59:48.234 [info] > git for-each-ref --format=%(refname)%00%(upstream:short)%00%(objectname)%00%(upstream:track)%00%(upstream:remotename)%00%(upstream:remoteref) refs/heads/main refs/remotes/main [2ms]
2024-01-26 14:59:48.248 [info] > git status -z -uall [5ms]
2024-01-26 16:37:02.532 [info] > git fetch [171ms]
2024-01-26 16:37:02.549 [info] > git config --get commit.template [7ms]
2024-01-26 16:37:02.551 [info] > git for-each-ref --format=%(refname)%00%(upstream:short)%00%(objectname)%00%(upstream:track)%00%(upstream:remotename)%00%(upstream:remoteref) refs/heads/main refs/remotes/main [2ms]
2024-01-26 16:37:02.563 [info] > git status -z -uall [4ms]
2024-01-26 16:37:03.722 [info] > git config --get commit.template [7ms]
2024-01-26 16:37:03.723 [info] > git for-each-ref --format=%(refname)%00%(upstream:short)%00%(objectname)%00%(upstream:track)%00%(upstream:remotename)%00%(upstream:remoteref) refs/heads/main refs/remotes/main [2ms]
2024-01-26 16:37:03.734 [info] > git status -z -uall [4ms]
2024-01-26 16:46:01.471 [info] > git fetch [164ms]
2024-01-26 16:46:01.487 [info] > git config --get commit.template [8ms]
2024-01-26 16:46:01.488 [info] > git for-each-ref --format=%(refname)%00%(upstream:short)%00%(objectname)%00%(upstream:track)%00%(upstream:remotename)%00%(upstream:remoteref) refs/heads/main refs/remotes/main [2ms]
2024-01-26 16:46:01.501 [info] > git status -z -uall [6ms]
2024-01-26 16:46:02.659 [info] > git config --get commit.template [7ms]
2024-01-26 16:46:02.660 [info] > git for-each-ref --format=%(refname)%00%(upstream:short)%00%(objectname)%00%(upstream:track)%00%(upstream:remotename)%00%(upstream:remoteref) refs/heads/main refs/remotes/main [2ms]
2024-01-26 16:46:02.671 [info] > git status -z -uall [4ms]
2024-01-26 16:50:34.317 [info] > git fetch [156ms]
2024-01-26 16:50:34.332 [info] > git config --get commit.template [7ms]
2024-01-26 16:50:34.334 [info] > git for-each-ref --format=%(refname)%00%(upstream:short)%00%(objectname)%00%(upstream:track)%00%(upstream:remotename)%00%(upstream:remoteref) refs/heads/main refs/remotes/main [2ms]
2024-01-26 16:50:34.346 [info] > git status -z -uall [4ms]
2024-01-26 16:50:35.546 [info] > git config --get commit.template [7ms]
2024-01-26 16:50:35.546 [info] > git for-each-ref --format=%(refname)%00%(upstream:short)%00%(objectname)%00%(upstream:track)%00%(upstream:remotename)%00%(upstream:remoteref) refs/heads/main refs/remotes/main [2ms]
2024-01-26 16:50:35.556 [info] > git status -z -uall [3ms]
2024-01-26 16:53:34.515 [info] > git fetch [155ms]
2024-01-26 16:53:34.535 [info] > git config --get commit.template [10ms]
2024-01-26 16:53:34.536 [info] > git for-each-ref --format=%(refname)%00%(upstream:short)%00%(objectname)%00%(upstream:track)%00%(upstream:remotename)%00%(upstream:remoteref) refs/heads/main refs/remotes/main [2ms]
2024-01-26 16:53:34.549 [info] > git status -z -uall [6ms]
2024-01-26 16:53:35.711 [info] > git config --get commit.template [8ms]
2024-01-26 16:53:35.711 [info] > git for-each-ref --format=%(refname)%00%(upstream:short)%00%(objectname)%00%(upstream:track)%00%(upstream:remotename)%00%(upstream:remoteref) refs/heads/main refs/remotes/main [2ms]
2024-01-26 16:53:35.724 [info] > git status -z -uall [5ms]
2024-01-26 16:56:34.737 [info] > git fetch [172ms]
2024-01-26 16:56:34.754 [info] > git config --get commit.template [8ms]
2024-01-26 16:56:34.755 [info] > git for-each-ref --format=%(refname)%00%(upstream:short)%00%(objectname)%00%(upstream:track)%00%(upstream:remotename)%00%(upstream:remoteref) refs/heads/main refs/remotes/main [2ms]
2024-01-26 16:56:34.768 [info] > git status -z -uall [4ms]
2024-01-26 16:56:35.929 [info] > git config --get commit.template [9ms]
2024-01-26 16:56:35.930 [info] > git for-each-ref --format=%(refname)%00%(upstream:short)%00%(objectname)%00%(upstream:track)%00%(upstream:remotename)%00%(upstream:remoteref) refs/heads/main refs/remotes/main [1ms]
2024-01-26 16:56:35.945 [info] > git status -z -uall [8ms]
2024-01-26 16:59:34.945 [info] > git fetch [159ms]
2024-01-26 16:59:34.962 [info] > git config --get commit.template [8ms]
2024-01-26 16:59:34.962 [info] > git for-each-ref --format=%(refname)%00%(upstream:short)%00%(objectname)%00%(upstream:track)%00%(upstream:remotename)%00%(upstream:remoteref) refs/heads/main refs/remotes/main [1ms]
2024-01-26 16:59:34.973 [info] > git status -z -uall [4ms]
2024-01-26 16:59:36.129 [info] > git config --get commit.template [8ms]
2024-01-26 16:59:36.130 [info] > git for-each-ref --format=%(refname)%00%(upstream:short)%00%(objectname)%00%(upstream:track)%00%(upstream:remotename)%00%(upstream:remoteref) refs/heads/main refs/remotes/main [3ms]
2024-01-26 16:59:36.141 [info] > git status -z -uall [4ms]
2024-01-26 17:04:22.719 [info] > git fetch [149ms]
2024-01-26 17:04:22.737 [info] > git config --get commit.template [10ms]
2024-01-26 17:04:22.738 [info] > git for-each-ref --format=%(refname)%00%(upstream:short)%00%(objectname)%00%(upstream:track)%00%(upstream:remotename)%00%(upstream:remoteref) refs/heads/main refs/remotes/main [2ms]
2024-01-26 17:04:22.751 [info] > git status -z -uall [4ms]
2024-01-26 17:04:23.906 [info] > git config --get commit.template [7ms]
2024-01-26 17:04:23.908 [info] > git for-each-ref --format=%(refname)%00%(upstream:short)%00%(objectname)%00%(upstream:track)%00%(upstream:remotename)%00%(upstream:remoteref) refs/heads/main refs/remotes/main [2ms]
2024-01-26 17:04:23.919 [info] > git status -z -uall [4ms]
2024-01-26 17:07:22.918 [info] > git fetch [148ms]
2024-01-26 17:07:22.936 [info] > git config --get commit.template [9ms]
2024-01-26 17:07:22.938 [info] > git for-each-ref --format=%(refname)%00%(upstream:short)%00%(objectname)%00%(upstream:track)%00%(upstream:remotename)%00%(upstream:remoteref) refs/heads/main refs/remotes/main [3ms]
2024-01-26 17:07:22.950 [info] > git status -z -uall [4ms]
2024-01-26 17:07:24.106 [info] > git config --get commit.template [9ms]
2024-01-26 17:07:24.107 [info] > git for-each-ref --format=%(refname)%00%(upstream:short)%00%(objectname)%00%(upstream:track)%00%(upstream:remotename)%00%(upstream:remoteref) refs/heads/main refs/remotes/main [2ms]
2024-01-26 17:07:24.119 [info] > git status -z -uall [4ms]
2024-01-26 17:13:48.384 [info] > git fetch [147ms]
2024-01-26 17:13:48.403 [info] > git config --get commit.template [11ms]
2024-01-26 17:13:48.405 [info] > git for-each-ref --format=%(refname)%00%(upstream:short)%00%(objectname)%00%(upstream:track)%00%(upstream:remotename)%00%(upstream:remoteref) refs/heads/main refs/remotes/main [3ms]
2024-01-26 17:13:48.418 [info] > git status -z -uall [5ms]
2024-01-26 17:13:49.584 [info] > git config --get commit.template [13ms]
2024-01-26 17:13:49.585 [info] > git for-each-ref --format=%(refname)%00%(upstream:short)%00%(objectname)%00%(upstream:track)%00%(upstream:remotename)%00%(upstream:remoteref) refs/heads/main refs/remotes/main [2ms]
2024-01-26 17:13:49.596 [info] > git status -z -uall [4ms]
2024-01-26 17:16:48.618 [info] > git fetch [181ms]
2024-01-26 17:16:48.637 [info] > git config --get commit.template [10ms]
2024-01-26 17:16:48.639 [info] > git for-each-ref --format=%(refname)%00%(upstream:short)%00%(objectname)%00%(upstream:track)%00%(upstream:remotename)%00%(upstream:remoteref) refs/heads/main refs/remotes/main [2ms]
2024-01-26 17:16:48.654 [info] > git status -z -uall [5ms]
2024-01-26 17:16:49.805 [info] > git config --get commit.template [1ms]
2024-01-26 17:16:49.816 [info] > git for-each-ref --format=%(refname)%00%(upstream:short)%00%(objectname)%00%(upstream:track)%00%(upstream:remotename)%00%(upstream:remoteref) refs/heads/main refs/remotes/main [3ms]
2024-01-26 17:16:49.828 [info] > git status -z -uall [4ms]
2024-01-26 17:20:14.857 [info] > git fetch [168ms]
2024-01-26 17:20:14.874 [info] > git config --get commit.template [8ms]
2024-01-26 17:20:14.876 [info] > git for-each-ref --format=%(refname)%00%(upstream:short)%00%(objectname)%00%(upstream:track)%00%(upstream:remotename)%00%(upstream:remoteref) refs/heads/main refs/remotes/main [2ms]
2024-01-26 17:20:14.888 [info] > git status -z -uall [4ms]
2024-01-26 17:20:16.042 [info] > git config --get commit.template [9ms]
2024-01-26 17:20:16.043 [info] > git for-each-ref --format=%(refname)%00%(upstream:short)%00%(objectname)%00%(upstream:track)%00%(upstream:remotename)%00%(upstream:remoteref) refs/heads/main refs/remotes/main [2ms]
2024-01-26 17:20:16.058 [info] > git status -z -uall [7ms]
2024-01-26 17:23:15.062 [info] > git fetch [156ms]
2024-01-26 17:23:15.079 [info] > git config --get commit.template [8ms]
2024-01-26 17:23:15.080 [info] > git for-each-ref --format=%(refname)%00%(upstream:short)%00%(objectname)%00%(upstream:track)%00%(upstream:remotename)%00%(upstream:remoteref) refs/heads/main refs/remotes/main [2ms]
2024-01-26 17:23:15.095 [info] > git status -z -uall [8ms]
2024-01-26 17:23:16.255 [info] > git config --get commit.template [10ms]
2024-01-26 17:23:16.255 [info] > git for-each-ref --format=%(refname)%00%(upstream:short)%00%(objectname)%00%(upstream:track)%00%(upstream:remotename)%00%(upstream:remoteref) refs/heads/main refs/remotes/main [2ms]
2024-01-26 17:23:16.268 [info] > git status -z -uall [4ms]
2024-01-26 17:35:32.129 [info] > git fetch [159ms]
2024-01-26 17:35:32.140 [info] > git config --get commit.template [2ms]
2024-01-26 17:35:32.149 [info] > git for-each-ref --format=%(refname)%00%(upstream:short)%00%(objectname)%00%(upstream:track)%00%(upstream:remotename)%00%(upstream:remoteref) refs/heads/main refs/remotes/main [2ms]
2024-01-26 17:35:32.167 [info] > git status -z -uall [4ms]
2024-01-26 17:35:33.320 [info] > git config --get commit.template [9ms]
2024-01-26 17:35:33.321 [info] > git for-each-ref --format=%(refname)%00%(upstream:short)%00%(objectname)%00%(upstream:track)%00%(upstream:remotename)%00%(upstream:remoteref) refs/heads/main refs/remotes/main [2ms]
2024-01-26 17:35:33.334 [info] > git status -z -uall [5ms]
2024-01-26 17:38:51.051 [info] > git fetch [172ms]
2024-01-26 17:38:51.068 [info] > git config --get commit.template [8ms]
2024-01-26 17:38:51.069 [info] > git for-each-ref --format=%(refname)%00%(upstream:short)%00%(objectname)%00%(upstream:track)%00%(upstream:remotename)%00%(upstream:remoteref) refs/heads/main refs/remotes/main [2ms]
2024-01-26 17:38:51.080 [info] > git status -z -uall [4ms]
2024-01-26 17:38:52.238 [info] > git config --get commit.template [9ms]
2024-01-26 17:38:52.239 [info] > git for-each-ref --format=%(refname)%00%(upstream:short)%00%(objectname)%00%(upstream:track)%00%(upstream:remotename)%00%(upstream:remoteref) refs/heads/main refs/remotes/main [2ms]
2024-01-26 17:38:52.253 [info] > git status -z -uall [4ms]
2024-01-26 17:42:25.896 [info] > git fetch [165ms]
2024-01-26 17:42:25.914 [info] > git config --get commit.template [9ms]
2024-01-26 17:42:25.915 [info] > git for-each-ref --format=%(refname)%00%(upstream:short)%00%(objectname)%00%(upstream:track)%00%(upstream:remotename)%00%(upstream:remoteref) refs/heads/main refs/remotes/main [2ms]
2024-01-26 17:42:25.930 [info] > git status -z -uall [4ms]
2024-01-26 17:42:27.084 [info] > git config --get commit.template [8ms]
2024-01-26 17:42:27.086 [info] > git for-each-ref --format=%(refname)%00%(upstream:short)%00%(objectname)%00%(upstream:track)%00%(upstream:remotename)%00%(upstream:remoteref) refs/heads/main refs/remotes/main [3ms]
2024-01-26 17:42:27.099 [info] > git status -z -uall [5ms]
2024-01-26 17:45:26.146 [info] > git fetch [197ms]
2024-01-26 17:45:26.164 [info] > git config --get commit.template [8ms]
2024-01-26 17:45:26.165 [info] > git for-each-ref --format=%(refname)%00%(upstream:short)%00%(objectname)%00%(upstream:track)%00%(upstream:remotename)%00%(upstream:remoteref) refs/heads/main refs/remotes/main [2ms]
2024-01-26 17:45:26.176 [info] > git status -z -uall [4ms]
2024-01-26 17:45:27.333 [info] > git config --get commit.template [8ms]
2024-01-26 17:45:27.334 [info] > git for-each-ref --format=%(refname)%00%(upstream:short)%00%(objectname)%00%(upstream:track)%00%(upstream:remotename)%00%(upstream:remoteref) refs/heads/main refs/remotes/main [2ms]
2024-01-26 17:45:27.347 [info] > git status -z -uall [6ms]
2024-01-26 17:48:26.367 [info] > git fetch [173ms]
2024-01-26 17:48:26.384 [info] > git config --get commit.template [7ms]
2024-01-26 17:48:26.386 [info] > git for-each-ref --format=%(refname)%00%(upstream:short)%00%(objectname)%00%(upstream:track)%00%(upstream:remotename)%00%(upstream:remoteref) refs/heads/main refs/remotes/main [2ms]
2024-01-26 17:48:26.396 [info] > git status -z -uall [4ms]
2024-01-26 17:48:27.555 [info] > git config --get commit.template [8ms]
2024-01-26 17:48:27.556 [info] > git for-each-ref --format=%(refname)%00%(upstream:short)%00%(objectname)%00%(upstream:track)%00%(upstream:remotename)%00%(upstream:remoteref) refs/heads/main refs/remotes/main [2ms]
2024-01-26 17:48:27.567 [info] > git status -z -uall [5ms]
2024-01-26 17:51:26.563 [info] > git fetch [151ms]
2024-01-26 17:51:26.581 [info] > git config --get commit.template [8ms]
2024-01-26 17:51:26.582 [info] > git for-each-ref --format=%(refname)%00%(upstream:short)%00%(objectname)%00%(upstream:track)%00%(upstream:remotename)%00%(upstream:remoteref) refs/heads/main refs/remotes/main [3ms]
2024-01-26 17:51:26.593 [info] > git status -z -uall [4ms]
2024-01-26 17:51:27.747 [info] > git config --get commit.template [10ms]
2024-01-26 17:51:27.748 [info] > git for-each-ref --format=%(refname)%00%(upstream:short)%00%(objectname)%00%(upstream:track)%00%(upstream:remotename)%00%(upstream:remoteref) refs/heads/main refs/remotes/main [2ms]
2024-01-26 17:51:27.760 [info] > git status -z -uall [5ms]
2024-01-26 17:54:26.767 [info] > git fetch [154ms]
2024-01-26 17:54:26.777 [info] > git config --get commit.template [1ms]
2024-01-26 17:54:26.786 [info] > git for-each-ref --format=%(refname)%00%(upstream:short)%00%(objectname)%00%(upstream:track)%00%(upstream:remotename)%00%(upstream:remoteref) refs/heads/main refs/remotes/main [2ms]
2024-01-26 17:54:26.801 [info] > git status -z -uall [4ms]
2024-01-26 17:54:27.955 [info] > git config --get commit.template [8ms]
2024-01-26 17:54:27.956 [info] > git for-each-ref --format=%(refname)%00%(upstream:short)%00%(objectname)%00%(upstream:track)%00%(upstream:remotename)%00%(upstream:remoteref) refs/heads/main refs/remotes/main [2ms]
2024-01-26 17:54:27.966 [info] > git status -z -uall [4ms]
2024-01-26 17:57:26.967 [info] > git fetch [149ms]
2024-01-26 17:57:26.989 [info] > git config --get commit.template [10ms]
2024-01-26 17:57:26.993 [info] > git for-each-ref --format=%(refname)%00%(upstream:short)%00%(objectname)%00%(upstream:track)%00%(upstream:remotename)%00%(upstream:remoteref) refs/heads/main refs/remotes/main [5ms]
2024-01-26 17:57:27.007 [info] > git status -z -uall [4ms]
2024-01-26 17:57:28.192 [info] > git config --get commit.template [9ms]
2024-01-26 17:57:28.193 [info] > git for-each-ref --format=%(refname)%00%(upstream:short)%00%(objectname)%00%(upstream:track)%00%(upstream:remotename)%00%(upstream:remoteref) refs/heads/main refs/remotes/main [1ms]
2024-01-26 17:57:28.204 [info] > git status -z -uall [5ms]
2024-01-26 18:02:44.463 [info] > git fetch [141ms]
2024-01-26 18:02:44.481 [info] > git config --get commit.template [9ms]
2024-01-26 18:02:44.482 [info] > git for-each-ref --format=%(refname)%00%(upstream:short)%00%(objectname)%00%(upstream:track)%00%(upstream:remotename)%00%(upstream:remoteref) refs/heads/main refs/remotes/main [2ms]
2024-01-26 18:02:44.497 [info] > git status -z -uall [5ms]
2024-01-26 18:02:45.654 [info] > git config --get commit.template [10ms]
2024-01-26 18:02:45.655 [info] > git for-each-ref --format=%(refname)%00%(upstream:short)%00%(objectname)%00%(upstream:track)%00%(upstream:remotename)%00%(upstream:remoteref) refs/heads/main refs/remotes/main [2ms]
2024-01-26 18:02:45.669 [info] > git status -z -uall [4ms]
2024-01-26 18:05:44.672 [info] > git fetch [156ms]
2024-01-26 18:05:44.685 [info] > git config --get commit.template [2ms]
2024-01-26 18:05:44.699 [info] > git for-each-ref --format=%(refname)%00%(upstream:short)%00%(objectname)%00%(upstream:track)%00%(upstream:remotename)%00%(upstream:remoteref) refs/heads/main refs/remotes/main [3ms]
2024-01-26 18:05:44.715 [info] > git status -z -uall [6ms]
2024-01-26 18:05:45.871 [info] > git config --get commit.template [8ms]
2024-01-26 18:05:45.872 [info] > git for-each-ref --format=%(refname)%00%(upstream:short)%00%(objectname)%00%(upstream:track)%00%(upstream:remotename)%00%(upstream:remoteref) refs/heads/main refs/remotes/main [2ms]
2024-01-26 18:05:45.884 [info] > git status -z -uall [5ms]
2024-01-26 18:08:44.896 [info] > git fetch [166ms]
2024-01-26 18:08:44.917 [info] > git config --get commit.template [11ms]
2024-01-26 18:08:44.918 [info] > git for-each-ref --format=%(refname)%00%(upstream:short)%00%(objectname)%00%(upstream:track)%00%(upstream:remotename)%00%(upstream:remoteref) refs/heads/main refs/remotes/main [2ms]
2024-01-26 18:08:44.932 [info] > git status -z -uall [6ms]
2024-01-26 18:08:46.088 [info] > git config --get commit.template [9ms]
2024-01-26 18:08:46.089 [info] > git for-each-ref --format=%(refname)%00%(upstream:short)%00%(objectname)%00%(upstream:track)%00%(upstream:remotename)%00%(upstream:remoteref) refs/heads/main refs/remotes/main [3ms]
2024-01-26 18:08:46.101 [info] > git status -z -uall [4ms]
2024-01-26 18:12:01.297 [info] > git fetch [161ms]
2024-01-26 18:12:01.316 [info] > git config --get commit.template [9ms]
2024-01-26 18:12:01.317 [info] > git for-each-ref --format=%(refname)%00%(upstream:short)%00%(objectname)%00%(upstream:track)%00%(upstream:remotename)%00%(upstream:remoteref) refs/heads/main refs/remotes/main [3ms]
2024-01-26 18:12:01.331 [info] > git status -z -uall [4ms]
2024-01-26 18:12:02.487 [info] > git config --get commit.template [8ms]
2024-01-26 18:12:02.487 [info] > git for-each-ref --format=%(refname)%00%(upstream:short)%00%(objectname)%00%(upstream:track)%00%(upstream:remotename)%00%(upstream:remoteref) refs/heads/main refs/remotes/main [2ms]
2024-01-26 18:12:02.498 [info] > git status -z -uall [4ms]
2024-01-26 18:16:44.581 [info] > git fetch [162ms]
2024-01-26 18:16:44.598 [info] > git config --get commit.template [9ms]
2024-01-26 18:16:44.600 [info] > git for-each-ref --format=%(refname)%00%(upstream:short)%00%(objectname)%00%(upstream:track)%00%(upstream:remotename)%00%(upstream:remoteref) refs/heads/main refs/remotes/main [3ms]
2024-01-26 18:16:44.617 [info] > git status -z -uall [5ms]
2024-01-26 18:16:45.771 [info] > git config --get commit.template [8ms]
2024-01-26 18:16:45.772 [info] > git for-each-ref --format=%(refname)%00%(upstream:short)%00%(objectname)%00%(upstream:track)%00%(upstream:remotename)%00%(upstream:remoteref) refs/heads/main refs/remotes/main [2ms]
2024-01-26 18:16:45.783 [info] > git status -z -uall [4ms]
2024-01-26 18:19:44.785 [info] > git fetch [152ms]
2024-01-26 18:19:44.801 [info] > git config --get commit.template [7ms]
2024-01-26 18:19:44.802 [info] > git for-each-ref --format=%(refname)%00%(upstream:short)%00%(objectname)%00%(upstream:track)%00%(upstream:remotename)%00%(upstream:remoteref) refs/heads/main refs/remotes/main [1ms]
2024-01-26 18:19:44.813 [info] > git status -z -uall [4ms]
2024-01-26 18:19:45.971 [info] > git config --get commit.template [8ms]
2024-01-26 18:19:45.972 [info] > git for-each-ref --format=%(refname)%00%(upstream:short)%00%(objectname)%00%(upstream:track)%00%(upstream:remotename)%00%(upstream:remoteref) refs/heads/main refs/remotes/main [2ms]
2024-01-26 18:19:45.983 [info] > git status -z -uall [4ms]
2024-01-26 18:22:44.972 [info] > git fetch [142ms]
2024-01-26 18:22:44.989 [info] > git config --get commit.template [8ms]
2024-01-26 18:22:44.990 [info] > git for-each-ref --format=%(refname)%00%(upstream:short)%00%(objectname)%00%(upstream:track)%00%(upstream:remotename)%00%(upstream:remoteref) refs/heads/main refs/remotes/main [2ms]
2024-01-26 18:22:45.002 [info] > git status -z -uall [4ms]
2024-01-26 18:22:46.148 [info] > git config --get commit.template [2ms]
2024-01-26 18:22:46.157 [info] > git for-each-ref --format=%(refname)%00%(upstream:short)%00%(objectname)%00%(upstream:track)%00%(upstream:remotename)%00%(upstream:remoteref) refs/heads/main refs/remotes/main [2ms]
2024-01-26 18:22:46.169 [info] > git status -z -uall [3ms]
2024-01-26 18:26:04.535 [info] > git fetch [154ms]
2024-01-26 18:26:04.552 [info] > git config --get commit.template [8ms]
2024-01-26 18:26:04.552 [info] > git for-each-ref --format=%(refname)%00%(upstream:short)%00%(objectname)%00%(upstream:track)%00%(upstream:remotename)%00%(upstream:remoteref) refs/heads/main refs/remotes/main [3ms]
2024-01-26 18:26:04.563 [info] > git status -z -uall [4ms]
2024-01-26 18:26:05.722 [info] > git config --get commit.template [8ms]
2024-01-26 18:26:05.723 [info] > git for-each-ref --format=%(refname)%00%(upstream:short)%00%(objectname)%00%(upstream:track)%00%(upstream:remotename)%00%(upstream:remoteref) refs/heads/main refs/remotes/main [2ms]
2024-01-26 18:26:05.736 [info] > git status -z -uall [4ms]
2024-01-26 18:29:04.728 [info] > git fetch [148ms]
2024-01-26 18:29:04.745 [info] > git config --get commit.template [8ms]
2024-01-26 18:29:04.746 [info] > git for-each-ref --format=%(refname)%00%(upstream:short)%00%(objectname)%00%(upstream:track)%00%(upstream:remotename)%00%(upstream:remoteref) refs/heads/main refs/remotes/main [2ms]
2024-01-26 18:29:04.757 [info] > git status -z -uall [3ms]
2024-01-26 18:29:05.913 [info] > git config --get commit.template [10ms]
2024-01-26 18:29:05.914 [info] > git for-each-ref --format=%(refname)%00%(upstream:short)%00%(objectname)%00%(upstream:track)%00%(upstream:remotename)%00%(upstream:remoteref) refs/heads/main refs/remotes/main [1ms]
2024-01-26 18:29:05.925 [info] > git status -z -uall [4ms]
2024-01-26 18:32:04.924 [info] > git fetch [151ms]
2024-01-26 18:32:04.942 [info] > git config --get commit.template [7ms]
2024-01-26 18:32:04.942 [info] > git for-each-ref --format=%(refname)%00%(upstream:short)%00%(objectname)%00%(upstream:track)%00%(upstream:remotename)%00%(upstream:remoteref) refs/heads/main refs/remotes/main [2ms]
2024-01-26 18:32:04.953 [info] > git status -z -uall [4ms]
2024-01-26 18:32:06.117 [info] > git config --get commit.template [7ms]
2024-01-26 18:32:06.117 [info] > git for-each-ref --format=%(refname)%00%(upstream:short)%00%(objectname)%00%(upstream:track)%00%(upstream:remotename)%00%(upstream:remoteref) refs/heads/main refs/remotes/main [1ms]
2024-01-26 18:32:06.129 [info] > git status -z -uall [4ms]
2024-01-26 18:35:05.141 [info] > git fetch [171ms]
2024-01-26 18:35:05.163 [info] > git config --get commit.template [10ms]
2024-01-26 18:35:05.163 [info] > git for-each-ref --format=%(refname)%00%(upstream:short)%00%(objectname)%00%(upstream:track)%00%(upstream:remotename)%00%(upstream:remoteref) refs/heads/main refs/remotes/main [4ms]
2024-01-26 18:35:05.177 [info] > git status -z -uall [4ms]
2024-01-26 18:35:06.334 [info] > git config --get commit.template [8ms]
2024-01-26 18:35:06.335 [info] > git for-each-ref --format=%(refname)%00%(upstream:short)%00%(objectname)%00%(upstream:track)%00%(upstream:remotename)%00%(upstream:remoteref) refs/heads/main refs/remotes/main [2ms]
2024-01-26 18:35:06.349 [info] > git status -z -uall [4ms]
2024-01-26 18:38:05.357 [info] > git fetch [160ms]
2024-01-26 18:38:05.375 [info] > git config --get commit.template [8ms]
2024-01-26 18:38:05.376 [info] > git for-each-ref --format=%(refname)%00%(upstream:short)%00%(objectname)%00%(upstream:track)%00%(upstream:remotename)%00%(upstream:remoteref) refs/heads/main refs/remotes/main [2ms]
2024-01-26 18:38:05.387 [info] > git status -z -uall [4ms]
2024-01-26 18:38:06.541 [info] > git config --get commit.template [9ms]
2024-01-26 18:38:06.542 [info] > git for-each-ref --format=%(refname)%00%(upstream:short)%00%(objectname)%00%(upstream:track)%00%(upstream:remotename)%00%(upstream:remoteref) refs/heads/main refs/remotes/main [2ms]
2024-01-26 18:38:06.555 [info] > git status -z -uall [5ms]
2024-01-26 18:41:53.011 [info] > git fetch [151ms]
2024-01-26 18:41:53.025 [info] > git config --get commit.template [2ms]
2024-01-26 18:41:53.037 [info] > git for-each-ref --format=%(refname)%00%(upstream:short)%00%(objectname)%00%(upstream:track)%00%(upstream:remotename)%00%(upstream:remoteref) refs/heads/main refs/remotes/main [2ms]
2024-01-26 18:41:53.048 [info] > git status -z -uall [4ms]
2024-01-26 18:41:54.205 [info] > git config --get commit.template [9ms]
2024-01-26 18:41:54.205 [info] > git for-each-ref --format=%(refname)%00%(upstream:short)%00%(objectname)%00%(upstream:track)%00%(upstream:remotename)%00%(upstream:remoteref) refs/heads/main refs/remotes/main [1ms]
2024-01-26 18:41:54.218 [info] > git status -z -uall [4ms]
2024-01-26 18:44:53.234 [info] > git fetch [168ms]
2024-01-26 18:44:53.253 [info] > git config --get commit.template [9ms]
2024-01-26 18:44:53.255 [info] > git for-each-ref --format=%(refname)%00%(upstream:short)%00%(objectname)%00%(upstream:track)%00%(upstream:remotename)%00%(upstream:remoteref) refs/heads/main refs/remotes/main [3ms]
2024-01-26 18:44:53.269 [info] > git status -z -uall [4ms]
2024-01-26 18:44:54.435 [info] > git config --get commit.template [11ms]
2024-01-26 18:44:54.437 [info] > git for-each-ref --format=%(refname)%00%(upstream:short)%00%(objectname)%00%(upstream:track)%00%(upstream:remotename)%00%(upstream:remoteref) refs/heads/main refs/remotes/main [4ms]
2024-01-26 18:44:54.449 [info] > git status -z -uall [4ms]
2024-01-26 18:47:53.429 [info] > git fetch [145ms]
2024-01-26 18:47:53.444 [info] > git config --get commit.template [7ms]
2024-01-26 18:47:53.446 [info] > git for-each-ref --format=%(refname)%00%(upstream:short)%00%(objectname)%00%(upstream:track)%00%(upstream:remotename)%00%(upstream:remoteref) refs/heads/main refs/remotes/main [3ms]
2024-01-26 18:47:53.460 [info] > git status -z -uall [5ms]
2024-01-26 18:47:54.612 [info] > git config --get commit.template [8ms]
2024-01-26 18:47:54.613 [info] > git for-each-ref --format=%(refname)%00%(upstream:short)%00%(objectname)%00%(upstream:track)%00%(upstream:remotename)%00%(upstream:remoteref) refs/heads/main refs/remotes/main [2ms]
2024-01-26 18:47:54.625 [info] > git status -z -uall [4ms]
2024-01-26 18:50:53.636 [info] > git fetch [162ms]
2024-01-26 18:50:53.656 [info] > git config --get commit.template [10ms]
2024-01-26 18:50:53.657 [info] > git for-each-ref --format=%(refname)%00%(upstream:short)%00%(objectname)%00%(upstream:track)%00%(upstream:remotename)%00%(upstream:remoteref) refs/heads/main refs/remotes/main [2ms]
2024-01-26 18:50:53.671 [info] > git status -z -uall [6ms]
2024-01-26 18:50:54.823 [info] > git config --get commit.template [8ms]
2024-01-26 18:50:54.825 [info] > git for-each-ref --format=%(refname)%00%(upstream:short)%00%(objectname)%00%(upstream:track)%00%(upstream:remotename)%00%(upstream:remoteref) refs/heads/main refs/remotes/main [3ms]
2024-01-26 18:50:54.835 [info] > git status -z -uall [4ms]
2024-01-26 18:53:53.845 [info] > git fetch [158ms]
2024-01-26 18:53:53.861 [info] > git config --get commit.template [7ms]
2024-01-26 18:53:53.862 [info] > git for-each-ref --format=%(refname)%00%(upstream:short)%00%(objectname)%00%(upstream:track)%00%(upstream:remotename)%00%(upstream:remoteref) refs/heads/main refs/remotes/main [3ms]
2024-01-26 18:53:53.877 [info] > git status -z -uall [5ms]
2024-01-26 18:53:55.033 [info] > git config --get commit.template [8ms]
2024-01-26 18:53:55.034 [info] > git for-each-ref --format=%(refname)%00%(upstream:short)%00%(objectname)%00%(upstream:track)%00%(upstream:remotename)%00%(upstream:remoteref) refs/heads/main refs/remotes/main [1ms]
2024-01-26 18:53:55.046 [info] > git status -z -uall [4ms]
2024-01-26 18:56:54.051 [info] > git fetch [157ms]
2024-01-26 18:56:54.068 [info] > git config --get commit.template [9ms]
2024-01-26 18:56:54.071 [info] > git for-each-ref --format=%(refname)%00%(upstream:short)%00%(objectname)%00%(upstream:track)%00%(upstream:remotename)%00%(upstream:remoteref) refs/heads/main refs/remotes/main [4ms]
2024-01-26 18:56:54.082 [info] > git status -z -uall [4ms]
2024-01-26 18:56:55.240 [info] > git config --get commit.template [8ms]
2024-01-26 18:56:55.241 [info] > git for-each-ref --format=%(refname)%00%(upstream:short)%00%(objectname)%00%(upstream:track)%00%(upstream:remotename)%00%(upstream:remoteref) refs/heads/main refs/remotes/main [2ms]
2024-01-26 18:56:55.252 [info] > git status -z -uall [4ms]
2024-01-26 18:59:54.305 [info] > git fetch [206ms]
2024-01-26 18:59:54.320 [info] > git config --get commit.template [1ms]
2024-01-26 18:59:54.352 [info] > git for-each-ref --format=%(refname)%00%(upstream:short)%00%(objectname)%00%(upstream:track)%00%(upstream:remotename)%00%(upstream:remoteref) refs/heads/main refs/remotes/main [2ms]
2024-01-26 18:59:54.380 [info] > git status -z -uall [4ms]
2024-01-26 18:59:55.486 [info] > git config --get commit.template [10ms]
2024-01-26 18:59:55.487 [info] > git for-each-ref --format=%(refname)%00%(upstream:short)%00%(objectname)%00%(upstream:track)%00%(upstream:remotename)%00%(upstream:remoteref) refs/heads/main refs/remotes/main [3ms]
2024-01-26 18:59:55.499 [info] > git status -z -uall [5ms]
2024-01-26 19:03:20.971 [info] > git fetch [165ms]
2024-01-26 19:03:20.990 [info] > git config --get commit.template [8ms]
2024-01-26 19:03:20.991 [info] > git for-each-ref --format=%(refname)%00%(upstream:short)%00%(objectname)%00%(upstream:track)%00%(upstream:remotename)%00%(upstream:remoteref) refs/heads/main refs/remotes/main [2ms]
2024-01-26 19:03:21.004 [info] > git status -z -uall [4ms]
2024-01-26 19:03:22.157 [info] > git config --get commit.template [8ms]
2024-01-26 19:03:22.157 [info] > git for-each-ref --format=%(refname)%00%(upstream:short)%00%(objectname)%00%(upstream:track)%00%(upstream:remotename)%00%(upstream:remoteref) refs/heads/main refs/remotes/main [2ms]
2024-01-26 19:03:22.169 [info] > git status -z -uall [4ms]
2024-01-26 19:30:12.339 [info] > git fetch [170ms]
2024-01-26 19:30:12.356 [info] > git config --get commit.template [8ms]
2024-01-26 19:30:12.357 [info] > git for-each-ref --format=%(refname)%00%(upstream:short)%00%(objectname)%00%(upstream:track)%00%(upstream:remotename)%00%(upstream:remoteref) refs/heads/main refs/remotes/main [2ms]
2024-01-26 19:30:12.368 [info] > git status -z -uall [4ms]
2024-01-26 19:30:12.863 [info] > git rev-parse --show-toplevel [4ms]
2024-01-26 19:30:14.006 [info] > git config --get commit.template [8ms]
2024-01-26 19:30:14.007 [info] > git for-each-ref --format=%(refname)%00%(upstream:short)%00%(objectname)%00%(upstream:track)%00%(upstream:remotename)%00%(upstream:remoteref) refs/heads/main refs/remotes/main [2ms]
2024-01-26 19:30:14.021 [info] > git status -z -uall [5ms]
2024-01-26 19:35:06.542 [info] > git fetch [149ms]
2024-01-26 19:35:06.559 [info] > git config --get commit.template [7ms]
2024-01-26 19:35:06.560 [info] > git for-each-ref --format=%(refname)%00%(upstream:short)%00%(objectname)%00%(upstream:track)%00%(upstream:remotename)%00%(upstream:remoteref) refs/heads/main refs/remotes/main [2ms]
2024-01-26 19:35:06.571 [info] > git status -z -uall [4ms]
2024-01-26 19:35:07.732 [info] > git config --get commit.template [8ms]
2024-01-26 19:35:07.733 [info] > git for-each-ref --format=%(refname)%00%(upstream:short)%00%(objectname)%00%(upstream:track)%00%(upstream:remotename)%00%(upstream:remoteref) refs/heads/main refs/remotes/main [2ms]
2024-01-26 19:35:07.745 [info] > git status -z -uall [4ms]
2024-01-26 19:38:08.725 [info] > git fetch [179ms]
2024-01-26 19:38:08.744 [info] > git config --get commit.template [8ms]
2024-01-26 19:38:08.745 [info] > git for-each-ref --format=%(refname)%00%(upstream:short)%00%(objectname)%00%(upstream:track)%00%(upstream:remotename)%00%(upstream:remoteref) refs/heads/main refs/remotes/main [2ms]
2024-01-26 19:38:08.761 [info] > git status -z -uall [5ms]
2024-01-26 19:38:09.923 [info] > git config --get commit.template [8ms]
2024-01-26 19:38:09.924 [info] > git for-each-ref --format=%(refname)%00%(upstream:short)%00%(objectname)%00%(upstream:track)%00%(upstream:remotename)%00%(upstream:remoteref) refs/heads/main refs/remotes/main [2ms]
2024-01-26 19:38:09.937 [info] > git status -z -uall [4ms]
2024-01-26 19:41:08.925 [info] > git fetch [145ms]
2024-01-26 19:41:08.941 [info] > git config --get commit.template [8ms]
2024-01-26 19:41:08.942 [info] > git for-each-ref --format=%(refname)%00%(upstream:short)%00%(objectname)%00%(upstream:track)%00%(upstream:remotename)%00%(upstream:remoteref) refs/heads/main refs/remotes/main [2ms]
2024-01-26 19:41:08.954 [info] > git status -z -uall [4ms]
2024-01-26 19:41:10.113 [info] > git config --get commit.template [8ms]
2024-01-26 19:41:10.114 [info] > git for-each-ref --format=%(refname)%00%(upstream:short)%00%(objectname)%00%(upstream:track)%00%(upstream:remotename)%00%(upstream:remoteref) refs/heads/main refs/remotes/main [2ms]
2024-01-26 19:41:10.125 [info] > git status -z -uall [4ms]
2024-01-26 19:44:09.114 [info] > git fetch [145ms]
2024-01-26 19:44:09.135 [info] > git config --get commit.template [9ms]
2024-01-26 19:44:09.135 [info] > git for-each-ref --format=%(refname)%00%(upstream:short)%00%(objectname)%00%(upstream:track)%00%(upstream:remotename)%00%(upstream:remoteref) refs/heads/main refs/remotes/main [3ms]
2024-01-26 19:44:09.146 [info] > git status -z -uall [4ms]
2024-01-26 19:44:10.309 [info] > git config --get commit.template [9ms]
2024-01-26 19:44:10.311 [info] > git for-each-ref --format=%(refname)%00%(upstream:short)%00%(objectname)%00%(upstream:track)%00%(upstream:remotename)%00%(upstream:remoteref) refs/heads/main refs/remotes/main [3ms]
2024-01-26 19:44:10.324 [info] > git status -z -uall [4ms]
2024-01-26 19:48:38.889 [info] > git fetch [145ms]
2024-01-26 19:48:38.908 [info] > git config --get commit.template [9ms]
2024-01-26 19:48:38.909 [info] > git for-each-ref --format=%(refname)%00%(upstream:short)%00%(objectname)%00%(upstream:track)%00%(upstream:remotename)%00%(upstream:remoteref) refs/heads/main refs/remotes/main [3ms]
2024-01-26 19:48:38.921 [info] > git status -z -uall [4ms]
2024-01-26 19:48:40.079 [info] > git config --get commit.template [10ms]
2024-01-26 19:48:40.080 [info] > git for-each-ref --format=%(refname)%00%(upstream:short)%00%(objectname)%00%(upstream:track)%00%(upstream:remotename)%00%(upstream:remoteref) refs/heads/main refs/remotes/main [2ms]
2024-01-26 19:48:40.099 [info] > git status -z -uall [4ms]
2024-01-26 19:57:17.025 [info] > git fetch [151ms]
2024-01-26 19:57:17.049 [info] > git config --get commit.template [13ms]
2024-01-26 19:57:17.050 [info] > git for-each-ref --format=%(refname)%00%(upstream:short)%00%(objectname)%00%(upstream:track)%00%(upstream:remotename)%00%(upstream:remoteref) refs/heads/main refs/remotes/main [2ms]
2024-01-26 19:57:17.066 [info] > git status -z -uall [4ms]
2024-01-26 19:57:18.239 [info] > git config --get commit.template [8ms]
2024-01-26 19:57:18.240 [info] > git for-each-ref --format=%(refname)%00%(upstream:short)%00%(objectname)%00%(upstream:track)%00%(upstream:remotename)%00%(upstream:remoteref) refs/heads/main refs/remotes/main [2ms]
2024-01-26 19:57:18.255 [info] > git status -z -uall [6ms]
2024-01-26 20:03:47.109 [info] > git fetch [138ms]
2024-01-26 20:03:47.125 [info] > git config --get commit.template [7ms]
2024-01-26 20:03:47.126 [info] > git for-each-ref --format=%(refname)%00%(upstream:short)%00%(objectname)%00%(upstream:track)%00%(upstream:remotename)%00%(upstream:remoteref) refs/heads/main refs/remotes/main [2ms]
2024-01-26 20:03:47.138 [info] > git status -z -uall [5ms]
2024-01-26 20:03:48.294 [info] > git config --get commit.template [9ms]
2024-01-26 20:03:48.295 [info] > git for-each-ref --format=%(refname)%00%(upstream:short)%00%(objectname)%00%(upstream:track)%00%(upstream:remotename)%00%(upstream:remoteref) refs/heads/main refs/remotes/main [2ms]
2024-01-26 20:03:48.307 [info] > git status -z -uall [4ms]
2024-01-26 20:11:06.258 [info] > git fetch [159ms]
2024-01-26 20:11:06.278 [info] > git config --get commit.template [9ms]
2024-01-26 20:11:06.280 [info] > git for-each-ref --format=%(refname)%00%(upstream:short)%00%(objectname)%00%(upstream:track)%00%(upstream:remotename)%00%(upstream:remoteref) refs/heads/main refs/remotes/main [4ms]
2024-01-26 20:11:06.294 [info] > git status -z -uall [6ms]
2024-01-26 20:11:07.493 [info] > git config --get commit.template [9ms]
2024-01-26 20:11:07.495 [info] > git for-each-ref --format=%(refname)%00%(upstream:short)%00%(objectname)%00%(upstream:track)%00%(upstream:remotename)%00%(upstream:remoteref) refs/heads/main refs/remotes/main [4ms]
2024-01-26 20:11:07.510 [info] > git status -z -uall [5ms]
2024-01-26 20:23:22.395 [info] > git fetch [158ms]
2024-01-26 20:23:22.413 [info] > git config --get commit.template [8ms]
2024-01-26 20:23:22.417 [info] > git for-each-ref --format=%(refname)%00%(upstream:short)%00%(objectname)%00%(upstream:track)%00%(upstream:remotename)%00%(upstream:remoteref) refs/heads/main refs/remotes/main [4ms]
2024-01-26 20:23:22.429 [info] > git status -z -uall [4ms]
2024-01-26 20:23:23.719 [info] > git config --get commit.template [8ms]
2024-01-26 20:23:23.721 [info] > git for-each-ref --format=%(refname)%00%(upstream:short)%00%(objectname)%00%(upstream:track)%00%(upstream:remotename)%00%(upstream:remoteref) refs/heads/main refs/remotes/main [2ms]
2024-01-26 20:23:23.734 [info] > git status -z -uall [5ms]
2024-01-26 20:26:22.584 [info] > git fetch [138ms]
2024-01-26 20:26:22.602 [info] > git config --get commit.template [9ms]
2024-01-26 20:26:22.603 [info] > git for-each-ref --format=%(refname)%00%(upstream:short)%00%(objectname)%00%(upstream:track)%00%(upstream:remotename)%00%(upstream:remoteref) refs/heads/main refs/remotes/main [2ms]
2024-01-26 20:26:22.616 [info] > git status -z -uall [5ms]
2024-01-26 20:26:23.775 [info] > git config --get commit.template [9ms]
2024-01-26 20:26:23.776 [info] > git for-each-ref --format=%(refname)%00%(upstream:short)%00%(objectname)%00%(upstream:track)%00%(upstream:remotename)%00%(upstream:remoteref) refs/heads/main refs/remotes/main [2ms]
2024-01-26 20:26:23.788 [info] > git status -z -uall [4ms]
2024-01-26 20:29:22.781 [info] > git fetch [148ms]
2024-01-26 20:29:22.798 [info] > git config --get commit.template [8ms]
2024-01-26 20:29:22.799 [info] > git for-each-ref --format=%(refname)%00%(upstream:short)%00%(objectname)%00%(upstream:track)%00%(upstream:remotename)%00%(upstream:remoteref) refs/heads/main refs/remotes/main [2ms]
2024-01-26 20:29:22.811 [info] > git status -z -uall [4ms]
2024-01-26 20:29:23.966 [info] > git config --get commit.template [9ms]
2024-01-26 20:29:23.967 [info] > git for-each-ref --format=%(refname)%00%(upstream:short)%00%(objectname)%00%(upstream:track)%00%(upstream:remotename)%00%(upstream:remoteref) refs/heads/main refs/remotes/main [2ms]
2024-01-26 20:29:23.978 [info] > git status -z -uall [4ms]
2024-01-26 20:32:53.986 [info] > git fetch [187ms]
2024-01-26 20:32:54.061 [info] > git for-each-ref --format=%(refname)%00%(upstream:short)%00%(objectname)%00%(upstream:track)%00%(upstream:remotename)%00%(upstream:remoteref) refs/heads/main refs/remotes/main [2ms]
2024-01-26 20:32:54.062 [info] > git config --get commit.template [59ms]
2024-01-26 20:32:54.094 [info] > git status -z -uall [4ms]
2024-01-26 20:32:55.512 [info] > git config --get commit.template [1ms]
2024-01-26 20:32:55.521 [info] > git for-each-ref --format=%(refname)%00%(upstream:short)%00%(objectname)%00%(upstream:track)%00%(upstream:remotename)%00%(upstream:remoteref) refs/heads/main refs/remotes/main [2ms]
2024-01-26 20:32:55.532 [info] > git status -z -uall [4ms]
2024-01-26 20:35:54.254 [info] > git fetch [141ms]
2024-01-26 20:35:54.273 [info] > git config --get commit.template [9ms]
2024-01-26 20:35:54.274 [info] > git for-each-ref --format=%(refname)%00%(upstream:short)%00%(objectname)%00%(upstream:track)%00%(upstream:remotename)%00%(upstream:remoteref) refs/heads/main refs/remotes/main [2ms]
2024-01-26 20:35:54.288 [info] > git status -z -uall [6ms]
2024-01-26 20:35:55.475 [info] > git config --get commit.template [17ms]
2024-01-26 20:35:55.480 [info] > git for-each-ref --format=%(refname)%00%(upstream:short)%00%(objectname)%00%(upstream:track)%00%(upstream:remotename)%00%(upstream:remoteref) refs/heads/main refs/remotes/main [6ms]
2024-01-26 20:35:55.497 [info] > git status -z -uall [4ms]
2024-01-26 20:38:54.464 [info] > git fetch [159ms]
2024-01-26 20:38:54.481 [info] > git config --get commit.template [7ms]
2024-01-26 20:38:54.482 [info] > git for-each-ref --format=%(refname)%00%(upstream:short)%00%(objectname)%00%(upstream:track)%00%(upstream:remotename)%00%(upstream:remoteref) refs/heads/main refs/remotes/main [2ms]
2024-01-26 20:38:54.493 [info] > git status -z -uall [4ms]
2024-01-26 20:38:56.023 [info] > git config --get commit.template [9ms]
2024-01-26 20:38:56.024 [info] > git for-each-ref --format=%(refname)%00%(upstream:short)%00%(objectname)%00%(upstream:track)%00%(upstream:remotename)%00%(upstream:remoteref) refs/heads/main refs/remotes/main [2ms]
2024-01-26 20:38:56.037 [info] > git status -z -uall [5ms]
2024-01-26 20:41:54.647 [info] > git fetch [136ms]
2024-01-26 20:41:54.665 [info] > git config --get commit.template [8ms]
2024-01-26 20:41:54.666 [info] > git for-each-ref --format=%(refname)%00%(upstream:short)%00%(objectname)%00%(upstream:track)%00%(upstream:remotename)%00%(upstream:remoteref) refs/heads/main refs/remotes/main [2ms]
2024-01-26 20:41:54.677 [info] > git status -z -uall [4ms]
2024-01-26 20:41:55.829 [info] > git config --get commit.template [7ms]
2024-01-26 20:41:55.830 [info] > git for-each-ref --format=%(refname)%00%(upstream:short)%00%(objectname)%00%(upstream:track)%00%(upstream:remotename)%00%(upstream:remoteref) refs/heads/main refs/remotes/main [2ms]
2024-01-26 20:41:55.841 [info] > git status -z -uall [4ms]
2024-01-26 20:44:54.847 [info] > git fetch [150ms]
2024-01-26 20:44:54.873 [info] > git config --get commit.template [12ms]
2024-01-26 20:44:54.875 [info] > git for-each-ref --format=%(refname)%00%(upstream:short)%00%(objectname)%00%(upstream:track)%00%(upstream:remotename)%00%(upstream:remoteref) refs/heads/main refs/remotes/main [4ms]
2024-01-26 20:44:54.890 [info] > git status -z -uall [4ms]
2024-01-26 20:44:56.064 [info] > git config --get commit.template [12ms]
2024-01-26 20:44:56.066 [info] > git for-each-ref --format=%(refname)%00%(upstream:short)%00%(objectname)%00%(upstream:track)%00%(upstream:remotename)%00%(upstream:remoteref) refs/heads/main refs/remotes/main [2ms]
2024-01-26 20:44:56.081 [info] > git status -z -uall [6ms]
2024-01-26 20:47:55.057 [info] > git fetch [148ms]
2024-01-26 20:47:55.076 [info] > git config --get commit.template [9ms]
2024-01-26 20:47:55.078 [info] > git for-each-ref --format=%(refname)%00%(upstream:short)%00%(objectname)%00%(upstream:track)%00%(upstream:remotename)%00%(upstream:remoteref) refs/heads/main refs/remotes/main [3ms]
2024-01-26 20:47:55.092 [info] > git status -z -uall [5ms]
2024-01-26 20:47:56.259 [info] > git config --get commit.template [9ms]
2024-01-26 20:47:56.260 [info] > git for-each-ref --format=%(refname)%00%(upstream:short)%00%(objectname)%00%(upstream:track)%00%(upstream:remotename)%00%(upstream:remoteref) refs/heads/main refs/remotes/main [2ms]
2024-01-26 20:47:56.272 [info] > git status -z -uall [5ms]
2024-01-26 20:50:55.261 [info] > git fetch [152ms]
2024-01-26 20:50:55.280 [info] > git config --get commit.template [10ms]
2024-01-26 20:50:55.281 [info] > git for-each-ref --format=%(refname)%00%(upstream:short)%00%(objectname)%00%(upstream:track)%00%(upstream:remotename)%00%(upstream:remoteref) refs/heads/main refs/remotes/main [2ms]
2024-01-26 20:50:55.292 [info] > git status -z -uall [4ms]
2024-01-26 20:50:56.444 [info] > git config --get commit.template [9ms]
2024-01-26 20:50:56.445 [info] > git for-each-ref --format=%(refname)%00%(upstream:short)%00%(objectname)%00%(upstream:track)%00%(upstream:remotename)%00%(upstream:remoteref) refs/heads/main refs/remotes/main [2ms]
2024-01-26 20:50:56.457 [info] > git status -z -uall [4ms]
2024-01-26 20:53:55.471 [info] > git fetch [162ms]
2024-01-26 20:53:55.489 [info] > git config --get commit.template [8ms]
2024-01-26 20:53:55.493 [info] > git for-each-ref --format=%(refname)%00%(upstream:short)%00%(objectname)%00%(upstream:track)%00%(upstream:remotename)%00%(upstream:remoteref) refs/heads/main refs/remotes/main [4ms]
2024-01-26 20:53:55.506 [info] > git status -z -uall [5ms]
2024-01-26 20:53:56.667 [info] > git config --get commit.template [13ms]
2024-01-26 20:53:56.668 [info] > git for-each-ref --format=%(refname)%00%(upstream:short)%00%(objectname)%00%(upstream:track)%00%(upstream:remotename)%00%(upstream:remoteref) refs/heads/main refs/remotes/main [3ms]
2024-01-26 20:53:56.683 [info] > git status -z -uall [5ms]
2024-01-26 20:57:09.333 [info] > git fetch [145ms]
2024-01-26 20:57:09.352 [info] > git config --get commit.template [8ms]
2024-01-26 20:57:09.353 [info] > git for-each-ref --format=%(refname)%00%(upstream:short)%00%(objectname)%00%(upstream:track)%00%(upstream:remotename)%00%(upstream:remoteref) refs/heads/main refs/remotes/main [2ms]
2024-01-26 20:57:09.366 [info] > git status -z -uall [4ms]
2024-01-26 20:57:10.531 [info] > git config --get commit.template [10ms]
2024-01-26 20:57:10.532 [info] > git for-each-ref --format=%(refname)%00%(upstream:short)%00%(objectname)%00%(upstream:track)%00%(upstream:remotename)%00%(upstream:remoteref) refs/heads/main refs/remotes/main [3ms]
2024-01-26 20:57:10.544 [info] > git status -z -uall [4ms]
2024-01-26 21:00:09.766 [info] > git fetch [382ms]
2024-01-26 21:00:09.784 [info] > git config --get commit.template [8ms]
2024-01-26 21:00:09.786 [info] > git for-each-ref --format=%(refname)%00%(upstream:short)%00%(objectname)%00%(upstream:track)%00%(upstream:remotename)%00%(upstream:remoteref) refs/heads/main refs/remotes/main [3ms]
2024-01-26 21:00:09.798 [info] > git status -z -uall [5ms]
2024-01-26 21:00:10.954 [info] > git config --get commit.template [9ms]
2024-01-26 21:00:10.955 [info] > git for-each-ref --format=%(refname)%00%(upstream:short)%00%(objectname)%00%(upstream:track)%00%(upstream:remotename)%00%(upstream:remoteref) refs/heads/main refs/remotes/main [2ms]
2024-01-26 21:00:10.968 [info] > git status -z -uall [4ms]
2024-01-26 21:04:48.668 [info] > git fetch [157ms]
2024-01-26 21:04:48.684 [info] > git config --get commit.template [8ms]
2024-01-26 21:04:48.685 [info] > git for-each-ref --format=%(refname)%00%(upstream:short)%00%(objectname)%00%(upstream:track)%00%(upstream:remotename)%00%(upstream:remoteref) refs/heads/main refs/remotes/main [2ms]
2024-01-26 21:04:48.696 [info] > git status -z -uall [4ms]
2024-01-26 21:04:49.869 [info] > git config --get commit.template [8ms]
2024-01-26 21:04:49.870 [info] > git for-each-ref --format=%(refname)%00%(upstream:short)%00%(objectname)%00%(upstream:track)%00%(upstream:remotename)%00%(upstream:remoteref) refs/heads/main refs/remotes/main [3ms]
2024-01-26 21:04:49.883 [info] > git status -z -uall [4ms]
2024-01-26 21:07:48.854 [info] > git fetch [142ms]
2024-01-26 21:07:48.870 [info] > git config --get commit.template [7ms]
2024-01-26 21:07:48.871 [info] > git for-each-ref --format=%(refname)%00%(upstream:short)%00%(objectname)%00%(upstream:track)%00%(upstream:remotename)%00%(upstream:remoteref) refs/heads/main refs/remotes/main [2ms]
2024-01-26 21:07:48.882 [info] > git status -z -uall [4ms]
2024-01-26 21:07:50.037 [info] > git config --get commit.template [10ms]
2024-01-26 21:07:50.039 [info] > git for-each-ref --format=%(refname)%00%(upstream:short)%00%(objectname)%00%(upstream:track)%00%(upstream:remotename)%00%(upstream:remoteref) refs/heads/main refs/remotes/main [2ms]
2024-01-26 21:07:50.050 [info] > git status -z -uall [4ms]
2024-01-26 21:10:49.036 [info] > git fetch [138ms]
2024-01-26 21:10:49.053 [info] > git config --get commit.template [8ms]
2024-01-26 21:10:49.055 [info] > git for-each-ref --format=%(refname)%00%(upstream:short)%00%(objectname)%00%(upstream:track)%00%(upstream:remotename)%00%(upstream:remoteref) refs/heads/main refs/remotes/main [3ms]
2024-01-26 21:10:49.066 [info] > git status -z -uall [4ms]
2024-01-26 21:10:50.231 [info] > git config --get commit.template [11ms]
2024-01-26 21:10:50.231 [info] > git for-each-ref --format=%(refname)%00%(upstream:short)%00%(objectname)%00%(upstream:track)%00%(upstream:remotename)%00%(upstream:remoteref) refs/heads/main refs/remotes/main [2ms]
2024-01-26 21:10:50.245 [info] > git status -z -uall [4ms]
2024-01-26 21:13:50.880 [info] > git fetch [151ms]
2024-01-26 21:13:50.892 [info] > git config --get commit.template [2ms]
2024-01-26 21:13:50.902 [info] > git for-each-ref --format=%(refname)%00%(upstream:short)%00%(objectname)%00%(upstream:track)%00%(upstream:remotename)%00%(upstream:remoteref) refs/heads/main refs/remotes/main [3ms]
2024-01-26 21:13:50.917 [info] > git status -z -uall [4ms]
2024-01-26 21:13:52.082 [info] > git config --get commit.template [8ms]
2024-01-26 21:13:52.082 [info] > git for-each-ref --format=%(refname)%00%(upstream:short)%00%(objectname)%00%(upstream:track)%00%(upstream:remotename)%00%(upstream:remoteref) refs/heads/main refs/remotes/main [2ms]
2024-01-26 21:13:52.094 [info] > git status -z -uall [4ms]
2024-01-26 21:16:51.074 [info] > git fetch [139ms]
2024-01-26 21:16:51.089 [info] > git config --get commit.template [7ms]
2024-01-26 21:16:51.090 [info] > git for-each-ref --format=%(refname)%00%(upstream:short)%00%(objectname)%00%(upstream:track)%00%(upstream:remotename)%00%(upstream:remoteref) refs/heads/main refs/remotes/main [2ms]
2024-01-26 21:16:51.100 [info] > git status -z -uall [4ms]
2024-01-26 21:16:52.256 [info] > git config --get commit.template [8ms]
2024-01-26 21:16:52.257 [info] > git for-each-ref --format=%(refname)%00%(upstream:short)%00%(objectname)%00%(upstream:track)%00%(upstream:remotename)%00%(upstream:remoteref) refs/heads/main refs/remotes/main [2ms]
2024-01-26 21:16:52.267 [info] > git status -z -uall [3ms]
2024-01-26 21:20:26.901 [info] > git fetch [150ms]
2024-01-26 21:20:26.920 [info] > git config --get commit.template [9ms]
2024-01-26 21:20:26.920 [info] > git for-each-ref --format=%(refname)%00%(upstream:short)%00%(objectname)%00%(upstream:track)%00%(upstream:remotename)%00%(upstream:remoteref) refs/heads/main refs/remotes/main [4ms]
2024-01-26 21:20:26.934 [info] > git status -z -uall [4ms]
2024-01-26 21:20:28.127 [info] > git config --get commit.template [8ms]
2024-01-26 21:20:28.128 [info] > git for-each-ref --format=%(refname)%00%(upstream:short)%00%(objectname)%00%(upstream:track)%00%(upstream:remotename)%00%(upstream:remoteref) refs/heads/main refs/remotes/main [2ms]
2024-01-26 21:20:28.139 [info] > git status -z -uall [3ms]
2024-01-26 21:24:52.910 [info] > git fetch [146ms]
2024-01-26 21:24:52.928 [info] > git config --get commit.template [8ms]
2024-01-26 21:24:52.929 [info] > git for-each-ref --format=%(refname)%00%(upstream:short)%00%(objectname)%00%(upstream:track)%00%(upstream:remotename)%00%(upstream:remoteref) refs/heads/main refs/remotes/main [2ms]
2024-01-26 21:24:52.940 [info] > git status -z -uall [4ms]
2024-01-26 21:24:54.183 [info] > git config --get commit.template [20ms]
2024-01-26 21:24:54.185 [info] > git for-each-ref --format=%(refname)%00%(upstream:short)%00%(objectname)%00%(upstream:track)%00%(upstream:remotename)%00%(upstream:remoteref) refs/heads/main refs/remotes/main [2ms]
2024-01-26 21:24:54.202 [info] > git status -z -uall [9ms]
2024-01-26 21:27:53.118 [info] > git fetch [162ms]
2024-01-26 21:27:53.134 [info] > git config --get commit.template [7ms]
2024-01-26 21:27:53.135 [info] > git for-each-ref --format=%(refname)%00%(upstream:short)%00%(objectname)%00%(upstream:track)%00%(upstream:remotename)%00%(upstream:remoteref) refs/heads/main refs/remotes/main [2ms]
2024-01-26 21:27:53.146 [info] > git status -z -uall [4ms]
2024-01-26 21:27:54.307 [info] > git config --get commit.template [9ms]
2024-01-26 21:27:54.308 [info] > git for-each-ref --format=%(refname)%00%(upstream:short)%00%(objectname)%00%(upstream:track)%00%(upstream:remotename)%00%(upstream:remoteref) refs/heads/main refs/remotes/main [2ms]
2024-01-26 21:27:54.320 [info] > git status -z -uall [4ms]
2024-01-26 21:30:53.336 [info] > git fetch [174ms]
2024-01-26 21:30:53.356 [info] > git config --get commit.template [11ms]
2024-01-26 21:30:53.357 [info] > git for-each-ref --format=%(refname)%00%(upstream:short)%00%(objectname)%00%(upstream:track)%00%(upstream:remotename)%00%(upstream:remoteref) refs/heads/main refs/remotes/main [2ms]
2024-01-26 21:30:53.369 [info] > git status -z -uall [4ms]
2024-01-26 21:30:54.528 [info] > git config --get commit.template [11ms]
2024-01-26 21:30:54.528 [info] > git for-each-ref --format=%(refname)%00%(upstream:short)%00%(objectname)%00%(upstream:track)%00%(upstream:remotename)%00%(upstream:remoteref) refs/heads/main refs/remotes/main [2ms]
2024-01-26 21:30:54.541 [info] > git status -z -uall [4ms]
2024-01-26 21:38:42.619 [info] > git fetch [144ms]
2024-01-26 21:38:42.637 [info] > git config --get commit.template [9ms]
2024-01-26 21:38:42.639 [info] > git for-each-ref --format=%(refname)%00%(upstream:short)%00%(objectname)%00%(upstream:track)%00%(upstream:remotename)%00%(upstream:remoteref) refs/heads/main refs/remotes/main [3ms]
2024-01-26 21:38:42.652 [info] > git status -z -uall [4ms]
2024-01-26 21:38:43.810 [info] > git for-each-ref --format=%(refname)%00%(upstream:short)%00%(objectname)%00%(upstream:track)%00%(upstream:remotename)%00%(upstream:remoteref) refs/heads/main refs/remotes/main [2ms]
2024-01-26 21:38:43.810 [info] > git config --get commit.template [13ms]
2024-01-26 21:38:43.824 [info] > git status -z -uall [5ms]
2024-01-26 21:41:53.275 [info] > git fetch [157ms]
2024-01-26 21:41:53.292 [info] > git config --get commit.template [8ms]
2024-01-26 21:41:53.292 [info] > git for-each-ref --format=%(refname)%00%(upstream:short)%00%(objectname)%00%(upstream:track)%00%(upstream:remotename)%00%(upstream:remoteref) refs/heads/main refs/remotes/main [1ms]
2024-01-26 21:41:53.308 [info] > git status -z -uall [7ms]
2024-01-26 21:41:54.473 [info] > git config --get commit.template [3ms]
2024-01-26 21:41:54.482 [info] > git for-each-ref --format=%(refname)%00%(upstream:short)%00%(objectname)%00%(upstream:track)%00%(upstream:remotename)%00%(upstream:remoteref) refs/heads/main refs/remotes/main [2ms]
2024-01-26 21:41:54.497 [info] > git status -z -uall [7ms]
2024-01-26 21:44:53.495 [info] > git fetch [172ms]
2024-01-26 21:44:53.515 [info] > git config --get commit.template [10ms]
2024-01-26 21:44:53.517 [info] > git for-each-ref --format=%(refname)%00%(upstream:short)%00%(objectname)%00%(upstream:track)%00%(upstream:remotename)%00%(upstream:remoteref) refs/heads/main refs/remotes/main [2ms]
2024-01-26 21:44:53.539 [info] > git status -z -uall [2ms]
2024-01-26 21:44:54.699 [info] > git config --get commit.template [9ms]
2024-01-26 21:44:54.700 [info] > git for-each-ref --format=%(refname)%00%(upstream:short)%00%(objectname)%00%(upstream:track)%00%(upstream:remotename)%00%(upstream:remoteref) refs/heads/main refs/remotes/main [2ms]
2024-01-26 21:44:54.710 [info] > git status -z -uall [4ms]
2024-01-26 21:47:53.699 [info] > git fetch [144ms]
2024-01-26 21:47:53.710 [info] > git config --get commit.template [1ms]
2024-01-26 21:47:53.717 [info] > git for-each-ref --format=%(refname)%00%(upstream:short)%00%(objectname)%00%(upstream:track)%00%(upstream:remotename)%00%(upstream:remoteref) refs/heads/main refs/remotes/main [2ms]
2024-01-26 21:47:53.728 [info] > git status -z -uall [4ms]
2024-01-26 21:47:54.881 [info] > git config --get commit.template [8ms]
2024-01-26 21:47:54.882 [info] > git for-each-ref --format=%(refname)%00%(upstream:short)%00%(objectname)%00%(upstream:track)%00%(upstream:remotename)%00%(upstream:remoteref) refs/heads/main refs/remotes/main [2ms]
2024-01-26 21:47:54.894 [info] > git status -z -uall [4ms]
2024-01-26 21:50:53.913 [info] > git fetch [169ms]
2024-01-26 21:50:53.923 [info] > git config --get commit.template [2ms]
2024-01-26 21:50:53.932 [info] > git for-each-ref --format=%(refname)%00%(upstream:short)%00%(objectname)%00%(upstream:track)%00%(upstream:remotename)%00%(upstream:remoteref) refs/heads/main refs/remotes/main [2ms]
2024-01-26 21:50:53.943 [info] > git status -z -uall [4ms]
2024-01-26 21:50:55.108 [info] > git config --get commit.template [13ms]
2024-01-26 21:50:55.109 [info] > git for-each-ref --format=%(refname)%00%(upstream:short)%00%(objectname)%00%(upstream:track)%00%(upstream:remotename)%00%(upstream:remoteref) refs/heads/main refs/remotes/main [2ms]
2024-01-26 21:50:55.122 [info] > git status -z -uall [4ms]
